<?xml version="1.0" encoding="UTF-8"?>
<testsuite xmlns:xsi="http://www.w3.org/2001/XMLSchema-instance" xsi:noNamespaceSchemaLocation="https://maven.apache.org/surefire/maven-surefire-plugin/xsd/surefire-test-report.xsd" name="br.com.realize.runners.AllTests" time="195.524" tests="175" errors="0" skipped="0" failures="51">
  <properties>
    <property name="sun.desktop" value="windows"/>
    <property name="awt.toolkit" value="sun.awt.windows.WToolkit"/>
    <property name="file.encoding.pkg" value="sun.io"/>
    <property name="java.specification.version" value="1.8"/>
    <property name="sun.cpu.isalist" value="amd64"/>
    <property name="sun.jnu.encoding" value="Cp1252"/>
    <property name="java.class.path" value="C:\Projetos\openbanking\target\test-classes;C:\Projetos\openbanking\target\classes;C:\Users\SouthSystem\.m2\repository\org\projectlombok\lombok\1.18.6\lombok-1.18.6.jar;C:\Users\SouthSystem\.m2\repository\com\googlecode\json-simple\json-simple\1.1.1\json-simple-1.1.1.jar;C:\Users\SouthSystem\.m2\repository\junit\junit\4.12\junit-4.12.jar;C:\Users\SouthSystem\.m2\repository\org\hamcrest\hamcrest-core\1.3\hamcrest-core-1.3.jar;C:\Users\SouthSystem\.m2\repository\io\rest-assured\rest-assured\4.2.0\rest-assured-4.2.0.jar;C:\Users\SouthSystem\.m2\repository\org\codehaus\groovy\groovy\2.5.8\groovy-2.5.8.jar;C:\Users\SouthSystem\.m2\repository\org\codehaus\groovy\groovy-xml\2.5.8\groovy-xml-2.5.8.jar;C:\Users\SouthSystem\.m2\repository\org\apache\httpcomponents\httpclient\4.5.3\httpclient-4.5.3.jar;C:\Users\SouthSystem\.m2\repository\org\apache\httpcomponents\httpcore\4.4.6\httpcore-4.4.6.jar;C:\Users\SouthSystem\.m2\repository\commons-logging\commons-logging\1.2\commons-logging-1.2.jar;C:\Users\SouthSystem\.m2\repository\commons-codec\commons-codec\1.9\commons-codec-1.9.jar;C:\Users\SouthSystem\.m2\repository\org\apache\httpcomponents\httpmime\4.5.3\httpmime-4.5.3.jar;C:\Users\SouthSystem\.m2\repository\org\hamcrest\hamcrest\2.1\hamcrest-2.1.jar;C:\Users\SouthSystem\.m2\repository\org\ccil\cowan\tagsoup\tagsoup\1.2.1\tagsoup-1.2.1.jar;C:\Users\SouthSystem\.m2\repository\io\rest-assured\xml-path\4.2.0\xml-path-4.2.0.jar;C:\Users\SouthSystem\.m2\repository\jakarta\xml\bind\jakarta.xml.bind-api\2.3.2\jakarta.xml.bind-api-2.3.2.jar;C:\Users\SouthSystem\.m2\repository\jakarta\activation\jakarta.activation-api\1.2.1\jakarta.activation-api-1.2.1.jar;C:\Users\SouthSystem\.m2\repository\com\sun\xml\bind\jaxb-osgi\2.3.0.1\jaxb-osgi-2.3.0.1.jar;C:\Users\SouthSystem\.m2\repository\org\apache\sling\org.apache.sling.javax.activation\0.1.0\org.apache.sling.javax.activation-0.1.0.jar;C:\Users\SouthSystem\.m2\repository\io\rest-assured\json-schema-validator\4.2.0\json-schema-validator-4.2.0.jar;C:\Users\SouthSystem\.m2\repository\com\github\java-json-tools\json-schema-validator\2.2.10\json-schema-validator-2.2.10.jar;C:\Users\SouthSystem\.m2\repository\com\github\java-json-tools\json-schema-core\1.2.10\json-schema-core-1.2.10.jar;C:\Users\SouthSystem\.m2\repository\com\github\java-json-tools\jackson-coreutils\1.9\jackson-coreutils-1.9.jar;C:\Users\SouthSystem\.m2\repository\com\google\guava\guava\16.0.1\guava-16.0.1.jar;C:\Users\SouthSystem\.m2\repository\com\github\fge\msg-simple\1.1\msg-simple-1.1.jar;C:\Users\SouthSystem\.m2\repository\com\github\fge\btf\1.2\btf-1.2.jar;C:\Users\SouthSystem\.m2\repository\com\github\fge\uri-template\0.9\uri-template-0.9.jar;C:\Users\SouthSystem\.m2\repository\org\mozilla\rhino\1.7.7.1\rhino-1.7.7.1.jar;C:\Users\SouthSystem\.m2\repository\javax\mail\mailapi\1.4.3\mailapi-1.4.3.jar;C:\Users\SouthSystem\.m2\repository\joda-time\joda-time\2.9.7\joda-time-2.9.7.jar;C:\Users\SouthSystem\.m2\repository\com\googlecode\libphonenumber\libphonenumber\8.0.0\libphonenumber-8.0.0.jar;C:\Users\SouthSystem\.m2\repository\com\google\code\findbugs\jsr305\3.0.1\jsr305-3.0.1.jar;C:\Users\SouthSystem\.m2\repository\net\sf\jopt-simple\jopt-simple\5.0.3\jopt-simple-5.0.3.jar;C:\Users\SouthSystem\.m2\repository\com\github\javafaker\javafaker\1.0.1\javafaker-1.0.1.jar;C:\Users\SouthSystem\.m2\repository\org\apache\commons\commons-lang3\3.5\commons-lang3-3.5.jar;C:\Users\SouthSystem\.m2\repository\org\yaml\snakeyaml\1.23\snakeyaml-1.23-android.jar;C:\Users\SouthSystem\.m2\repository\com\github\mifmif\generex\1.0.2\generex-1.0.2.jar;C:\Users\SouthSystem\.m2\repository\dk\brics\automaton\automaton\1.11-8\automaton-1.11-8.jar;C:\Users\SouthSystem\.m2\repository\io\rest-assured\json-path\4.2.0\json-path-4.2.0.jar;C:\Users\SouthSystem\.m2\repository\org\codehaus\groovy\groovy-json\2.5.8\groovy-json-2.5.8.jar;C:\Users\SouthSystem\.m2\repository\io\rest-assured\rest-assured-common\4.2.0\rest-assured-common-4.2.0.jar;C:\Users\SouthSystem\.m2\repository\io\qameta\allure\allure-junit4\2.9.0\allure-junit4-2.9.0.jar;C:\Users\SouthSystem\.m2\repository\io\qameta\allure\allure-java-commons\2.9.0\allure-java-commons-2.9.0.jar;C:\Users\SouthSystem\.m2\repository\io\qameta\allure\allure-model\2.9.0\allure-model-2.9.0.jar;C:\Users\SouthSystem\.m2\repository\com\fasterxml\jackson\core\jackson-databind\2.9.7\jackson-databind-2.9.7.jar;C:\Users\SouthSystem\.m2\repository\com\fasterxml\jackson\core\jackson-annotations\2.9.0\jackson-annotations-2.9.0.jar;C:\Users\SouthSystem\.m2\repository\com\fasterxml\jackson\core\jackson-core\2.9.7\jackson-core-2.9.7.jar;C:\Users\SouthSystem\.m2\repository\org\apache\tika\tika-core\1.19.1\tika-core-1.19.1.jar;C:\Users\SouthSystem\.m2\repository\org\aspectj\aspectjrt\1.9.1\aspectjrt-1.9.1.jar;C:\Users\SouthSystem\.m2\repository\org\jooq\joor-java-8\0.9.9\joor-java-8-0.9.9.jar;C:\Users\SouthSystem\.m2\repository\org\slf4j\slf4j-api\1.7.25\slf4j-api-1.7.25.jar;C:\Users\SouthSystem\.m2\repository\com\google\code\gson\gson\2.8.6\gson-2.8.6.jar;C:\Users\SouthSystem\.m2\repository\com\sun\xml\ws\jaxws-rt\2.1.4\jaxws-rt-2.1.4.jar;C:\Users\SouthSystem\.m2\repository\javax\xml\ws\jaxws-api\2.1\jaxws-api-2.1.jar;C:\Users\SouthSystem\.m2\repository\javax\xml\bind\jaxb-api\2.1\jaxb-api-2.1.jar;C:\Users\SouthSystem\.m2\repository\com\sun\xml\bind\jaxb-impl\2.1.7\jaxb-impl-2.1.7.jar;C:\Users\SouthSystem\.m2\repository\com\sun\xml\messaging\saaj\saaj-impl\1.3.1\saaj-impl-1.3.1.jar;C:\Users\SouthSystem\.m2\repository\javax\xml\soap\saaj-api\1.3\saaj-api-1.3.jar;C:\Users\SouthSystem\.m2\repository\com\sun\xml\stream\buffer\streambuffer\0.7\streambuffer-0.7.jar;C:\Users\SouthSystem\.m2\repository\javax\activation\activation\1.1\activation-1.1.jar;C:\Users\SouthSystem\.m2\repository\com\sun\xml\stream\sjsxp\1.0.1\sjsxp-1.0.1.jar;C:\Users\SouthSystem\.m2\repository\javax\xml\stream\stax-api\1.0\stax-api-1.0.jar;C:\Users\SouthSystem\.m2\repository\org\jvnet\staxex\stax-ex\1.2\stax-ex-1.2.jar;C:\Users\SouthSystem\.m2\repository\com\sun\org\apache\xml\internal\resolver\20050927\resolver-20050927.jar;C:\Users\SouthSystem\.m2\repository\org\jvnet\mimepull\1.2\mimepull-1.2.jar;C:\Users\SouthSystem\.m2\repository\org\junit\platform\junit-platform-launcher\1.6.2\junit-platform-launcher-1.6.2.jar;C:\Users\SouthSystem\.m2\repository\org\apiguardian\apiguardian-api\1.1.0\apiguardian-api-1.1.0.jar;C:\Users\SouthSystem\.m2\repository\org\junit\platform\junit-platform-engine\1.6.0\junit-platform-engine-1.6.0.jar;C:\Users\SouthSystem\.m2\repository\org\opentest4j\opentest4j\1.2.0\opentest4j-1.2.0.jar;C:\Users\SouthSystem\.m2\repository\org\junit\platform\junit-platform-commons\1.6.0\junit-platform-commons-1.6.0.jar;"/>
    <property name="java.vm.vendor" value="Oracle Corporation"/>
    <property name="sun.arch.data.model" value="64"/>
    <property name="user.variant" value=""/>
    <property name="java.vendor.url" value="http://java.oracle.com/"/>
    <property name="user.timezone" value=""/>
    <property name="java.vm.specification.version" value="1.8"/>
    <property name="os.name" value="Windows 10"/>
    <property name="user.country" value="BR"/>
    <property name="sun.java.launcher" value="SUN_STANDARD"/>
    <property name="sun.boot.library.path" value="C:\Program Files\Java\jdk1.8.0_281\jre\bin"/>
    <property name="sun.java.command" value="C:\Users\SOUTHS~1\AppData\Local\Temp\surefire5042225112206236646\surefirebooter7473715502766870213.jar C:\Users\SouthSystem\AppData\Local\Temp\surefire5042225112206236646 2021-06-23T22-51-23_208-jvmRun1 surefire705370676748228178tmp surefire_04468468608287402476tmp"/>
    <property name="test" value="AllTests"/>
    <property name="surefire.test.class.path" value="C:\Projetos\openbanking\target\test-classes;C:\Projetos\openbanking\target\classes;C:\Users\SouthSystem\.m2\repository\org\projectlombok\lombok\1.18.6\lombok-1.18.6.jar;C:\Users\SouthSystem\.m2\repository\com\googlecode\json-simple\json-simple\1.1.1\json-simple-1.1.1.jar;C:\Users\SouthSystem\.m2\repository\junit\junit\4.12\junit-4.12.jar;C:\Users\SouthSystem\.m2\repository\org\hamcrest\hamcrest-core\1.3\hamcrest-core-1.3.jar;C:\Users\SouthSystem\.m2\repository\io\rest-assured\rest-assured\4.2.0\rest-assured-4.2.0.jar;C:\Users\SouthSystem\.m2\repository\org\codehaus\groovy\groovy\2.5.8\groovy-2.5.8.jar;C:\Users\SouthSystem\.m2\repository\org\codehaus\groovy\groovy-xml\2.5.8\groovy-xml-2.5.8.jar;C:\Users\SouthSystem\.m2\repository\org\apache\httpcomponents\httpclient\4.5.3\httpclient-4.5.3.jar;C:\Users\SouthSystem\.m2\repository\org\apache\httpcomponents\httpcore\4.4.6\httpcore-4.4.6.jar;C:\Users\SouthSystem\.m2\repository\commons-logging\commons-logging\1.2\commons-logging-1.2.jar;C:\Users\SouthSystem\.m2\repository\commons-codec\commons-codec\1.9\commons-codec-1.9.jar;C:\Users\SouthSystem\.m2\repository\org\apache\httpcomponents\httpmime\4.5.3\httpmime-4.5.3.jar;C:\Users\SouthSystem\.m2\repository\org\hamcrest\hamcrest\2.1\hamcrest-2.1.jar;C:\Users\SouthSystem\.m2\repository\org\ccil\cowan\tagsoup\tagsoup\1.2.1\tagsoup-1.2.1.jar;C:\Users\SouthSystem\.m2\repository\io\rest-assured\xml-path\4.2.0\xml-path-4.2.0.jar;C:\Users\SouthSystem\.m2\repository\jakarta\xml\bind\jakarta.xml.bind-api\2.3.2\jakarta.xml.bind-api-2.3.2.jar;C:\Users\SouthSystem\.m2\repository\jakarta\activation\jakarta.activation-api\1.2.1\jakarta.activation-api-1.2.1.jar;C:\Users\SouthSystem\.m2\repository\com\sun\xml\bind\jaxb-osgi\2.3.0.1\jaxb-osgi-2.3.0.1.jar;C:\Users\SouthSystem\.m2\repository\org\apache\sling\org.apache.sling.javax.activation\0.1.0\org.apache.sling.javax.activation-0.1.0.jar;C:\Users\SouthSystem\.m2\repository\io\rest-assured\json-schema-validator\4.2.0\json-schema-validator-4.2.0.jar;C:\Users\SouthSystem\.m2\repository\com\github\java-json-tools\json-schema-validator\2.2.10\json-schema-validator-2.2.10.jar;C:\Users\SouthSystem\.m2\repository\com\github\java-json-tools\json-schema-core\1.2.10\json-schema-core-1.2.10.jar;C:\Users\SouthSystem\.m2\repository\com\github\java-json-tools\jackson-coreutils\1.9\jackson-coreutils-1.9.jar;C:\Users\SouthSystem\.m2\repository\com\google\guava\guava\16.0.1\guava-16.0.1.jar;C:\Users\SouthSystem\.m2\repository\com\github\fge\msg-simple\1.1\msg-simple-1.1.jar;C:\Users\SouthSystem\.m2\repository\com\github\fge\btf\1.2\btf-1.2.jar;C:\Users\SouthSystem\.m2\repository\com\github\fge\uri-template\0.9\uri-template-0.9.jar;C:\Users\SouthSystem\.m2\repository\org\mozilla\rhino\1.7.7.1\rhino-1.7.7.1.jar;C:\Users\SouthSystem\.m2\repository\javax\mail\mailapi\1.4.3\mailapi-1.4.3.jar;C:\Users\SouthSystem\.m2\repository\joda-time\joda-time\2.9.7\joda-time-2.9.7.jar;C:\Users\SouthSystem\.m2\repository\com\googlecode\libphonenumber\libphonenumber\8.0.0\libphonenumber-8.0.0.jar;C:\Users\SouthSystem\.m2\repository\com\google\code\findbugs\jsr305\3.0.1\jsr305-3.0.1.jar;C:\Users\SouthSystem\.m2\repository\net\sf\jopt-simple\jopt-simple\5.0.3\jopt-simple-5.0.3.jar;C:\Users\SouthSystem\.m2\repository\com\github\javafaker\javafaker\1.0.1\javafaker-1.0.1.jar;C:\Users\SouthSystem\.m2\repository\org\apache\commons\commons-lang3\3.5\commons-lang3-3.5.jar;C:\Users\SouthSystem\.m2\repository\org\yaml\snakeyaml\1.23\snakeyaml-1.23-android.jar;C:\Users\SouthSystem\.m2\repository\com\github\mifmif\generex\1.0.2\generex-1.0.2.jar;C:\Users\SouthSystem\.m2\repository\dk\brics\automaton\automaton\1.11-8\automaton-1.11-8.jar;C:\Users\SouthSystem\.m2\repository\io\rest-assured\json-path\4.2.0\json-path-4.2.0.jar;C:\Users\SouthSystem\.m2\repository\org\codehaus\groovy\groovy-json\2.5.8\groovy-json-2.5.8.jar;C:\Users\SouthSystem\.m2\repository\io\rest-assured\rest-assured-common\4.2.0\rest-assured-common-4.2.0.jar;C:\Users\SouthSystem\.m2\repository\io\qameta\allure\allure-junit4\2.9.0\allure-junit4-2.9.0.jar;C:\Users\SouthSystem\.m2\repository\io\qameta\allure\allure-java-commons\2.9.0\allure-java-commons-2.9.0.jar;C:\Users\SouthSystem\.m2\repository\io\qameta\allure\allure-model\2.9.0\allure-model-2.9.0.jar;C:\Users\SouthSystem\.m2\repository\com\fasterxml\jackson\core\jackson-databind\2.9.7\jackson-databind-2.9.7.jar;C:\Users\SouthSystem\.m2\repository\com\fasterxml\jackson\core\jackson-annotations\2.9.0\jackson-annotations-2.9.0.jar;C:\Users\SouthSystem\.m2\repository\com\fasterxml\jackson\core\jackson-core\2.9.7\jackson-core-2.9.7.jar;C:\Users\SouthSystem\.m2\repository\org\apache\tika\tika-core\1.19.1\tika-core-1.19.1.jar;C:\Users\SouthSystem\.m2\repository\org\aspectj\aspectjrt\1.9.1\aspectjrt-1.9.1.jar;C:\Users\SouthSystem\.m2\repository\org\jooq\joor-java-8\0.9.9\joor-java-8-0.9.9.jar;C:\Users\SouthSystem\.m2\repository\org\slf4j\slf4j-api\1.7.25\slf4j-api-1.7.25.jar;C:\Users\SouthSystem\.m2\repository\com\google\code\gson\gson\2.8.6\gson-2.8.6.jar;C:\Users\SouthSystem\.m2\repository\com\sun\xml\ws\jaxws-rt\2.1.4\jaxws-rt-2.1.4.jar;C:\Users\SouthSystem\.m2\repository\javax\xml\ws\jaxws-api\2.1\jaxws-api-2.1.jar;C:\Users\SouthSystem\.m2\repository\javax\xml\bind\jaxb-api\2.1\jaxb-api-2.1.jar;C:\Users\SouthSystem\.m2\repository\com\sun\xml\bind\jaxb-impl\2.1.7\jaxb-impl-2.1.7.jar;C:\Users\SouthSystem\.m2\repository\com\sun\xml\messaging\saaj\saaj-impl\1.3.1\saaj-impl-1.3.1.jar;C:\Users\SouthSystem\.m2\repository\javax\xml\soap\saaj-api\1.3\saaj-api-1.3.jar;C:\Users\SouthSystem\.m2\repository\com\sun\xml\stream\buffer\streambuffer\0.7\streambuffer-0.7.jar;C:\Users\SouthSystem\.m2\repository\javax\activation\activation\1.1\activation-1.1.jar;C:\Users\SouthSystem\.m2\repository\com\sun\xml\stream\sjsxp\1.0.1\sjsxp-1.0.1.jar;C:\Users\SouthSystem\.m2\repository\javax\xml\stream\stax-api\1.0\stax-api-1.0.jar;C:\Users\SouthSystem\.m2\repository\org\jvnet\staxex\stax-ex\1.2\stax-ex-1.2.jar;C:\Users\SouthSystem\.m2\repository\com\sun\org\apache\xml\internal\resolver\20050927\resolver-20050927.jar;C:\Users\SouthSystem\.m2\repository\org\jvnet\mimepull\1.2\mimepull-1.2.jar;C:\Users\SouthSystem\.m2\repository\org\junit\platform\junit-platform-launcher\1.6.2\junit-platform-launcher-1.6.2.jar;C:\Users\SouthSystem\.m2\repository\org\apiguardian\apiguardian-api\1.1.0\apiguardian-api-1.1.0.jar;C:\Users\SouthSystem\.m2\repository\org\junit\platform\junit-platform-engine\1.6.0\junit-platform-engine-1.6.0.jar;C:\Users\SouthSystem\.m2\repository\org\opentest4j\opentest4j\1.2.0\opentest4j-1.2.0.jar;C:\Users\SouthSystem\.m2\repository\org\junit\platform\junit-platform-commons\1.6.0\junit-platform-commons-1.6.0.jar;"/>
    <property name="sun.cpu.endian" value="little"/>
    <property name="allure.results.directory" value="C:\Projetos\openbanking\target/allure-results"/>
    <property name="user.home" value="C:\Users\SouthSystem"/>
    <property name="user.language" value="pt"/>
    <property name="java.specification.vendor" value="Oracle Corporation"/>
    <property name="java.home" value="C:\Program Files\Java\jdk1.8.0_281\jre"/>
    <property name="basedir" value="C:\Projetos\openbanking"/>
    <property name="file.separator" value="\"/>
    <property name="line.separator" value="&#10;"/>
    <property name="java.vm.specification.vendor" value="Oracle Corporation"/>
    <property name="java.specification.name" value="Java Platform API Specification"/>
    <property name="java.awt.graphicsenv" value="sun.awt.Win32GraphicsEnvironment"/>
    <property name="surefire.real.class.path" value="C:\Users\SOUTHS~1\AppData\Local\Temp\surefire5042225112206236646\surefirebooter7473715502766870213.jar;C:\Users\SouthSystem\.m2\repository/org/aspectj/aspectjweaver/1.9.1/aspectjweaver-1.9.1.jar"/>
    <property name="sun.boot.class.path" value="C:\Program Files\Java\jdk1.8.0_281\jre\lib\resources.jar;C:\Program Files\Java\jdk1.8.0_281\jre\lib\rt.jar;C:\Program Files\Java\jdk1.8.0_281\jre\lib\sunrsasign.jar;C:\Program Files\Java\jdk1.8.0_281\jre\lib\jsse.jar;C:\Program Files\Java\jdk1.8.0_281\jre\lib\jce.jar;C:\Program Files\Java\jdk1.8.0_281\jre\lib\charsets.jar;C:\Program Files\Java\jdk1.8.0_281\jre\lib\jfr.jar;C:\Program Files\Java\jdk1.8.0_281\jre\classes"/>
    <property name="user.script" value=""/>
    <property name="sun.management.compiler" value="HotSpot 64-Bit Tiered Compilers"/>
    <property name="java.runtime.version" value="1.8.0_281-b09"/>
    <property name="user.name" value="SouthSystem"/>
    <property name="path.separator" value=";"/>
    <property name="os.version" value="10.0"/>
    <property name="java.endorsed.dirs" value="C:\Program Files\Java\jdk1.8.0_281\jre\lib\endorsed"/>
    <property name="java.runtime.name" value="Java(TM) SE Runtime Environment"/>
    <property name="file.encoding" value="Cp1252"/>
    <property name="java.vm.name" value="Java HotSpot(TM) 64-Bit Server VM"/>
    <property name="localRepository" value="C:\Users\SouthSystem\.m2\repository"/>
    <property name="java.vendor.url.bug" value="http://bugreport.sun.com/bugreport/"/>
    <property name="java.io.tmpdir" value="C:\Users\SOUTHS~1\AppData\Local\Temp\"/>
    <property name="java.version" value="1.8.0_281"/>
    <property name="user.dir" value="C:\Projetos\openbanking"/>
    <property name="os.arch" value="amd64"/>
    <property name="java.vm.specification.name" value="Java Virtual Machine Specification"/>
    <property name="java.awt.printerjob" value="sun.awt.windows.WPrinterJob"/>
    <property name="sun.os.patch.level" value=""/>
    <property name="java.library.path" value="C:\Program Files\Java\jdk1.8.0_281\jre\bin;C:\Windows\Sun\Java\bin;C:\Windows\system32;C:\Windows;C:\Program Files (x86)\Common Files\Oracle\Java\javapath;C:\Windows\system32;C:\Windows;C:\Windows\System32\Wbem;C:\Windows\System32\WindowsPowerShell\v1.0\;C:\Windows\System32\OpenSSH\;C:\Program Files\NVIDIA Corporation\NVIDIA NvDLISR;C:\Program Files\nodejs\;C:\Maven\bin;C:\Program Files\Git\cmd;C:\Program Files\Microsoft SQL Server\Client SDK\ODBC\170\Tools\Binn\;C:\Program Files (x86)\Microsoft SQL Server\150\Tools\Binn\;C:\Program Files\Microsoft SQL Server\150\Tools\Binn\;C:\Program Files\Microsoft SQL Server\150\DTS\Binn\;C:\Program Files (x86)\Microsoft SQL Server\150\DTS\Binn\;C:\Program Files\Azure Data Studio\bin;C:\Users\SouthSystem\scoop\shims;C:\Users\SouthSystem\AppData\Local\Microsoft\WindowsApps;C:\Users\SouthSystem\AppData\Roaming\npm;C:\Users\SouthSystem\AppData\Local\Programs\Microsoft VS Code\bin;C:\Program Files\Azure Data Studio\bin;C:\Program Files\allure-2.13.9\bin;;."/>
    <property name="java.vm.info" value="mixed mode"/>
    <property name="java.vendor" value="Oracle Corporation"/>
    <property name="java.vm.version" value="25.281-b09"/>
    <property name="java.ext.dirs" value="C:\Program Files\Java\jdk1.8.0_281\jre\lib\ext;C:\Windows\Sun\Java\lib\ext"/>
    <property name="sun.io.unicode.encoding" value="UnicodeLittle"/>
    <property name="java.class.version" value="52.0"/>
  </properties>
  <testcase name="testNumeroPaginaInvalido" classname="br.com.realize.tests.fase01.CanaisAtendimento.AtendimentoEletronico.tests.GetAtendimentoEletronicoTest" time="0.248"/>
  <testcase name="testInformacoesInternetBanking" classname="br.com.realize.tests.fase01.CanaisAtendimento.AtendimentoEletronico.tests.GetAtendimentoEletronicoTest" time="0.162"/>
  <testcase name="testTamanhoPaginaSuperior" classname="br.com.realize.tests.fase01.CanaisAtendimento.AtendimentoEletronico.tests.GetAtendimentoEletronicoTest" time="0.094"/>
  <testcase name="testGarantirContratosAtendimentoEletronico" classname="br.com.realize.tests.fase01.CanaisAtendimento.AtendimentoEletronico.tests.GetAtendimentoEletronicoTest" time="0.523">
    <failure message="1 expectation failed.&#10;Response body doesn&apos;t match expectation.&#10;Expected: The content to match the given JSON schema.&#10;error: object has missing required properties ([&quot;brand&quot;])&#10;    level: &quot;error&quot;&#10;    schema: {&quot;loadingURI&quot;:&quot;#&quot;,&quot;pointer&quot;:&quot;/properties/data&quot;}&#10;    instance: {&quot;pointer&quot;:&quot;/data&quot;}&#10;    domain: &quot;validation&quot;&#10;    keyword: &quot;required&quot;&#10;    required: [&quot;brand&quot;]&#10;    missing: [&quot;brand&quot;]&#10;&#10;  Actual: {&quot;data&quot;:{&quot;name&quot;:&quot;REALIZE CFI S.A.&quot;,&quot;companies&quot;:[{&quot;name&quot;:&quot;REALIZE CRÉDITO, FINANCIAMENTO E INVESTIMENTO S.A.&quot;,&quot;cnpjNumber&quot;:&quot;27351731&quot;,&quot;electronicChannels&quot;:[{&quot;identification&quot;:{&quot;type&quot;:&quot;INTERNET_BANKING&quot;,&quot;additionalInfo&quot;:&quot;Pagamento de contas e visualização de limites.&quot;,&quot;urls&quot;:[&quot;https://www.realizesolucoesfinanceiras.com.br/cartoes-renner/login&quot;,&quot;https://www.realizesolucoesfinanceiras.com.br/cartoes-renner/login/data-nascimento&quot;]},&quot;services&quot;:[{&quot;name&quot;:&quot;CARTAO_CREDITO&quot;,&quot;code&quot;:&quot;CARTAO_CREDITO&quot;}]},{&quot;identification&quot;:{&quot;type&quot;:&quot;MOBILE_BANKING&quot;,&quot;urls&quot;:[&quot;https://play.google.com/store/apps/details?id=br.com.lojasrenner&amp;hl=pt_BR&quot;,&quot;https://apps.apple.com/br/app/lojas-renner-roupas-e-sapatos/id567763947&quot;]},&quot;services&quot;:[{&quot;name&quot;:&quot;CARTAO_CREDITO&quot;,&quot;code&quot;:&quot;CARTAO_CREDITO&quot;},{&quot;name&quot;:&quot;SEGUROS&quot;,&quot;code&quot;:&quot;SEGUROS&quot;}]}]}]},&quot;links&quot;:{&quot;self&quot;:&quot;http://10.120.192.16/open-banking/channels/v1/electronic-channels?page=1&amp;page-size=10&quot;,&quot;first&quot;:null,&quot;prev&quot;:null,&quot;next&quot;:null,&quot;last&quot;:null},&quot;meta&quot;:{&quot;totalRecords&quot;:2,&quot;totalPages&quot;:1}}&#10;" type="java.lang.AssertionError"><![CDATA[java.lang.AssertionError: 
1 expectation failed.
Response body doesn't match expectation.
Expected: The content to match the given JSON schema.
error: object has missing required properties (["brand"])
    level: "error"
    schema: {"loadingURI":"#","pointer":"/properties/data"}
    instance: {"pointer":"/data"}
    domain: "validation"
    keyword: "required"
    required: ["brand"]
    missing: ["brand"]

  Actual: {"data":{"name":"REALIZE CFI S.A.","companies":[{"name":"REALIZE CRÉDITO, FINANCIAMENTO E INVESTIMENTO S.A.","cnpjNumber":"27351731","electronicChannels":[{"identification":{"type":"INTERNET_BANKING","additionalInfo":"Pagamento de contas e visualização de limites.","urls":["https://www.realizesolucoesfinanceiras.com.br/cartoes-renner/login","https://www.realizesolucoesfinanceiras.com.br/cartoes-renner/login/data-nascimento"]},"services":[{"name":"CARTAO_CREDITO","code":"CARTAO_CREDITO"}]},{"identification":{"type":"MOBILE_BANKING","urls":["https://play.google.com/store/apps/details?id=br.com.lojasrenner&hl=pt_BR","https://apps.apple.com/br/app/lojas-renner-roupas-e-sapatos/id567763947"]},"services":[{"name":"CARTAO_CREDITO","code":"CARTAO_CREDITO"},{"name":"SEGUROS","code":"SEGUROS"}]}]}]},"links":{"self":"http://10.120.192.16/open-banking/channels/v1/electronic-channels?page=1&page-size=10","first":null,"prev":null,"next":null,"last":null},"meta":{"totalRecords":2,"totalPages":1}}

	at br.com.realize.tests.fase01.CanaisAtendimento.AtendimentoEletronico.tests.GetAtendimentoEletronicoTest.testGarantirContratosAtendimentoEletronico(GetAtendimentoEletronicoTest.java:90)
]]></failure>
    <system-out><![CDATA[Request method:	GET
Request URI:	http://10.120.192.16/open-banking/channels/v1/electronic-channels?page=1&page-size=10
Proxy:			<none>
Request params:	<none>
Query params:	page=1
				page-size=10
Form params:	<none>
Path params:	<none>
Headers:		Accept=*/*
				Content-Type=application/json; charset=UTF-8
Cookies:		<none>
Multiparts:		<none>
Body:			<none>

HTTP/1.1 200 OK
Date: Thu, 24 Jun 2021 01:51:28 GMT
Content-Type: application/json
Transfer-Encoding: chunked
Connection: keep-alive
Content-Encoding: gzip

{
    "data": {
        "name": "REALIZE CFI S.A.",
        "companies": [
            {
                "name": "REALIZE CRÉDITO, FINANCIAMENTO E INVESTIMENTO S.A.",
                "cnpjNumber": "27351731",
                "electronicChannels": [
                    {
                        "identification": {
                            "type": "INTERNET_BANKING",
                            "additionalInfo": "Pagamento de contas e visualização de limites.",
                            "urls": [
                                "https://www.realizesolucoesfinanceiras.com.br/cartoes-renner/login",
                                "https://www.realizesolucoesfinanceiras.com.br/cartoes-renner/login/data-nascimento"
                            ]
                        },
                        "services": [
                            {
                                "name": "CARTAO_CREDITO",
                                "code": "CARTAO_CREDITO"
                            }
                        ]
                    },
                    {
                        "identification": {
                            "type": "MOBILE_BANKING",
                            "urls": [
                                "https://play.google.com/store/apps/details?id=br.com.lojasrenner&hl=pt_BR",
                                "https://apps.apple.com/br/app/lojas-renner-roupas-e-sapatos/id567763947"
                            ]
                        },
                        "services": [
                            {
                                "name": "CARTAO_CREDITO",
                                "code": "CARTAO_CREDITO"
                            },
                            {
                                "name": "SEGUROS",
                                "code": "SEGUROS"
                            }
                        ]
                    }
                ]
            }
        ]
    },
    "links": {
        "self": "http://10.120.192.16/open-banking/channels/v1/electronic-channels?page=1&page-size=10",
        "first": null,
        "prev": null,
        "next": null,
        "last": null
    },
    "meta": {
        "totalRecords": 2,
        "totalPages": 1
    }
}
]]></system-out>
  </testcase>
  <testcase name="testNumeroPaginaZero" classname="br.com.realize.tests.fase01.CanaisAtendimento.AtendimentoEletronico.tests.GetAtendimentoEletronicoTest" time="0.092"/>
  <testcase name="testMetodoNaoSuportado" classname="br.com.realize.tests.fase01.CanaisAtendimento.AtendimentoEletronico.tests.GetAtendimentoEletronicoTest" time="0.111"/>
  <testcase name="testPathInvalido" classname="br.com.realize.tests.fase01.CanaisAtendimento.AtendimentoEletronico.tests.GetAtendimentoEletronicoTest" time="0.088"/>
  <testcase name="testTamanhoPaginaInvalido" classname="br.com.realize.tests.fase01.CanaisAtendimento.AtendimentoEletronico.tests.GetAtendimentoEletronicoTest" time="0.112"/>
  <testcase name="testTamanhoPaginaZero" classname="br.com.realize.tests.fase01.CanaisAtendimento.AtendimentoEletronico.tests.GetAtendimentoEletronicoTest" time="0.097"/>
  <testcase name="testNumeroPaginaNaoLocalizado" classname="br.com.realize.tests.fase01.CanaisAtendimento.AtendimentoEletronico.tests.GetAtendimentoEletronicoTest" time="0.087"/>
  <testcase name="testAtendimentoEletronico" classname="br.com.realize.tests.fase01.CanaisAtendimento.AtendimentoEletronico.tests.GetAtendimentoEletronicoTest" time="0.115"/>
  <testcase name="testInformacoesMobileBanking" classname="br.com.realize.tests.fase01.CanaisAtendimento.AtendimentoEletronico.tests.GetAtendimentoEletronicoTest" time="0.102"/>
  <testcase name="testNumeroPaginaInvalido" classname="br.com.realize.tests.fase01.CanaisAtendimento.AtendimentoTelefonico.tests.GetAtendimentoTelefonicoTest" time="0.088"/>
  <testcase name="testTamanhoPaginaSuperior" classname="br.com.realize.tests.fase01.CanaisAtendimento.AtendimentoTelefonico.tests.GetAtendimentoTelefonicoTest" time="0.099"/>
  <testcase name="testNumeroPaginaZero" classname="br.com.realize.tests.fase01.CanaisAtendimento.AtendimentoTelefonico.tests.GetAtendimentoTelefonicoTest" time="0.078"/>
  <testcase name="testInformacoesCentralTelefonica" classname="br.com.realize.tests.fase01.CanaisAtendimento.AtendimentoTelefonico.tests.GetAtendimentoTelefonicoTest" time="0.183"/>
  <testcase name="testInformacoesSAC" classname="br.com.realize.tests.fase01.CanaisAtendimento.AtendimentoTelefonico.tests.GetAtendimentoTelefonicoTest" time="0.187"/>
  <testcase name="testInformacoesOuvidoria" classname="br.com.realize.tests.fase01.CanaisAtendimento.AtendimentoTelefonico.tests.GetAtendimentoTelefonicoTest" time="0.182"/>
  <testcase name="testMetodoNaoSuportado" classname="br.com.realize.tests.fase01.CanaisAtendimento.AtendimentoTelefonico.tests.GetAtendimentoTelefonicoTest" time="0.109"/>
  <testcase name="testPathInvalido" classname="br.com.realize.tests.fase01.CanaisAtendimento.AtendimentoTelefonico.tests.GetAtendimentoTelefonicoTest" time="0.116"/>
  <testcase name="testInformacoesOutros" classname="br.com.realize.tests.fase01.CanaisAtendimento.AtendimentoTelefonico.tests.GetAtendimentoTelefonicoTest" time="0.193"/>
  <testcase name="testTamanhoPaginaInvalido" classname="br.com.realize.tests.fase01.CanaisAtendimento.AtendimentoTelefonico.tests.GetAtendimentoTelefonicoTest" time="0.096"/>
  <testcase name="testTamanhoPaginaZero" classname="br.com.realize.tests.fase01.CanaisAtendimento.AtendimentoTelefonico.tests.GetAtendimentoTelefonicoTest" time="0.104"/>
  <testcase name="testNumeroPaginaNaoLocalizado" classname="br.com.realize.tests.fase01.CanaisAtendimento.AtendimentoTelefonico.tests.GetAtendimentoTelefonicoTest" time="0.098"/>
  <testcase name="testAtendimentoTelefonico" classname="br.com.realize.tests.fase01.CanaisAtendimento.AtendimentoTelefonico.tests.GetAtendimentoTelefonicoTest" time="0.143"/>
  <testcase name="testGarantirContratosInformacoesConta" classname="br.com.realize.tests.fase01.CanaisAtendimento.AtendimentoTelefonico.tests.GetAtendimentoTelefonicoTest" time="0.193">
    <failure message="1 expectation failed.&#10;Response body doesn&apos;t match expectation.&#10;Expected: The content to match the given JSON schema.&#10;error: object has missing required properties ([&quot;brand&quot;])&#10;    level: &quot;error&quot;&#10;    schema: {&quot;loadingURI&quot;:&quot;#&quot;,&quot;pointer&quot;:&quot;/properties/data&quot;}&#10;    instance: {&quot;pointer&quot;:&quot;/data&quot;}&#10;    domain: &quot;validation&quot;&#10;    keyword: &quot;required&quot;&#10;    required: [&quot;brand&quot;]&#10;    missing: [&quot;brand&quot;]&#10;&#10;  Actual: {&quot;data&quot;:{&quot;name&quot;:&quot;REALIZE CFI S.A.&quot;,&quot;companies&quot;:[{&quot;name&quot;:&quot;REALIZE CRÉDITO, FINANCIAMENTO E INVESTIMENTO S.A.&quot;,&quot;cnpjNumber&quot;:&quot;27351731&quot;,&quot;phoneChannels&quot;:[{&quot;identification&quot;:{&quot;type&quot;:&quot;CENTRAL_TELEFONICA&quot;,&quot;additionalInfo&quot;:&quot;Central de atendimento&quot;,&quot;phones&quot;:[{&quot;countryCallingCode&quot;:&quot;55&quot;,&quot;areaCode&quot;:&quot;NA&quot;,&quot;number&quot;:&quot;30045060&quot;},{&quot;countryCallingCode&quot;:&quot;NA&quot;,&quot;areaCode&quot;:&quot;NA&quot;,&quot;number&quot;:&quot;0800 073 6637&quot;},{&quot;countryCallingCode&quot;:&quot;55&quot;,&quot;areaCode&quot;:&quot;NA&quot;,&quot;number&quot;:&quot;40042900&quot;},{&quot;countryCallingCode&quot;:&quot;55&quot;,&quot;areaCode&quot;:&quot;51&quot;,&quot;number&quot;:&quot;39215464&quot;},{&quot;countryCallingCode&quot;:&quot;NA&quot;,&quot;areaCode&quot;:&quot;NA&quot;,&quot;number&quot;:&quot;0800 727 9505&quot;},{&quot;countryCallingCode&quot;:&quot;NA&quot;,&quot;areaCode&quot;:&quot;NA&quot;,&quot;number&quot;:&quot;0800 722 9855&quot;}]},&quot;services&quot;:[{&quot;name&quot;:&quot;CARTAO_CREDITO&quot;,&quot;code&quot;:&quot;CARTAO_CREDITO&quot;},{&quot;name&quot;:&quot;SEGUROS&quot;,&quot;code&quot;:&quot;SEGUROS&quot;}]},{&quot;identification&quot;:{&quot;type&quot;:&quot;SAC&quot;,&quot;additionalInfo&quot;:&quot;Canal exclusivo para reclamações, informações e cancelamentos.&quot;,&quot;phones&quot;:[{&quot;countryCallingCode&quot;:&quot;NA&quot;,&quot;areaCode&quot;:&quot;NA&quot;,&quot;number&quot;:&quot;0800 600 6601&quot;}]},&quot;services&quot;:[{&quot;name&quot;:&quot;RECLAMACOES&quot;,&quot;code&quot;:&quot;RECLAMACOES&quot;},{&quot;name&quot;:&quot;INFORMACOES&quot;,&quot;code&quot;:&quot;INFORMACOES&quot;},{&quot;name&quot;:&quot;CANCELAMENTO&quot;,&quot;code&quot;:&quot;CANCELAMENTO&quot;}]},{&quot;identification&quot;:{&quot;type&quot;:&quot;OUVIDORIA&quot;,&quot;additionalInfo&quot;:&quot;Atuação na mediação de conflitos.&quot;,&quot;phones&quot;:[{&quot;countryCallingCode&quot;:&quot;NA&quot;,&quot;areaCode&quot;:&quot;NA&quot;,&quot;number&quot;:&quot;0800 727 0127&quot;}]},&quot;services&quot;:[{&quot;name&quot;:&quot;CARTAO_CREDITO&quot;,&quot;code&quot;:&quot;CARTAO_CREDITO&quot;}]},{&quot;identification&quot;:{&quot;type&quot;:&quot;OUTROS&quot;,&quot;additionalInfo&quot;:&quot;Assitente virtual cartões RENNER&quot;,&quot;phones&quot;:[{&quot;countryCallingCode&quot;:&quot;55&quot;,&quot;areaCode&quot;:&quot;51&quot;,&quot;number&quot;:&quot;39214004&quot;}]},&quot;services&quot;:[{&quot;name&quot;:&quot;CARTAO_CREDITO&quot;,&quot;code&quot;:&quot;CARTAO_CREDITO&quot;,&quot;additionalInfo&quot;:&quot;Verificação de saldos, carnês e faturas e geração de boletos para pagamento via WhatsApp.&quot;}]}]}]},&quot;links&quot;:{&quot;self&quot;:&quot;http://10.120.192.16/open-banking/channels/v1/phone-channels?page=1&amp;page-size=25&quot;,&quot;first&quot;:null,&quot;prev&quot;:null,&quot;next&quot;:null,&quot;last&quot;:null},&quot;meta&quot;:{&quot;totalRecords&quot;:4,&quot;totalPages&quot;:1}}&#10;" type="java.lang.AssertionError"><![CDATA[java.lang.AssertionError: 
1 expectation failed.
Response body doesn't match expectation.
Expected: The content to match the given JSON schema.
error: object has missing required properties (["brand"])
    level: "error"
    schema: {"loadingURI":"#","pointer":"/properties/data"}
    instance: {"pointer":"/data"}
    domain: "validation"
    keyword: "required"
    required: ["brand"]
    missing: ["brand"]

  Actual: {"data":{"name":"REALIZE CFI S.A.","companies":[{"name":"REALIZE CRÉDITO, FINANCIAMENTO E INVESTIMENTO S.A.","cnpjNumber":"27351731","phoneChannels":[{"identification":{"type":"CENTRAL_TELEFONICA","additionalInfo":"Central de atendimento","phones":[{"countryCallingCode":"55","areaCode":"NA","number":"30045060"},{"countryCallingCode":"NA","areaCode":"NA","number":"0800 073 6637"},{"countryCallingCode":"55","areaCode":"NA","number":"40042900"},{"countryCallingCode":"55","areaCode":"51","number":"39215464"},{"countryCallingCode":"NA","areaCode":"NA","number":"0800 727 9505"},{"countryCallingCode":"NA","areaCode":"NA","number":"0800 722 9855"}]},"services":[{"name":"CARTAO_CREDITO","code":"CARTAO_CREDITO"},{"name":"SEGUROS","code":"SEGUROS"}]},{"identification":{"type":"SAC","additionalInfo":"Canal exclusivo para reclamações, informações e cancelamentos.","phones":[{"countryCallingCode":"NA","areaCode":"NA","number":"0800 600 6601"}]},"services":[{"name":"RECLAMACOES","code":"RECLAMACOES"},{"name":"INFORMACOES","code":"INFORMACOES"},{"name":"CANCELAMENTO","code":"CANCELAMENTO"}]},{"identification":{"type":"OUVIDORIA","additionalInfo":"Atuação na mediação de conflitos.","phones":[{"countryCallingCode":"NA","areaCode":"NA","number":"0800 727 0127"}]},"services":[{"name":"CARTAO_CREDITO","code":"CARTAO_CREDITO"}]},{"identification":{"type":"OUTROS","additionalInfo":"Assitente virtual cartões RENNER","phones":[{"countryCallingCode":"55","areaCode":"51","number":"39214004"}]},"services":[{"name":"CARTAO_CREDITO","code":"CARTAO_CREDITO","additionalInfo":"Verificação de saldos, carnês e faturas e geração de boletos para pagamento via WhatsApp."}]}]}]},"links":{"self":"http://10.120.192.16/open-banking/channels/v1/phone-channels?page=1&page-size=25","first":null,"prev":null,"next":null,"last":null},"meta":{"totalRecords":4,"totalPages":1}}

	at br.com.realize.tests.fase01.CanaisAtendimento.AtendimentoTelefonico.tests.GetAtendimentoTelefonicoTest.testGarantirContratosInformacoesConta(GetAtendimentoTelefonicoTest.java:117)
]]></failure>
    <system-out><![CDATA[Request method:	GET
Request URI:	http://10.120.192.16/open-banking/channels/v1/phone-channels?page=1&page-size=25
Proxy:			<none>
Request params:	<none>
Query params:	page=1
				page-size=25
Form params:	<none>
Path params:	<none>
Headers:		Accept=*/*
				Content-Type=application/json; charset=UTF-8
Cookies:		<none>
Multiparts:		<none>
Body:			<none>

HTTP/1.1 200 OK
Date: Thu, 24 Jun 2021 01:51:33 GMT
Content-Type: application/json
Transfer-Encoding: chunked
Connection: keep-alive
Content-Encoding: gzip

{
    "data": {
        "name": "REALIZE CFI S.A.",
        "companies": [
            {
                "name": "REALIZE CRÉDITO, FINANCIAMENTO E INVESTIMENTO S.A.",
                "cnpjNumber": "27351731",
                "phoneChannels": [
                    {
                        "identification": {
                            "type": "CENTRAL_TELEFONICA",
                            "additionalInfo": "Central de atendimento",
                            "phones": [
                                {
                                    "countryCallingCode": "55",
                                    "areaCode": "NA",
                                    "number": "30045060"
                                },
                                {
                                    "countryCallingCode": "NA",
                                    "areaCode": "NA",
                                    "number": "0800 073 6637"
                                },
                                {
                                    "countryCallingCode": "55",
                                    "areaCode": "NA",
                                    "number": "40042900"
                                },
                                {
                                    "countryCallingCode": "55",
                                    "areaCode": "51",
                                    "number": "39215464"
                                },
                                {
                                    "countryCallingCode": "NA",
                                    "areaCode": "NA",
                                    "number": "0800 727 9505"
                                },
                                {
                                    "countryCallingCode": "NA",
                                    "areaCode": "NA",
                                    "number": "0800 722 9855"
                                }
                            ]
                        },
                        "services": [
                            {
                                "name": "CARTAO_CREDITO",
                                "code": "CARTAO_CREDITO"
                            },
                            {
                                "name": "SEGUROS",
                                "code": "SEGUROS"
                            }
                        ]
                    },
                    {
                        "identification": {
                            "type": "SAC",
                            "additionalInfo": "Canal exclusivo para reclamações, informações e cancelamentos.",
                            "phones": [
                                {
                                    "countryCallingCode": "NA",
                                    "areaCode": "NA",
                                    "number": "0800 600 6601"
                                }
                            ]
                        },
                        "services": [
                            {
                                "name": "RECLAMACOES",
                                "code": "RECLAMACOES"
                            },
                            {
                                "name": "INFORMACOES",
                                "code": "INFORMACOES"
                            },
                            {
                                "name": "CANCELAMENTO",
                                "code": "CANCELAMENTO"
                            }
                        ]
                    },
                    {
                        "identification": {
                            "type": "OUVIDORIA",
                            "additionalInfo": "Atuação na mediação de conflitos.",
                            "phones": [
                                {
                                    "countryCallingCode": "NA",
                                    "areaCode": "NA",
                                    "number": "0800 727 0127"
                                }
                            ]
                        },
                        "services": [
                            {
                                "name": "CARTAO_CREDITO",
                                "code": "CARTAO_CREDITO"
                            }
                        ]
                    },
                    {
                        "identification": {
                            "type": "OUTROS",
                            "additionalInfo": "Assitente virtual cartões RENNER",
                            "phones": [
                                {
                                    "countryCallingCode": "55",
                                    "areaCode": "51",
                                    "number": "39214004"
                                }
                            ]
                        },
                        "services": [
                            {
                                "name": "CARTAO_CREDITO",
                                "code": "CARTAO_CREDITO",
                                "additionalInfo": "Verificação de saldos, carnês e faturas e geração de boletos para pagamento via WhatsApp."
                            }
                        ]
                    }
                ]
            }
        ]
    },
    "links": {
        "self": "http://10.120.192.16/open-banking/channels/v1/phone-channels?page=1&page-size=25",
        "first": null,
        "prev": null,
        "next": null,
        "last": null
    },
    "meta": {
        "totalRecords": 4,
        "totalPages": 1
    }
}
]]></system-out>
  </testcase>
  <testcase name="testNumeroPaginaInvalido" classname="br.com.realize.tests.fase01.CanaisAtendimento.DependenciasProprias.tests.GetDependenciasPropriasTest" time="0.066"/>
  <testcase name="testDependenciasProprias" classname="br.com.realize.tests.fase01.CanaisAtendimento.DependenciasProprias.tests.GetDependenciasPropriasTest" time="0.143"/>
  <testcase name="testTamanhoPaginaSuperior" classname="br.com.realize.tests.fase01.CanaisAtendimento.DependenciasProprias.tests.GetDependenciasPropriasTest" time="0.087"/>
  <testcase name="testNumeroPaginaZero" classname="br.com.realize.tests.fase01.CanaisAtendimento.DependenciasProprias.tests.GetDependenciasPropriasTest" time="0.078"/>
  <testcase name="testMetodoNaoSuportado" classname="br.com.realize.tests.fase01.CanaisAtendimento.DependenciasProprias.tests.GetDependenciasPropriasTest" time="0.078"/>
  <testcase name="testPathInvalido" classname="br.com.realize.tests.fase01.CanaisAtendimento.DependenciasProprias.tests.GetDependenciasPropriasTest" time="0.078"/>
  <testcase name="testTamanhoPaginaInvalido" classname="br.com.realize.tests.fase01.CanaisAtendimento.DependenciasProprias.tests.GetDependenciasPropriasTest" time="0.076"/>
  <testcase name="testTamanhoPaginaZero" classname="br.com.realize.tests.fase01.CanaisAtendimento.DependenciasProprias.tests.GetDependenciasPropriasTest" time="0.08"/>
  <testcase name="testNumeroPaginaNaoLocalizado" classname="br.com.realize.tests.fase01.CanaisAtendimento.DependenciasProprias.tests.GetDependenciasPropriasTest" time="0.079"/>
  <testcase name="testGarantirContratosDependenciasProprias" classname="br.com.realize.tests.fase01.CanaisAtendimento.DependenciasProprias.tests.GetDependenciasPropriasTest" time="0.143">
    <failure message="1 expectation failed.&#10;Response body doesn&apos;t match expectation.&#10;Expected: The content to match the given JSON schema.&#10;error: object has missing required properties ([&quot;brand&quot;])&#10;    level: &quot;error&quot;&#10;    schema: {&quot;loadingURI&quot;:&quot;#&quot;,&quot;pointer&quot;:&quot;/properties/data&quot;}&#10;    instance: {&quot;pointer&quot;:&quot;/data&quot;}&#10;    domain: &quot;validation&quot;&#10;    keyword: &quot;required&quot;&#10;    required: [&quot;brand&quot;]&#10;    missing: [&quot;brand&quot;]&#10;&#10;  Actual: {&quot;data&quot;:{&quot;name&quot;:&quot;REALIZE CFI S.A.&quot;,&quot;companies&quot;:[{&quot;name&quot;:&quot;REALIZE CRÉDITO, FINANCIAMENTO E INVESTIMENTO S.A.&quot;,&quot;cnpjNumber&quot;:&quot;27351731&quot;,&quot;branches&quot;:[{&quot;identification&quot;:{&quot;type&quot;:&quot;AGENCIA&quot;,&quot;code&quot;:&quot;0001&quot;,&quot;checkDigit&quot;:&quot;0&quot;,&quot;name&quot;:&quot;REALIZE CRÉDITO, FINANCIAMENTO E INVESTIMENTO S.A.&quot;},&quot;postalAddress&quot;:{&quot;address&quot;:&quot;Avenida Dolores Alcaras Caldas, 90&quot;,&quot;additionalInfo&quot;:&quot;9º andar&quot;,&quot;districtName&quot;:&quot;Praia de Belas&quot;,&quot;townName&quot;:&quot;Porto Alegre&quot;,&quot;ibgeCode&quot;:&quot;4314902&quot;,&quot;countrySubDivision&quot;:&quot;RS&quot;,&quot;postCode&quot;:&quot;90110-180&quot;,&quot;country&quot;:&quot;Brasil&quot;,&quot;countryCode&quot;:&quot;BRA&quot;,&quot;geographicCoordinates&quot;:{&quot;longitude&quot;:&quot;-51.23049823738758&quot;,&quot;latitude&quot;:&quot;-30.046094845327126&quot;}},&quot;availability&quot;:{&quot;standards&quot;:[{&quot;weekday&quot;:&quot;SEGUNDA_FEIRA&quot;,&quot;openingTime&quot;:&quot;12:00:00Z&quot;,&quot;closingTime&quot;:&quot;19:00:00Z&quot;},{&quot;weekday&quot;:&quot;TERCA_FEIRA&quot;,&quot;openingTime&quot;:&quot;12:00:00Z&quot;,&quot;closingTime&quot;:&quot;19:00:00Z&quot;},{&quot;weekday&quot;:&quot;QUARTA_FEIRA&quot;,&quot;openingTime&quot;:&quot;12:00:00Z&quot;,&quot;closingTime&quot;:&quot;19:00:00Z&quot;},{&quot;weekday&quot;:&quot;QUINTA_FEIRA&quot;,&quot;openingTime&quot;:&quot;12:00:00Z&quot;,&quot;closingTime&quot;:&quot;19:00:00Z&quot;},{&quot;weekday&quot;:&quot;SEXTA_FEIRA&quot;,&quot;openingTime&quot;:&quot;12:00:00Z&quot;,&quot;closingTime&quot;:&quot;19:00:00Z&quot;}],&quot;exception&quot;:&quot;Exceto feriados municipais, estaduais e nacionais&quot;},&quot;phones&quot;:[{&quot;type&quot;:&quot;FIXO&quot;,&quot;countryCallingCode&quot;:&quot;55&quot;,&quot;areaCode&quot;:&quot;51&quot;,&quot;number&quot;:&quot;30045060&quot;},{&quot;type&quot;:&quot;FIXO&quot;,&quot;countryCallingCode&quot;:&quot;55&quot;,&quot;areaCode&quot;:&quot;51&quot;,&quot;number&quot;:&quot;08000736637&quot;}],&quot;services&quot;:[{&quot;name&quot;:&quot;INFORMACOES&quot;,&quot;code&quot;:&quot;INFORMACOES&quot;},{&quot;name&quot;:&quot;RECLAMACOES&quot;,&quot;code&quot;:&quot;RECLAMACOES&quot;}]}]}]},&quot;links&quot;:{&quot;self&quot;:&quot;http://10.120.192.16/open-banking/channels/v1/branches?page=1&amp;page-size=25&quot;,&quot;first&quot;:null,&quot;prev&quot;:null,&quot;next&quot;:null,&quot;last&quot;:null},&quot;meta&quot;:{&quot;totalRecords&quot;:1,&quot;totalPages&quot;:1}}&#10;" type="java.lang.AssertionError"><![CDATA[java.lang.AssertionError: 
1 expectation failed.
Response body doesn't match expectation.
Expected: The content to match the given JSON schema.
error: object has missing required properties (["brand"])
    level: "error"
    schema: {"loadingURI":"#","pointer":"/properties/data"}
    instance: {"pointer":"/data"}
    domain: "validation"
    keyword: "required"
    required: ["brand"]
    missing: ["brand"]

  Actual: {"data":{"name":"REALIZE CFI S.A.","companies":[{"name":"REALIZE CRÉDITO, FINANCIAMENTO E INVESTIMENTO S.A.","cnpjNumber":"27351731","branches":[{"identification":{"type":"AGENCIA","code":"0001","checkDigit":"0","name":"REALIZE CRÉDITO, FINANCIAMENTO E INVESTIMENTO S.A."},"postalAddress":{"address":"Avenida Dolores Alcaras Caldas, 90","additionalInfo":"9º andar","districtName":"Praia de Belas","townName":"Porto Alegre","ibgeCode":"4314902","countrySubDivision":"RS","postCode":"90110-180","country":"Brasil","countryCode":"BRA","geographicCoordinates":{"longitude":"-51.23049823738758","latitude":"-30.046094845327126"}},"availability":{"standards":[{"weekday":"SEGUNDA_FEIRA","openingTime":"12:00:00Z","closingTime":"19:00:00Z"},{"weekday":"TERCA_FEIRA","openingTime":"12:00:00Z","closingTime":"19:00:00Z"},{"weekday":"QUARTA_FEIRA","openingTime":"12:00:00Z","closingTime":"19:00:00Z"},{"weekday":"QUINTA_FEIRA","openingTime":"12:00:00Z","closingTime":"19:00:00Z"},{"weekday":"SEXTA_FEIRA","openingTime":"12:00:00Z","closingTime":"19:00:00Z"}],"exception":"Exceto feriados municipais, estaduais e nacionais"},"phones":[{"type":"FIXO","countryCallingCode":"55","areaCode":"51","number":"30045060"},{"type":"FIXO","countryCallingCode":"55","areaCode":"51","number":"08000736637"}],"services":[{"name":"INFORMACOES","code":"INFORMACOES"},{"name":"RECLAMACOES","code":"RECLAMACOES"}]}]}]},"links":{"self":"http://10.120.192.16/open-banking/channels/v1/branches?page=1&page-size=25","first":null,"prev":null,"next":null,"last":null},"meta":{"totalRecords":1,"totalPages":1}}

	at br.com.realize.tests.fase01.CanaisAtendimento.DependenciasProprias.tests.GetDependenciasPropriasTest.testGarantirContratosDependenciasProprias(GetDependenciasPropriasTest.java:54)
]]></failure>
    <system-out><![CDATA[Request method:	GET
Request URI:	http://10.120.192.16/open-banking/channels/v1/branches?page=1&page-size=25
Proxy:			<none>
Request params:	<none>
Query params:	page=1
				page-size=25
Form params:	<none>
Path params:	<none>
Headers:		Accept=*/*
				Content-Type=application/json; charset=UTF-8
Cookies:		<none>
Multiparts:		<none>
Body:			<none>

HTTP/1.1 200 OK
Date: Thu, 24 Jun 2021 01:51:35 GMT
Content-Type: application/json
Transfer-Encoding: chunked
Connection: keep-alive
Content-Encoding: gzip

{
    "data": {
        "name": "REALIZE CFI S.A.",
        "companies": [
            {
                "name": "REALIZE CRÉDITO, FINANCIAMENTO E INVESTIMENTO S.A.",
                "cnpjNumber": "27351731",
                "branches": [
                    {
                        "identification": {
                            "type": "AGENCIA",
                            "code": "0001",
                            "checkDigit": "0",
                            "name": "REALIZE CRÉDITO, FINANCIAMENTO E INVESTIMENTO S.A."
                        },
                        "postalAddress": {
                            "address": "Avenida Dolores Alcaras Caldas, 90",
                            "additionalInfo": "9º andar",
                            "districtName": "Praia de Belas",
                            "townName": "Porto Alegre",
                            "ibgeCode": "4314902",
                            "countrySubDivision": "RS",
                            "postCode": "90110-180",
                            "country": "Brasil",
                            "countryCode": "BRA",
                            "geographicCoordinates": {
                                "longitude": "-51.23049823738758",
                                "latitude": "-30.046094845327126"
                            }
                        },
                        "availability": {
                            "standards": [
                                {
                                    "weekday": "SEGUNDA_FEIRA",
                                    "openingTime": "12:00:00Z",
                                    "closingTime": "19:00:00Z"
                                },
                                {
                                    "weekday": "TERCA_FEIRA",
                                    "openingTime": "12:00:00Z",
                                    "closingTime": "19:00:00Z"
                                },
                                {
                                    "weekday": "QUARTA_FEIRA",
                                    "openingTime": "12:00:00Z",
                                    "closingTime": "19:00:00Z"
                                },
                                {
                                    "weekday": "QUINTA_FEIRA",
                                    "openingTime": "12:00:00Z",
                                    "closingTime": "19:00:00Z"
                                },
                                {
                                    "weekday": "SEXTA_FEIRA",
                                    "openingTime": "12:00:00Z",
                                    "closingTime": "19:00:00Z"
                                }
                            ],
                            "exception": "Exceto feriados municipais, estaduais e nacionais"
                        },
                        "phones": [
                            {
                                "type": "FIXO",
                                "countryCallingCode": "55",
                                "areaCode": "51",
                                "number": "30045060"
                            },
                            {
                                "type": "FIXO",
                                "countryCallingCode": "55",
                                "areaCode": "51",
                                "number": "08000736637"
                            }
                        ],
                        "services": [
                            {
                                "name": "INFORMACOES",
                                "code": "INFORMACOES"
                            },
                            {
                                "name": "RECLAMACOES",
                                "code": "RECLAMACOES"
                            }
                        ]
                    }
                ]
            }
        ]
    },
    "links": {
        "self": "http://10.120.192.16/open-banking/channels/v1/branches?page=1&page-size=25",
        "first": null,
        "prev": null,
        "next": null,
        "last": null
    },
    "meta": {
        "totalRecords": 1,
        "totalPages": 1
    }
}
]]></system-out>
  </testcase>
  <testcase name="testNumeroPaginaInvalido" classname="br.com.realize.tests.fase01.CanaisAtendimento.CorrespondentesBancarios.tests.GetCorrespondentesBancariosTest" time="0.091"/>
  <testcase name="testNavegarProximaPagina" classname="br.com.realize.tests.fase01.CanaisAtendimento.CorrespondentesBancarios.tests.GetCorrespondentesBancariosTest" time="0.26"/>
  <testcase name="testNavegarPaginaAnterior" classname="br.com.realize.tests.fase01.CanaisAtendimento.CorrespondentesBancarios.tests.GetCorrespondentesBancariosTest" time="0.247"/>
  <testcase name="testTamanhoPaginaSuperior" classname="br.com.realize.tests.fase01.CanaisAtendimento.CorrespondentesBancarios.tests.GetCorrespondentesBancariosTest" time="0.076"/>
  <testcase name="testNumeroPaginaZero" classname="br.com.realize.tests.fase01.CanaisAtendimento.CorrespondentesBancarios.tests.GetCorrespondentesBancariosTest" time="0.074"/>
  <testcase name="testNavegarPrimeiraPagina" classname="br.com.realize.tests.fase01.CanaisAtendimento.CorrespondentesBancarios.tests.GetCorrespondentesBancariosTest" time="0.247"/>
  <testcase name="testMetodoNaoSuportado" classname="br.com.realize.tests.fase01.CanaisAtendimento.CorrespondentesBancarios.tests.GetCorrespondentesBancariosTest" time="0.075"/>
  <testcase name="testPathInvalido" classname="br.com.realize.tests.fase01.CanaisAtendimento.CorrespondentesBancarios.tests.GetCorrespondentesBancariosTest" time="0.081"/>
  <testcase name="testTamanhoPaginaInvalido" classname="br.com.realize.tests.fase01.CanaisAtendimento.CorrespondentesBancarios.tests.GetCorrespondentesBancariosTest" time="0.114"/>
  <testcase name="testTamanhoPaginaZero" classname="br.com.realize.tests.fase01.CanaisAtendimento.CorrespondentesBancarios.tests.GetCorrespondentesBancariosTest" time="0.097"/>
  <testcase name="testGarantirContratosCorrespondentesBancarios" classname="br.com.realize.tests.fase01.CanaisAtendimento.CorrespondentesBancarios.tests.GetCorrespondentesBancariosTest" time="1.633">
    <failure message="1 expectation failed.&#10;Response body doesn&apos;t match expectation.&#10;Expected: The content to match the given JSON schema.&#10;error: object has missing required properties ([&quot;brand&quot;])&#10;    level: &quot;error&quot;&#10;    schema: {&quot;loadingURI&quot;:&quot;#&quot;,&quot;pointer&quot;:&quot;/properties/data&quot;}&#10;    instance: {&quot;pointer&quot;:&quot;/data&quot;}&#10;    domain: &quot;validation&quot;&#10;    keyword: &quot;required&quot;&#10;    required: [&quot;brand&quot;]&#10;    missing: [&quot;brand&quot;]&#10;&#10;  Actual: {&quot;data&quot;:{&quot;name&quot;:&quot;REALIZE CFI S.A.&quot;,&quot;companies&quot;:[{&quot;name&quot;:&quot;REALIZE CRÉDITO, FINANCIAMENTO E INVESTIMENTO S.A.&quot;,&quot;cnpjNumber&quot;:&quot;27351731&quot;,&quot;contractors&quot;:[{&quot;name&quot;:&quot;REALIZE CRÉDITO, FINANCIAMENTO E INVESTIMENTO S.A.&quot;,&quot;cnpjNumber&quot;:&quot;27351731000138&quot;,&quot;bankingAgents&quot;:[{&quot;identification&quot;:{&quot;corporationName&quot;:&quot;LOJAS RENNER S.A.-LOJA NATAL SHOPPING&quot;,&quot;groupName&quot;:&quot;LOJAS RENNER S.A.&quot;,&quot;cnpjNumber&quot;:&quot;92754738025904&quot;,&quot;isUnderestablishment&quot;:false},&quot;locations&quot;:[{&quot;postalAddress&quot;:{&quot;address&quot;:&quot;AVENIDA SENADOR SALGADO FILHO, 2234, (ESPAÇO COMERCIAL Nº 368)&quot;,&quot;districtName&quot;:&quot;NATAL SHOPPING&quot;,&quot;townName&quot;:&quot;NATAL&quot;,&quot;countrySubDivision&quot;:&quot;RN&quot;,&quot;postCode&quot;:&quot;59064900&quot;,&quot;country&quot;:&quot;Brasil&quot;,&quot;countryCode&quot;:&quot;BRA&quot;},&quot;phones&quot;:[{&quot;type&quot;:&quot;FIXO&quot;,&quot;countryCallingCode&quot;:&quot;55&quot;,&quot;areaCode&quot;:&quot;85&quot;,&quot;number&quot;:&quot;33043847&quot;}],&quot;availability&quot;:{&quot;standards&quot;:[{&quot;weekday&quot;:&quot;DOMINGO&quot;},{&quot;weekday&quot;:&quot;SEGUNDA_FEIRA&quot;},{&quot;weekday&quot;:&quot;TERCA_FEIRA&quot;},{&quot;weekday&quot;:&quot;QUARTA_FEIRA&quot;},{&quot;weekday&quot;:&quot;QUINTA_FEIRA&quot;},{&quot;weekday&quot;:&quot;SEXTA_FEIRA&quot;},{&quot;weekday&quot;:&quot;SABADO&quot;}],&quot;exception&quot;:&quot;Exceto em datas festivas de Ano Novo, Dia das Mães, Dia dos Pais e Natal&quot;}}],&quot;services&quot;:[{&quot;name&quot;:&quot;RECEBIMENTOS_PAGAMENTOS_QUALQUER_NATUREZA_OUTRAS_ATIVIDADES_DECORRENTES_EXECUCAO_CONTRATOS_CONVENIOS_PRESTACAO_SERVICOS&quot;,&quot;code&quot;:&quot;RECEBIMENTOS_PAGAMENTOS_QUALQUER_NATUREZA_EXECUCAO_CONTRATOS_CONVENIO&quot;},{&quot;name&quot;:&quot;EXECUCAO_ATIVA_PASSIVA_ORDENS_PAGAMENTO_CURSADAS_INTERMEDIO_INSTITUICAO_CONTRATANTE_SOLICITACAO_CLIENTES_USUARIOS&quot;,&quot;code&quot;:&quot;EXECUCAO_ATIVA_PASSIVA_ORDENS_PAGAMENTO&quot;},{&quot;name&quot;:&quot;RECEPCAO_ENCAMINHAMENTO_PROPOSTAS_FORNECIMENTO_CARTAO_CREDITO_RESPONSABILIDADE_INSTITUICAO_CONTRATANTE&quot;,&quot;code&quot;:&quot;RECEBE_ENCAMINHA_PROPOSTAS_FORNECIMENTO_CARTAO_CREDITO&quot;},{&quot;name&quot;:&quot;RECEPCAO_ENCAMINHAMENTO_PROPOSTAS_OPERACAO_CREDITO_ARRENDAMENTO_MERCANTIL_CONCESSAO_INSTITUICAO_CONTRATANTE&quot;,&quot;code&quot;:&quot;RECEBE_ENCAMINHA_PROPOSTAS_CREDITO_ARRENDAMENTO_MERCANTIL&quot;}]},{&quot;identification&quot;:{&quot;corporationName&quot;:&quot;LOJAS RENNER S.A.-LOJA SHOPPING MONTSERRAT&quot;,&quot;groupName&quot;:&quot;LOJAS RENNER S.A.&quot;,&quot;cnpjNumber&quot;:&quot;92754738027605&quot;,&quot;isUnderestablishment&quot;:false},&quot;locations&quot;:[{&quot;postalAddress&quot;:{&quot;address&quot;:&quot;AVENIDA ELDES SCHERRER SOUZA, Nº 2162, (SUC Nº 103M – PISO L-1)&quot;,&quot;districtName&quot;:&quot;PLANALTO DE CARAPINA&quot;,&quot;townName&quot;:&quot;SERRA&quot;,&quot;countrySubDivision&quot;:&quot;ES&quot;,&quot;postCode&quot;:&quot;29162741&quot;,&quot;country&quot;:&quot;Brasil&quot;,&quot;countryCode&quot;:&quot;BRA&quot;},&quot;phones&quot;:[{&quot;type&quot;:&quot;FIXO&quot;,&quot;countryCallingCode&quot;:&quot;55&quot;,&quot;areaCode&quot;:&quot;85&quot;,&quot;number&quot;:&quot;33043848&quot;}],&quot;availability&quot;:{&quot;standards&quot;:[{&quot;weekday&quot;:&quot;DOMINGO&quot;},{&quot;weekday&quot;:&quot;SEGUNDA_FEIRA&quot;},{&quot;weekday&quot;:&quot;TERCA_FEIRA&quot;},{&quot;weekday&quot;:&quot;QUARTA_FEIRA&quot;},{&quot;weekday&quot;:&quot;QUINTA_FEIRA&quot;},{&quot;weekday&quot;:&quot;SEXTA_FEIRA&quot;},{&quot;weekday&quot;:&quot;SABADO&quot;}],&quot;exception&quot;:&quot;Exceto em datas festivas de Ano Novo, Dia das Mães, Dia dos Pais e Natal&quot;}}],&quot;services&quot;:[{&quot;name&quot;:&quot;RECEBIMENTOS_PAGAMENTOS_QUALQUER_NATUREZA_OUTRAS_ATIVIDADES_DECORRENTES_EXECUCAO_CONTRATOS_CONVENIOS_PRESTACAO_SERVICOS&quot;,&quot;code&quot;:&quot;RECEBIMENTOS_PAGAMENTOS_QUALQUER_NATUREZA_EXECUCAO_CONTRATOS_CONVENIO&quot;},{&quot;name&quot;:&quot;EXECUCAO_ATIVA_PASSIVA_ORDENS_PAGAMENTO_CURSADAS_INTERMEDIO_INSTITUICAO_CONTRATANTE_SOLICITACAO_CLIENTES_USUARIOS&quot;,&quot;code&quot;:&quot;EXECUCAO_ATIVA_PASSIVA_ORDENS_PAGAMENTO&quot;},{&quot;name&quot;:&quot;RECEPCAO_ENCAMINHAMENTO_PROPOSTAS_FORNECIMENTO_CARTAO_CREDITO_RESPONSABILIDADE_INSTITUICAO_CONTRATANTE&quot;,&quot;code&quot;:&quot;RECEBE_ENCAMINHA_PROPOSTAS_FORNECIMENTO_CARTAO_CREDITO&quot;},{&quot;name&quot;:&quot;RECEPCAO_ENCAMINHAMENTO_PROPOSTAS_OPERACAO_CREDITO_ARRENDAMENTO_MERCANTIL_CONCESSAO_INSTITUICAO_CONTRATANTE&quot;,&quot;code&quot;:&quot;RECEBE_ENCAMINHA_PROPOSTAS_CREDITO_ARRENDAMENTO_MERCANTIL&quot;}]},{&quot;identification&quot;:{&quot;corporationName&quot;:&quot;LOJAS RENNER S.A.-LOJA SHOPPING VALE DO AÇO&quot;,&quot;groupName&quot;:&quot;LOJAS RENNER S.A.&quot;,&quot;cnpjNumber&quot;:&quot;92754738030070&quot;,&quot;isUnderestablishment&quot;:false},&quot;locations&quot;:[{&quot;postalAddress&quot;:{&quot;address&quot;:&quot;AVENIDA PEDRO LINHARES GOMES, Nº 3900, (LOJA Nº 153 NO 1º PISO E Nº 262 NO 2º PISO)&quot;,&quot;districtName&quot;:&quot;INDUSTRIAL&quot;,&quot;townName&quot;:&quot;IPATINGA&quot;,&quot;countrySubDivision&quot;:&quot;MG&quot;,&quot;postCode&quot;:&quot;35160290&quot;,&quot;country&quot;:&quot;Brasil&quot;,&quot;countryCode&quot;:&quot;BRA&quot;},&quot;phones&quot;:[{&quot;type&quot;:&quot;FIXO&quot;,&quot;countryCallingCode&quot;:&quot;55&quot;,&quot;areaCode&quot;:&quot;85&quot;,&quot;number&quot;:&quot;33043849&quot;}],&quot;availability&quot;:{&quot;standards&quot;:[{&quot;weekday&quot;:&quot;DOMINGO&quot;},{&quot;weekday&quot;:&quot;SEGUNDA_FEIRA&quot;},{&quot;weekday&quot;:&quot;TERCA_FEIRA&quot;},{&quot;weekday&quot;:&quot;QUARTA_FEIRA&quot;},{&quot;weekday&quot;:&quot;QUINTA_FEIRA&quot;},{&quot;weekday&quot;:&quot;SEXTA_FEIRA&quot;},{&quot;weekday&quot;:&quot;SABADO&quot;}],&quot;exception&quot;:&quot;Exceto em datas festivas de Ano Novo, Dia das Mães, Dia dos Pais e Natal&quot;}}],&quot;services&quot;:[{&quot;name&quot;:&quot;RECEBIMENTOS_PAGAMENTOS_QUALQUER_NATUREZA_OUTRAS_ATIVIDADES_DECORRENTES_EXECUCAO_CONTRATOS_CONVENIOS_PRESTACAO_SERVICOS&quot;,&quot;code&quot;:&quot;RECEBIMENTOS_PAGAMENTOS_QUALQUER_NATUREZA_EXECUCAO_CONTRATOS_CONVENIO&quot;},{&quot;name&quot;:&quot;EXECUCAO_ATIVA_PASSIVA_ORDENS_PAGAMENTO_CURSADAS_INTERMEDIO_INSTITUICAO_CONTRATANTE_SOLICITACAO_CLIENTES_USUARIOS&quot;,&quot;code&quot;:&quot;EXECUCAO_ATIVA_PASSIVA_ORDENS_PAGAMENTO&quot;},{&quot;name&quot;:&quot;RECEPCAO_ENCAMINHAMENTO_PROPOSTAS_FORNECIMENTO_CARTAO_CREDITO_RESPONSABILIDADE_INSTITUICAO_CONTRATANTE&quot;,&quot;code&quot;:&quot;RECEBE_ENCAMINHA_PROPOSTAS_FORNECIMENTO_CARTAO_CREDITO&quot;},{&quot;name&quot;:&quot;RECEPCAO_ENCAMINHAMENTO_PROPOSTAS_OPERACAO_CREDITO_ARRENDAMENTO_MERCANTIL_CONCESSAO_INSTITUICAO_CONTRATANTE&quot;,&quot;code&quot;:&quot;RECEBE_ENCAMINHA_PROPOSTAS_CREDITO_ARRENDAMENTO_MERCANTIL&quot;}]},{&quot;identification&quot;:{&quot;corporationName&quot;:&quot;LOJAS RENNER S.A.-LOJA SHOPPING PRAÇA NOVA ARAÇATUBA&quot;,&quot;groupName&quot;:&quot;LOJAS RENNER S.A.&quot;,&quot;cnpjNumber&quot;:&quot;92754738027796&quot;,&quot;isUnderestablishment&quot;:false},&quot;locations&quot;:[{&quot;postalAddress&quot;:{&quot;address&quot;:&quot;AVENIDA GOVERNADOR MARIO COVAS, Nº 6001, (EUC Nº51 - PISO TÉRREO)&quot;,&quot;districtName&quot;:&quot;SHOPPING PRAÇA NOVA ARAÇATUBA&quot;,&quot;townName&quot;:&quot;ARACATUBA&quot;,&quot;countrySubDivision&quot;:&quot;SP&quot;,&quot;postCode&quot;:&quot;16071245&quot;,&quot;country&quot;:&quot;Brasil&quot;,&quot;countryCode&quot;:&quot;BRA&quot;},&quot;phones&quot;:[{&quot;type&quot;:&quot;FIXO&quot;,&quot;countryCallingCode&quot;:&quot;55&quot;,&quot;areaCode&quot;:&quot;85&quot;,&quot;number&quot;:&quot;33043850&quot;}],&quot;availability&quot;:{&quot;standards&quot;:[{&quot;weekday&quot;:&quot;DOMINGO&quot;},{&quot;weekday&quot;:&quot;SEGUNDA_FEIRA&quot;},{&quot;weekday&quot;:&quot;TERCA_FEIRA&quot;},{&quot;weekday&quot;:&quot;QUARTA_FEIRA&quot;},{&quot;weekday&quot;:&quot;QUINTA_FEIRA&quot;},{&quot;weekday&quot;:&quot;SEXTA_FEIRA&quot;},{&quot;weekday&quot;:&quot;SABADO&quot;}],&quot;exception&quot;:&quot;Exceto em datas festivas de Ano Novo, Dia das Mães, Dia dos Pais e Natal&quot;}}],&quot;services&quot;:[{&quot;name&quot;:&quot;RECEBIMENTOS_PAGAMENTOS_QUALQUER_NATUREZA_OUTRAS_ATIVIDADES_DECORRENTES_EXECUCAO_CONTRATOS_CONVENIOS_PRESTACAO_SERVICOS&quot;,&quot;code&quot;:&quot;RECEBIMENTOS_PAGAMENTOS_QUALQUER_NATUREZA_EXECUCAO_CONTRATOS_CONVENIO&quot;},{&quot;name&quot;:&quot;EXECUCAO_ATIVA_PASSIVA_ORDENS_PAGAMENTO_CURSADAS_INTERMEDIO_INSTITUICAO_CONTRATANTE_SOLICITACAO_CLIENTES_USUARIOS&quot;,&quot;code&quot;:&quot;EXECUCAO_ATIVA_PASSIVA_ORDENS_PAGAMENTO&quot;},{&quot;name&quot;:&quot;RECEPCAO_ENCAMINHAMENTO_PROPOSTAS_FORNECIMENTO_CARTAO_CREDITO_RESPONSABILIDADE_INSTITUICAO_CONTRATANTE&quot;,&quot;code&quot;:&quot;RECEBE_ENCAMINHA_PROPOSTAS_FORNECIMENTO_CARTAO_CREDITO&quot;},{&quot;name&quot;:&quot;RECEPCAO_ENCAMINHAMENTO_PROPOSTAS_OPERACAO_CREDITO_ARRENDAMENTO_MERCANTIL_CONCESSAO_INSTITUICAO_CONTRATANTE&quot;,&quot;code&quot;:&quot;RECEBE_ENCAMINHA_PROPOSTAS_CREDITO_ARRENDAMENTO_MERCANTIL&quot;}]},{&quot;identification&quot;:{&quot;corporationName&quot;:&quot;LOJAS RENNER S.A.-LOJA BURITÍ SHOPPING RIO VERDE&quot;,&quot;groupName&quot;:&quot;LOJAS RENNER S.A.&quot;,&quot;cnpjNumber&quot;:&quot;92754738029306&quot;,&quot;isUnderestablishment&quot;:false},&quot;locations&quot;:[{&quot;postalAddress&quot;:{&quot;address&quot;:&quot;RUA O, S/N, QUADRA 14, LOTE 6, LUC&apos;S Nº 156/157/158/159&quot;,&quot;districtName&quot;:&quot;SETOR JARDIM CAMPESTRE&quot;,&quot;townName&quot;:&quot;RIO VERDE&quot;,&quot;countrySubDivision&quot;:&quot;GO&quot;,&quot;postCode&quot;:&quot;75907681&quot;,&quot;country&quot;:&quot;Brasil&quot;,&quot;countryCode&quot;:&quot;BRA&quot;},&quot;phones&quot;:[{&quot;type&quot;:&quot;FIXO&quot;,&quot;countryCallingCode&quot;:&quot;55&quot;,&quot;areaCode&quot;:&quot;85&quot;,&quot;number&quot;:&quot;33043851&quot;}],&quot;availability&quot;:{&quot;standards&quot;:[{&quot;weekday&quot;:&quot;DOMINGO&quot;},{&quot;weekday&quot;:&quot;SEGUNDA_FEIRA&quot;},{&quot;weekday&quot;:&quot;TERCA_FEIRA&quot;},{&quot;weekday&quot;:&quot;QUARTA_FEIRA&quot;},{&quot;weekday&quot;:&quot;QUINTA_FEIRA&quot;},{&quot;weekday&quot;:&quot;SEXTA_FEIRA&quot;},{&quot;weekday&quot;:&quot;SABADO&quot;}],&quot;exception&quot;:&quot;Exceto em datas festivas de Ano Novo, Dia das Mães, Dia dos Pais e Natal&quot;}}],&quot;services&quot;:[{&quot;name&quot;:&quot;RECEBIMENTOS_PAGAMENTOS_QUALQUER_NATUREZA_OUTRAS_ATIVIDADES_DECORRENTES_EXECUCAO_CONTRATOS_CONVENIOS_PRESTACAO_SERVICOS&quot;,&quot;code&quot;:&quot;RECEBIMENTOS_PAGAMENTOS_QUALQUER_NATUREZA_EXECUCAO_CONTRATOS_CONVENIO&quot;},{&quot;name&quot;:&quot;EXECUCAO_ATIVA_PASSIVA_ORDENS_PAGAMENTO_CURSADAS_INTERMEDIO_INSTITUICAO_CONTRATANTE_SOLICITACAO_CLIENTES_USUARIOS&quot;,&quot;code&quot;:&quot;EXECUCAO_ATIVA_PASSIVA_ORDENS_PAGAMENTO&quot;},{&quot;name&quot;:&quot;RECEPCAO_ENCAMINHAMENTO_PROPOSTAS_FORNECIMENTO_CARTAO_CREDITO_RESPONSABILIDADE_INSTITUICAO_CONTRATANTE&quot;,&quot;code&quot;:&quot;RECEBE_ENCAMINHA_PROPOSTAS_FORNECIMENTO_CARTAO_CREDITO&quot;},{&quot;name&quot;:&quot;RECEPCAO_ENCAMINHAMENTO_PROPOSTAS_OPERACAO_CREDITO_ARRENDAMENTO_MERCANTIL_CONCESSAO_INSTITUICAO_CONTRATANTE&quot;,&quot;code&quot;:&quot;RECEBE_ENCAMINHA_PROPOSTAS_CREDITO_ARRENDAMENTO_MERCANTIL&quot;}]},{&quot;identification&quot;:{&quot;corporationName&quot;:&quot;LOJAS RENNER S.A.-LOJA SÃO LUÍS SHOPPING&quot;,&quot;groupName&quot;:&quot;LOJAS RENNER S.A.&quot;,&quot;cnpjNumber&quot;:&quot;92754738028920&quot;,&quot;isUnderestablishment&quot;:false},&quot;locations&quot;:[{&quot;postalAddress&quot;:{&quot;address&quot;:&quot;AVENIDA PROFESSOR CARLOS CUNHA, Nº 1.000 (LUC 301 ÂNCORA - 1 - PISO L1)&quot;,&quot;districtName&quot;:&quot;JARACATY&quot;,&quot;townName&quot;:&quot;SAO LUIS&quot;,&quot;countrySubDivision&quot;:&quot;MA&quot;,&quot;postCode&quot;:&quot;65076820&quot;,&quot;country&quot;:&quot;Brasil&quot;,&quot;countryCode&quot;:&quot;BRA&quot;},&quot;phones&quot;:[{&quot;type&quot;:&quot;FIXO&quot;,&quot;countryCallingCode&quot;:&quot;55&quot;,&quot;areaCode&quot;:&quot;85&quot;,&quot;number&quot;:&quot;33043852&quot;}],&quot;availability&quot;:{&quot;standards&quot;:[{&quot;weekday&quot;:&quot;DOMINGO&quot;},{&quot;weekday&quot;:&quot;SEGUNDA_FEIRA&quot;},{&quot;weekday&quot;:&quot;TERCA_FEIRA&quot;},{&quot;weekday&quot;:&quot;QUARTA_FEIRA&quot;},{&quot;weekday&quot;:&quot;QUINTA_FEIRA&quot;},{&quot;weekday&quot;:&quot;SEXTA_FEIRA&quot;},{&quot;weekday&quot;:&quot;SABADO&quot;}],&quot;exception&quot;:&quot;Exceto em datas festivas de Ano Novo, Dia das Mães, Dia dos Pais e Natal&quot;}}],&quot;services&quot;:[{&quot;name&quot;:&quot;RECEBIMENTOS_PAGAMENTOS_QUALQUER_NATUREZA_OUTRAS_ATIVIDADES_DECORRENTES_EXECUCAO_CONTRATOS_CONVENIOS_PRESTACAO_SERVICOS&quot;,&quot;code&quot;:&quot;RECEBIMENTOS_PAGAMENTOS_QUALQUER_NATUREZA_EXECUCAO_CONTRATOS_CONVENIO&quot;},{&quot;name&quot;:&quot;EXECUCAO_ATIVA_PASSIVA_ORDENS_PAGAMENTO_CURSADAS_INTERMEDIO_INSTITUICAO_CONTRATANTE_SOLICITACAO_CLIENTES_USUARIOS&quot;,&quot;code&quot;:&quot;EXECUCAO_ATIVA_PASSIVA_ORDENS_PAGAMENTO&quot;},{&quot;name&quot;:&quot;RECEPCAO_ENCAMINHAMENTO_PROPOSTAS_FORNECIMENTO_CARTAO_CREDITO_RESPONSABILIDADE_INSTITUICAO_CONTRATANTE&quot;,&quot;code&quot;:&quot;RECEBE_ENCAMINHA_PROPOSTAS_FORNECIMENTO_CARTAO_CREDITO&quot;},{&quot;name&quot;:&quot;RECEPCAO_ENCAMINHAMENTO_PROPOSTAS_OPERACAO_CREDITO_ARRENDAMENTO_MERCANTIL_CONCESSAO_INSTITUICAO_CONTRATANTE&quot;,&quot;code&quot;:&quot;RECEBE_ENCAMINHA_PROPOSTAS_CREDITO_ARRENDAMENTO_MERCANTIL&quot;}]},{&quot;identification&quot;:{&quot;corporationName&quot;:&quot;LOJAS RENNER S.A.-LOJA MOXUARA SHOPPING&quot;,&quot;groupName&quot;:&quot;LOJAS RENNER S.A.&quot;,&quot;cnpjNumber&quot;:&quot;92754738025661&quot;,&quot;isUnderestablishment&quot;:false},&quot;locations&quot;:[{&quot;postalAddress&quot;:{&quot;address&quot;:&quot;AVENIDA MARIO GURGEL, N° 5353, LOJA 307JKLMQ, PISO L3&quot;,&quot;districtName&quot;:&quot;SÃO FRANCISCO&quot;,&quot;townName&quot;:&quot;CARIACICA&quot;,&quot;countrySubDivision&quot;:&quot;ES&quot;,&quot;postCode&quot;:&quot;29145910&quot;,&quot;country&quot;:&quot;Brasil&quot;,&quot;countryCode&quot;:&quot;BRA&quot;},&quot;phones&quot;:[{&quot;type&quot;:&quot;FIXO&quot;,&quot;countryCallingCode&quot;:&quot;55&quot;,&quot;areaCode&quot;:&quot;85&quot;,&quot;number&quot;:&quot;33043853&quot;}],&quot;availability&quot;:{&quot;standards&quot;:[{&quot;weekday&quot;:&quot;DOMINGO&quot;},{&quot;weekday&quot;:&quot;SEGUNDA_FEIRA&quot;},{&quot;weekday&quot;:&quot;TERCA_FEIRA&quot;},{&quot;weekday&quot;:&quot;QUARTA_FEIRA&quot;},{&quot;weekday&quot;:&quot;QUINTA_FEIRA&quot;},{&quot;weekday&quot;:&quot;SEXTA_FEIRA&quot;},{&quot;weekday&quot;:&quot;SABADO&quot;}],&quot;exception&quot;:&quot;Exceto em datas festivas de Ano Novo, Dia das Mães, Dia dos Pais e Natal&quot;}}],&quot;services&quot;:[{&quot;name&quot;:&quot;RECEBIMENTOS_PAGAMENTOS_QUALQUER_NATUREZA_OUTRAS_ATIVIDADES_DECORRENTES_EXECUCAO_CONTRATOS_CONVENIOS_PRESTACAO_SERVICOS&quot;,&quot;code&quot;:&quot;RECEBIMENTOS_PAGAMENTOS_QUALQUER_NATUREZA_EXECUCAO_CONTRATOS_CONVENIO&quot;},{&quot;name&quot;:&quot;EXECUCAO_ATIVA_PASSIVA_ORDENS_PAGAMENTO_CURSADAS_INTERMEDIO_INSTITUICAO_CONTRATANTE_SOLICITACAO_CLIENTES_USUARIOS&quot;,&quot;code&quot;:&quot;EXECUCAO_ATIVA_PASSIVA_ORDENS_PAGAMENTO&quot;},{&quot;name&quot;:&quot;RECEPCAO_ENCAMINHAMENTO_PROPOSTAS_FORNECIMENTO_CARTAO_CREDITO_RESPONSABILIDADE_INSTITUICAO_CONTRATANTE&quot;,&quot;code&quot;:&quot;RECEBE_ENCAMINHA_PROPOSTAS_FORNECIMENTO_CARTAO_CREDITO&quot;},{&quot;name&quot;:&quot;RECEPCAO_ENCAMINHAMENTO_PROPOSTAS_OPERACAO_CREDITO_ARRENDAMENTO_MERCANTIL_CONCESSAO_INSTITUICAO_CONTRATANTE&quot;,&quot;code&quot;:&quot;RECEBE_ENCAMINHA_PROPOSTAS_CREDITO_ARRENDAMENTO_MERCANTIL&quot;}]},{&quot;identification&quot;:{&quot;corporationName&quot;:&quot;LOJAS RENNER S.A.-LOJA MOSSORÓ WEST SHOPPING&quot;,&quot;groupName&quot;:&quot;LOJAS RENNER S.A.&quot;,&quot;cnpjNumber&quot;:&quot;92754738028504&quot;,&quot;isUnderestablishment&quot;:false},&quot;locations&quot;:[{&quot;postalAddress&quot;:{&quot;address&quot;:&quot;AVENIDA JOÃO DA ESCOSSIA, Nº 1515 (EUC N° 001C – ÂNCORA 02 – PISO TÉRREO)&quot;,&quot;districtName&quot;:&quot;NOVA BETÂNIA&quot;,&quot;townName&quot;:&quot;MOSSORO&quot;,&quot;countrySubDivision&quot;:&quot;RN&quot;,&quot;postCode&quot;:&quot;59607330&quot;,&quot;country&quot;:&quot;Brasil&quot;,&quot;countryCode&quot;:&quot;BRA&quot;},&quot;phones&quot;:[{&quot;type&quot;:&quot;FIXO&quot;,&quot;countryCallingCode&quot;:&quot;55&quot;,&quot;areaCode&quot;:&quot;85&quot;,&quot;number&quot;:&quot;33043854&quot;}],&quot;availability&quot;:{&quot;standards&quot;:[{&quot;weekday&quot;:&quot;DOMINGO&quot;},{&quot;weekday&quot;:&quot;SEGUNDA_FEIRA&quot;},{&quot;weekday&quot;:&quot;TERCA_FEIRA&quot;},{&quot;weekday&quot;:&quot;QUARTA_FEIRA&quot;},{&quot;weekday&quot;:&quot;QUINTA_FEIRA&quot;},{&quot;weekday&quot;:&quot;SEXTA_FEIRA&quot;},{&quot;weekday&quot;:&quot;SABADO&quot;}],&quot;exception&quot;:&quot;Exceto em datas festivas de Ano Novo, Dia das Mães, Dia dos Pais e Natal&quot;}}],&quot;services&quot;:[{&quot;name&quot;:&quot;RECEBIMENTOS_PAGAMENTOS_QUALQUER_NATUREZA_OUTRAS_ATIVIDADES_DECORRENTES_EXECUCAO_CONTRATOS_CONVENIOS_PRESTACAO_SERVICOS&quot;,&quot;code&quot;:&quot;RECEBIMENTOS_PAGAMENTOS_QUALQUER_NATUREZA_EXECUCAO_CONTRATOS_CONVENIO&quot;},{&quot;name&quot;:&quot;EXECUCAO_ATIVA_PASSIVA_ORDENS_PAGAMENTO_CURSADAS_INTERMEDIO_INSTITUICAO_CONTRATANTE_SOLICITACAO_CLIENTES_USUARIOS&quot;,&quot;code&quot;:&quot;EXECUCAO_ATIVA_PASSIVA_ORDENS_PAGAMENTO&quot;},{&quot;name&quot;:&quot;RECEPCAO_ENCAMINHAMENTO_PROPOSTAS_FORNECIMENTO_CARTAO_CREDITO_RESPONSABILIDADE_INSTITUICAO_CONTRATANTE&quot;,&quot;code&quot;:&quot;RECEBE_ENCAMINHA_PROPOSTAS_FORNECIMENTO_CARTAO_CREDITO&quot;},{&quot;name&quot;:&quot;RECEPCAO_ENCAMINHAMENTO_PROPOSTAS_OPERACAO_CREDITO_ARRENDAMENTO_MERCANTIL_CONCESSAO_INSTITUICAO_CONTRATANTE&quot;,&quot;code&quot;:&quot;RECEBE_ENCAMINHA_PROPOSTAS_CREDITO_ARRENDAMENTO_MERCANTIL&quot;}]},{&quot;identification&quot;:{&quot;corporationName&quot;:&quot;LOJAS RENNER S.A.-LOJA SHOPPING VILA VELHA&quot;,&quot;groupName&quot;:&quot;LOJAS RENNER S.A.&quot;,&quot;cnpjNumber&quot;:&quot;92754738029497&quot;,&quot;isUnderestablishment&quot;:false},&quot;locations&quot;:[{&quot;postalAddress&quot;:{&quot;address&quot;:&quot;RUA LUCIANO DAS NEVES, Nº 2418 (LUC 1001 - PISO L1)&quot;,&quot;districtName&quot;:&quot;DIVINO ESPÍRITO SANTO&quot;,&quot;townName&quot;:&quot;VILA VELHA&quot;,&quot;countrySubDivision&quot;:&quot;ES&quot;,&quot;postCode&quot;:&quot;29107900&quot;,&quot;country&quot;:&quot;Brasil&quot;,&quot;countryCode&quot;:&quot;BRA&quot;},&quot;phones&quot;:[{&quot;type&quot;:&quot;FIXO&quot;,&quot;countryCallingCode&quot;:&quot;55&quot;,&quot;areaCode&quot;:&quot;85&quot;,&quot;number&quot;:&quot;33043855&quot;}],&quot;availability&quot;:{&quot;standards&quot;:[{&quot;weekday&quot;:&quot;DOMINGO&quot;},{&quot;weekday&quot;:&quot;SEGUNDA_FEIRA&quot;},{&quot;weekday&quot;:&quot;TERCA_FEIRA&quot;},{&quot;weekday&quot;:&quot;QUARTA_FEIRA&quot;},{&quot;weekday&quot;:&quot;QUINTA_FEIRA&quot;},{&quot;weekday&quot;:&quot;SEXTA_FEIRA&quot;},{&quot;weekday&quot;:&quot;SABADO&quot;}],&quot;exception&quot;:&quot;Exceto em datas festivas de Ano Novo, Dia das Mães, Dia dos Pais e Natal&quot;}}],&quot;services&quot;:[{&quot;name&quot;:&quot;RECEBIMENTOS_PAGAMENTOS_QUALQUER_NATUREZA_OUTRAS_ATIVIDADES_DECORRENTES_EXECUCAO_CONTRATOS_CONVENIOS_PRESTACAO_SERVICOS&quot;,&quot;code&quot;:&quot;RECEBIMENTOS_PAGAMENTOS_QUALQUER_NATUREZA_EXECUCAO_CONTRATOS_CONVENIO&quot;},{&quot;name&quot;:&quot;EXECUCAO_ATIVA_PASSIVA_ORDENS_PAGAMENTO_CURSADAS_INTERMEDIO_INSTITUICAO_CONTRATANTE_SOLICITACAO_CLIENTES_USUARIOS&quot;,&quot;code&quot;:&quot;EXECUCAO_ATIVA_PASSIVA_ORDENS_PAGAMENTO&quot;},{&quot;name&quot;:&quot;RECEPCAO_ENCAMINHAMENTO_PROPOSTAS_FORNECIMENTO_CARTAO_CREDITO_RESPONSABILIDADE_INSTITUICAO_CONTRATANTE&quot;,&quot;code&quot;:&quot;RECEBE_ENCAMINHA_PROPOSTAS_FORNECIMENTO_CARTAO_CREDITO&quot;},{&quot;name&quot;:&quot;RECEPCAO_ENCAMINHAMENTO_PROPOSTAS_OPERACAO_CREDITO_ARRENDAMENTO_MERCANTIL_CONCESSAO_INSTITUICAO_CONTRATANTE&quot;,&quot;code&quot;:&quot;RECEBE_ENCAMINHA_PROPOSTAS_CREDITO_ARRENDAMENTO_MERCANTIL&quot;}]},{&quot;identification&quot;:{&quot;corporationName&quot;:&quot;LOJAS RENNER S.A.-LOJA PARQUE SHOPPING MAIA&quot;,&quot;groupName&quot;:&quot;LOJAS RENNER S.A.&quot;,&quot;cnpjNumber&quot;:&quot;92754738028334&quot;,&quot;isUnderestablishment&quot;:false},&quot;locations&quot;:[{&quot;postalAddress&quot;:{&quot;address&quot;:&quot;BARTHOLOMEU DE CARLOS, 0, (LUC 2033), SÍTIO TABATINGA&quot;,&quot;districtName&quot;:&quot;JARDIM FLOR DA MONTANHA&quot;,&quot;townName&quot;:&quot;GUARULHOS&quot;,&quot;countrySubDivision&quot;:&quot;SP&quot;,&quot;postCode&quot;:&quot;07097420&quot;,&quot;country&quot;:&quot;Brasil&quot;,&quot;countryCode&quot;:&quot;BRA&quot;},&quot;phones&quot;:[{&quot;type&quot;:&quot;FIXO&quot;,&quot;countryCallingCode&quot;:&quot;55&quot;,&quot;areaCode&quot;:&quot;85&quot;,&quot;number&quot;:&quot;33043856&quot;}],&quot;availability&quot;:{&quot;standards&quot;:[{&quot;weekday&quot;:&quot;DOMINGO&quot;},{&quot;weekday&quot;:&quot;SEGUNDA_FEIRA&quot;},{&quot;weekday&quot;:&quot;TERCA_FEIRA&quot;},{&quot;weekday&quot;:&quot;QUARTA_FEIRA&quot;},{&quot;weekday&quot;:&quot;QUINTA_FEIRA&quot;},{&quot;weekday&quot;:&quot;SEXTA_FEIRA&quot;},{&quot;weekday&quot;:&quot;SABADO&quot;}],&quot;exception&quot;:&quot;Exceto em datas festivas de Ano Novo, Dia das Mães, Dia dos Pais e Natal&quot;}}],&quot;services&quot;:[{&quot;name&quot;:&quot;RECEBIMENTOS_PAGAMENTOS_QUALQUER_NATUREZA_OUTRAS_ATIVIDADES_DECORRENTES_EXECUCAO_CONTRATOS_CONVENIOS_PRESTACAO_SERVICOS&quot;,&quot;code&quot;:&quot;RECEBIMENTOS_PAGAMENTOS_QUALQUER_NATUREZA_EXECUCAO_CONTRATOS_CONVENIO&quot;},{&quot;name&quot;:&quot;EXECUCAO_ATIVA_PASSIVA_ORDENS_PAGAMENTO_CURSADAS_INTERMEDIO_INSTITUICAO_CONTRATANTE_SOLICITACAO_CLIENTES_USUARIOS&quot;,&quot;code&quot;:&quot;EXECUCAO_ATIVA_PASSIVA_ORDENS_PAGAMENTO&quot;},{&quot;name&quot;:&quot;RECEPCAO_ENCAMINHAMENTO_PROPOSTAS_FORNECIMENTO_CARTAO_CREDITO_RESPONSABILIDADE_INSTITUICAO_CONTRATANTE&quot;,&quot;code&quot;:&quot;RECEBE_ENCAMINHA_PROPOSTAS_FORNECIMENTO_CARTAO_CREDITO&quot;},{&quot;name&quot;:&quot;RECEPCAO_ENCAMINHAMENTO_PROPOSTAS_OPERACAO_CREDITO_ARRENDAMENTO_MERCANTIL_CONCESSAO_INSTITUICAO_CONTRATANTE&quot;,&quot;code&quot;:&quot;RECEBE_ENCAMINHA_PROPOSTAS_CREDITO_ARRENDAMENTO_MERCANTIL&quot;}]},{&quot;identification&quot;:{&quot;corporationName&quot;:&quot;LOJAS RENNER S.A.-LOJA SHOPPING PÁTIO RORAIMA&quot;,&quot;groupName&quot;:&quot;LOJAS RENNER S.A.&quot;,&quot;cnpjNumber&quot;:&quot;92754738029225&quot;,&quot;isUnderestablishment&quot;:false},&quot;locations&quot;:[{&quot;postalAddress&quot;:{&quot;address&quot;:&quot;AVENIDA JOÃO ALENCAR, Nº 2181, ESPAÇO COMERCIAL Nº 201 - O&quot;,&quot;districtName&quot;:&quot;AEROPORTO&quot;,&quot;townName&quot;:&quot;BOA VISTA&quot;,&quot;countrySubDivision&quot;:&quot;RR&quot;,&quot;postCode&quot;:&quot;69310065&quot;,&quot;country&quot;:&quot;Brasil&quot;,&quot;countryCode&quot;:&quot;BRA&quot;},&quot;phones&quot;:[{&quot;type&quot;:&quot;FIXO&quot;,&quot;countryCallingCode&quot;:&quot;55&quot;,&quot;areaCode&quot;:&quot;85&quot;,&quot;number&quot;:&quot;33043857&quot;}],&quot;availability&quot;:{&quot;standards&quot;:[{&quot;weekday&quot;:&quot;DOMINGO&quot;},{&quot;weekday&quot;:&quot;SEGUNDA_FEIRA&quot;},{&quot;weekday&quot;:&quot;TERCA_FEIRA&quot;},{&quot;weekday&quot;:&quot;QUARTA_FEIRA&quot;},{&quot;weekday&quot;:&quot;QUINTA_FEIRA&quot;},{&quot;weekday&quot;:&quot;SEXTA_FEIRA&quot;},{&quot;weekday&quot;:&quot;SABADO&quot;}],&quot;exception&quot;:&quot;Exceto em datas festivas de Ano Novo, Dia das Mães, Dia dos Pais e Natal&quot;}}],&quot;services&quot;:[{&quot;name&quot;:&quot;RECEBIMENTOS_PAGAMENTOS_QUALQUER_NATUREZA_OUTRAS_ATIVIDADES_DECORRENTES_EXECUCAO_CONTRATOS_CONVENIOS_PRESTACAO_SERVICOS&quot;,&quot;code&quot;:&quot;RECEBIMENTOS_PAGAMENTOS_QUALQUER_NATUREZA_EXECUCAO_CONTRATOS_CONVENIO&quot;},{&quot;name&quot;:&quot;EXECUCAO_ATIVA_PASSIVA_ORDENS_PAGAMENTO_CURSADAS_INTERMEDIO_INSTITUICAO_CONTRATANTE_SOLICITACAO_CLIENTES_USUARIOS&quot;,&quot;code&quot;:&quot;EXECUCAO_ATIVA_PASSIVA_ORDENS_PAGAMENTO&quot;},{&quot;name&quot;:&quot;RECEPCAO_ENCAMINHAMENTO_PROPOSTAS_FORNECIMENTO_CARTAO_CREDITO_RESPONSABILIDADE_INSTITUICAO_CONTRATANTE&quot;,&quot;code&quot;:&quot;RECEBE_ENCAMINHA_PROPOSTAS_FORNECIMENTO_CARTAO_CREDITO&quot;},{&quot;name&quot;:&quot;RECEPCAO_ENCAMINHAMENTO_PROPOSTAS_OPERACAO_CREDITO_ARRENDAMENTO_MERCANTIL_CONCESSAO_INSTITUICAO_CONTRATANTE&quot;,&quot;code&quot;:&quot;RECEBE_ENCAMINHA_PROPOSTAS_CREDITO_ARRENDAMENTO_MERCANTIL&quot;}]},{&quot;identification&quot;:{&quot;corporationName&quot;:&quot;LOJAS RENNER S.A.-LOJA 7 DE SETEMBRO&quot;,&quot;groupName&quot;:&quot;LOJAS RENNER S.A.&quot;,&quot;cnpjNumber&quot;:&quot;92754738028091&quot;,&quot;isUnderestablishment&quot;:false},&quot;locations&quot;:[{&quot;postalAddress&quot;:{&quot;address&quot;:&quot;RUA SETE DE SETEMBRO, 111 (LOJA 111-A)&apos;&quot;,&quot;districtName&quot;:&quot;CENTRO&quot;,&quot;townName&quot;:&quot;RIO DE JANEIRO&quot;,&quot;countrySubDivision&quot;:&quot;RJ&quot;,&quot;postCode&quot;:&quot;20050006&quot;,&quot;country&quot;:&quot;Brasil&quot;,&quot;countryCode&quot;:&quot;BRA&quot;},&quot;phones&quot;:[{&quot;type&quot;:&quot;FIXO&quot;,&quot;countryCallingCode&quot;:&quot;55&quot;,&quot;areaCode&quot;:&quot;85&quot;,&quot;number&quot;:&quot;33043858&quot;}],&quot;availability&quot;:{&quot;standards&quot;:[{&quot;weekday&quot;:&quot;SEGUNDA_FEIRA&quot;},{&quot;weekday&quot;:&quot;TERCA_FEIRA&quot;},{&quot;weekday&quot;:&quot;QUARTA_FEIRA&quot;},{&quot;weekday&quot;:&quot;QUINTA_FEIRA&quot;},{&quot;weekday&quot;:&quot;SEXTA_FEIRA&quot;},{&quot;weekday&quot;:&quot;SABADO&quot;}],&quot;exception&quot;:&quot;Exceto feriados municipais, estaduais e nacionais&quot;}}],&quot;services&quot;:[{&quot;name&quot;:&quot;RECEBIMENTOS_PAGAMENTOS_QUALQUER_NATUREZA_OUTRAS_ATIVIDADES_DECORRENTES_EXECUCAO_CONTRATOS_CONVENIOS_PRESTACAO_SERVICOS&quot;,&quot;code&quot;:&quot;RECEBIMENTOS_PAGAMENTOS_QUALQUER_NATUREZA_EXECUCAO_CONTRATOS_CONVENIO&quot;},{&quot;name&quot;:&quot;EXECUCAO_ATIVA_PASSIVA_ORDENS_PAGAMENTO_CURSADAS_INTERMEDIO_INSTITUICAO_CONTRATANTE_SOLICITACAO_CLIENTES_USUARIOS&quot;,&quot;code&quot;:&quot;EXECUCAO_ATIVA_PASSIVA_ORDENS_PAGAMENTO&quot;},{&quot;name&quot;:&quot;RECEPCAO_ENCAMINHAMENTO_PROPOSTAS_FORNECIMENTO_CARTAO_CREDITO_RESPONSABILIDADE_INSTITUICAO_CONTRATANTE&quot;,&quot;code&quot;:&quot;RECEBE_ENCAMINHA_PROPOSTAS_FORNECIMENTO_CARTAO_CREDITO&quot;},{&quot;name&quot;:&quot;RECEPCAO_ENCAMINHAMENTO_PROPOSTAS_OPERACAO_CREDITO_ARRENDAMENTO_MERCANTIL_CONCESSAO_INSTITUICAO_CONTRATANTE&quot;,&quot;code&quot;:&quot;RECEBE_ENCAMINHA_PROPOSTAS_CREDITO_ARRENDAMENTO_MERCANTIL&quot;}]},{&quot;identification&quot;:{&quot;corporationName&quot;:&quot;LOJAS RENNER S.A.-LOJA SHOPPING JARAGUA ARARAQUARA&quot;,&quot;groupName&quot;:&quot;LOJAS RENNER S.A.&quot;,&quot;cnpjNumber&quot;:&quot;92754738031041&quot;,&quot;isUnderestablishment&quot;:false},&quot;locations&quot;:[{&quot;postalAddress&quot;:{&quot;address&quot;:&quot;AVENIDA ALBERTO BENASSI, Nº 2270, LOJA 100, PISO TÉRREO&quot;,&quot;districtName&quot;:&quot;JARDIM BANDEIRANTES&quot;,&quot;townName&quot;:&quot;ARARAQUARA&quot;,&quot;countrySubDivision&quot;:&quot;SP&quot;,&quot;postCode&quot;:&quot;14804300&quot;,&quot;country&quot;:&quot;Brasil&quot;,&quot;countryCode&quot;:&quot;BRA&quot;},&quot;phones&quot;:[{&quot;type&quot;:&quot;FIXO&quot;,&quot;countryCallingCode&quot;:&quot;55&quot;,&quot;areaCode&quot;:&quot;85&quot;,&quot;number&quot;:&quot;33043859&quot;}],&quot;availability&quot;:{&quot;standards&quot;:[{&quot;weekday&quot;:&quot;DOMINGO&quot;},{&quot;weekday&quot;:&quot;SEGUNDA_FEIRA&quot;},{&quot;weekday&quot;:&quot;TERCA_FEIRA&quot;},{&quot;weekday&quot;:&quot;QUARTA_FEIRA&quot;},{&quot;weekday&quot;:&quot;QUINTA_FEIRA&quot;},{&quot;weekday&quot;:&quot;SEXTA_FEIRA&quot;},{&quot;weekday&quot;:&quot;SABADO&quot;}],&quot;exception&quot;:&quot;Exceto em datas festivas de Ano Novo, Dia das Mães, Dia dos Pais e Natal&quot;}}],&quot;services&quot;:[{&quot;name&quot;:&quot;RECEBIMENTOS_PAGAMENTOS_QUALQUER_NATUREZA_OUTRAS_ATIVIDADES_DECORRENTES_EXECUCAO_CONTRATOS_CONVENIOS_PRESTACAO_SERVICOS&quot;,&quot;code&quot;:&quot;RECEBIMENTOS_PAGAMENTOS_QUALQUER_NATUREZA_EXECUCAO_CONTRATOS_CONVENIO&quot;},{&quot;name&quot;:&quot;EXECUCAO_ATIVA_PASSIVA_ORDENS_PAGAMENTO_CURSADAS_INTERMEDIO_INSTITUICAO_CONTRATANTE_SOLICITACAO_CLIENTES_USUARIOS&quot;,&quot;code&quot;:&quot;EXECUCAO_ATIVA_PASSIVA_ORDENS_PAGAMENTO&quot;},{&quot;name&quot;:&quot;RECEPCAO_ENCAMINHAMENTO_PROPOSTAS_FORNECIMENTO_CARTAO_CREDITO_RESPONSABILIDADE_INSTITUICAO_CONTRATANTE&quot;,&quot;code&quot;:&quot;RECEBE_ENCAMINHA_PROPOSTAS_FORNECIMENTO_CARTAO_CREDITO&quot;},{&quot;name&quot;:&quot;RECEPCAO_ENCAMINHAMENTO_PROPOSTAS_OPERACAO_CREDITO_ARRENDAMENTO_MERCANTIL_CONCESSAO_INSTITUICAO_CONTRATANTE&quot;,&quot;code&quot;:&quot;RECEBE_ENCAMINHA_PROPOSTAS_CREDITO_ARRENDAMENTO_MERCANTIL&quot;}]},{&quot;identification&quot;:{&quot;corporationName&quot;:&quot;LOJAS RENNER S.A.-LOJA SHOPPING RIO CLARO&quot;,&quot;groupName&quot;:&quot;LOJAS RENNER S.A.&quot;,&quot;cnpjNumber&quot;:&quot;92754738028849&quot;,&quot;isUnderestablishment&quot;:false},&quot;locations&quot;:[{&quot;postalAddress&quot;:{&quot;address&quot;:&quot;AVENIDA CONDE FRANCISCO MATARAZZO JUNIOR, Nº 205 (LUC NºS A, 90, 91 E 92)&quot;,&quot;districtName&quot;:&quot;VILA PAULISTA&quot;,&quot;townName&quot;:&quot;RIO CLARO&quot;,&quot;countrySubDivision&quot;:&quot;SP&quot;,&quot;postCode&quot;:&quot;13506845&quot;,&quot;country&quot;:&quot;Brasil&quot;,&quot;countryCode&quot;:&quot;BRA&quot;},&quot;phones&quot;:[{&quot;type&quot;:&quot;FIXO&quot;,&quot;countryCallingCode&quot;:&quot;55&quot;,&quot;areaCode&quot;:&quot;85&quot;,&quot;number&quot;:&quot;33043860&quot;}],&quot;availability&quot;:{&quot;standards&quot;:[{&quot;weekday&quot;:&quot;DOMINGO&quot;},{&quot;weekday&quot;:&quot;SEGUNDA_FEIRA&quot;},{&quot;weekday&quot;:&quot;TERCA_FEIRA&quot;},{&quot;weekday&quot;:&quot;QUARTA_FEIRA&quot;},{&quot;weekday&quot;:&quot;QUINTA_FEIRA&quot;},{&quot;weekday&quot;:&quot;SEXTA_FEIRA&quot;},{&quot;weekday&quot;:&quot;SABADO&quot;}],&quot;exception&quot;:&quot;Exceto em datas festivas de Ano Novo, Dia das Mães, Dia dos Pais e Natal&quot;}}],&quot;services&quot;:[{&quot;name&quot;:&quot;RECEBIMENTOS_PAGAMENTOS_QUALQUER_NATUREZA_OUTRAS_ATIVIDADES_DECORRENTES_EXECUCAO_CONTRATOS_CONVENIOS_PRESTACAO_SERVICOS&quot;,&quot;code&quot;:&quot;RECEBIMENTOS_PAGAMENTOS_QUALQUER_NATUREZA_EXECUCAO_CONTRATOS_CONVENIO&quot;},{&quot;name&quot;:&quot;EXECUCAO_ATIVA_PASSIVA_ORDENS_PAGAMENTO_CURSADAS_INTERMEDIO_INSTITUICAO_CONTRATANTE_SOLICITACAO_CLIENTES_USUARIOS&quot;,&quot;code&quot;:&quot;EXECUCAO_ATIVA_PASSIVA_ORDENS_PAGAMENTO&quot;},{&quot;name&quot;:&quot;RECEPCAO_ENCAMINHAMENTO_PROPOSTAS_FORNECIMENTO_CARTAO_CREDITO_RESPONSABILIDADE_INSTITUICAO_CONTRATANTE&quot;,&quot;code&quot;:&quot;RECEBE_ENCAMINHA_PROPOSTAS_FORNECIMENTO_CARTAO_CREDITO&quot;},{&quot;name&quot;:&quot;RECEPCAO_ENCAMINHAMENTO_PROPOSTAS_OPERACAO_CREDITO_ARRENDAMENTO_MERCANTIL_CONCESSAO_INSTITUICAO_CONTRATANTE&quot;,&quot;code&quot;:&quot;RECEBE_ENCAMINHA_PROPOSTAS_CREDITO_ARRENDAMENTO_MERCANTIL&quot;}]},{&quot;identification&quot;:{&quot;corporationName&quot;:&quot;LOJAS RENNER S.A.-LOJA SHOPPING MANAUS VIA NORTE&quot;,&quot;groupName&quot;:&quot;LOJAS RENNER S.A.&quot;,&quot;cnpjNumber&quot;:&quot;92754738029144&quot;,&quot;isUnderestablishment&quot;:false},&quot;locations&quot;:[{&quot;postalAddress&quot;:{&quot;address&quot;:&quot;AVENIDA ARQUITETO JOSÉ HENRIQUE BENTO RODRIGUES, Nº 3760, ESPAÇO COMERCIAL Nº 202J&quot;,&quot;districtName&quot;:&quot;MONTE DAS OLIVEIRAS&quot;,&quot;townName&quot;:&quot;MANAUS&quot;,&quot;countrySubDivision&quot;:&quot;AM&quot;,&quot;postCode&quot;:&quot;69093149&quot;,&quot;country&quot;:&quot;Brasil&quot;,&quot;countryCode&quot;:&quot;BRA&quot;},&quot;phones&quot;:[{&quot;type&quot;:&quot;FIXO&quot;,&quot;countryCallingCode&quot;:&quot;55&quot;,&quot;areaCode&quot;:&quot;85&quot;,&quot;number&quot;:&quot;33043861&quot;}],&quot;availability&quot;:{&quot;standards&quot;:[{&quot;weekday&quot;:&quot;DOMINGO&quot;},{&quot;weekday&quot;:&quot;SEGUNDA_FEIRA&quot;},{&quot;weekday&quot;:&quot;TERCA_FEIRA&quot;},{&quot;weekday&quot;:&quot;QUARTA_FEIRA&quot;},{&quot;weekday&quot;:&quot;QUINTA_FEIRA&quot;},{&quot;weekday&quot;:&quot;SEXTA_FEIRA&quot;},{&quot;weekday&quot;:&quot;SABADO&quot;}],&quot;exception&quot;:&quot;Exceto em datas festivas de Ano Novo, Dia das Mães, Dia dos Pais e Natal&quot;}}],&quot;services&quot;:[{&quot;name&quot;:&quot;RECEBIMENTOS_PAGAMENTOS_QUALQUER_NATUREZA_OUTRAS_ATIVIDADES_DECORRENTES_EXECUCAO_CONTRATOS_CONVENIOS_PRESTACAO_SERVICOS&quot;,&quot;code&quot;:&quot;RECEBIMENTOS_PAGAMENTOS_QUALQUER_NATUREZA_EXECUCAO_CONTRATOS_CONVENIO&quot;},{&quot;name&quot;:&quot;EXECUCAO_ATIVA_PASSIVA_ORDENS_PAGAMENTO_CURSADAS_INTERMEDIO_INSTITUICAO_CONTRATANTE_SOLICITACAO_CLIENTES_USUARIOS&quot;,&quot;code&quot;:&quot;EXECUCAO_ATIVA_PASSIVA_ORDENS_PAGAMENTO&quot;},{&quot;name&quot;:&quot;RECEPCAO_ENCAMINHAMENTO_PROPOSTAS_FORNECIMENTO_CARTAO_CREDITO_RESPONSABILIDADE_INSTITUICAO_CONTRATANTE&quot;,&quot;code&quot;:&quot;RECEBE_ENCAMINHA_PROPOSTAS_FORNECIMENTO_CARTAO_CREDITO&quot;},{&quot;name&quot;:&quot;RECEPCAO_ENCAMINHAMENTO_PROPOSTAS_OPERACAO_CREDITO_ARRENDAMENTO_MERCANTIL_CONCESSAO_INSTITUICAO_CONTRATANTE&quot;,&quot;code&quot;:&quot;RECEBE_ENCAMINHA_PROPOSTAS_CREDITO_ARRENDAMENTO_MERCANTIL&quot;}]},{&quot;identification&quot;:{&quot;corporationName&quot;:&quot;LOJAS RENNER S.A.-LOJA AV. IBIRAPUERA&quot;,&quot;groupName&quot;:&quot;LOJAS RENNER S.A.&quot;,&quot;cnpjNumber&quot;:&quot;92754738029578&quot;,&quot;isUnderestablishment&quot;:false},&quot;locations&quot;:[{&quot;postalAddress&quot;:{&quot;address&quot;:&quot;AVENIDA IBIRAPUERA, Nº 2.601&quot;,&quot;districtName&quot;:&quot;INDIANÓPOLIS&quot;,&quot;townName&quot;:&quot;SAO PAULO&quot;,&quot;countrySubDivision&quot;:&quot;SP&quot;,&quot;postCode&quot;:&quot;04029200&quot;,&quot;country&quot;:&quot;Brasil&quot;,&quot;countryCode&quot;:&quot;BRA&quot;},&quot;phones&quot;:[{&quot;type&quot;:&quot;FIXO&quot;,&quot;countryCallingCode&quot;:&quot;55&quot;,&quot;areaCode&quot;:&quot;85&quot;,&quot;number&quot;:&quot;33043862&quot;}],&quot;availability&quot;:{&quot;standards&quot;:[{&quot;weekday&quot;:&quot;SEGUNDA_FEIRA&quot;},{&quot;weekday&quot;:&quot;TERCA_FEIRA&quot;},{&quot;weekday&quot;:&quot;QUARTA_FEIRA&quot;},{&quot;weekday&quot;:&quot;QUINTA_FEIRA&quot;},{&quot;weekday&quot;:&quot;SEXTA_FEIRA&quot;},{&quot;weekday&quot;:&quot;SABADO&quot;}],&quot;exception&quot;:&quot;Exceto feriados municipais, estaduais e nacionais&quot;}}],&quot;services&quot;:[{&quot;name&quot;:&quot;RECEBIMENTOS_PAGAMENTOS_QUALQUER_NATUREZA_OUTRAS_ATIVIDADES_DECORRENTES_EXECUCAO_CONTRATOS_CONVENIOS_PRESTACAO_SERVICOS&quot;,&quot;code&quot;:&quot;RECEBIMENTOS_PAGAMENTOS_QUALQUER_NATUREZA_EXECUCAO_CONTRATOS_CONVENIO&quot;},{&quot;name&quot;:&quot;EXECUCAO_ATIVA_PASSIVA_ORDENS_PAGAMENTO_CURSADAS_INTERMEDIO_INSTITUICAO_CONTRATANTE_SOLICITACAO_CLIENTES_USUARIOS&quot;,&quot;code&quot;:&quot;EXECUCAO_ATIVA_PASSIVA_ORDENS_PAGAMENTO&quot;},{&quot;name&quot;:&quot;RECEPCAO_ENCAMINHAMENTO_PROPOSTAS_FORNECIMENTO_CARTAO_CREDITO_RESPONSABILIDADE_INSTITUICAO_CONTRATANTE&quot;,&quot;code&quot;:&quot;RECEBE_ENCAMINHA_PROPOSTAS_FORNECIMENTO_CARTAO_CREDITO&quot;},{&quot;name&quot;:&quot;RECEPCAO_ENCAMINHAMENTO_PROPOSTAS_OPERACAO_CREDITO_ARRENDAMENTO_MERCANTIL_CONCESSAO_INSTITUICAO_CONTRATANTE&quot;,&quot;code&quot;:&quot;RECEBE_ENCAMINHA_PROPOSTAS_CREDITO_ARRENDAMENTO_MERCANTIL&quot;}]},{&quot;identification&quot;:{&quot;corporationName&quot;:&quot;LOJAS RENNER S.A.-LOJA SHOPPING TERRAÇO&quot;,&quot;groupName&quot;:&quot;LOJAS RENNER S.A.&quot;,&quot;cnpjNumber&quot;:&quot;92754738029810&quot;,&quot;isUnderestablishment&quot;:false},&quot;locations&quot;:[{&quot;postalAddress&quot;:{&quot;address&quot;:&quot;SHC/AOS EA 02/08, LOTE 05, LOJAS 107, 108, 109, 110 E 111 TÉRREO&quot;,&quot;districtName&quot;:&quot;OCTOGONAL&quot;,&quot;townName&quot;:&quot;BRASILIA&quot;,&quot;countrySubDivision&quot;:&quot;DF&quot;,&quot;postCode&quot;:&quot;70660090&quot;,&quot;country&quot;:&quot;Brasil&quot;,&quot;countryCode&quot;:&quot;BRA&quot;},&quot;phones&quot;:[{&quot;type&quot;:&quot;FIXO&quot;,&quot;countryCallingCode&quot;:&quot;55&quot;,&quot;areaCode&quot;:&quot;85&quot;,&quot;number&quot;:&quot;33043864&quot;}],&quot;availability&quot;:{&quot;standards&quot;:[{&quot;weekday&quot;:&quot;DOMINGO&quot;},{&quot;weekday&quot;:&quot;SEGUNDA_FEIRA&quot;},{&quot;weekday&quot;:&quot;TERCA_FEIRA&quot;},{&quot;weekday&quot;:&quot;QUARTA_FEIRA&quot;},{&quot;weekday&quot;:&quot;QUINTA_FEIRA&quot;},{&quot;weekday&quot;:&quot;SEXTA_FEIRA&quot;},{&quot;weekday&quot;:&quot;SABADO&quot;}],&quot;exception&quot;:&quot;Exceto em datas festivas de Ano Novo, Dia das Mães, Dia dos Pais e Natal&quot;}}],&quot;services&quot;:[{&quot;name&quot;:&quot;RECEBIMENTOS_PAGAMENTOS_QUALQUER_NATUREZA_OUTRAS_ATIVIDADES_DECORRENTES_EXECUCAO_CONTRATOS_CONVENIOS_PRESTACAO_SERVICOS&quot;,&quot;code&quot;:&quot;RECEBIMENTOS_PAGAMENTOS_QUALQUER_NATUREZA_EXECUCAO_CONTRATOS_CONVENIO&quot;},{&quot;name&quot;:&quot;EXECUCAO_ATIVA_PASSIVA_ORDENS_PAGAMENTO_CURSADAS_INTERMEDIO_INSTITUICAO_CONTRATANTE_SOLICITACAO_CLIENTES_USUARIOS&quot;,&quot;code&quot;:&quot;EXECUCAO_ATIVA_PASSIVA_ORDENS_PAGAMENTO&quot;},{&quot;name&quot;:&quot;RECEPCAO_ENCAMINHAMENTO_PROPOSTAS_FORNECIMENTO_CARTAO_CREDITO_RESPONSABILIDADE_INSTITUICAO_CONTRATANTE&quot;,&quot;code&quot;:&quot;RECEBE_ENCAMINHA_PROPOSTAS_FORNECIMENTO_CARTAO_CREDITO&quot;},{&quot;name&quot;:&quot;RECEPCAO_ENCAMINHAMENTO_PROPOSTAS_OPERACAO_CREDITO_ARRENDAMENTO_MERCANTIL_CONCESSAO_INSTITUICAO_CONTRATANTE&quot;,&quot;code&quot;:&quot;RECEBE_ENCAMINHA_PROPOSTAS_CREDITO_ARRENDAMENTO_MERCANTIL&quot;}]},{&quot;identification&quot;:{&quot;corporationName&quot;:&quot;LOJAS RENNER S.A.-LOJA LARGO DO MACHADO&quot;,&quot;groupName&quot;:&quot;LOJAS RENNER S.A.&quot;,&quot;cnpjNumber&quot;:&quot;92754738030150&quot;,&quot;isUnderestablishment&quot;:false},&quot;locations&quot;:[{&quot;postalAddress&quot;:{&quot;address&quot;:&quot;RUA DO CATETE, Nº 359&quot;,&quot;districtName&quot;:&quot;CETETE&quot;,&quot;townName&quot;:&quot;RIO DE JANEIRO&quot;,&quot;countrySubDivision&quot;:&quot;RJ&quot;,&quot;postCode&quot;:&quot;22220001&quot;,&quot;country&quot;:&quot;Brasil&quot;,&quot;countryCode&quot;:&quot;BRA&quot;},&quot;phones&quot;:[{&quot;type&quot;:&quot;FIXO&quot;,&quot;countryCallingCode&quot;:&quot;55&quot;,&quot;areaCode&quot;:&quot;85&quot;,&quot;number&quot;:&quot;33043865&quot;}],&quot;availability&quot;:{&quot;standards&quot;:[{&quot;weekday&quot;:&quot;SEGUNDA_FEIRA&quot;},{&quot;weekday&quot;:&quot;TERCA_FEIRA&quot;},{&quot;weekday&quot;:&quot;QUARTA_FEIRA&quot;},{&quot;weekday&quot;:&quot;QUINTA_FEIRA&quot;},{&quot;weekday&quot;:&quot;SEXTA_FEIRA&quot;},{&quot;weekday&quot;:&quot;SABADO&quot;}],&quot;exception&quot;:&quot;Exceto feriados municipais, estaduais e nacionais&quot;}}],&quot;services&quot;:[{&quot;name&quot;:&quot;RECEBIMENTOS_PAGAMENTOS_QUALQUER_NATUREZA_OUTRAS_ATIVIDADES_DECORRENTES_EXECUCAO_CONTRATOS_CONVENIOS_PRESTACAO_SERVICOS&quot;,&quot;code&quot;:&quot;RECEBIMENTOS_PAGAMENTOS_QUALQUER_NATUREZA_EXECUCAO_CONTRATOS_CONVENIO&quot;},{&quot;name&quot;:&quot;EXECUCAO_ATIVA_PASSIVA_ORDENS_PAGAMENTO_CURSADAS_INTERMEDIO_INSTITUICAO_CONTRATANTE_SOLICITACAO_CLIENTES_USUARIOS&quot;,&quot;code&quot;:&quot;EXECUCAO_ATIVA_PASSIVA_ORDENS_PAGAMENTO&quot;},{&quot;name&quot;:&quot;RECEPCAO_ENCAMINHAMENTO_PROPOSTAS_FORNECIMENTO_CARTAO_CREDITO_RESPONSABILIDADE_INSTITUICAO_CONTRATANTE&quot;,&quot;code&quot;:&quot;RECEBE_ENCAMINHA_PROPOSTAS_FORNECIMENTO_CARTAO_CREDITO&quot;},{&quot;name&quot;:&quot;RECEPCAO_ENCAMINHAMENTO_PROPOSTAS_OPERACAO_CREDITO_ARRENDAMENTO_MERCANTIL_CONCESSAO_INSTITUICAO_CONTRATANTE&quot;,&quot;code&quot;:&quot;RECEBE_ENCAMINHA_PROPOSTAS_CREDITO_ARRENDAMENTO_MERCANTIL&quot;}]},{&quot;identification&quot;:{&quot;corporationName&quot;:&quot;LOJAS RENNER S.A.-LOJA BOSQUE GRÃO PARÁ&quot;,&quot;groupName&quot;:&quot;LOJAS RENNER S.A.&quot;,&quot;cnpjNumber&quot;:&quot;92754738032285&quot;,&quot;isUnderestablishment&quot;:false},&quot;locations&quot;:[{&quot;postalAddress&quot;:{&quot;address&quot;:&quot;RODOVIA DOS TRABALHADORES, S/N, LOJAS 0001A, 0008A, 0008B - PISO TÉRREO&quot;,&quot;districtName&quot;:&quot;PARQUE VERDE&quot;,&quot;townName&quot;:&quot;BELEM&quot;,&quot;countrySubDivision&quot;:&quot;PA&quot;,&quot;postCode&quot;:&quot;66635894&quot;,&quot;country&quot;:&quot;Brasil&quot;,&quot;countryCode&quot;:&quot;BRA&quot;},&quot;phones&quot;:[{&quot;type&quot;:&quot;FIXO&quot;,&quot;countryCallingCode&quot;:&quot;55&quot;,&quot;areaCode&quot;:&quot;85&quot;,&quot;number&quot;:&quot;33043866&quot;}],&quot;availability&quot;:{&quot;standards&quot;:[{&quot;weekday&quot;:&quot;SEGUNDA_FEIRA&quot;},{&quot;weekday&quot;:&quot;TERCA_FEIRA&quot;},{&quot;weekday&quot;:&quot;QUARTA_FEIRA&quot;},{&quot;weekday&quot;:&quot;QUINTA_FEIRA&quot;},{&quot;weekday&quot;:&quot;SEXTA_FEIRA&quot;},{&quot;weekday&quot;:&quot;SABADO&quot;}],&quot;exception&quot;:&quot;Exceto feriados municipais, estaduais e nacionais&quot;}}],&quot;services&quot;:[{&quot;name&quot;:&quot;RECEBIMENTOS_PAGAMENTOS_QUALQUER_NATUREZA_OUTRAS_ATIVIDADES_DECORRENTES_EXECUCAO_CONTRATOS_CONVENIOS_PRESTACAO_SERVICOS&quot;,&quot;code&quot;:&quot;RECEBIMENTOS_PAGAMENTOS_QUALQUER_NATUREZA_EXECUCAO_CONTRATOS_CONVENIO&quot;},{&quot;name&quot;:&quot;EXECUCAO_ATIVA_PASSIVA_ORDENS_PAGAMENTO_CURSADAS_INTERMEDIO_INSTITUICAO_CONTRATANTE_SOLICITACAO_CLIENTES_USUARIOS&quot;,&quot;code&quot;:&quot;EXECUCAO_ATIVA_PASSIVA_ORDENS_PAGAMENTO&quot;},{&quot;name&quot;:&quot;RECEPCAO_ENCAMINHAMENTO_PROPOSTAS_FORNECIMENTO_CARTAO_CREDITO_RESPONSABILIDADE_INSTITUICAO_CONTRATANTE&quot;,&quot;code&quot;:&quot;RECEBE_ENCAMINHA_PROPOSTAS_FORNECIMENTO_CARTAO_CREDITO&quot;},{&quot;name&quot;:&quot;RECEPCAO_ENCAMINHAMENTO_PROPOSTAS_OPERACAO_CREDITO_ARRENDAMENTO_MERCANTIL_CONCESSAO_INSTITUICAO_CONTRATANTE&quot;,&quot;code&quot;:&quot;RECEBE_ENCAMINHA_PROPOSTAS_CREDITO_ARRENDAMENTO_MERCANTIL&quot;}]},{&quot;identification&quot;:{&quot;corporationName&quot;:&quot;LOJAS RENNER S.A.-LOJA SHOPPING SUL&quot;,&quot;groupName&quot;:&quot;LOJAS RENNER S.A.&quot;,&quot;cnpjNumber&quot;:&quot;92754738033419&quot;,&quot;isUnderestablishment&quot;:false},&quot;locations&quot;:[{&quot;postalAddress&quot;:{&quot;address&quot;:&quot;QUADRA 1, S/N, BR 040, KM 12, GLEBA F, LOTE 1, LOJA 270&quot;,&quot;districtName&quot;:&quot;PARQUE ESPLANADA III&quot;,&quot;townName&quot;:&quot;VALPARAISO DE GOIAS&quot;,&quot;countrySubDivision&quot;:&quot;GO&quot;,&quot;postCode&quot;:&quot;72876902&quot;,&quot;country&quot;:&quot;Brasil&quot;,&quot;countryCode&quot;:&quot;BRA&quot;},&quot;phones&quot;:[{&quot;type&quot;:&quot;FIXO&quot;,&quot;countryCallingCode&quot;:&quot;55&quot;,&quot;areaCode&quot;:&quot;85&quot;,&quot;number&quot;:&quot;33043867&quot;}],&quot;availability&quot;:{&quot;standards&quot;:[{&quot;weekday&quot;:&quot;DOMINGO&quot;},{&quot;weekday&quot;:&quot;SEGUNDA_FEIRA&quot;},{&quot;weekday&quot;:&quot;TERCA_FEIRA&quot;},{&quot;weekday&quot;:&quot;QUARTA_FEIRA&quot;},{&quot;weekday&quot;:&quot;QUINTA_FEIRA&quot;},{&quot;weekday&quot;:&quot;SEXTA_FEIRA&quot;},{&quot;weekday&quot;:&quot;SABADO&quot;}],&quot;exception&quot;:&quot;Exceto em datas festivas de Ano Novo, Dia das Mães, Dia dos Pais e Natal&quot;}}],&quot;services&quot;:[{&quot;name&quot;:&quot;RECEBIMENTOS_PAGAMENTOS_QUALQUER_NATUREZA_OUTRAS_ATIVIDADES_DECORRENTES_EXECUCAO_CONTRATOS_CONVENIOS_PRESTACAO_SERVICOS&quot;,&quot;code&quot;:&quot;RECEBIMENTOS_PAGAMENTOS_QUALQUER_NATUREZA_EXECUCAO_CONTRATOS_CONVENIO&quot;},{&quot;name&quot;:&quot;EXECUCAO_ATIVA_PASSIVA_ORDENS_PAGAMENTO_CURSADAS_INTERMEDIO_INSTITUICAO_CONTRATANTE_SOLICITACAO_CLIENTES_USUARIOS&quot;,&quot;code&quot;:&quot;EXECUCAO_ATIVA_PASSIVA_ORDENS_PAGAMENTO&quot;},{&quot;name&quot;:&quot;RECEPCAO_ENCAMINHAMENTO_PROPOSTAS_FORNECIMENTO_CARTAO_CREDITO_RESPONSABILIDADE_INSTITUICAO_CONTRATANTE&quot;,&quot;code&quot;:&quot;RECEBE_ENCAMINHA_PROPOSTAS_FORNECIMENTO_CARTAO_CREDITO&quot;},{&quot;name&quot;:&quot;RECEPCAO_ENCAMINHAMENTO_PROPOSTAS_OPERACAO_CREDITO_ARRENDAMENTO_MERCANTIL_CONCESSAO_INSTITUICAO_CONTRATANTE&quot;,&quot;code&quot;:&quot;RECEBE_ENCAMINHA_PROPOSTAS_CREDITO_ARRENDAMENTO_MERCANTIL&quot;}]},{&quot;identification&quot;:{&quot;corporationName&quot;:&quot;LOJAS RENNER S.A.-LOJA SHOPPING RIO POTY&quot;,&quot;groupName&quot;:&quot;LOJAS RENNER S.A.&quot;,&quot;cnpjNumber&quot;:&quot;92754738029659&quot;,&quot;isUnderestablishment&quot;:false},&quot;locations&quot;:[{&quot;postalAddress&quot;:{&quot;address&quot;:&quot;AVENIDA MARECHAL CASTELO BRANCO, Nº 911 (SUC Nº 204AB - PISO L2)&quot;,&quot;districtName&quot;:&quot;PORENQUANTO&quot;,&quot;townName&quot;:&quot;TERESINA&quot;,&quot;countrySubDivision&quot;:&quot;PI&quot;,&quot;postCode&quot;:&quot;64000810&quot;,&quot;country&quot;:&quot;Brasil&quot;,&quot;countryCode&quot;:&quot;BRA&quot;},&quot;phones&quot;:[{&quot;type&quot;:&quot;FIXO&quot;,&quot;countryCallingCode&quot;:&quot;55&quot;,&quot;areaCode&quot;:&quot;85&quot;,&quot;number&quot;:&quot;33043868&quot;}],&quot;availability&quot;:{&quot;standards&quot;:[{&quot;weekday&quot;:&quot;DOMINGO&quot;},{&quot;weekday&quot;:&quot;SEGUNDA_FEIRA&quot;},{&quot;weekday&quot;:&quot;TERCA_FEIRA&quot;},{&quot;weekday&quot;:&quot;QUARTA_FEIRA&quot;},{&quot;weekday&quot;:&quot;QUINTA_FEIRA&quot;},{&quot;weekday&quot;:&quot;SEXTA_FEIRA&quot;},{&quot;weekday&quot;:&quot;SABADO&quot;}],&quot;exception&quot;:&quot;Exceto em datas festivas de Ano Novo, Dia das Mães, Dia dos Pais e Natal&quot;}}],&quot;services&quot;:[{&quot;name&quot;:&quot;RECEBIMENTOS_PAGAMENTOS_QUALQUER_NATUREZA_OUTRAS_ATIVIDADES_DECORRENTES_EXECUCAO_CONTRATOS_CONVENIOS_PRESTACAO_SERVICOS&quot;,&quot;code&quot;:&quot;RECEBIMENTOS_PAGAMENTOS_QUALQUER_NATUREZA_EXECUCAO_CONTRATOS_CONVENIO&quot;},{&quot;name&quot;:&quot;EXECUCAO_ATIVA_PASSIVA_ORDENS_PAGAMENTO_CURSADAS_INTERMEDIO_INSTITUICAO_CONTRATANTE_SOLICITACAO_CLIENTES_USUARIOS&quot;,&quot;code&quot;:&quot;EXECUCAO_ATIVA_PASSIVA_ORDENS_PAGAMENTO&quot;},{&quot;name&quot;:&quot;RECEPCAO_ENCAMINHAMENTO_PROPOSTAS_FORNECIMENTO_CARTAO_CREDITO_RESPONSABILIDADE_INSTITUICAO_CONTRATANTE&quot;,&quot;code&quot;:&quot;RECEBE_ENCAMINHA_PROPOSTAS_FORNECIMENTO_CARTAO_CREDITO&quot;},{&quot;name&quot;:&quot;RECEPCAO_ENCAMINHAMENTO_PROPOSTAS_OPERACAO_CREDITO_ARRENDAMENTO_MERCANTIL_CONCESSAO_INSTITUICAO_CONTRATANTE&quot;,&quot;code&quot;:&quot;RECEBE_ENCAMINHA_PROPOSTAS_CREDITO_ARRENDAMENTO_MERCANTIL&quot;}]},{&quot;identification&quot;:{&quot;corporationName&quot;:&quot;LOJAS RENNER S.A.-LOJA VÁRZEA GRANDE SHOPPING&quot;,&quot;groupName&quot;:&quot;LOJAS RENNER S.A.&quot;,&quot;cnpjNumber&quot;:&quot;92754738029063&quot;,&quot;isUnderestablishment&quot;:false},&quot;locations&quot;:[{&quot;postalAddress&quot;:{&quot;address&quot;:&quot;RUA PRESIDENTE ARTHUR BERNARDES, ESQUINA COM  A RUA FILINTO MULLER, S/Nº, (AN03 - 1º PAVIMENTO)&quot;,&quot;districtName&quot;:&quot;JARDIM AEROPORTO&quot;,&quot;townName&quot;:&quot;VARZEA GRANDE&quot;,&quot;countrySubDivision&quot;:&quot;MT&quot;,&quot;postCode&quot;:&quot;78125100&quot;,&quot;country&quot;:&quot;Brasil&quot;,&quot;countryCode&quot;:&quot;BRA&quot;},&quot;phones&quot;:[{&quot;type&quot;:&quot;FIXO&quot;,&quot;countryCallingCode&quot;:&quot;55&quot;,&quot;areaCode&quot;:&quot;85&quot;,&quot;number&quot;:&quot;33043869&quot;}],&quot;availability&quot;:{&quot;standards&quot;:[{&quot;weekday&quot;:&quot;DOMINGO&quot;},{&quot;weekday&quot;:&quot;SEGUNDA_FEIRA&quot;},{&quot;weekday&quot;:&quot;TERCA_FEIRA&quot;},{&quot;weekday&quot;:&quot;QUARTA_FEIRA&quot;},{&quot;weekday&quot;:&quot;QUINTA_FEIRA&quot;},{&quot;weekday&quot;:&quot;SEXTA_FEIRA&quot;},{&quot;weekday&quot;:&quot;SABADO&quot;}],&quot;exception&quot;:&quot;Exceto em datas festivas de Ano Novo, Dia das Mães, Dia dos Pais e Natal&quot;}}],&quot;services&quot;:[{&quot;name&quot;:&quot;RECEBIMENTOS_PAGAMENTOS_QUALQUER_NATUREZA_OUTRAS_ATIVIDADES_DECORRENTES_EXECUCAO_CONTRATOS_CONVENIOS_PRESTACAO_SERVICOS&quot;,&quot;code&quot;:&quot;RECEBIMENTOS_PAGAMENTOS_QUALQUER_NATUREZA_EXECUCAO_CONTRATOS_CONVENIO&quot;},{&quot;name&quot;:&quot;EXECUCAO_ATIVA_PASSIVA_ORDENS_PAGAMENTO_CURSADAS_INTERMEDIO_INSTITUICAO_CONTRATANTE_SOLICITACAO_CLIENTES_USUARIOS&quot;,&quot;code&quot;:&quot;EXECUCAO_ATIVA_PASSIVA_ORDENS_PAGAMENTO&quot;},{&quot;name&quot;:&quot;RECEPCAO_ENCAMINHAMENTO_PROPOSTAS_FORNECIMENTO_CARTAO_CREDITO_RESPONSABILIDADE_INSTITUICAO_CONTRATANTE&quot;,&quot;code&quot;:&quot;RECEBE_ENCAMINHA_PROPOSTAS_FORNECIMENTO_CARTAO_CREDITO&quot;},{&quot;name&quot;:&quot;RECEPCAO_ENCAMINHAMENTO_PROPOSTAS_OPERACAO_CREDITO_ARRENDAMENTO_MERCANTIL_CONCESSAO_INSTITUICAO_CONTRATANTE&quot;,&quot;code&quot;:&quot;RECEBE_ENCAMINHA_PROPOSTAS_CREDITO_ARRENDAMENTO_MERCANTIL&quot;}]},{&quot;identification&quot;:{&quot;corporationName&quot;:&quot;LOJAS RENNER S.A.-LOJA RIOMAR SHOPPING FORTALEZA&quot;,&quot;groupName&quot;:&quot;LOJAS RENNER S.A.&quot;,&quot;cnpjNumber&quot;:&quot;92754738028415&quot;,&quot;isUnderestablishment&quot;:false},&quot;locations&quot;:[{&quot;postalAddress&quot;:{&quot;address&quot;:&quot;RUA DESEMBARGADOR LAURO NOGUEIRA, Nº 1355 (SALÃO COMERCIAL Nº 2007 - PISO L2)&quot;,&quot;districtName&quot;:&quot;RIOMAR SHOPPING FORTALEZA&quot;,&quot;townName&quot;:&quot;FORTALEZA&quot;,&quot;countrySubDivision&quot;:&quot;CE&quot;,&quot;postCode&quot;:&quot;60175055&quot;,&quot;country&quot;:&quot;Brasil&quot;,&quot;countryCode&quot;:&quot;BRA&quot;},&quot;phones&quot;:[{&quot;type&quot;:&quot;FIXO&quot;,&quot;countryCallingCode&quot;:&quot;55&quot;,&quot;areaCode&quot;:&quot;85&quot;,&quot;number&quot;:&quot;33043870&quot;}],&quot;availability&quot;:{&quot;standards&quot;:[{&quot;weekday&quot;:&quot;DOMINGO&quot;},{&quot;weekday&quot;:&quot;SEGUNDA_FEIRA&quot;},{&quot;weekday&quot;:&quot;TERCA_FEIRA&quot;},{&quot;weekday&quot;:&quot;QUARTA_FEIRA&quot;},{&quot;weekday&quot;:&quot;QUINTA_FEIRA&quot;},{&quot;weekday&quot;:&quot;SEXTA_FEIRA&quot;},{&quot;weekday&quot;:&quot;SABADO&quot;}],&quot;exception&quot;:&quot;Exceto em datas festivas de Ano Novo, Dia das Mães, Dia dos Pais e Natal&quot;}}],&quot;services&quot;:[{&quot;name&quot;:&quot;RECEBIMENTOS_PAGAMENTOS_QUALQUER_NATUREZA_OUTRAS_ATIVIDADES_DECORRENTES_EXECUCAO_CONTRATOS_CONVENIOS_PRESTACAO_SERVICOS&quot;,&quot;code&quot;:&quot;RECEBIMENTOS_PAGAMENTOS_QUALQUER_NATUREZA_EXECUCAO_CONTRATOS_CONVENIO&quot;},{&quot;name&quot;:&quot;EXECUCAO_ATIVA_PASSIVA_ORDENS_PAGAMENTO_CURSADAS_INTERMEDIO_INSTITUICAO_CONTRATANTE_SOLICITACAO_CLIENTES_USUARIOS&quot;,&quot;code&quot;:&quot;EXECUCAO_ATIVA_PASSIVA_ORDENS_PAGAMENTO&quot;},{&quot;name&quot;:&quot;RECEPCAO_ENCAMINHAMENTO_PROPOSTAS_FORNECIMENTO_CARTAO_CREDITO_RESPONSABILIDADE_INSTITUICAO_CONTRATANTE&quot;,&quot;code&quot;:&quot;RECEBE_ENCAMINHA_PROPOSTAS_FORNECIMENTO_CARTAO_CREDITO&quot;},{&quot;name&quot;:&quot;RECEPCAO_ENCAMINHAMENTO_PROPOSTAS_OPERACAO_CREDITO_ARRENDAMENTO_MERCANTIL_CONCESSAO_INSTITUICAO_CONTRATANTE&quot;,&quot;code&quot;:&quot;RECEBE_ENCAMINHA_PROPOSTAS_CREDITO_ARRENDAMENTO_MERCANTIL&quot;}]},{&quot;identification&quot;:{&quot;corporationName&quot;:&quot;LOJAS RENNER S.A.-LOJA SHOPPING JARDIM NORTE JUIZ DE FORA&quot;,&quot;groupName&quot;:&quot;LOJAS RENNER S.A.&quot;,&quot;cnpjNumber&quot;:&quot;92754738032528&quot;,&quot;isUnderestablishment&quot;:false},&quot;locations&quot;:[{&quot;postalAddress&quot;:{&quot;address&quot;:&quot;AVENIDA BRASIL, Nº 6345, LOJAS 1024 / 2012, PISOS 1 E 2&quot;,&quot;districtName&quot;:&quot;MARIANO PROCÓPIO&quot;,&quot;townName&quot;:&quot;JUIZ DE FORA&quot;,&quot;countrySubDivision&quot;:&quot;MG&quot;,&quot;postCode&quot;:&quot;36080060&quot;,&quot;country&quot;:&quot;Brasil&quot;,&quot;countryCode&quot;:&quot;BRA&quot;},&quot;phones&quot;:[{&quot;type&quot;:&quot;FIXO&quot;,&quot;countryCallingCode&quot;:&quot;55&quot;,&quot;areaCode&quot;:&quot;85&quot;,&quot;number&quot;:&quot;33043871&quot;}],&quot;availability&quot;:{&quot;standards&quot;:[{&quot;weekday&quot;:&quot;DOMINGO&quot;},{&quot;weekday&quot;:&quot;SEGUNDA_FEIRA&quot;},{&quot;weekday&quot;:&quot;TERCA_FEIRA&quot;},{&quot;weekday&quot;:&quot;QUARTA_FEIRA&quot;},{&quot;weekday&quot;:&quot;QUINTA_FEIRA&quot;},{&quot;weekday&quot;:&quot;SEXTA_FEIRA&quot;},{&quot;weekday&quot;:&quot;SABADO&quot;}],&quot;exception&quot;:&quot;Exceto em datas festivas de Ano Novo, Dia das Mães, Dia dos Pais e Natal&quot;}}],&quot;services&quot;:[{&quot;name&quot;:&quot;RECEBIMENTOS_PAGAMENTOS_QUALQUER_NATUREZA_OUTRAS_ATIVIDADES_DECORRENTES_EXECUCAO_CONTRATOS_CONVENIOS_PRESTACAO_SERVICOS&quot;,&quot;code&quot;:&quot;RECEBIMENTOS_PAGAMENTOS_QUALQUER_NATUREZA_EXECUCAO_CONTRATOS_CONVENIO&quot;},{&quot;name&quot;:&quot;EXECUCAO_ATIVA_PASSIVA_ORDENS_PAGAMENTO_CURSADAS_INTERMEDIO_INSTITUICAO_CONTRATANTE_SOLICITACAO_CLIENTES_USUARIOS&quot;,&quot;code&quot;:&quot;EXECUCAO_ATIVA_PASSIVA_ORDENS_PAGAMENTO&quot;},{&quot;name&quot;:&quot;RECEPCAO_ENCAMINHAMENTO_PROPOSTAS_FORNECIMENTO_CARTAO_CREDITO_RESPONSABILIDADE_INSTITUICAO_CONTRATANTE&quot;,&quot;code&quot;:&quot;RECEBE_ENCAMINHA_PROPOSTAS_FORNECIMENTO_CARTAO_CREDITO&quot;},{&quot;name&quot;:&quot;RECEPCAO_ENCAMINHAMENTO_PROPOSTAS_OPERACAO_CREDITO_ARRENDAMENTO_MERCANTIL_CONCESSAO_INSTITUICAO_CONTRATANTE&quot;,&quot;code&quot;:&quot;RECEBE_ENCAMINHA_PROPOSTAS_CREDITO_ARRENDAMENTO_MERCANTIL&quot;}]},{&quot;identification&quot;:{&quot;corporationName&quot;:&quot;LOJAS RENNER S.A.-LOJA PLAZA SHOPPING AVENIDA&quot;,&quot;groupName&quot;:&quot;LOJAS RENNER S.A.&quot;,&quot;cnpjNumber&quot;:&quot;92754738030231&quot;,&quot;isUnderestablishment&quot;:false},&quot;locations&quot;:[{&quot;postalAddress&quot;:{&quot;address&quot;:&quot;AVENIDA JOSÉ MUNIA, Nº 4775, PISO TÉRREO, LOJAS T012/L141&quot;,&quot;districtName&quot;:&quot;JARDIM REDENTOR&quot;,&quot;townName&quot;:&quot;SAO JOSE DO RIO PRETO&quot;,&quot;countrySubDivision&quot;:&quot;SP&quot;,&quot;postCode&quot;:&quot;15085350&quot;,&quot;country&quot;:&quot;Brasil&quot;,&quot;countryCode&quot;:&quot;BRA&quot;},&quot;phones&quot;:[{&quot;type&quot;:&quot;FIXO&quot;,&quot;countryCallingCode&quot;:&quot;55&quot;,&quot;areaCode&quot;:&quot;85&quot;,&quot;number&quot;:&quot;33043872&quot;}],&quot;availability&quot;:{&quot;standards&quot;:[{&quot;weekday&quot;:&quot;DOMINGO&quot;},{&quot;weekday&quot;:&quot;SEGUNDA_FEIRA&quot;},{&quot;weekday&quot;:&quot;TERCA_FEIRA&quot;},{&quot;weekday&quot;:&quot;QUARTA_FEIRA&quot;},{&quot;weekday&quot;:&quot;QUINTA_FEIRA&quot;},{&quot;weekday&quot;:&quot;SEXTA_FEIRA&quot;},{&quot;weekday&quot;:&quot;SABADO&quot;}],&quot;exception&quot;:&quot;Exceto em datas festivas de Ano Novo, Dia das Mães, Dia dos Pais e Natal&quot;}}],&quot;services&quot;:[{&quot;name&quot;:&quot;RECEBIMENTOS_PAGAMENTOS_QUALQUER_NATUREZA_OUTRAS_ATIVIDADES_DECORRENTES_EXECUCAO_CONTRATOS_CONVENIOS_PRESTACAO_SERVICOS&quot;,&quot;code&quot;:&quot;RECEBIMENTOS_PAGAMENTOS_QUALQUER_NATUREZA_EXECUCAO_CONTRATOS_CONVENIO&quot;},{&quot;name&quot;:&quot;EXECUCAO_ATIVA_PASSIVA_ORDENS_PAGAMENTO_CURSADAS_INTERMEDIO_INSTITUICAO_CONTRATANTE_SOLICITACAO_CLIENTES_USUARIOS&quot;,&quot;code&quot;:&quot;EXECUCAO_ATIVA_PASSIVA_ORDENS_PAGAMENTO&quot;},{&quot;name&quot;:&quot;RECEPCAO_ENCAMINHAMENTO_PROPOSTAS_FORNECIMENTO_CARTAO_CREDITO_RESPONSABILIDADE_INSTITUICAO_CONTRATANTE&quot;,&quot;code&quot;:&quot;RECEBE_ENCAMINHA_PROPOSTAS_FORNECIMENTO_CARTAO_CREDITO&quot;},{&quot;name&quot;:&quot;RECEPCAO_ENCAMINHAMENTO_PROPOSTAS_OPERACAO_CREDITO_ARRENDAMENTO_MERCANTIL_CONCESSAO_INSTITUICAO_CONTRATANTE&quot;,&quot;code&quot;:&quot;RECEBE_ENCAMINHA_PROPOSTAS_CREDITO_ARRENDAMENTO_MERCANTIL&quot;}]}]}]}]},&quot;links&quot;:{&quot;self&quot;:&quot;http://10.120.192.16/open-banking/channels/v1/banking-agents?page=10&amp;page-size=25&quot;,&quot;first&quot;:&quot;http://10.120.192.16/open-banking/channels/v1/banking-agents?page=1&amp;page-size=25&quot;,&quot;prev&quot;:&quot;http://10.120.192.16/open-banking/channels/v1/banking-agents?page=9&amp;page-size=25&quot;,&quot;next&quot;:&quot;http://10.120.192.16/open-banking/channels/v1/banking-agents?page=11&amp;page-size=25&quot;,&quot;last&quot;:&quot;http://10.120.192.16/open-banking/channels/v1/banking-agents?page=15&amp;page-size=25&quot;},&quot;meta&quot;:{&quot;totalRecords&quot;:366,&quot;totalPages&quot;:15}}&#10;" type="java.lang.AssertionError"><![CDATA[java.lang.AssertionError: 
1 expectation failed.
Response body doesn't match expectation.
Expected: The content to match the given JSON schema.
error: object has missing required properties (["brand"])
    level: "error"
    schema: {"loadingURI":"#","pointer":"/properties/data"}
    instance: {"pointer":"/data"}
    domain: "validation"
    keyword: "required"
    required: ["brand"]
    missing: ["brand"]

  Actual: {"data":{"name":"REALIZE CFI S.A.","companies":[{"name":"REALIZE CRÉDITO, FINANCIAMENTO E INVESTIMENTO S.A.","cnpjNumber":"27351731","contractors":[{"name":"REALIZE CRÉDITO, FINANCIAMENTO E INVESTIMENTO S.A.","cnpjNumber":"27351731000138","bankingAgents":[{"identification":{"corporationName":"LOJAS RENNER S.A.-LOJA NATAL SHOPPING","groupName":"LOJAS RENNER S.A.","cnpjNumber":"92754738025904","isUnderestablishment":false},"locations":[{"postalAddress":{"address":"AVENIDA SENADOR SALGADO FILHO, 2234, (ESPAÇO COMERCIAL Nº 368)","districtName":"NATAL SHOPPING","townName":"NATAL","countrySubDivision":"RN","postCode":"59064900","country":"Brasil","countryCode":"BRA"},"phones":[{"type":"FIXO","countryCallingCode":"55","areaCode":"85","number":"33043847"}],"availability":{"standards":[{"weekday":"DOMINGO"},{"weekday":"SEGUNDA_FEIRA"},{"weekday":"TERCA_FEIRA"},{"weekday":"QUARTA_FEIRA"},{"weekday":"QUINTA_FEIRA"},{"weekday":"SEXTA_FEIRA"},{"weekday":"SABADO"}],"exception":"Exceto em datas festivas de Ano Novo, Dia das Mães, Dia dos Pais e Natal"}}],"services":[{"name":"RECEBIMENTOS_PAGAMENTOS_QUALQUER_NATUREZA_OUTRAS_ATIVIDADES_DECORRENTES_EXECUCAO_CONTRATOS_CONVENIOS_PRESTACAO_SERVICOS","code":"RECEBIMENTOS_PAGAMENTOS_QUALQUER_NATUREZA_EXECUCAO_CONTRATOS_CONVENIO"},{"name":"EXECUCAO_ATIVA_PASSIVA_ORDENS_PAGAMENTO_CURSADAS_INTERMEDIO_INSTITUICAO_CONTRATANTE_SOLICITACAO_CLIENTES_USUARIOS","code":"EXECUCAO_ATIVA_PASSIVA_ORDENS_PAGAMENTO"},{"name":"RECEPCAO_ENCAMINHAMENTO_PROPOSTAS_FORNECIMENTO_CARTAO_CREDITO_RESPONSABILIDADE_INSTITUICAO_CONTRATANTE","code":"RECEBE_ENCAMINHA_PROPOSTAS_FORNECIMENTO_CARTAO_CREDITO"},{"name":"RECEPCAO_ENCAMINHAMENTO_PROPOSTAS_OPERACAO_CREDITO_ARRENDAMENTO_MERCANTIL_CONCESSAO_INSTITUICAO_CONTRATANTE","code":"RECEBE_ENCAMINHA_PROPOSTAS_CREDITO_ARRENDAMENTO_MERCANTIL"}]},{"identification":{"corporationName":"LOJAS RENNER S.A.-LOJA SHOPPING MONTSERRAT","groupName":"LOJAS RENNER S.A.","cnpjNumber":"92754738027605","isUnderestablishment":false},"locations":[{"postalAddress":{"address":"AVENIDA ELDES SCHERRER SOUZA, Nº 2162, (SUC Nº 103M – PISO L-1)","districtName":"PLANALTO DE CARAPINA","townName":"SERRA","countrySubDivision":"ES","postCode":"29162741","country":"Brasil","countryCode":"BRA"},"phones":[{"type":"FIXO","countryCallingCode":"55","areaCode":"85","number":"33043848"}],"availability":{"standards":[{"weekday":"DOMINGO"},{"weekday":"SEGUNDA_FEIRA"},{"weekday":"TERCA_FEIRA"},{"weekday":"QUARTA_FEIRA"},{"weekday":"QUINTA_FEIRA"},{"weekday":"SEXTA_FEIRA"},{"weekday":"SABADO"}],"exception":"Exceto em datas festivas de Ano Novo, Dia das Mães, Dia dos Pais e Natal"}}],"services":[{"name":"RECEBIMENTOS_PAGAMENTOS_QUALQUER_NATUREZA_OUTRAS_ATIVIDADES_DECORRENTES_EXECUCAO_CONTRATOS_CONVENIOS_PRESTACAO_SERVICOS","code":"RECEBIMENTOS_PAGAMENTOS_QUALQUER_NATUREZA_EXECUCAO_CONTRATOS_CONVENIO"},{"name":"EXECUCAO_ATIVA_PASSIVA_ORDENS_PAGAMENTO_CURSADAS_INTERMEDIO_INSTITUICAO_CONTRATANTE_SOLICITACAO_CLIENTES_USUARIOS","code":"EXECUCAO_ATIVA_PASSIVA_ORDENS_PAGAMENTO"},{"name":"RECEPCAO_ENCAMINHAMENTO_PROPOSTAS_FORNECIMENTO_CARTAO_CREDITO_RESPONSABILIDADE_INSTITUICAO_CONTRATANTE","code":"RECEBE_ENCAMINHA_PROPOSTAS_FORNECIMENTO_CARTAO_CREDITO"},{"name":"RECEPCAO_ENCAMINHAMENTO_PROPOSTAS_OPERACAO_CREDITO_ARRENDAMENTO_MERCANTIL_CONCESSAO_INSTITUICAO_CONTRATANTE","code":"RECEBE_ENCAMINHA_PROPOSTAS_CREDITO_ARRENDAMENTO_MERCANTIL"}]},{"identification":{"corporationName":"LOJAS RENNER S.A.-LOJA SHOPPING VALE DO AÇO","groupName":"LOJAS RENNER S.A.","cnpjNumber":"92754738030070","isUnderestablishment":false},"locations":[{"postalAddress":{"address":"AVENIDA PEDRO LINHARES GOMES, Nº 3900, (LOJA Nº 153 NO 1º PISO E Nº 262 NO 2º PISO)","districtName":"INDUSTRIAL","townName":"IPATINGA","countrySubDivision":"MG","postCode":"35160290","country":"Brasil","countryCode":"BRA"},"phones":[{"type":"FIXO","countryCallingCode":"55","areaCode":"85","number":"33043849"}],"availability":{"standards":[{"weekday":"DOMINGO"},{"weekday":"SEGUNDA_FEIRA"},{"weekday":"TERCA_FEIRA"},{"weekday":"QUARTA_FEIRA"},{"weekday":"QUINTA_FEIRA"},{"weekday":"SEXTA_FEIRA"},{"weekday":"SABADO"}],"exception":"Exceto em datas festivas de Ano Novo, Dia das Mães, Dia dos Pais e Natal"}}],"services":[{"name":"RECEBIMENTOS_PAGAMENTOS_QUALQUER_NATUREZA_OUTRAS_ATIVIDADES_DECORRENTES_EXECUCAO_CONTRATOS_CONVENIOS_PRESTACAO_SERVICOS","code":"RECEBIMENTOS_PAGAMENTOS_QUALQUER_NATUREZA_EXECUCAO_CONTRATOS_CONVENIO"},{"name":"EXECUCAO_ATIVA_PASSIVA_ORDENS_PAGAMENTO_CURSADAS_INTERMEDIO_INSTITUICAO_CONTRATANTE_SOLICITACAO_CLIENTES_USUARIOS","code":"EXECUCAO_ATIVA_PASSIVA_ORDENS_PAGAMENTO"},{"name":"RECEPCAO_ENCAMINHAMENTO_PROPOSTAS_FORNECIMENTO_CARTAO_CREDITO_RESPONSABILIDADE_INSTITUICAO_CONTRATANTE","code":"RECEBE_ENCAMINHA_PROPOSTAS_FORNECIMENTO_CARTAO_CREDITO"},{"name":"RECEPCAO_ENCAMINHAMENTO_PROPOSTAS_OPERACAO_CREDITO_ARRENDAMENTO_MERCANTIL_CONCESSAO_INSTITUICAO_CONTRATANTE","code":"RECEBE_ENCAMINHA_PROPOSTAS_CREDITO_ARRENDAMENTO_MERCANTIL"}]},{"identification":{"corporationName":"LOJAS RENNER S.A.-LOJA SHOPPING PRAÇA NOVA ARAÇATUBA","groupName":"LOJAS RENNER S.A.","cnpjNumber":"92754738027796","isUnderestablishment":false},"locations":[{"postalAddress":{"address":"AVENIDA GOVERNADOR MARIO COVAS, Nº 6001, (EUC Nº51 - PISO TÉRREO)","districtName":"SHOPPING PRAÇA NOVA ARAÇATUBA","townName":"ARACATUBA","countrySubDivision":"SP","postCode":"16071245","country":"Brasil","countryCode":"BRA"},"phones":[{"type":"FIXO","countryCallingCode":"55","areaCode":"85","number":"33043850"}],"availability":{"standards":[{"weekday":"DOMINGO"},{"weekday":"SEGUNDA_FEIRA"},{"weekday":"TERCA_FEIRA"},{"weekday":"QUARTA_FEIRA"},{"weekday":"QUINTA_FEIRA"},{"weekday":"SEXTA_FEIRA"},{"weekday":"SABADO"}],"exception":"Exceto em datas festivas de Ano Novo, Dia das Mães, Dia dos Pais e Natal"}}],"services":[{"name":"RECEBIMENTOS_PAGAMENTOS_QUALQUER_NATUREZA_OUTRAS_ATIVIDADES_DECORRENTES_EXECUCAO_CONTRATOS_CONVENIOS_PRESTACAO_SERVICOS","code":"RECEBIMENTOS_PAGAMENTOS_QUALQUER_NATUREZA_EXECUCAO_CONTRATOS_CONVENIO"},{"name":"EXECUCAO_ATIVA_PASSIVA_ORDENS_PAGAMENTO_CURSADAS_INTERMEDIO_INSTITUICAO_CONTRATANTE_SOLICITACAO_CLIENTES_USUARIOS","code":"EXECUCAO_ATIVA_PASSIVA_ORDENS_PAGAMENTO"},{"name":"RECEPCAO_ENCAMINHAMENTO_PROPOSTAS_FORNECIMENTO_CARTAO_CREDITO_RESPONSABILIDADE_INSTITUICAO_CONTRATANTE","code":"RECEBE_ENCAMINHA_PROPOSTAS_FORNECIMENTO_CARTAO_CREDITO"},{"name":"RECEPCAO_ENCAMINHAMENTO_PROPOSTAS_OPERACAO_CREDITO_ARRENDAMENTO_MERCANTIL_CONCESSAO_INSTITUICAO_CONTRATANTE","code":"RECEBE_ENCAMINHA_PROPOSTAS_CREDITO_ARRENDAMENTO_MERCANTIL"}]},{"identification":{"corporationName":"LOJAS RENNER S.A.-LOJA BURITÍ SHOPPING RIO VERDE","groupName":"LOJAS RENNER S.A.","cnpjNumber":"92754738029306","isUnderestablishment":false},"locations":[{"postalAddress":{"address":"RUA O, S/N, QUADRA 14, LOTE 6, LUC'S Nº 156/157/158/159","districtName":"SETOR JARDIM CAMPESTRE","townName":"RIO VERDE","countrySubDivision":"GO","postCode":"75907681","country":"Brasil","countryCode":"BRA"},"phones":[{"type":"FIXO","countryCallingCode":"55","areaCode":"85","number":"33043851"}],"availability":{"standards":[{"weekday":"DOMINGO"},{"weekday":"SEGUNDA_FEIRA"},{"weekday":"TERCA_FEIRA"},{"weekday":"QUARTA_FEIRA"},{"weekday":"QUINTA_FEIRA"},{"weekday":"SEXTA_FEIRA"},{"weekday":"SABADO"}],"exception":"Exceto em datas festivas de Ano Novo, Dia das Mães, Dia dos Pais e Natal"}}],"services":[{"name":"RECEBIMENTOS_PAGAMENTOS_QUALQUER_NATUREZA_OUTRAS_ATIVIDADES_DECORRENTES_EXECUCAO_CONTRATOS_CONVENIOS_PRESTACAO_SERVICOS","code":"RECEBIMENTOS_PAGAMENTOS_QUALQUER_NATUREZA_EXECUCAO_CONTRATOS_CONVENIO"},{"name":"EXECUCAO_ATIVA_PASSIVA_ORDENS_PAGAMENTO_CURSADAS_INTERMEDIO_INSTITUICAO_CONTRATANTE_SOLICITACAO_CLIENTES_USUARIOS","code":"EXECUCAO_ATIVA_PASSIVA_ORDENS_PAGAMENTO"},{"name":"RECEPCAO_ENCAMINHAMENTO_PROPOSTAS_FORNECIMENTO_CARTAO_CREDITO_RESPONSABILIDADE_INSTITUICAO_CONTRATANTE","code":"RECEBE_ENCAMINHA_PROPOSTAS_FORNECIMENTO_CARTAO_CREDITO"},{"name":"RECEPCAO_ENCAMINHAMENTO_PROPOSTAS_OPERACAO_CREDITO_ARRENDAMENTO_MERCANTIL_CONCESSAO_INSTITUICAO_CONTRATANTE","code":"RECEBE_ENCAMINHA_PROPOSTAS_CREDITO_ARRENDAMENTO_MERCANTIL"}]},{"identification":{"corporationName":"LOJAS RENNER S.A.-LOJA SÃO LUÍS SHOPPING","groupName":"LOJAS RENNER S.A.","cnpjNumber":"92754738028920","isUnderestablishment":false},"locations":[{"postalAddress":{"address":"AVENIDA PROFESSOR CARLOS CUNHA, Nº 1.000 (LUC 301 ÂNCORA - 1 - PISO L1)","districtName":"JARACATY","townName":"SAO LUIS","countrySubDivision":"MA","postCode":"65076820","country":"Brasil","countryCode":"BRA"},"phones":[{"type":"FIXO","countryCallingCode":"55","areaCode":"85","number":"33043852"}],"availability":{"standards":[{"weekday":"DOMINGO"},{"weekday":"SEGUNDA_FEIRA"},{"weekday":"TERCA_FEIRA"},{"weekday":"QUARTA_FEIRA"},{"weekday":"QUINTA_FEIRA"},{"weekday":"SEXTA_FEIRA"},{"weekday":"SABADO"}],"exception":"Exceto em datas festivas de Ano Novo, Dia das Mães, Dia dos Pais e Natal"}}],"services":[{"name":"RECEBIMENTOS_PAGAMENTOS_QUALQUER_NATUREZA_OUTRAS_ATIVIDADES_DECORRENTES_EXECUCAO_CONTRATOS_CONVENIOS_PRESTACAO_SERVICOS","code":"RECEBIMENTOS_PAGAMENTOS_QUALQUER_NATUREZA_EXECUCAO_CONTRATOS_CONVENIO"},{"name":"EXECUCAO_ATIVA_PASSIVA_ORDENS_PAGAMENTO_CURSADAS_INTERMEDIO_INSTITUICAO_CONTRATANTE_SOLICITACAO_CLIENTES_USUARIOS","code":"EXECUCAO_ATIVA_PASSIVA_ORDENS_PAGAMENTO"},{"name":"RECEPCAO_ENCAMINHAMENTO_PROPOSTAS_FORNECIMENTO_CARTAO_CREDITO_RESPONSABILIDADE_INSTITUICAO_CONTRATANTE","code":"RECEBE_ENCAMINHA_PROPOSTAS_FORNECIMENTO_CARTAO_CREDITO"},{"name":"RECEPCAO_ENCAMINHAMENTO_PROPOSTAS_OPERACAO_CREDITO_ARRENDAMENTO_MERCANTIL_CONCESSAO_INSTITUICAO_CONTRATANTE","code":"RECEBE_ENCAMINHA_PROPOSTAS_CREDITO_ARRENDAMENTO_MERCANTIL"}]},{"identification":{"corporationName":"LOJAS RENNER S.A.-LOJA MOXUARA SHOPPING","groupName":"LOJAS RENNER S.A.","cnpjNumber":"92754738025661","isUnderestablishment":false},"locations":[{"postalAddress":{"address":"AVENIDA MARIO GURGEL, N° 5353, LOJA 307JKLMQ, PISO L3","districtName":"SÃO FRANCISCO","townName":"CARIACICA","countrySubDivision":"ES","postCode":"29145910","country":"Brasil","countryCode":"BRA"},"phones":[{"type":"FIXO","countryCallingCode":"55","areaCode":"85","number":"33043853"}],"availability":{"standards":[{"weekday":"DOMINGO"},{"weekday":"SEGUNDA_FEIRA"},{"weekday":"TERCA_FEIRA"},{"weekday":"QUARTA_FEIRA"},{"weekday":"QUINTA_FEIRA"},{"weekday":"SEXTA_FEIRA"},{"weekday":"SABADO"}],"exception":"Exceto em datas festivas de Ano Novo, Dia das Mães, Dia dos Pais e Natal"}}],"services":[{"name":"RECEBIMENTOS_PAGAMENTOS_QUALQUER_NATUREZA_OUTRAS_ATIVIDADES_DECORRENTES_EXECUCAO_CONTRATOS_CONVENIOS_PRESTACAO_SERVICOS","code":"RECEBIMENTOS_PAGAMENTOS_QUALQUER_NATUREZA_EXECUCAO_CONTRATOS_CONVENIO"},{"name":"EXECUCAO_ATIVA_PASSIVA_ORDENS_PAGAMENTO_CURSADAS_INTERMEDIO_INSTITUICAO_CONTRATANTE_SOLICITACAO_CLIENTES_USUARIOS","code":"EXECUCAO_ATIVA_PASSIVA_ORDENS_PAGAMENTO"},{"name":"RECEPCAO_ENCAMINHAMENTO_PROPOSTAS_FORNECIMENTO_CARTAO_CREDITO_RESPONSABILIDADE_INSTITUICAO_CONTRATANTE","code":"RECEBE_ENCAMINHA_PROPOSTAS_FORNECIMENTO_CARTAO_CREDITO"},{"name":"RECEPCAO_ENCAMINHAMENTO_PROPOSTAS_OPERACAO_CREDITO_ARRENDAMENTO_MERCANTIL_CONCESSAO_INSTITUICAO_CONTRATANTE","code":"RECEBE_ENCAMINHA_PROPOSTAS_CREDITO_ARRENDAMENTO_MERCANTIL"}]},{"identification":{"corporationName":"LOJAS RENNER S.A.-LOJA MOSSORÓ WEST SHOPPING","groupName":"LOJAS RENNER S.A.","cnpjNumber":"92754738028504","isUnderestablishment":false},"locations":[{"postalAddress":{"address":"AVENIDA JOÃO DA ESCOSSIA, Nº 1515 (EUC N° 001C – ÂNCORA 02 – PISO TÉRREO)","districtName":"NOVA BETÂNIA","townName":"MOSSORO","countrySubDivision":"RN","postCode":"59607330","country":"Brasil","countryCode":"BRA"},"phones":[{"type":"FIXO","countryCallingCode":"55","areaCode":"85","number":"33043854"}],"availability":{"standards":[{"weekday":"DOMINGO"},{"weekday":"SEGUNDA_FEIRA"},{"weekday":"TERCA_FEIRA"},{"weekday":"QUARTA_FEIRA"},{"weekday":"QUINTA_FEIRA"},{"weekday":"SEXTA_FEIRA"},{"weekday":"SABADO"}],"exception":"Exceto em datas festivas de Ano Novo, Dia das Mães, Dia dos Pais e Natal"}}],"services":[{"name":"RECEBIMENTOS_PAGAMENTOS_QUALQUER_NATUREZA_OUTRAS_ATIVIDADES_DECORRENTES_EXECUCAO_CONTRATOS_CONVENIOS_PRESTACAO_SERVICOS","code":"RECEBIMENTOS_PAGAMENTOS_QUALQUER_NATUREZA_EXECUCAO_CONTRATOS_CONVENIO"},{"name":"EXECUCAO_ATIVA_PASSIVA_ORDENS_PAGAMENTO_CURSADAS_INTERMEDIO_INSTITUICAO_CONTRATANTE_SOLICITACAO_CLIENTES_USUARIOS","code":"EXECUCAO_ATIVA_PASSIVA_ORDENS_PAGAMENTO"},{"name":"RECEPCAO_ENCAMINHAMENTO_PROPOSTAS_FORNECIMENTO_CARTAO_CREDITO_RESPONSABILIDADE_INSTITUICAO_CONTRATANTE","code":"RECEBE_ENCAMINHA_PROPOSTAS_FORNECIMENTO_CARTAO_CREDITO"},{"name":"RECEPCAO_ENCAMINHAMENTO_PROPOSTAS_OPERACAO_CREDITO_ARRENDAMENTO_MERCANTIL_CONCESSAO_INSTITUICAO_CONTRATANTE","code":"RECEBE_ENCAMINHA_PROPOSTAS_CREDITO_ARRENDAMENTO_MERCANTIL"}]},{"identification":{"corporationName":"LOJAS RENNER S.A.-LOJA SHOPPING VILA VELHA","groupName":"LOJAS RENNER S.A.","cnpjNumber":"92754738029497","isUnderestablishment":false},"locations":[{"postalAddress":{"address":"RUA LUCIANO DAS NEVES, Nº 2418 (LUC 1001 - PISO L1)","districtName":"DIVINO ESPÍRITO SANTO","townName":"VILA VELHA","countrySubDivision":"ES","postCode":"29107900","country":"Brasil","countryCode":"BRA"},"phones":[{"type":"FIXO","countryCallingCode":"55","areaCode":"85","number":"33043855"}],"availability":{"standards":[{"weekday":"DOMINGO"},{"weekday":"SEGUNDA_FEIRA"},{"weekday":"TERCA_FEIRA"},{"weekday":"QUARTA_FEIRA"},{"weekday":"QUINTA_FEIRA"},{"weekday":"SEXTA_FEIRA"},{"weekday":"SABADO"}],"exception":"Exceto em datas festivas de Ano Novo, Dia das Mães, Dia dos Pais e Natal"}}],"services":[{"name":"RECEBIMENTOS_PAGAMENTOS_QUALQUER_NATUREZA_OUTRAS_ATIVIDADES_DECORRENTES_EXECUCAO_CONTRATOS_CONVENIOS_PRESTACAO_SERVICOS","code":"RECEBIMENTOS_PAGAMENTOS_QUALQUER_NATUREZA_EXECUCAO_CONTRATOS_CONVENIO"},{"name":"EXECUCAO_ATIVA_PASSIVA_ORDENS_PAGAMENTO_CURSADAS_INTERMEDIO_INSTITUICAO_CONTRATANTE_SOLICITACAO_CLIENTES_USUARIOS","code":"EXECUCAO_ATIVA_PASSIVA_ORDENS_PAGAMENTO"},{"name":"RECEPCAO_ENCAMINHAMENTO_PROPOSTAS_FORNECIMENTO_CARTAO_CREDITO_RESPONSABILIDADE_INSTITUICAO_CONTRATANTE","code":"RECEBE_ENCAMINHA_PROPOSTAS_FORNECIMENTO_CARTAO_CREDITO"},{"name":"RECEPCAO_ENCAMINHAMENTO_PROPOSTAS_OPERACAO_CREDITO_ARRENDAMENTO_MERCANTIL_CONCESSAO_INSTITUICAO_CONTRATANTE","code":"RECEBE_ENCAMINHA_PROPOSTAS_CREDITO_ARRENDAMENTO_MERCANTIL"}]},{"identification":{"corporationName":"LOJAS RENNER S.A.-LOJA PARQUE SHOPPING MAIA","groupName":"LOJAS RENNER S.A.","cnpjNumber":"92754738028334","isUnderestablishment":false},"locations":[{"postalAddress":{"address":"BARTHOLOMEU DE CARLOS, 0, (LUC 2033), SÍTIO TABATINGA","districtName":"JARDIM FLOR DA MONTANHA","townName":"GUARULHOS","countrySubDivision":"SP","postCode":"07097420","country":"Brasil","countryCode":"BRA"},"phones":[{"type":"FIXO","countryCallingCode":"55","areaCode":"85","number":"33043856"}],"availability":{"standards":[{"weekday":"DOMINGO"},{"weekday":"SEGUNDA_FEIRA"},{"weekday":"TERCA_FEIRA"},{"weekday":"QUARTA_FEIRA"},{"weekday":"QUINTA_FEIRA"},{"weekday":"SEXTA_FEIRA"},{"weekday":"SABADO"}],"exception":"Exceto em datas festivas de Ano Novo, Dia das Mães, Dia dos Pais e Natal"}}],"services":[{"name":"RECEBIMENTOS_PAGAMENTOS_QUALQUER_NATUREZA_OUTRAS_ATIVIDADES_DECORRENTES_EXECUCAO_CONTRATOS_CONVENIOS_PRESTACAO_SERVICOS","code":"RECEBIMENTOS_PAGAMENTOS_QUALQUER_NATUREZA_EXECUCAO_CONTRATOS_CONVENIO"},{"name":"EXECUCAO_ATIVA_PASSIVA_ORDENS_PAGAMENTO_CURSADAS_INTERMEDIO_INSTITUICAO_CONTRATANTE_SOLICITACAO_CLIENTES_USUARIOS","code":"EXECUCAO_ATIVA_PASSIVA_ORDENS_PAGAMENTO"},{"name":"RECEPCAO_ENCAMINHAMENTO_PROPOSTAS_FORNECIMENTO_CARTAO_CREDITO_RESPONSABILIDADE_INSTITUICAO_CONTRATANTE","code":"RECEBE_ENCAMINHA_PROPOSTAS_FORNECIMENTO_CARTAO_CREDITO"},{"name":"RECEPCAO_ENCAMINHAMENTO_PROPOSTAS_OPERACAO_CREDITO_ARRENDAMENTO_MERCANTIL_CONCESSAO_INSTITUICAO_CONTRATANTE","code":"RECEBE_ENCAMINHA_PROPOSTAS_CREDITO_ARRENDAMENTO_MERCANTIL"}]},{"identification":{"corporationName":"LOJAS RENNER S.A.-LOJA SHOPPING PÁTIO RORAIMA","groupName":"LOJAS RENNER S.A.","cnpjNumber":"92754738029225","isUnderestablishment":false},"locations":[{"postalAddress":{"address":"AVENIDA JOÃO ALENCAR, Nº 2181, ESPAÇO COMERCIAL Nº 201 - O","districtName":"AEROPORTO","townName":"BOA VISTA","countrySubDivision":"RR","postCode":"69310065","country":"Brasil","countryCode":"BRA"},"phones":[{"type":"FIXO","countryCallingCode":"55","areaCode":"85","number":"33043857"}],"availability":{"standards":[{"weekday":"DOMINGO"},{"weekday":"SEGUNDA_FEIRA"},{"weekday":"TERCA_FEIRA"},{"weekday":"QUARTA_FEIRA"},{"weekday":"QUINTA_FEIRA"},{"weekday":"SEXTA_FEIRA"},{"weekday":"SABADO"}],"exception":"Exceto em datas festivas de Ano Novo, Dia das Mães, Dia dos Pais e Natal"}}],"services":[{"name":"RECEBIMENTOS_PAGAMENTOS_QUALQUER_NATUREZA_OUTRAS_ATIVIDADES_DECORRENTES_EXECUCAO_CONTRATOS_CONVENIOS_PRESTACAO_SERVICOS","code":"RECEBIMENTOS_PAGAMENTOS_QUALQUER_NATUREZA_EXECUCAO_CONTRATOS_CONVENIO"},{"name":"EXECUCAO_ATIVA_PASSIVA_ORDENS_PAGAMENTO_CURSADAS_INTERMEDIO_INSTITUICAO_CONTRATANTE_SOLICITACAO_CLIENTES_USUARIOS","code":"EXECUCAO_ATIVA_PASSIVA_ORDENS_PAGAMENTO"},{"name":"RECEPCAO_ENCAMINHAMENTO_PROPOSTAS_FORNECIMENTO_CARTAO_CREDITO_RESPONSABILIDADE_INSTITUICAO_CONTRATANTE","code":"RECEBE_ENCAMINHA_PROPOSTAS_FORNECIMENTO_CARTAO_CREDITO"},{"name":"RECEPCAO_ENCAMINHAMENTO_PROPOSTAS_OPERACAO_CREDITO_ARRENDAMENTO_MERCANTIL_CONCESSAO_INSTITUICAO_CONTRATANTE","code":"RECEBE_ENCAMINHA_PROPOSTAS_CREDITO_ARRENDAMENTO_MERCANTIL"}]},{"identification":{"corporationName":"LOJAS RENNER S.A.-LOJA 7 DE SETEMBRO","groupName":"LOJAS RENNER S.A.","cnpjNumber":"92754738028091","isUnderestablishment":false},"locations":[{"postalAddress":{"address":"RUA SETE DE SETEMBRO, 111 (LOJA 111-A)'","districtName":"CENTRO","townName":"RIO DE JANEIRO","countrySubDivision":"RJ","postCode":"20050006","country":"Brasil","countryCode":"BRA"},"phones":[{"type":"FIXO","countryCallingCode":"55","areaCode":"85","number":"33043858"}],"availability":{"standards":[{"weekday":"SEGUNDA_FEIRA"},{"weekday":"TERCA_FEIRA"},{"weekday":"QUARTA_FEIRA"},{"weekday":"QUINTA_FEIRA"},{"weekday":"SEXTA_FEIRA"},{"weekday":"SABADO"}],"exception":"Exceto feriados municipais, estaduais e nacionais"}}],"services":[{"name":"RECEBIMENTOS_PAGAMENTOS_QUALQUER_NATUREZA_OUTRAS_ATIVIDADES_DECORRENTES_EXECUCAO_CONTRATOS_CONVENIOS_PRESTACAO_SERVICOS","code":"RECEBIMENTOS_PAGAMENTOS_QUALQUER_NATUREZA_EXECUCAO_CONTRATOS_CONVENIO"},{"name":"EXECUCAO_ATIVA_PASSIVA_ORDENS_PAGAMENTO_CURSADAS_INTERMEDIO_INSTITUICAO_CONTRATANTE_SOLICITACAO_CLIENTES_USUARIOS","code":"EXECUCAO_ATIVA_PASSIVA_ORDENS_PAGAMENTO"},{"name":"RECEPCAO_ENCAMINHAMENTO_PROPOSTAS_FORNECIMENTO_CARTAO_CREDITO_RESPONSABILIDADE_INSTITUICAO_CONTRATANTE","code":"RECEBE_ENCAMINHA_PROPOSTAS_FORNECIMENTO_CARTAO_CREDITO"},{"name":"RECEPCAO_ENCAMINHAMENTO_PROPOSTAS_OPERACAO_CREDITO_ARRENDAMENTO_MERCANTIL_CONCESSAO_INSTITUICAO_CONTRATANTE","code":"RECEBE_ENCAMINHA_PROPOSTAS_CREDITO_ARRENDAMENTO_MERCANTIL"}]},{"identification":{"corporationName":"LOJAS RENNER S.A.-LOJA SHOPPING JARAGUA ARARAQUARA","groupName":"LOJAS RENNER S.A.","cnpjNumber":"92754738031041","isUnderestablishment":false},"locations":[{"postalAddress":{"address":"AVENIDA ALBERTO BENASSI, Nº 2270, LOJA 100, PISO TÉRREO","districtName":"JARDIM BANDEIRANTES","townName":"ARARAQUARA","countrySubDivision":"SP","postCode":"14804300","country":"Brasil","countryCode":"BRA"},"phones":[{"type":"FIXO","countryCallingCode":"55","areaCode":"85","number":"33043859"}],"availability":{"standards":[{"weekday":"DOMINGO"},{"weekday":"SEGUNDA_FEIRA"},{"weekday":"TERCA_FEIRA"},{"weekday":"QUARTA_FEIRA"},{"weekday":"QUINTA_FEIRA"},{"weekday":"SEXTA_FEIRA"},{"weekday":"SABADO"}],"exception":"Exceto em datas festivas de Ano Novo, Dia das Mães, Dia dos Pais e Natal"}}],"services":[{"name":"RECEBIMENTOS_PAGAMENTOS_QUALQUER_NATUREZA_OUTRAS_ATIVIDADES_DECORRENTES_EXECUCAO_CONTRATOS_CONVENIOS_PRESTACAO_SERVICOS","code":"RECEBIMENTOS_PAGAMENTOS_QUALQUER_NATUREZA_EXECUCAO_CONTRATOS_CONVENIO"},{"name":"EXECUCAO_ATIVA_PASSIVA_ORDENS_PAGAMENTO_CURSADAS_INTERMEDIO_INSTITUICAO_CONTRATANTE_SOLICITACAO_CLIENTES_USUARIOS","code":"EXECUCAO_ATIVA_PASSIVA_ORDENS_PAGAMENTO"},{"name":"RECEPCAO_ENCAMINHAMENTO_PROPOSTAS_FORNECIMENTO_CARTAO_CREDITO_RESPONSABILIDADE_INSTITUICAO_CONTRATANTE","code":"RECEBE_ENCAMINHA_PROPOSTAS_FORNECIMENTO_CARTAO_CREDITO"},{"name":"RECEPCAO_ENCAMINHAMENTO_PROPOSTAS_OPERACAO_CREDITO_ARRENDAMENTO_MERCANTIL_CONCESSAO_INSTITUICAO_CONTRATANTE","code":"RECEBE_ENCAMINHA_PROPOSTAS_CREDITO_ARRENDAMENTO_MERCANTIL"}]},{"identification":{"corporationName":"LOJAS RENNER S.A.-LOJA SHOPPING RIO CLARO","groupName":"LOJAS RENNER S.A.","cnpjNumber":"92754738028849","isUnderestablishment":false},"locations":[{"postalAddress":{"address":"AVENIDA CONDE FRANCISCO MATARAZZO JUNIOR, Nº 205 (LUC NºS A, 90, 91 E 92)","districtName":"VILA PAULISTA","townName":"RIO CLARO","countrySubDivision":"SP","postCode":"13506845","country":"Brasil","countryCode":"BRA"},"phones":[{"type":"FIXO","countryCallingCode":"55","areaCode":"85","number":"33043860"}],"availability":{"standards":[{"weekday":"DOMINGO"},{"weekday":"SEGUNDA_FEIRA"},{"weekday":"TERCA_FEIRA"},{"weekday":"QUARTA_FEIRA"},{"weekday":"QUINTA_FEIRA"},{"weekday":"SEXTA_FEIRA"},{"weekday":"SABADO"}],"exception":"Exceto em datas festivas de Ano Novo, Dia das Mães, Dia dos Pais e Natal"}}],"services":[{"name":"RECEBIMENTOS_PAGAMENTOS_QUALQUER_NATUREZA_OUTRAS_ATIVIDADES_DECORRENTES_EXECUCAO_CONTRATOS_CONVENIOS_PRESTACAO_SERVICOS","code":"RECEBIMENTOS_PAGAMENTOS_QUALQUER_NATUREZA_EXECUCAO_CONTRATOS_CONVENIO"},{"name":"EXECUCAO_ATIVA_PASSIVA_ORDENS_PAGAMENTO_CURSADAS_INTERMEDIO_INSTITUICAO_CONTRATANTE_SOLICITACAO_CLIENTES_USUARIOS","code":"EXECUCAO_ATIVA_PASSIVA_ORDENS_PAGAMENTO"},{"name":"RECEPCAO_ENCAMINHAMENTO_PROPOSTAS_FORNECIMENTO_CARTAO_CREDITO_RESPONSABILIDADE_INSTITUICAO_CONTRATANTE","code":"RECEBE_ENCAMINHA_PROPOSTAS_FORNECIMENTO_CARTAO_CREDITO"},{"name":"RECEPCAO_ENCAMINHAMENTO_PROPOSTAS_OPERACAO_CREDITO_ARRENDAMENTO_MERCANTIL_CONCESSAO_INSTITUICAO_CONTRATANTE","code":"RECEBE_ENCAMINHA_PROPOSTAS_CREDITO_ARRENDAMENTO_MERCANTIL"}]},{"identification":{"corporationName":"LOJAS RENNER S.A.-LOJA SHOPPING MANAUS VIA NORTE","groupName":"LOJAS RENNER S.A.","cnpjNumber":"92754738029144","isUnderestablishment":false},"locations":[{"postalAddress":{"address":"AVENIDA ARQUITETO JOSÉ HENRIQUE BENTO RODRIGUES, Nº 3760, ESPAÇO COMERCIAL Nº 202J","districtName":"MONTE DAS OLIVEIRAS","townName":"MANAUS","countrySubDivision":"AM","postCode":"69093149","country":"Brasil","countryCode":"BRA"},"phones":[{"type":"FIXO","countryCallingCode":"55","areaCode":"85","number":"33043861"}],"availability":{"standards":[{"weekday":"DOMINGO"},{"weekday":"SEGUNDA_FEIRA"},{"weekday":"TERCA_FEIRA"},{"weekday":"QUARTA_FEIRA"},{"weekday":"QUINTA_FEIRA"},{"weekday":"SEXTA_FEIRA"},{"weekday":"SABADO"}],"exception":"Exceto em datas festivas de Ano Novo, Dia das Mães, Dia dos Pais e Natal"}}],"services":[{"name":"RECEBIMENTOS_PAGAMENTOS_QUALQUER_NATUREZA_OUTRAS_ATIVIDADES_DECORRENTES_EXECUCAO_CONTRATOS_CONVENIOS_PRESTACAO_SERVICOS","code":"RECEBIMENTOS_PAGAMENTOS_QUALQUER_NATUREZA_EXECUCAO_CONTRATOS_CONVENIO"},{"name":"EXECUCAO_ATIVA_PASSIVA_ORDENS_PAGAMENTO_CURSADAS_INTERMEDIO_INSTITUICAO_CONTRATANTE_SOLICITACAO_CLIENTES_USUARIOS","code":"EXECUCAO_ATIVA_PASSIVA_ORDENS_PAGAMENTO"},{"name":"RECEPCAO_ENCAMINHAMENTO_PROPOSTAS_FORNECIMENTO_CARTAO_CREDITO_RESPONSABILIDADE_INSTITUICAO_CONTRATANTE","code":"RECEBE_ENCAMINHA_PROPOSTAS_FORNECIMENTO_CARTAO_CREDITO"},{"name":"RECEPCAO_ENCAMINHAMENTO_PROPOSTAS_OPERACAO_CREDITO_ARRENDAMENTO_MERCANTIL_CONCESSAO_INSTITUICAO_CONTRATANTE","code":"RECEBE_ENCAMINHA_PROPOSTAS_CREDITO_ARRENDAMENTO_MERCANTIL"}]},{"identification":{"corporationName":"LOJAS RENNER S.A.-LOJA AV. IBIRAPUERA","groupName":"LOJAS RENNER S.A.","cnpjNumber":"92754738029578","isUnderestablishment":false},"locations":[{"postalAddress":{"address":"AVENIDA IBIRAPUERA, Nº 2.601","districtName":"INDIANÓPOLIS","townName":"SAO PAULO","countrySubDivision":"SP","postCode":"04029200","country":"Brasil","countryCode":"BRA"},"phones":[{"type":"FIXO","countryCallingCode":"55","areaCode":"85","number":"33043862"}],"availability":{"standards":[{"weekday":"SEGUNDA_FEIRA"},{"weekday":"TERCA_FEIRA"},{"weekday":"QUARTA_FEIRA"},{"weekday":"QUINTA_FEIRA"},{"weekday":"SEXTA_FEIRA"},{"weekday":"SABADO"}],"exception":"Exceto feriados municipais, estaduais e nacionais"}}],"services":[{"name":"RECEBIMENTOS_PAGAMENTOS_QUALQUER_NATUREZA_OUTRAS_ATIVIDADES_DECORRENTES_EXECUCAO_CONTRATOS_CONVENIOS_PRESTACAO_SERVICOS","code":"RECEBIMENTOS_PAGAMENTOS_QUALQUER_NATUREZA_EXECUCAO_CONTRATOS_CONVENIO"},{"name":"EXECUCAO_ATIVA_PASSIVA_ORDENS_PAGAMENTO_CURSADAS_INTERMEDIO_INSTITUICAO_CONTRATANTE_SOLICITACAO_CLIENTES_USUARIOS","code":"EXECUCAO_ATIVA_PASSIVA_ORDENS_PAGAMENTO"},{"name":"RECEPCAO_ENCAMINHAMENTO_PROPOSTAS_FORNECIMENTO_CARTAO_CREDITO_RESPONSABILIDADE_INSTITUICAO_CONTRATANTE","code":"RECEBE_ENCAMINHA_PROPOSTAS_FORNECIMENTO_CARTAO_CREDITO"},{"name":"RECEPCAO_ENCAMINHAMENTO_PROPOSTAS_OPERACAO_CREDITO_ARRENDAMENTO_MERCANTIL_CONCESSAO_INSTITUICAO_CONTRATANTE","code":"RECEBE_ENCAMINHA_PROPOSTAS_CREDITO_ARRENDAMENTO_MERCANTIL"}]},{"identification":{"corporationName":"LOJAS RENNER S.A.-LOJA SHOPPING TERRAÇO","groupName":"LOJAS RENNER S.A.","cnpjNumber":"92754738029810","isUnderestablishment":false},"locations":[{"postalAddress":{"address":"SHC/AOS EA 02/08, LOTE 05, LOJAS 107, 108, 109, 110 E 111 TÉRREO","districtName":"OCTOGONAL","townName":"BRASILIA","countrySubDivision":"DF","postCode":"70660090","country":"Brasil","countryCode":"BRA"},"phones":[{"type":"FIXO","countryCallingCode":"55","areaCode":"85","number":"33043864"}],"availability":{"standards":[{"weekday":"DOMINGO"},{"weekday":"SEGUNDA_FEIRA"},{"weekday":"TERCA_FEIRA"},{"weekday":"QUARTA_FEIRA"},{"weekday":"QUINTA_FEIRA"},{"weekday":"SEXTA_FEIRA"},{"weekday":"SABADO"}],"exception":"Exceto em datas festivas de Ano Novo, Dia das Mães, Dia dos Pais e Natal"}}],"services":[{"name":"RECEBIMENTOS_PAGAMENTOS_QUALQUER_NATUREZA_OUTRAS_ATIVIDADES_DECORRENTES_EXECUCAO_CONTRATOS_CONVENIOS_PRESTACAO_SERVICOS","code":"RECEBIMENTOS_PAGAMENTOS_QUALQUER_NATUREZA_EXECUCAO_CONTRATOS_CONVENIO"},{"name":"EXECUCAO_ATIVA_PASSIVA_ORDENS_PAGAMENTO_CURSADAS_INTERMEDIO_INSTITUICAO_CONTRATANTE_SOLICITACAO_CLIENTES_USUARIOS","code":"EXECUCAO_ATIVA_PASSIVA_ORDENS_PAGAMENTO"},{"name":"RECEPCAO_ENCAMINHAMENTO_PROPOSTAS_FORNECIMENTO_CARTAO_CREDITO_RESPONSABILIDADE_INSTITUICAO_CONTRATANTE","code":"RECEBE_ENCAMINHA_PROPOSTAS_FORNECIMENTO_CARTAO_CREDITO"},{"name":"RECEPCAO_ENCAMINHAMENTO_PROPOSTAS_OPERACAO_CREDITO_ARRENDAMENTO_MERCANTIL_CONCESSAO_INSTITUICAO_CONTRATANTE","code":"RECEBE_ENCAMINHA_PROPOSTAS_CREDITO_ARRENDAMENTO_MERCANTIL"}]},{"identification":{"corporationName":"LOJAS RENNER S.A.-LOJA LARGO DO MACHADO","groupName":"LOJAS RENNER S.A.","cnpjNumber":"92754738030150","isUnderestablishment":false},"locations":[{"postalAddress":{"address":"RUA DO CATETE, Nº 359","districtName":"CETETE","townName":"RIO DE JANEIRO","countrySubDivision":"RJ","postCode":"22220001","country":"Brasil","countryCode":"BRA"},"phones":[{"type":"FIXO","countryCallingCode":"55","areaCode":"85","number":"33043865"}],"availability":{"standards":[{"weekday":"SEGUNDA_FEIRA"},{"weekday":"TERCA_FEIRA"},{"weekday":"QUARTA_FEIRA"},{"weekday":"QUINTA_FEIRA"},{"weekday":"SEXTA_FEIRA"},{"weekday":"SABADO"}],"exception":"Exceto feriados municipais, estaduais e nacionais"}}],"services":[{"name":"RECEBIMENTOS_PAGAMENTOS_QUALQUER_NATUREZA_OUTRAS_ATIVIDADES_DECORRENTES_EXECUCAO_CONTRATOS_CONVENIOS_PRESTACAO_SERVICOS","code":"RECEBIMENTOS_PAGAMENTOS_QUALQUER_NATUREZA_EXECUCAO_CONTRATOS_CONVENIO"},{"name":"EXECUCAO_ATIVA_PASSIVA_ORDENS_PAGAMENTO_CURSADAS_INTERMEDIO_INSTITUICAO_CONTRATANTE_SOLICITACAO_CLIENTES_USUARIOS","code":"EXECUCAO_ATIVA_PASSIVA_ORDENS_PAGAMENTO"},{"name":"RECEPCAO_ENCAMINHAMENTO_PROPOSTAS_FORNECIMENTO_CARTAO_CREDITO_RESPONSABILIDADE_INSTITUICAO_CONTRATANTE","code":"RECEBE_ENCAMINHA_PROPOSTAS_FORNECIMENTO_CARTAO_CREDITO"},{"name":"RECEPCAO_ENCAMINHAMENTO_PROPOSTAS_OPERACAO_CREDITO_ARRENDAMENTO_MERCANTIL_CONCESSAO_INSTITUICAO_CONTRATANTE","code":"RECEBE_ENCAMINHA_PROPOSTAS_CREDITO_ARRENDAMENTO_MERCANTIL"}]},{"identification":{"corporationName":"LOJAS RENNER S.A.-LOJA BOSQUE GRÃO PARÁ","groupName":"LOJAS RENNER S.A.","cnpjNumber":"92754738032285","isUnderestablishment":false},"locations":[{"postalAddress":{"address":"RODOVIA DOS TRABALHADORES, S/N, LOJAS 0001A, 0008A, 0008B - PISO TÉRREO","districtName":"PARQUE VERDE","townName":"BELEM","countrySubDivision":"PA","postCode":"66635894","country":"Brasil","countryCode":"BRA"},"phones":[{"type":"FIXO","countryCallingCode":"55","areaCode":"85","number":"33043866"}],"availability":{"standards":[{"weekday":"SEGUNDA_FEIRA"},{"weekday":"TERCA_FEIRA"},{"weekday":"QUARTA_FEIRA"},{"weekday":"QUINTA_FEIRA"},{"weekday":"SEXTA_FEIRA"},{"weekday":"SABADO"}],"exception":"Exceto feriados municipais, estaduais e nacionais"}}],"services":[{"name":"RECEBIMENTOS_PAGAMENTOS_QUALQUER_NATUREZA_OUTRAS_ATIVIDADES_DECORRENTES_EXECUCAO_CONTRATOS_CONVENIOS_PRESTACAO_SERVICOS","code":"RECEBIMENTOS_PAGAMENTOS_QUALQUER_NATUREZA_EXECUCAO_CONTRATOS_CONVENIO"},{"name":"EXECUCAO_ATIVA_PASSIVA_ORDENS_PAGAMENTO_CURSADAS_INTERMEDIO_INSTITUICAO_CONTRATANTE_SOLICITACAO_CLIENTES_USUARIOS","code":"EXECUCAO_ATIVA_PASSIVA_ORDENS_PAGAMENTO"},{"name":"RECEPCAO_ENCAMINHAMENTO_PROPOSTAS_FORNECIMENTO_CARTAO_CREDITO_RESPONSABILIDADE_INSTITUICAO_CONTRATANTE","code":"RECEBE_ENCAMINHA_PROPOSTAS_FORNECIMENTO_CARTAO_CREDITO"},{"name":"RECEPCAO_ENCAMINHAMENTO_PROPOSTAS_OPERACAO_CREDITO_ARRENDAMENTO_MERCANTIL_CONCESSAO_INSTITUICAO_CONTRATANTE","code":"RECEBE_ENCAMINHA_PROPOSTAS_CREDITO_ARRENDAMENTO_MERCANTIL"}]},{"identification":{"corporationName":"LOJAS RENNER S.A.-LOJA SHOPPING SUL","groupName":"LOJAS RENNER S.A.","cnpjNumber":"92754738033419","isUnderestablishment":false},"locations":[{"postalAddress":{"address":"QUADRA 1, S/N, BR 040, KM 12, GLEBA F, LOTE 1, LOJA 270","districtName":"PARQUE ESPLANADA III","townName":"VALPARAISO DE GOIAS","countrySubDivision":"GO","postCode":"72876902","country":"Brasil","countryCode":"BRA"},"phones":[{"type":"FIXO","countryCallingCode":"55","areaCode":"85","number":"33043867"}],"availability":{"standards":[{"weekday":"DOMINGO"},{"weekday":"SEGUNDA_FEIRA"},{"weekday":"TERCA_FEIRA"},{"weekday":"QUARTA_FEIRA"},{"weekday":"QUINTA_FEIRA"},{"weekday":"SEXTA_FEIRA"},{"weekday":"SABADO"}],"exception":"Exceto em datas festivas de Ano Novo, Dia das Mães, Dia dos Pais e Natal"}}],"services":[{"name":"RECEBIMENTOS_PAGAMENTOS_QUALQUER_NATUREZA_OUTRAS_ATIVIDADES_DECORRENTES_EXECUCAO_CONTRATOS_CONVENIOS_PRESTACAO_SERVICOS","code":"RECEBIMENTOS_PAGAMENTOS_QUALQUER_NATUREZA_EXECUCAO_CONTRATOS_CONVENIO"},{"name":"EXECUCAO_ATIVA_PASSIVA_ORDENS_PAGAMENTO_CURSADAS_INTERMEDIO_INSTITUICAO_CONTRATANTE_SOLICITACAO_CLIENTES_USUARIOS","code":"EXECUCAO_ATIVA_PASSIVA_ORDENS_PAGAMENTO"},{"name":"RECEPCAO_ENCAMINHAMENTO_PROPOSTAS_FORNECIMENTO_CARTAO_CREDITO_RESPONSABILIDADE_INSTITUICAO_CONTRATANTE","code":"RECEBE_ENCAMINHA_PROPOSTAS_FORNECIMENTO_CARTAO_CREDITO"},{"name":"RECEPCAO_ENCAMINHAMENTO_PROPOSTAS_OPERACAO_CREDITO_ARRENDAMENTO_MERCANTIL_CONCESSAO_INSTITUICAO_CONTRATANTE","code":"RECEBE_ENCAMINHA_PROPOSTAS_CREDITO_ARRENDAMENTO_MERCANTIL"}]},{"identification":{"corporationName":"LOJAS RENNER S.A.-LOJA SHOPPING RIO POTY","groupName":"LOJAS RENNER S.A.","cnpjNumber":"92754738029659","isUnderestablishment":false},"locations":[{"postalAddress":{"address":"AVENIDA MARECHAL CASTELO BRANCO, Nº 911 (SUC Nº 204AB - PISO L2)","districtName":"PORENQUANTO","townName":"TERESINA","countrySubDivision":"PI","postCode":"64000810","country":"Brasil","countryCode":"BRA"},"phones":[{"type":"FIXO","countryCallingCode":"55","areaCode":"85","number":"33043868"}],"availability":{"standards":[{"weekday":"DOMINGO"},{"weekday":"SEGUNDA_FEIRA"},{"weekday":"TERCA_FEIRA"},{"weekday":"QUARTA_FEIRA"},{"weekday":"QUINTA_FEIRA"},{"weekday":"SEXTA_FEIRA"},{"weekday":"SABADO"}],"exception":"Exceto em datas festivas de Ano Novo, Dia das Mães, Dia dos Pais e Natal"}}],"services":[{"name":"RECEBIMENTOS_PAGAMENTOS_QUALQUER_NATUREZA_OUTRAS_ATIVIDADES_DECORRENTES_EXECUCAO_CONTRATOS_CONVENIOS_PRESTACAO_SERVICOS","code":"RECEBIMENTOS_PAGAMENTOS_QUALQUER_NATUREZA_EXECUCAO_CONTRATOS_CONVENIO"},{"name":"EXECUCAO_ATIVA_PASSIVA_ORDENS_PAGAMENTO_CURSADAS_INTERMEDIO_INSTITUICAO_CONTRATANTE_SOLICITACAO_CLIENTES_USUARIOS","code":"EXECUCAO_ATIVA_PASSIVA_ORDENS_PAGAMENTO"},{"name":"RECEPCAO_ENCAMINHAMENTO_PROPOSTAS_FORNECIMENTO_CARTAO_CREDITO_RESPONSABILIDADE_INSTITUICAO_CONTRATANTE","code":"RECEBE_ENCAMINHA_PROPOSTAS_FORNECIMENTO_CARTAO_CREDITO"},{"name":"RECEPCAO_ENCAMINHAMENTO_PROPOSTAS_OPERACAO_CREDITO_ARRENDAMENTO_MERCANTIL_CONCESSAO_INSTITUICAO_CONTRATANTE","code":"RECEBE_ENCAMINHA_PROPOSTAS_CREDITO_ARRENDAMENTO_MERCANTIL"}]},{"identification":{"corporationName":"LOJAS RENNER S.A.-LOJA VÁRZEA GRANDE SHOPPING","groupName":"LOJAS RENNER S.A.","cnpjNumber":"92754738029063","isUnderestablishment":false},"locations":[{"postalAddress":{"address":"RUA PRESIDENTE ARTHUR BERNARDES, ESQUINA COM  A RUA FILINTO MULLER, S/Nº, (AN03 - 1º PAVIMENTO)","districtName":"JARDIM AEROPORTO","townName":"VARZEA GRANDE","countrySubDivision":"MT","postCode":"78125100","country":"Brasil","countryCode":"BRA"},"phones":[{"type":"FIXO","countryCallingCode":"55","areaCode":"85","number":"33043869"}],"availability":{"standards":[{"weekday":"DOMINGO"},{"weekday":"SEGUNDA_FEIRA"},{"weekday":"TERCA_FEIRA"},{"weekday":"QUARTA_FEIRA"},{"weekday":"QUINTA_FEIRA"},{"weekday":"SEXTA_FEIRA"},{"weekday":"SABADO"}],"exception":"Exceto em datas festivas de Ano Novo, Dia das Mães, Dia dos Pais e Natal"}}],"services":[{"name":"RECEBIMENTOS_PAGAMENTOS_QUALQUER_NATUREZA_OUTRAS_ATIVIDADES_DECORRENTES_EXECUCAO_CONTRATOS_CONVENIOS_PRESTACAO_SERVICOS","code":"RECEBIMENTOS_PAGAMENTOS_QUALQUER_NATUREZA_EXECUCAO_CONTRATOS_CONVENIO"},{"name":"EXECUCAO_ATIVA_PASSIVA_ORDENS_PAGAMENTO_CURSADAS_INTERMEDIO_INSTITUICAO_CONTRATANTE_SOLICITACAO_CLIENTES_USUARIOS","code":"EXECUCAO_ATIVA_PASSIVA_ORDENS_PAGAMENTO"},{"name":"RECEPCAO_ENCAMINHAMENTO_PROPOSTAS_FORNECIMENTO_CARTAO_CREDITO_RESPONSABILIDADE_INSTITUICAO_CONTRATANTE","code":"RECEBE_ENCAMINHA_PROPOSTAS_FORNECIMENTO_CARTAO_CREDITO"},{"name":"RECEPCAO_ENCAMINHAMENTO_PROPOSTAS_OPERACAO_CREDITO_ARRENDAMENTO_MERCANTIL_CONCESSAO_INSTITUICAO_CONTRATANTE","code":"RECEBE_ENCAMINHA_PROPOSTAS_CREDITO_ARRENDAMENTO_MERCANTIL"}]},{"identification":{"corporationName":"LOJAS RENNER S.A.-LOJA RIOMAR SHOPPING FORTALEZA","groupName":"LOJAS RENNER S.A.","cnpjNumber":"92754738028415","isUnderestablishment":false},"locations":[{"postalAddress":{"address":"RUA DESEMBARGADOR LAURO NOGUEIRA, Nº 1355 (SALÃO COMERCIAL Nº 2007 - PISO L2)","districtName":"RIOMAR SHOPPING FORTALEZA","townName":"FORTALEZA","countrySubDivision":"CE","postCode":"60175055","country":"Brasil","countryCode":"BRA"},"phones":[{"type":"FIXO","countryCallingCode":"55","areaCode":"85","number":"33043870"}],"availability":{"standards":[{"weekday":"DOMINGO"},{"weekday":"SEGUNDA_FEIRA"},{"weekday":"TERCA_FEIRA"},{"weekday":"QUARTA_FEIRA"},{"weekday":"QUINTA_FEIRA"},{"weekday":"SEXTA_FEIRA"},{"weekday":"SABADO"}],"exception":"Exceto em datas festivas de Ano Novo, Dia das Mães, Dia dos Pais e Natal"}}],"services":[{"name":"RECEBIMENTOS_PAGAMENTOS_QUALQUER_NATUREZA_OUTRAS_ATIVIDADES_DECORRENTES_EXECUCAO_CONTRATOS_CONVENIOS_PRESTACAO_SERVICOS","code":"RECEBIMENTOS_PAGAMENTOS_QUALQUER_NATUREZA_EXECUCAO_CONTRATOS_CONVENIO"},{"name":"EXECUCAO_ATIVA_PASSIVA_ORDENS_PAGAMENTO_CURSADAS_INTERMEDIO_INSTITUICAO_CONTRATANTE_SOLICITACAO_CLIENTES_USUARIOS","code":"EXECUCAO_ATIVA_PASSIVA_ORDENS_PAGAMENTO"},{"name":"RECEPCAO_ENCAMINHAMENTO_PROPOSTAS_FORNECIMENTO_CARTAO_CREDITO_RESPONSABILIDADE_INSTITUICAO_CONTRATANTE","code":"RECEBE_ENCAMINHA_PROPOSTAS_FORNECIMENTO_CARTAO_CREDITO"},{"name":"RECEPCAO_ENCAMINHAMENTO_PROPOSTAS_OPERACAO_CREDITO_ARRENDAMENTO_MERCANTIL_CONCESSAO_INSTITUICAO_CONTRATANTE","code":"RECEBE_ENCAMINHA_PROPOSTAS_CREDITO_ARRENDAMENTO_MERCANTIL"}]},{"identification":{"corporationName":"LOJAS RENNER S.A.-LOJA SHOPPING JARDIM NORTE JUIZ DE FORA","groupName":"LOJAS RENNER S.A.","cnpjNumber":"92754738032528","isUnderestablishment":false},"locations":[{"postalAddress":{"address":"AVENIDA BRASIL, Nº 6345, LOJAS 1024 / 2012, PISOS 1 E 2","districtName":"MARIANO PROCÓPIO","townName":"JUIZ DE FORA","countrySubDivision":"MG","postCode":"36080060","country":"Brasil","countryCode":"BRA"},"phones":[{"type":"FIXO","countryCallingCode":"55","areaCode":"85","number":"33043871"}],"availability":{"standards":[{"weekday":"DOMINGO"},{"weekday":"SEGUNDA_FEIRA"},{"weekday":"TERCA_FEIRA"},{"weekday":"QUARTA_FEIRA"},{"weekday":"QUINTA_FEIRA"},{"weekday":"SEXTA_FEIRA"},{"weekday":"SABADO"}],"exception":"Exceto em datas festivas de Ano Novo, Dia das Mães, Dia dos Pais e Natal"}}],"services":[{"name":"RECEBIMENTOS_PAGAMENTOS_QUALQUER_NATUREZA_OUTRAS_ATIVIDADES_DECORRENTES_EXECUCAO_CONTRATOS_CONVENIOS_PRESTACAO_SERVICOS","code":"RECEBIMENTOS_PAGAMENTOS_QUALQUER_NATUREZA_EXECUCAO_CONTRATOS_CONVENIO"},{"name":"EXECUCAO_ATIVA_PASSIVA_ORDENS_PAGAMENTO_CURSADAS_INTERMEDIO_INSTITUICAO_CONTRATANTE_SOLICITACAO_CLIENTES_USUARIOS","code":"EXECUCAO_ATIVA_PASSIVA_ORDENS_PAGAMENTO"},{"name":"RECEPCAO_ENCAMINHAMENTO_PROPOSTAS_FORNECIMENTO_CARTAO_CREDITO_RESPONSABILIDADE_INSTITUICAO_CONTRATANTE","code":"RECEBE_ENCAMINHA_PROPOSTAS_FORNECIMENTO_CARTAO_CREDITO"},{"name":"RECEPCAO_ENCAMINHAMENTO_PROPOSTAS_OPERACAO_CREDITO_ARRENDAMENTO_MERCANTIL_CONCESSAO_INSTITUICAO_CONTRATANTE","code":"RECEBE_ENCAMINHA_PROPOSTAS_CREDITO_ARRENDAMENTO_MERCANTIL"}]},{"identification":{"corporationName":"LOJAS RENNER S.A.-LOJA PLAZA SHOPPING AVENIDA","groupName":"LOJAS RENNER S.A.","cnpjNumber":"92754738030231","isUnderestablishment":false},"locations":[{"postalAddress":{"address":"AVENIDA JOSÉ MUNIA, Nº 4775, PISO TÉRREO, LOJAS T012/L141","districtName":"JARDIM REDENTOR","townName":"SAO JOSE DO RIO PRETO","countrySubDivision":"SP","postCode":"15085350","country":"Brasil","countryCode":"BRA"},"phones":[{"type":"FIXO","countryCallingCode":"55","areaCode":"85","number":"33043872"}],"availability":{"standards":[{"weekday":"DOMINGO"},{"weekday":"SEGUNDA_FEIRA"},{"weekday":"TERCA_FEIRA"},{"weekday":"QUARTA_FEIRA"},{"weekday":"QUINTA_FEIRA"},{"weekday":"SEXTA_FEIRA"},{"weekday":"SABADO"}],"exception":"Exceto em datas festivas de Ano Novo, Dia das Mães, Dia dos Pais e Natal"}}],"services":[{"name":"RECEBIMENTOS_PAGAMENTOS_QUALQUER_NATUREZA_OUTRAS_ATIVIDADES_DECORRENTES_EXECUCAO_CONTRATOS_CONVENIOS_PRESTACAO_SERVICOS","code":"RECEBIMENTOS_PAGAMENTOS_QUALQUER_NATUREZA_EXECUCAO_CONTRATOS_CONVENIO"},{"name":"EXECUCAO_ATIVA_PASSIVA_ORDENS_PAGAMENTO_CURSADAS_INTERMEDIO_INSTITUICAO_CONTRATANTE_SOLICITACAO_CLIENTES_USUARIOS","code":"EXECUCAO_ATIVA_PASSIVA_ORDENS_PAGAMENTO"},{"name":"RECEPCAO_ENCAMINHAMENTO_PROPOSTAS_FORNECIMENTO_CARTAO_CREDITO_RESPONSABILIDADE_INSTITUICAO_CONTRATANTE","code":"RECEBE_ENCAMINHA_PROPOSTAS_FORNECIMENTO_CARTAO_CREDITO"},{"name":"RECEPCAO_ENCAMINHAMENTO_PROPOSTAS_OPERACAO_CREDITO_ARRENDAMENTO_MERCANTIL_CONCESSAO_INSTITUICAO_CONTRATANTE","code":"RECEBE_ENCAMINHA_PROPOSTAS_CREDITO_ARRENDAMENTO_MERCANTIL"}]}]}]}]},"links":{"self":"http://10.120.192.16/open-banking/channels/v1/banking-agents?page=10&page-size=25","first":"http://10.120.192.16/open-banking/channels/v1/banking-agents?page=1&page-size=25","prev":"http://10.120.192.16/open-banking/channels/v1/banking-agents?page=9&page-size=25","next":"http://10.120.192.16/open-banking/channels/v1/banking-agents?page=11&page-size=25","last":"http://10.120.192.16/open-banking/channels/v1/banking-agents?page=15&page-size=25"},"meta":{"totalRecords":366,"totalPages":15}}

	at br.com.realize.tests.fase01.CanaisAtendimento.CorrespondentesBancarios.tests.GetCorrespondentesBancariosTest.testGarantirContratosCorrespondentesBancarios(GetCorrespondentesBancariosTest.java:108)
]]></failure>
    <system-out><![CDATA[Request method:	GET
Request URI:	http://10.120.192.16/open-banking/channels/v1/banking-agents?page=10&page-size=25
Proxy:			<none>
Request params:	<none>
Query params:	page=10
				page-size=25
Form params:	<none>
Path params:	<none>
Headers:		Accept=*/*
				Content-Type=application/json; charset=UTF-8
Cookies:		<none>
Multiparts:		<none>
Body:			<none>

HTTP/1.1 200 OK
Date: Thu, 24 Jun 2021 01:51:42 GMT
Content-Type: application/json
Transfer-Encoding: chunked
Connection: keep-alive
Content-Encoding: gzip

{
    "data": {
        "name": "REALIZE CFI S.A.",
        "companies": [
            {
                "name": "REALIZE CRÉDITO, FINANCIAMENTO E INVESTIMENTO S.A.",
                "cnpjNumber": "27351731",
                "contractors": [
                    {
                        "name": "REALIZE CRÉDITO, FINANCIAMENTO E INVESTIMENTO S.A.",
                        "cnpjNumber": "27351731000138",
                        "bankingAgents": [
                            {
                                "identification": {
                                    "corporationName": "LOJAS RENNER S.A.-LOJA NATAL SHOPPING",
                                    "groupName": "LOJAS RENNER S.A.",
                                    "cnpjNumber": "92754738025904",
                                    "isUnderestablishment": false
                                },
                                "locations": [
                                    {
                                        "postalAddress": {
                                            "address": "AVENIDA SENADOR SALGADO FILHO, 2234, (ESPAÇO COMERCIAL Nº 368)",
                                            "districtName": "NATAL SHOPPING",
                                            "townName": "NATAL",
                                            "countrySubDivision": "RN",
                                            "postCode": "59064900",
                                            "country": "Brasil",
                                            "countryCode": "BRA"
                                        },
                                        "phones": [
                                            {
                                                "type": "FIXO",
                                                "countryCallingCode": "55",
                                                "areaCode": "85",
                                                "number": "33043847"
                                            }
                                        ],
                                        "availability": {
                                            "standards": [
                                                {
                                                    "weekday": "DOMINGO"
                                                },
                                                {
                                                    "weekday": "SEGUNDA_FEIRA"
                                                },
                                                {
                                                    "weekday": "TERCA_FEIRA"
                                                },
                                                {
                                                    "weekday": "QUARTA_FEIRA"
                                                },
                                                {
                                                    "weekday": "QUINTA_FEIRA"
                                                },
                                                {
                                                    "weekday": "SEXTA_FEIRA"
                                                },
                                                {
                                                    "weekday": "SABADO"
                                                }
                                            ],
                                            "exception": "Exceto em datas festivas de Ano Novo, Dia das Mães, Dia dos Pais e Natal"
                                        }
                                    }
                                ],
                                "services": [
                                    {
                                        "name": "RECEBIMENTOS_PAGAMENTOS_QUALQUER_NATUREZA_OUTRAS_ATIVIDADES_DECORRENTES_EXECUCAO_CONTRATOS_CONVENIOS_PRESTACAO_SERVICOS",
                                        "code": "RECEBIMENTOS_PAGAMENTOS_QUALQUER_NATUREZA_EXECUCAO_CONTRATOS_CONVENIO"
                                    },
                                    {
                                        "name": "EXECUCAO_ATIVA_PASSIVA_ORDENS_PAGAMENTO_CURSADAS_INTERMEDIO_INSTITUICAO_CONTRATANTE_SOLICITACAO_CLIENTES_USUARIOS",
                                        "code": "EXECUCAO_ATIVA_PASSIVA_ORDENS_PAGAMENTO"
                                    },
                                    {
                                        "name": "RECEPCAO_ENCAMINHAMENTO_PROPOSTAS_FORNECIMENTO_CARTAO_CREDITO_RESPONSABILIDADE_INSTITUICAO_CONTRATANTE",
                                        "code": "RECEBE_ENCAMINHA_PROPOSTAS_FORNECIMENTO_CARTAO_CREDITO"
                                    },
                                    {
                                        "name": "RECEPCAO_ENCAMINHAMENTO_PROPOSTAS_OPERACAO_CREDITO_ARRENDAMENTO_MERCANTIL_CONCESSAO_INSTITUICAO_CONTRATANTE",
                                        "code": "RECEBE_ENCAMINHA_PROPOSTAS_CREDITO_ARRENDAMENTO_MERCANTIL"
                                    }
                                ]
                            },
                            {
                                "identification": {
                                    "corporationName": "LOJAS RENNER S.A.-LOJA SHOPPING MONTSERRAT",
                                    "groupName": "LOJAS RENNER S.A.",
                                    "cnpjNumber": "92754738027605",
                                    "isUnderestablishment": false
                                },
                                "locations": [
                                    {
                                        "postalAddress": {
                                            "address": "AVENIDA ELDES SCHERRER SOUZA, Nº 2162, (SUC Nº 103M – PISO L-1)",
                                            "districtName": "PLANALTO DE CARAPINA",
                                            "townName": "SERRA",
                                            "countrySubDivision": "ES",
                                            "postCode": "29162741",
                                            "country": "Brasil",
                                            "countryCode": "BRA"
                                        },
                                        "phones": [
                                            {
                                                "type": "FIXO",
                                                "countryCallingCode": "55",
                                                "areaCode": "85",
                                                "number": "33043848"
                                            }
                                        ],
                                        "availability": {
                                            "standards": [
                                                {
                                                    "weekday": "DOMINGO"
                                                },
                                                {
                                                    "weekday": "SEGUNDA_FEIRA"
                                                },
                                                {
                                                    "weekday": "TERCA_FEIRA"
                                                },
                                                {
                                                    "weekday": "QUARTA_FEIRA"
                                                },
                                                {
                                                    "weekday": "QUINTA_FEIRA"
                                                },
                                                {
                                                    "weekday": "SEXTA_FEIRA"
                                                },
                                                {
                                                    "weekday": "SABADO"
                                                }
                                            ],
                                            "exception": "Exceto em datas festivas de Ano Novo, Dia das Mães, Dia dos Pais e Natal"
                                        }
                                    }
                                ],
                                "services": [
                                    {
                                        "name": "RECEBIMENTOS_PAGAMENTOS_QUALQUER_NATUREZA_OUTRAS_ATIVIDADES_DECORRENTES_EXECUCAO_CONTRATOS_CONVENIOS_PRESTACAO_SERVICOS",
                                        "code": "RECEBIMENTOS_PAGAMENTOS_QUALQUER_NATUREZA_EXECUCAO_CONTRATOS_CONVENIO"
                                    },
                                    {
                                        "name": "EXECUCAO_ATIVA_PASSIVA_ORDENS_PAGAMENTO_CURSADAS_INTERMEDIO_INSTITUICAO_CONTRATANTE_SOLICITACAO_CLIENTES_USUARIOS",
                                        "code": "EXECUCAO_ATIVA_PASSIVA_ORDENS_PAGAMENTO"
                                    },
                                    {
                                        "name": "RECEPCAO_ENCAMINHAMENTO_PROPOSTAS_FORNECIMENTO_CARTAO_CREDITO_RESPONSABILIDADE_INSTITUICAO_CONTRATANTE",
                                        "code": "RECEBE_ENCAMINHA_PROPOSTAS_FORNECIMENTO_CARTAO_CREDITO"
                                    },
                                    {
                                        "name": "RECEPCAO_ENCAMINHAMENTO_PROPOSTAS_OPERACAO_CREDITO_ARRENDAMENTO_MERCANTIL_CONCESSAO_INSTITUICAO_CONTRATANTE",
                                        "code": "RECEBE_ENCAMINHA_PROPOSTAS_CREDITO_ARRENDAMENTO_MERCANTIL"
                                    }
                                ]
                            },
                            {
                                "identification": {
                                    "corporationName": "LOJAS RENNER S.A.-LOJA SHOPPING VALE DO AÇO",
                                    "groupName": "LOJAS RENNER S.A.",
                                    "cnpjNumber": "92754738030070",
                                    "isUnderestablishment": false
                                },
                                "locations": [
                                    {
                                        "postalAddress": {
                                            "address": "AVENIDA PEDRO LINHARES GOMES, Nº 3900, (LOJA Nº 153 NO 1º PISO E Nº 262 NO 2º PISO)",
                                            "districtName": "INDUSTRIAL",
                                            "townName": "IPATINGA",
                                            "countrySubDivision": "MG",
                                            "postCode": "35160290",
                                            "country": "Brasil",
                                            "countryCode": "BRA"
                                        },
                                        "phones": [
                                            {
                                                "type": "FIXO",
                                                "countryCallingCode": "55",
                                                "areaCode": "85",
                                                "number": "33043849"
                                            }
                                        ],
                                        "availability": {
                                            "standards": [
                                                {
                                                    "weekday": "DOMINGO"
                                                },
                                                {
                                                    "weekday": "SEGUNDA_FEIRA"
                                                },
                                                {
                                                    "weekday": "TERCA_FEIRA"
                                                },
                                                {
                                                    "weekday": "QUARTA_FEIRA"
                                                },
                                                {
                                                    "weekday": "QUINTA_FEIRA"
                                                },
                                                {
                                                    "weekday": "SEXTA_FEIRA"
                                                },
                                                {
                                                    "weekday": "SABADO"
                                                }
                                            ],
                                            "exception": "Exceto em datas festivas de Ano Novo, Dia das Mães, Dia dos Pais e Natal"
                                        }
                                    }
                                ],
                                "services": [
                                    {
                                        "name": "RECEBIMENTOS_PAGAMENTOS_QUALQUER_NATUREZA_OUTRAS_ATIVIDADES_DECORRENTES_EXECUCAO_CONTRATOS_CONVENIOS_PRESTACAO_SERVICOS",
                                        "code": "RECEBIMENTOS_PAGAMENTOS_QUALQUER_NATUREZA_EXECUCAO_CONTRATOS_CONVENIO"
                                    },
                                    {
                                        "name": "EXECUCAO_ATIVA_PASSIVA_ORDENS_PAGAMENTO_CURSADAS_INTERMEDIO_INSTITUICAO_CONTRATANTE_SOLICITACAO_CLIENTES_USUARIOS",
                                        "code": "EXECUCAO_ATIVA_PASSIVA_ORDENS_PAGAMENTO"
                                    },
                                    {
                                        "name": "RECEPCAO_ENCAMINHAMENTO_PROPOSTAS_FORNECIMENTO_CARTAO_CREDITO_RESPONSABILIDADE_INSTITUICAO_CONTRATANTE",
                                        "code": "RECEBE_ENCAMINHA_PROPOSTAS_FORNECIMENTO_CARTAO_CREDITO"
                                    },
                                    {
                                        "name": "RECEPCAO_ENCAMINHAMENTO_PROPOSTAS_OPERACAO_CREDITO_ARRENDAMENTO_MERCANTIL_CONCESSAO_INSTITUICAO_CONTRATANTE",
                                        "code": "RECEBE_ENCAMINHA_PROPOSTAS_CREDITO_ARRENDAMENTO_MERCANTIL"
                                    }
                                ]
                            },
                            {
                                "identification": {
                                    "corporationName": "LOJAS RENNER S.A.-LOJA SHOPPING PRAÇA NOVA ARAÇATUBA",
                                    "groupName": "LOJAS RENNER S.A.",
                                    "cnpjNumber": "92754738027796",
                                    "isUnderestablishment": false
                                },
                                "locations": [
                                    {
                                        "postalAddress": {
                                            "address": "AVENIDA GOVERNADOR MARIO COVAS, Nº 6001, (EUC Nº51 - PISO TÉRREO)",
                                            "districtName": "SHOPPING PRAÇA NOVA ARAÇATUBA",
                                            "townName": "ARACATUBA",
                                            "countrySubDivision": "SP",
                                            "postCode": "16071245",
                                            "country": "Brasil",
                                            "countryCode": "BRA"
                                        },
                                        "phones": [
                                            {
                                                "type": "FIXO",
                                                "countryCallingCode": "55",
                                                "areaCode": "85",
                                                "number": "33043850"
                                            }
                                        ],
                                        "availability": {
                                            "standards": [
                                                {
                                                    "weekday": "DOMINGO"
                                                },
                                                {
                                                    "weekday": "SEGUNDA_FEIRA"
                                                },
                                                {
                                                    "weekday": "TERCA_FEIRA"
                                                },
                                                {
                                                    "weekday": "QUARTA_FEIRA"
                                                },
                                                {
                                                    "weekday": "QUINTA_FEIRA"
                                                },
                                                {
                                                    "weekday": "SEXTA_FEIRA"
                                                },
                                                {
                                                    "weekday": "SABADO"
                                                }
                                            ],
                                            "exception": "Exceto em datas festivas de Ano Novo, Dia das Mães, Dia dos Pais e Natal"
                                        }
                                    }
                                ],
                                "services": [
                                    {
                                        "name": "RECEBIMENTOS_PAGAMENTOS_QUALQUER_NATUREZA_OUTRAS_ATIVIDADES_DECORRENTES_EXECUCAO_CONTRATOS_CONVENIOS_PRESTACAO_SERVICOS",
                                        "code": "RECEBIMENTOS_PAGAMENTOS_QUALQUER_NATUREZA_EXECUCAO_CONTRATOS_CONVENIO"
                                    },
                                    {
                                        "name": "EXECUCAO_ATIVA_PASSIVA_ORDENS_PAGAMENTO_CURSADAS_INTERMEDIO_INSTITUICAO_CONTRATANTE_SOLICITACAO_CLIENTES_USUARIOS",
                                        "code": "EXECUCAO_ATIVA_PASSIVA_ORDENS_PAGAMENTO"
                                    },
                                    {
                                        "name": "RECEPCAO_ENCAMINHAMENTO_PROPOSTAS_FORNECIMENTO_CARTAO_CREDITO_RESPONSABILIDADE_INSTITUICAO_CONTRATANTE",
                                        "code": "RECEBE_ENCAMINHA_PROPOSTAS_FORNECIMENTO_CARTAO_CREDITO"
                                    },
                                    {
                                        "name": "RECEPCAO_ENCAMINHAMENTO_PROPOSTAS_OPERACAO_CREDITO_ARRENDAMENTO_MERCANTIL_CONCESSAO_INSTITUICAO_CONTRATANTE",
                                        "code": "RECEBE_ENCAMINHA_PROPOSTAS_CREDITO_ARRENDAMENTO_MERCANTIL"
                                    }
                                ]
                            },
                            {
                                "identification": {
                                    "corporationName": "LOJAS RENNER S.A.-LOJA BURITÍ SHOPPING RIO VERDE",
                                    "groupName": "LOJAS RENNER S.A.",
                                    "cnpjNumber": "92754738029306",
                                    "isUnderestablishment": false
                                },
                                "locations": [
                                    {
                                        "postalAddress": {
                                            "address": "RUA O, S/N, QUADRA 14, LOTE 6, LUC'S Nº 156/157/158/159",
                                            "districtName": "SETOR JARDIM CAMPESTRE",
                                            "townName": "RIO VERDE",
                                            "countrySubDivision": "GO",
                                            "postCode": "75907681",
                                            "country": "Brasil",
                                            "countryCode": "BRA"
                                        },
                                        "phones": [
                                            {
                                                "type": "FIXO",
                                                "countryCallingCode": "55",
                                                "areaCode": "85",
                                                "number": "33043851"
                                            }
                                        ],
                                        "availability": {
                                            "standards": [
                                                {
                                                    "weekday": "DOMINGO"
                                                },
                                                {
                                                    "weekday": "SEGUNDA_FEIRA"
                                                },
                                                {
                                                    "weekday": "TERCA_FEIRA"
                                                },
                                                {
                                                    "weekday": "QUARTA_FEIRA"
                                                },
                                                {
                                                    "weekday": "QUINTA_FEIRA"
                                                },
                                                {
                                                    "weekday": "SEXTA_FEIRA"
                                                },
                                                {
                                                    "weekday": "SABADO"
                                                }
                                            ],
                                            "exception": "Exceto em datas festivas de Ano Novo, Dia das Mães, Dia dos Pais e Natal"
                                        }
                                    }
                                ],
                                "services": [
                                    {
                                        "name": "RECEBIMENTOS_PAGAMENTOS_QUALQUER_NATUREZA_OUTRAS_ATIVIDADES_DECORRENTES_EXECUCAO_CONTRATOS_CONVENIOS_PRESTACAO_SERVICOS",
                                        "code": "RECEBIMENTOS_PAGAMENTOS_QUALQUER_NATUREZA_EXECUCAO_CONTRATOS_CONVENIO"
                                    },
                                    {
                                        "name": "EXECUCAO_ATIVA_PASSIVA_ORDENS_PAGAMENTO_CURSADAS_INTERMEDIO_INSTITUICAO_CONTRATANTE_SOLICITACAO_CLIENTES_USUARIOS",
                                        "code": "EXECUCAO_ATIVA_PASSIVA_ORDENS_PAGAMENTO"
                                    },
                                    {
                                        "name": "RECEPCAO_ENCAMINHAMENTO_PROPOSTAS_FORNECIMENTO_CARTAO_CREDITO_RESPONSABILIDADE_INSTITUICAO_CONTRATANTE",
                                        "code": "RECEBE_ENCAMINHA_PROPOSTAS_FORNECIMENTO_CARTAO_CREDITO"
                                    },
                                    {
                                        "name": "RECEPCAO_ENCAMINHAMENTO_PROPOSTAS_OPERACAO_CREDITO_ARRENDAMENTO_MERCANTIL_CONCESSAO_INSTITUICAO_CONTRATANTE",
                                        "code": "RECEBE_ENCAMINHA_PROPOSTAS_CREDITO_ARRENDAMENTO_MERCANTIL"
                                    }
                                ]
                            },
                            {
                                "identification": {
                                    "corporationName": "LOJAS RENNER S.A.-LOJA SÃO LUÍS SHOPPING",
                                    "groupName": "LOJAS RENNER S.A.",
                                    "cnpjNumber": "92754738028920",
                                    "isUnderestablishment": false
                                },
                                "locations": [
                                    {
                                        "postalAddress": {
                                            "address": "AVENIDA PROFESSOR CARLOS CUNHA, Nº 1.000 (LUC 301 ÂNCORA - 1 - PISO L1)",
                                            "districtName": "JARACATY",
                                            "townName": "SAO LUIS",
                                            "countrySubDivision": "MA",
                                            "postCode": "65076820",
                                            "country": "Brasil",
                                            "countryCode": "BRA"
                                        },
                                        "phones": [
                                            {
                                                "type": "FIXO",
                                                "countryCallingCode": "55",
                                                "areaCode": "85",
                                                "number": "33043852"
                                            }
                                        ],
                                        "availability": {
                                            "standards": [
                                                {
                                                    "weekday": "DOMINGO"
                                                },
                                                {
                                                    "weekday": "SEGUNDA_FEIRA"
                                                },
                                                {
                                                    "weekday": "TERCA_FEIRA"
                                                },
                                                {
                                                    "weekday": "QUARTA_FEIRA"
                                                },
                                                {
                                                    "weekday": "QUINTA_FEIRA"
                                                },
                                                {
                                                    "weekday": "SEXTA_FEIRA"
                                                },
                                                {
                                                    "weekday": "SABADO"
                                                }
                                            ],
                                            "exception": "Exceto em datas festivas de Ano Novo, Dia das Mães, Dia dos Pais e Natal"
                                        }
                                    }
                                ],
                                "services": [
                                    {
                                        "name": "RECEBIMENTOS_PAGAMENTOS_QUALQUER_NATUREZA_OUTRAS_ATIVIDADES_DECORRENTES_EXECUCAO_CONTRATOS_CONVENIOS_PRESTACAO_SERVICOS",
                                        "code": "RECEBIMENTOS_PAGAMENTOS_QUALQUER_NATUREZA_EXECUCAO_CONTRATOS_CONVENIO"
                                    },
                                    {
                                        "name": "EXECUCAO_ATIVA_PASSIVA_ORDENS_PAGAMENTO_CURSADAS_INTERMEDIO_INSTITUICAO_CONTRATANTE_SOLICITACAO_CLIENTES_USUARIOS",
                                        "code": "EXECUCAO_ATIVA_PASSIVA_ORDENS_PAGAMENTO"
                                    },
                                    {
                                        "name": "RECEPCAO_ENCAMINHAMENTO_PROPOSTAS_FORNECIMENTO_CARTAO_CREDITO_RESPONSABILIDADE_INSTITUICAO_CONTRATANTE",
                                        "code": "RECEBE_ENCAMINHA_PROPOSTAS_FORNECIMENTO_CARTAO_CREDITO"
                                    },
                                    {
                                        "name": "RECEPCAO_ENCAMINHAMENTO_PROPOSTAS_OPERACAO_CREDITO_ARRENDAMENTO_MERCANTIL_CONCESSAO_INSTITUICAO_CONTRATANTE",
                                        "code": "RECEBE_ENCAMINHA_PROPOSTAS_CREDITO_ARRENDAMENTO_MERCANTIL"
                                    }
                                ]
                            },
                            {
                                "identification": {
                                    "corporationName": "LOJAS RENNER S.A.-LOJA MOXUARA SHOPPING",
                                    "groupName": "LOJAS RENNER S.A.",
                                    "cnpjNumber": "92754738025661",
                                    "isUnderestablishment": false
                                },
                                "locations": [
                                    {
                                        "postalAddress": {
                                            "address": "AVENIDA MARIO GURGEL, N° 5353, LOJA 307JKLMQ, PISO L3",
                                            "districtName": "SÃO FRANCISCO",
                                            "townName": "CARIACICA",
                                            "countrySubDivision": "ES",
                                            "postCode": "29145910",
                                            "country": "Brasil",
                                            "countryCode": "BRA"
                                        },
                                        "phones": [
                                            {
                                                "type": "FIXO",
                                                "countryCallingCode": "55",
                                                "areaCode": "85",
                                                "number": "33043853"
                                            }
                                        ],
                                        "availability": {
                                            "standards": [
                                                {
                                                    "weekday": "DOMINGO"
                                                },
                                                {
                                                    "weekday": "SEGUNDA_FEIRA"
                                                },
                                                {
                                                    "weekday": "TERCA_FEIRA"
                                                },
                                                {
                                                    "weekday": "QUARTA_FEIRA"
                                                },
                                                {
                                                    "weekday": "QUINTA_FEIRA"
                                                },
                                                {
                                                    "weekday": "SEXTA_FEIRA"
                                                },
                                                {
                                                    "weekday": "SABADO"
                                                }
                                            ],
                                            "exception": "Exceto em datas festivas de Ano Novo, Dia das Mães, Dia dos Pais e Natal"
                                        }
                                    }
                                ],
                                "services": [
                                    {
                                        "name": "RECEBIMENTOS_PAGAMENTOS_QUALQUER_NATUREZA_OUTRAS_ATIVIDADES_DECORRENTES_EXECUCAO_CONTRATOS_CONVENIOS_PRESTACAO_SERVICOS",
                                        "code": "RECEBIMENTOS_PAGAMENTOS_QUALQUER_NATUREZA_EXECUCAO_CONTRATOS_CONVENIO"
                                    },
                                    {
                                        "name": "EXECUCAO_ATIVA_PASSIVA_ORDENS_PAGAMENTO_CURSADAS_INTERMEDIO_INSTITUICAO_CONTRATANTE_SOLICITACAO_CLIENTES_USUARIOS",
                                        "code": "EXECUCAO_ATIVA_PASSIVA_ORDENS_PAGAMENTO"
                                    },
                                    {
                                        "name": "RECEPCAO_ENCAMINHAMENTO_PROPOSTAS_FORNECIMENTO_CARTAO_CREDITO_RESPONSABILIDADE_INSTITUICAO_CONTRATANTE",
                                        "code": "RECEBE_ENCAMINHA_PROPOSTAS_FORNECIMENTO_CARTAO_CREDITO"
                                    },
                                    {
                                        "name": "RECEPCAO_ENCAMINHAMENTO_PROPOSTAS_OPERACAO_CREDITO_ARRENDAMENTO_MERCANTIL_CONCESSAO_INSTITUICAO_CONTRATANTE",
                                        "code": "RECEBE_ENCAMINHA_PROPOSTAS_CREDITO_ARRENDAMENTO_MERCANTIL"
                                    }
                                ]
                            },
                            {
                                "identification": {
                                    "corporationName": "LOJAS RENNER S.A.-LOJA MOSSORÓ WEST SHOPPING",
                                    "groupName": "LOJAS RENNER S.A.",
                                    "cnpjNumber": "92754738028504",
                                    "isUnderestablishment": false
                                },
                                "locations": [
                                    {
                                        "postalAddress": {
                                            "address": "AVENIDA JOÃO DA ESCOSSIA, Nº 1515 (EUC N° 001C – ÂNCORA 02 – PISO TÉRREO)",
                                            "districtName": "NOVA BETÂNIA",
                                            "townName": "MOSSORO",
                                            "countrySubDivision": "RN",
                                            "postCode": "59607330",
                                            "country": "Brasil",
                                            "countryCode": "BRA"
                                        },
                                        "phones": [
                                            {
                                                "type": "FIXO",
                                                "countryCallingCode": "55",
                                                "areaCode": "85",
                                                "number": "33043854"
                                            }
                                        ],
                                        "availability": {
                                            "standards": [
                                                {
                                                    "weekday": "DOMINGO"
                                                },
                                                {
                                                    "weekday": "SEGUNDA_FEIRA"
                                                },
                                                {
                                                    "weekday": "TERCA_FEIRA"
                                                },
                                                {
                                                    "weekday": "QUARTA_FEIRA"
                                                },
                                                {
                                                    "weekday": "QUINTA_FEIRA"
                                                },
                                                {
                                                    "weekday": "SEXTA_FEIRA"
                                                },
                                                {
                                                    "weekday": "SABADO"
                                                }
                                            ],
                                            "exception": "Exceto em datas festivas de Ano Novo, Dia das Mães, Dia dos Pais e Natal"
                                        }
                                    }
                                ],
                                "services": [
                                    {
                                        "name": "RECEBIMENTOS_PAGAMENTOS_QUALQUER_NATUREZA_OUTRAS_ATIVIDADES_DECORRENTES_EXECUCAO_CONTRATOS_CONVENIOS_PRESTACAO_SERVICOS",
                                        "code": "RECEBIMENTOS_PAGAMENTOS_QUALQUER_NATUREZA_EXECUCAO_CONTRATOS_CONVENIO"
                                    },
                                    {
                                        "name": "EXECUCAO_ATIVA_PASSIVA_ORDENS_PAGAMENTO_CURSADAS_INTERMEDIO_INSTITUICAO_CONTRATANTE_SOLICITACAO_CLIENTES_USUARIOS",
                                        "code": "EXECUCAO_ATIVA_PASSIVA_ORDENS_PAGAMENTO"
                                    },
                                    {
                                        "name": "RECEPCAO_ENCAMINHAMENTO_PROPOSTAS_FORNECIMENTO_CARTAO_CREDITO_RESPONSABILIDADE_INSTITUICAO_CONTRATANTE",
                                        "code": "RECEBE_ENCAMINHA_PROPOSTAS_FORNECIMENTO_CARTAO_CREDITO"
                                    },
                                    {
                                        "name": "RECEPCAO_ENCAMINHAMENTO_PROPOSTAS_OPERACAO_CREDITO_ARRENDAMENTO_MERCANTIL_CONCESSAO_INSTITUICAO_CONTRATANTE",
                                        "code": "RECEBE_ENCAMINHA_PROPOSTAS_CREDITO_ARRENDAMENTO_MERCANTIL"
                                    }
                                ]
                            },
                            {
                                "identification": {
                                    "corporationName": "LOJAS RENNER S.A.-LOJA SHOPPING VILA VELHA",
                                    "groupName": "LOJAS RENNER S.A.",
                                    "cnpjNumber": "92754738029497",
                                    "isUnderestablishment": false
                                },
                                "locations": [
                                    {
                                        "postalAddress": {
                                            "address": "RUA LUCIANO DAS NEVES, Nº 2418 (LUC 1001 - PISO L1)",
                                            "districtName": "DIVINO ESPÍRITO SANTO",
                                            "townName": "VILA VELHA",
                                            "countrySubDivision": "ES",
                                            "postCode": "29107900",
                                            "country": "Brasil",
                                            "countryCode": "BRA"
                                        },
                                        "phones": [
                                            {
                                                "type": "FIXO",
                                                "countryCallingCode": "55",
                                                "areaCode": "85",
                                                "number": "33043855"
                                            }
                                        ],
                                        "availability": {
                                            "standards": [
                                                {
                                                    "weekday": "DOMINGO"
                                                },
                                                {
                                                    "weekday": "SEGUNDA_FEIRA"
                                                },
                                                {
                                                    "weekday": "TERCA_FEIRA"
                                                },
                                                {
                                                    "weekday": "QUARTA_FEIRA"
                                                },
                                                {
                                                    "weekday": "QUINTA_FEIRA"
                                                },
                                                {
                                                    "weekday": "SEXTA_FEIRA"
                                                },
                                                {
                                                    "weekday": "SABADO"
                                                }
                                            ],
                                            "exception": "Exceto em datas festivas de Ano Novo, Dia das Mães, Dia dos Pais e Natal"
                                        }
                                    }
                                ],
                                "services": [
                                    {
                                        "name": "RECEBIMENTOS_PAGAMENTOS_QUALQUER_NATUREZA_OUTRAS_ATIVIDADES_DECORRENTES_EXECUCAO_CONTRATOS_CONVENIOS_PRESTACAO_SERVICOS",
                                        "code": "RECEBIMENTOS_PAGAMENTOS_QUALQUER_NATUREZA_EXECUCAO_CONTRATOS_CONVENIO"
                                    },
                                    {
                                        "name": "EXECUCAO_ATIVA_PASSIVA_ORDENS_PAGAMENTO_CURSADAS_INTERMEDIO_INSTITUICAO_CONTRATANTE_SOLICITACAO_CLIENTES_USUARIOS",
                                        "code": "EXECUCAO_ATIVA_PASSIVA_ORDENS_PAGAMENTO"
                                    },
                                    {
                                        "name": "RECEPCAO_ENCAMINHAMENTO_PROPOSTAS_FORNECIMENTO_CARTAO_CREDITO_RESPONSABILIDADE_INSTITUICAO_CONTRATANTE",
                                        "code": "RECEBE_ENCAMINHA_PROPOSTAS_FORNECIMENTO_CARTAO_CREDITO"
                                    },
                                    {
                                        "name": "RECEPCAO_ENCAMINHAMENTO_PROPOSTAS_OPERACAO_CREDITO_ARRENDAMENTO_MERCANTIL_CONCESSAO_INSTITUICAO_CONTRATANTE",
                                        "code": "RECEBE_ENCAMINHA_PROPOSTAS_CREDITO_ARRENDAMENTO_MERCANTIL"
                                    }
                                ]
                            },
                            {
                                "identification": {
                                    "corporationName": "LOJAS RENNER S.A.-LOJA PARQUE SHOPPING MAIA",
                                    "groupName": "LOJAS RENNER S.A.",
                                    "cnpjNumber": "92754738028334",
                                    "isUnderestablishment": false
                                },
                                "locations": [
                                    {
                                        "postalAddress": {
                                            "address": "BARTHOLOMEU DE CARLOS, 0, (LUC 2033), SÍTIO TABATINGA",
                                            "districtName": "JARDIM FLOR DA MONTANHA",
                                            "townName": "GUARULHOS",
                                            "countrySubDivision": "SP",
                                            "postCode": "07097420",
                                            "country": "Brasil",
                                            "countryCode": "BRA"
                                        },
                                        "phones": [
                                            {
                                                "type": "FIXO",
                                                "countryCallingCode": "55",
                                                "areaCode": "85",
                                                "number": "33043856"
                                            }
                                        ],
                                        "availability": {
                                            "standards": [
                                                {
                                                    "weekday": "DOMINGO"
                                                },
                                                {
                                                    "weekday": "SEGUNDA_FEIRA"
                                                },
                                                {
                                                    "weekday": "TERCA_FEIRA"
                                                },
                                                {
                                                    "weekday": "QUARTA_FEIRA"
                                                },
                                                {
                                                    "weekday": "QUINTA_FEIRA"
                                                },
                                                {
                                                    "weekday": "SEXTA_FEIRA"
                                                },
                                                {
                                                    "weekday": "SABADO"
                                                }
                                            ],
                                            "exception": "Exceto em datas festivas de Ano Novo, Dia das Mães, Dia dos Pais e Natal"
                                        }
                                    }
                                ],
                                "services": [
                                    {
                                        "name": "RECEBIMENTOS_PAGAMENTOS_QUALQUER_NATUREZA_OUTRAS_ATIVIDADES_DECORRENTES_EXECUCAO_CONTRATOS_CONVENIOS_PRESTACAO_SERVICOS",
                                        "code": "RECEBIMENTOS_PAGAMENTOS_QUALQUER_NATUREZA_EXECUCAO_CONTRATOS_CONVENIO"
                                    },
                                    {
                                        "name": "EXECUCAO_ATIVA_PASSIVA_ORDENS_PAGAMENTO_CURSADAS_INTERMEDIO_INSTITUICAO_CONTRATANTE_SOLICITACAO_CLIENTES_USUARIOS",
                                        "code": "EXECUCAO_ATIVA_PASSIVA_ORDENS_PAGAMENTO"
                                    },
                                    {
                                        "name": "RECEPCAO_ENCAMINHAMENTO_PROPOSTAS_FORNECIMENTO_CARTAO_CREDITO_RESPONSABILIDADE_INSTITUICAO_CONTRATANTE",
                                        "code": "RECEBE_ENCAMINHA_PROPOSTAS_FORNECIMENTO_CARTAO_CREDITO"
                                    },
                                    {
                                        "name": "RECEPCAO_ENCAMINHAMENTO_PROPOSTAS_OPERACAO_CREDITO_ARRENDAMENTO_MERCANTIL_CONCESSAO_INSTITUICAO_CONTRATANTE",
                                        "code": "RECEBE_ENCAMINHA_PROPOSTAS_CREDITO_ARRENDAMENTO_MERCANTIL"
                                    }
                                ]
                            },
                            {
                                "identification": {
                                    "corporationName": "LOJAS RENNER S.A.-LOJA SHOPPING PÁTIO RORAIMA",
                                    "groupName": "LOJAS RENNER S.A.",
                                    "cnpjNumber": "92754738029225",
                                    "isUnderestablishment": false
                                },
                                "locations": [
                                    {
                                        "postalAddress": {
                                            "address": "AVENIDA JOÃO ALENCAR, Nº 2181, ESPAÇO COMERCIAL Nº 201 - O",
                                            "districtName": "AEROPORTO",
                                            "townName": "BOA VISTA",
                                            "countrySubDivision": "RR",
                                            "postCode": "69310065",
                                            "country": "Brasil",
                                            "countryCode": "BRA"
                                        },
                                        "phones": [
                                            {
                                                "type": "FIXO",
                                                "countryCallingCode": "55",
                                                "areaCode": "85",
                                                "number": "33043857"
                                            }
                                        ],
                                        "availability": {
                                            "standards": [
                                                {
                                                    "weekday": "DOMINGO"
                                                },
                                                {
                                                    "weekday": "SEGUNDA_FEIRA"
                                                },
                                                {
                                                    "weekday": "TERCA_FEIRA"
                                                },
                                                {
                                                    "weekday": "QUARTA_FEIRA"
                                                },
                                                {
                                                    "weekday": "QUINTA_FEIRA"
                                                },
                                                {
                                                    "weekday": "SEXTA_FEIRA"
                                                },
                                                {
                                                    "weekday": "SABADO"
                                                }
                                            ],
                                            "exception": "Exceto em datas festivas de Ano Novo, Dia das Mães, Dia dos Pais e Natal"
                                        }
                                    }
                                ],
                                "services": [
                                    {
                                        "name": "RECEBIMENTOS_PAGAMENTOS_QUALQUER_NATUREZA_OUTRAS_ATIVIDADES_DECORRENTES_EXECUCAO_CONTRATOS_CONVENIOS_PRESTACAO_SERVICOS",
                                        "code": "RECEBIMENTOS_PAGAMENTOS_QUALQUER_NATUREZA_EXECUCAO_CONTRATOS_CONVENIO"
                                    },
                                    {
                                        "name": "EXECUCAO_ATIVA_PASSIVA_ORDENS_PAGAMENTO_CURSADAS_INTERMEDIO_INSTITUICAO_CONTRATANTE_SOLICITACAO_CLIENTES_USUARIOS",
                                        "code": "EXECUCAO_ATIVA_PASSIVA_ORDENS_PAGAMENTO"
                                    },
                                    {
                                        "name": "RECEPCAO_ENCAMINHAMENTO_PROPOSTAS_FORNECIMENTO_CARTAO_CREDITO_RESPONSABILIDADE_INSTITUICAO_CONTRATANTE",
                                        "code": "RECEBE_ENCAMINHA_PROPOSTAS_FORNECIMENTO_CARTAO_CREDITO"
                                    },
                                    {
                                        "name": "RECEPCAO_ENCAMINHAMENTO_PROPOSTAS_OPERACAO_CREDITO_ARRENDAMENTO_MERCANTIL_CONCESSAO_INSTITUICAO_CONTRATANTE",
                                        "code": "RECEBE_ENCAMINHA_PROPOSTAS_CREDITO_ARRENDAMENTO_MERCANTIL"
                                    }
                                ]
                            },
                            {
                                "identification": {
                                    "corporationName": "LOJAS RENNER S.A.-LOJA 7 DE SETEMBRO",
                                    "groupName": "LOJAS RENNER S.A.",
                                    "cnpjNumber": "92754738028091",
                                    "isUnderestablishment": false
                                },
                                "locations": [
                                    {
                                        "postalAddress": {
                                            "address": "RUA SETE DE SETEMBRO, 111 (LOJA 111-A)'",
                                            "districtName": "CENTRO",
                                            "townName": "RIO DE JANEIRO",
                                            "countrySubDivision": "RJ",
                                            "postCode": "20050006",
                                            "country": "Brasil",
                                            "countryCode": "BRA"
                                        },
                                        "phones": [
                                            {
                                                "type": "FIXO",
                                                "countryCallingCode": "55",
                                                "areaCode": "85",
                                                "number": "33043858"
                                            }
                                        ],
                                        "availability": {
                                            "standards": [
                                                {
                                                    "weekday": "SEGUNDA_FEIRA"
                                                },
                                                {
                                                    "weekday": "TERCA_FEIRA"
                                                },
                                                {
                                                    "weekday": "QUARTA_FEIRA"
                                                },
                                                {
                                                    "weekday": "QUINTA_FEIRA"
                                                },
                                                {
                                                    "weekday": "SEXTA_FEIRA"
                                                },
                                                {
                                                    "weekday": "SABADO"
                                                }
                                            ],
                                            "exception": "Exceto feriados municipais, estaduais e nacionais"
                                        }
                                    }
                                ],
                                "services": [
                                    {
                                        "name": "RECEBIMENTOS_PAGAMENTOS_QUALQUER_NATUREZA_OUTRAS_ATIVIDADES_DECORRENTES_EXECUCAO_CONTRATOS_CONVENIOS_PRESTACAO_SERVICOS",
                                        "code": "RECEBIMENTOS_PAGAMENTOS_QUALQUER_NATUREZA_EXECUCAO_CONTRATOS_CONVENIO"
                                    },
                                    {
                                        "name": "EXECUCAO_ATIVA_PASSIVA_ORDENS_PAGAMENTO_CURSADAS_INTERMEDIO_INSTITUICAO_CONTRATANTE_SOLICITACAO_CLIENTES_USUARIOS",
                                        "code": "EXECUCAO_ATIVA_PASSIVA_ORDENS_PAGAMENTO"
                                    },
                                    {
                                        "name": "RECEPCAO_ENCAMINHAMENTO_PROPOSTAS_FORNECIMENTO_CARTAO_CREDITO_RESPONSABILIDADE_INSTITUICAO_CONTRATANTE",
                                        "code": "RECEBE_ENCAMINHA_PROPOSTAS_FORNECIMENTO_CARTAO_CREDITO"
                                    },
                                    {
                                        "name": "RECEPCAO_ENCAMINHAMENTO_PROPOSTAS_OPERACAO_CREDITO_ARRENDAMENTO_MERCANTIL_CONCESSAO_INSTITUICAO_CONTRATANTE",
                                        "code": "RECEBE_ENCAMINHA_PROPOSTAS_CREDITO_ARRENDAMENTO_MERCANTIL"
                                    }
                                ]
                            },
                            {
                                "identification": {
                                    "corporationName": "LOJAS RENNER S.A.-LOJA SHOPPING JARAGUA ARARAQUARA",
                                    "groupName": "LOJAS RENNER S.A.",
                                    "cnpjNumber": "92754738031041",
                                    "isUnderestablishment": false
                                },
                                "locations": [
                                    {
                                        "postalAddress": {
                                            "address": "AVENIDA ALBERTO BENASSI, Nº 2270, LOJA 100, PISO TÉRREO",
                                            "districtName": "JARDIM BANDEIRANTES",
                                            "townName": "ARARAQUARA",
                                            "countrySubDivision": "SP",
                                            "postCode": "14804300",
                                            "country": "Brasil",
                                            "countryCode": "BRA"
                                        },
                                        "phones": [
                                            {
                                                "type": "FIXO",
                                                "countryCallingCode": "55",
                                                "areaCode": "85",
                                                "number": "33043859"
                                            }
                                        ],
                                        "availability": {
                                            "standards": [
                                                {
                                                    "weekday": "DOMINGO"
                                                },
                                                {
                                                    "weekday": "SEGUNDA_FEIRA"
                                                },
                                                {
                                                    "weekday": "TERCA_FEIRA"
                                                },
                                                {
                                                    "weekday": "QUARTA_FEIRA"
                                                },
                                                {
                                                    "weekday": "QUINTA_FEIRA"
                                                },
                                                {
                                                    "weekday": "SEXTA_FEIRA"
                                                },
                                                {
                                                    "weekday": "SABADO"
                                                }
                                            ],
                                            "exception": "Exceto em datas festivas de Ano Novo, Dia das Mães, Dia dos Pais e Natal"
                                        }
                                    }
                                ],
                                "services": [
                                    {
                                        "name": "RECEBIMENTOS_PAGAMENTOS_QUALQUER_NATUREZA_OUTRAS_ATIVIDADES_DECORRENTES_EXECUCAO_CONTRATOS_CONVENIOS_PRESTACAO_SERVICOS",
                                        "code": "RECEBIMENTOS_PAGAMENTOS_QUALQUER_NATUREZA_EXECUCAO_CONTRATOS_CONVENIO"
                                    },
                                    {
                                        "name": "EXECUCAO_ATIVA_PASSIVA_ORDENS_PAGAMENTO_CURSADAS_INTERMEDIO_INSTITUICAO_CONTRATANTE_SOLICITACAO_CLIENTES_USUARIOS",
                                        "code": "EXECUCAO_ATIVA_PASSIVA_ORDENS_PAGAMENTO"
                                    },
                                    {
                                        "name": "RECEPCAO_ENCAMINHAMENTO_PROPOSTAS_FORNECIMENTO_CARTAO_CREDITO_RESPONSABILIDADE_INSTITUICAO_CONTRATANTE",
                                        "code": "RECEBE_ENCAMINHA_PROPOSTAS_FORNECIMENTO_CARTAO_CREDITO"
                                    },
                                    {
                                        "name": "RECEPCAO_ENCAMINHAMENTO_PROPOSTAS_OPERACAO_CREDITO_ARRENDAMENTO_MERCANTIL_CONCESSAO_INSTITUICAO_CONTRATANTE",
                                        "code": "RECEBE_ENCAMINHA_PROPOSTAS_CREDITO_ARRENDAMENTO_MERCANTIL"
                                    }
                                ]
                            },
                            {
                                "identification": {
                                    "corporationName": "LOJAS RENNER S.A.-LOJA SHOPPING RIO CLARO",
                                    "groupName": "LOJAS RENNER S.A.",
                                    "cnpjNumber": "92754738028849",
                                    "isUnderestablishment": false
                                },
                                "locations": [
                                    {
                                        "postalAddress": {
                                            "address": "AVENIDA CONDE FRANCISCO MATARAZZO JUNIOR, Nº 205 (LUC NºS A, 90, 91 E 92)",
                                            "districtName": "VILA PAULISTA",
                                            "townName": "RIO CLARO",
                                            "countrySubDivision": "SP",
                                            "postCode": "13506845",
                                            "country": "Brasil",
                                            "countryCode": "BRA"
                                        },
                                        "phones": [
                                            {
                                                "type": "FIXO",
                                                "countryCallingCode": "55",
                                                "areaCode": "85",
                                                "number": "33043860"
                                            }
                                        ],
                                        "availability": {
                                            "standards": [
                                                {
                                                    "weekday": "DOMINGO"
                                                },
                                                {
                                                    "weekday": "SEGUNDA_FEIRA"
                                                },
                                                {
                                                    "weekday": "TERCA_FEIRA"
                                                },
                                                {
                                                    "weekday": "QUARTA_FEIRA"
                                                },
                                                {
                                                    "weekday": "QUINTA_FEIRA"
                                                },
                                                {
                                                    "weekday": "SEXTA_FEIRA"
                                                },
                                                {
                                                    "weekday": "SABADO"
                                                }
                                            ],
                                            "exception": "Exceto em datas festivas de Ano Novo, Dia das Mães, Dia dos Pais e Natal"
                                        }
                                    }
                                ],
                                "services": [
                                    {
                                        "name": "RECEBIMENTOS_PAGAMENTOS_QUALQUER_NATUREZA_OUTRAS_ATIVIDADES_DECORRENTES_EXECUCAO_CONTRATOS_CONVENIOS_PRESTACAO_SERVICOS",
                                        "code": "RECEBIMENTOS_PAGAMENTOS_QUALQUER_NATUREZA_EXECUCAO_CONTRATOS_CONVENIO"
                                    },
                                    {
                                        "name": "EXECUCAO_ATIVA_PASSIVA_ORDENS_PAGAMENTO_CURSADAS_INTERMEDIO_INSTITUICAO_CONTRATANTE_SOLICITACAO_CLIENTES_USUARIOS",
                                        "code": "EXECUCAO_ATIVA_PASSIVA_ORDENS_PAGAMENTO"
                                    },
                                    {
                                        "name": "RECEPCAO_ENCAMINHAMENTO_PROPOSTAS_FORNECIMENTO_CARTAO_CREDITO_RESPONSABILIDADE_INSTITUICAO_CONTRATANTE",
                                        "code": "RECEBE_ENCAMINHA_PROPOSTAS_FORNECIMENTO_CARTAO_CREDITO"
                                    },
                                    {
                                        "name": "RECEPCAO_ENCAMINHAMENTO_PROPOSTAS_OPERACAO_CREDITO_ARRENDAMENTO_MERCANTIL_CONCESSAO_INSTITUICAO_CONTRATANTE",
                                        "code": "RECEBE_ENCAMINHA_PROPOSTAS_CREDITO_ARRENDAMENTO_MERCANTIL"
                                    }
                                ]
                            },
                            {
                                "identification": {
                                    "corporationName": "LOJAS RENNER S.A.-LOJA SHOPPING MANAUS VIA NORTE",
                                    "groupName": "LOJAS RENNER S.A.",
                                    "cnpjNumber": "92754738029144",
                                    "isUnderestablishment": false
                                },
                                "locations": [
                                    {
                                        "postalAddress": {
                                            "address": "AVENIDA ARQUITETO JOSÉ HENRIQUE BENTO RODRIGUES, Nº 3760, ESPAÇO COMERCIAL Nº 202J",
                                            "districtName": "MONTE DAS OLIVEIRAS",
                                            "townName": "MANAUS",
                                            "countrySubDivision": "AM",
                                            "postCode": "69093149",
                                            "country": "Brasil",
                                            "countryCode": "BRA"
                                        },
                                        "phones": [
                                            {
                                                "type": "FIXO",
                                                "countryCallingCode": "55",
                                                "areaCode": "85",
                                                "number": "33043861"
                                            }
                                        ],
                                        "availability": {
                                            "standards": [
                                                {
                                                    "weekday": "DOMINGO"
                                                },
                                                {
                                                    "weekday": "SEGUNDA_FEIRA"
                                                },
                                                {
                                                    "weekday": "TERCA_FEIRA"
                                                },
                                                {
                                                    "weekday": "QUARTA_FEIRA"
                                                },
                                                {
                                                    "weekday": "QUINTA_FEIRA"
                                                },
                                                {
                                                    "weekday": "SEXTA_FEIRA"
                                                },
                                                {
                                                    "weekday": "SABADO"
                                                }
                                            ],
                                            "exception": "Exceto em datas festivas de Ano Novo, Dia das Mães, Dia dos Pais e Natal"
                                        }
                                    }
                                ],
                                "services": [
                                    {
                                        "name": "RECEBIMENTOS_PAGAMENTOS_QUALQUER_NATUREZA_OUTRAS_ATIVIDADES_DECORRENTES_EXECUCAO_CONTRATOS_CONVENIOS_PRESTACAO_SERVICOS",
                                        "code": "RECEBIMENTOS_PAGAMENTOS_QUALQUER_NATUREZA_EXECUCAO_CONTRATOS_CONVENIO"
                                    },
                                    {
                                        "name": "EXECUCAO_ATIVA_PASSIVA_ORDENS_PAGAMENTO_CURSADAS_INTERMEDIO_INSTITUICAO_CONTRATANTE_SOLICITACAO_CLIENTES_USUARIOS",
                                        "code": "EXECUCAO_ATIVA_PASSIVA_ORDENS_PAGAMENTO"
                                    },
                                    {
                                        "name": "RECEPCAO_ENCAMINHAMENTO_PROPOSTAS_FORNECIMENTO_CARTAO_CREDITO_RESPONSABILIDADE_INSTITUICAO_CONTRATANTE",
                                        "code": "RECEBE_ENCAMINHA_PROPOSTAS_FORNECIMENTO_CARTAO_CREDITO"
                                    },
                                    {
                                        "name": "RECEPCAO_ENCAMINHAMENTO_PROPOSTAS_OPERACAO_CREDITO_ARRENDAMENTO_MERCANTIL_CONCESSAO_INSTITUICAO_CONTRATANTE",
                                        "code": "RECEBE_ENCAMINHA_PROPOSTAS_CREDITO_ARRENDAMENTO_MERCANTIL"
                                    }
                                ]
                            },
                            {
                                "identification": {
                                    "corporationName": "LOJAS RENNER S.A.-LOJA AV. IBIRAPUERA",
                                    "groupName": "LOJAS RENNER S.A.",
                                    "cnpjNumber": "92754738029578",
                                    "isUnderestablishment": false
                                },
                                "locations": [
                                    {
                                        "postalAddress": {
                                            "address": "AVENIDA IBIRAPUERA, Nº 2.601",
                                            "districtName": "INDIANÓPOLIS",
                                            "townName": "SAO PAULO",
                                            "countrySubDivision": "SP",
                                            "postCode": "04029200",
                                            "country": "Brasil",
                                            "countryCode": "BRA"
                                        },
                                        "phones": [
                                            {
                                                "type": "FIXO",
                                                "countryCallingCode": "55",
                                                "areaCode": "85",
                                                "number": "33043862"
                                            }
                                        ],
                                        "availability": {
                                            "standards": [
                                                {
                                                    "weekday": "SEGUNDA_FEIRA"
                                                },
                                                {
                                                    "weekday": "TERCA_FEIRA"
                                                },
                                                {
                                                    "weekday": "QUARTA_FEIRA"
                                                },
                                                {
                                                    "weekday": "QUINTA_FEIRA"
                                                },
                                                {
                                                    "weekday": "SEXTA_FEIRA"
                                                },
                                                {
                                                    "weekday": "SABADO"
                                                }
                                            ],
                                            "exception": "Exceto feriados municipais, estaduais e nacionais"
                                        }
                                    }
                                ],
                                "services": [
                                    {
                                        "name": "RECEBIMENTOS_PAGAMENTOS_QUALQUER_NATUREZA_OUTRAS_ATIVIDADES_DECORRENTES_EXECUCAO_CONTRATOS_CONVENIOS_PRESTACAO_SERVICOS",
                                        "code": "RECEBIMENTOS_PAGAMENTOS_QUALQUER_NATUREZA_EXECUCAO_CONTRATOS_CONVENIO"
                                    },
                                    {
                                        "name": "EXECUCAO_ATIVA_PASSIVA_ORDENS_PAGAMENTO_CURSADAS_INTERMEDIO_INSTITUICAO_CONTRATANTE_SOLICITACAO_CLIENTES_USUARIOS",
                                        "code": "EXECUCAO_ATIVA_PASSIVA_ORDENS_PAGAMENTO"
                                    },
                                    {
                                        "name": "RECEPCAO_ENCAMINHAMENTO_PROPOSTAS_FORNECIMENTO_CARTAO_CREDITO_RESPONSABILIDADE_INSTITUICAO_CONTRATANTE",
                                        "code": "RECEBE_ENCAMINHA_PROPOSTAS_FORNECIMENTO_CARTAO_CREDITO"
                                    },
                                    {
                                        "name": "RECEPCAO_ENCAMINHAMENTO_PROPOSTAS_OPERACAO_CREDITO_ARRENDAMENTO_MERCANTIL_CONCESSAO_INSTITUICAO_CONTRATANTE",
                                        "code": "RECEBE_ENCAMINHA_PROPOSTAS_CREDITO_ARRENDAMENTO_MERCANTIL"
                                    }
                                ]
                            },
                            {
                                "identification": {
                                    "corporationName": "LOJAS RENNER S.A.-LOJA SHOPPING TERRAÇO",
                                    "groupName": "LOJAS RENNER S.A.",
                                    "cnpjNumber": "92754738029810",
                                    "isUnderestablishment": false
                                },
                                "locations": [
                                    {
                                        "postalAddress": {
                                            "address": "SHC/AOS EA 02/08, LOTE 05, LOJAS 107, 108, 109, 110 E 111 TÉRREO",
                                            "districtName": "OCTOGONAL",
                                            "townName": "BRASILIA",
                                            "countrySubDivision": "DF",
                                            "postCode": "70660090",
                                            "country": "Brasil",
                                            "countryCode": "BRA"
                                        },
                                        "phones": [
                                            {
                                                "type": "FIXO",
                                                "countryCallingCode": "55",
                                                "areaCode": "85",
                                                "number": "33043864"
                                            }
                                        ],
                                        "availability": {
                                            "standards": [
                                                {
                                                    "weekday": "DOMINGO"
                                                },
                                                {
                                                    "weekday": "SEGUNDA_FEIRA"
                                                },
                                                {
                                                    "weekday": "TERCA_FEIRA"
                                                },
                                                {
                                                    "weekday": "QUARTA_FEIRA"
                                                },
                                                {
                                                    "weekday": "QUINTA_FEIRA"
                                                },
                                                {
                                                    "weekday": "SEXTA_FEIRA"
                                                },
                                                {
                                                    "weekday": "SABADO"
                                                }
                                            ],
                                            "exception": "Exceto em datas festivas de Ano Novo, Dia das Mães, Dia dos Pais e Natal"
                                        }
                                    }
                                ],
                                "services": [
                                    {
                                        "name": "RECEBIMENTOS_PAGAMENTOS_QUALQUER_NATUREZA_OUTRAS_ATIVIDADES_DECORRENTES_EXECUCAO_CONTRATOS_CONVENIOS_PRESTACAO_SERVICOS",
                                        "code": "RECEBIMENTOS_PAGAMENTOS_QUALQUER_NATUREZA_EXECUCAO_CONTRATOS_CONVENIO"
                                    },
                                    {
                                        "name": "EXECUCAO_ATIVA_PASSIVA_ORDENS_PAGAMENTO_CURSADAS_INTERMEDIO_INSTITUICAO_CONTRATANTE_SOLICITACAO_CLIENTES_USUARIOS",
                                        "code": "EXECUCAO_ATIVA_PASSIVA_ORDENS_PAGAMENTO"
                                    },
                                    {
                                        "name": "RECEPCAO_ENCAMINHAMENTO_PROPOSTAS_FORNECIMENTO_CARTAO_CREDITO_RESPONSABILIDADE_INSTITUICAO_CONTRATANTE",
                                        "code": "RECEBE_ENCAMINHA_PROPOSTAS_FORNECIMENTO_CARTAO_CREDITO"
                                    },
                                    {
                                        "name": "RECEPCAO_ENCAMINHAMENTO_PROPOSTAS_OPERACAO_CREDITO_ARRENDAMENTO_MERCANTIL_CONCESSAO_INSTITUICAO_CONTRATANTE",
                                        "code": "RECEBE_ENCAMINHA_PROPOSTAS_CREDITO_ARRENDAMENTO_MERCANTIL"
                                    }
                                ]
                            },
                            {
                                "identification": {
                                    "corporationName": "LOJAS RENNER S.A.-LOJA LARGO DO MACHADO",
                                    "groupName": "LOJAS RENNER S.A.",
                                    "cnpjNumber": "92754738030150",
                                    "isUnderestablishment": false
                                },
                                "locations": [
                                    {
                                        "postalAddress": {
                                            "address": "RUA DO CATETE, Nº 359",
                                            "districtName": "CETETE",
                                            "townName": "RIO DE JANEIRO",
                                            "countrySubDivision": "RJ",
                                            "postCode": "22220001",
                                            "country": "Brasil",
                                            "countryCode": "BRA"
                                        },
                                        "phones": [
                                            {
                                                "type": "FIXO",
                                                "countryCallingCode": "55",
                                                "areaCode": "85",
                                                "number": "33043865"
                                            }
                                        ],
                                        "availability": {
                                            "standards": [
                                                {
                                                    "weekday": "SEGUNDA_FEIRA"
                                                },
                                                {
                                                    "weekday": "TERCA_FEIRA"
                                                },
                                                {
                                                    "weekday": "QUARTA_FEIRA"
                                                },
                                                {
                                                    "weekday": "QUINTA_FEIRA"
                                                },
                                                {
                                                    "weekday": "SEXTA_FEIRA"
                                                },
                                                {
                                                    "weekday": "SABADO"
                                                }
                                            ],
                                            "exception": "Exceto feriados municipais, estaduais e nacionais"
                                        }
                                    }
                                ],
                                "services": [
                                    {
                                        "name": "RECEBIMENTOS_PAGAMENTOS_QUALQUER_NATUREZA_OUTRAS_ATIVIDADES_DECORRENTES_EXECUCAO_CONTRATOS_CONVENIOS_PRESTACAO_SERVICOS",
                                        "code": "RECEBIMENTOS_PAGAMENTOS_QUALQUER_NATUREZA_EXECUCAO_CONTRATOS_CONVENIO"
                                    },
                                    {
                                        "name": "EXECUCAO_ATIVA_PASSIVA_ORDENS_PAGAMENTO_CURSADAS_INTERMEDIO_INSTITUICAO_CONTRATANTE_SOLICITACAO_CLIENTES_USUARIOS",
                                        "code": "EXECUCAO_ATIVA_PASSIVA_ORDENS_PAGAMENTO"
                                    },
                                    {
                                        "name": "RECEPCAO_ENCAMINHAMENTO_PROPOSTAS_FORNECIMENTO_CARTAO_CREDITO_RESPONSABILIDADE_INSTITUICAO_CONTRATANTE",
                                        "code": "RECEBE_ENCAMINHA_PROPOSTAS_FORNECIMENTO_CARTAO_CREDITO"
                                    },
                                    {
                                        "name": "RECEPCAO_ENCAMINHAMENTO_PROPOSTAS_OPERACAO_CREDITO_ARRENDAMENTO_MERCANTIL_CONCESSAO_INSTITUICAO_CONTRATANTE",
                                        "code": "RECEBE_ENCAMINHA_PROPOSTAS_CREDITO_ARRENDAMENTO_MERCANTIL"
                                    }
                                ]
                            },
                            {
                                "identification": {
                                    "corporationName": "LOJAS RENNER S.A.-LOJA BOSQUE GRÃO PARÁ",
                                    "groupName": "LOJAS RENNER S.A.",
                                    "cnpjNumber": "92754738032285",
                                    "isUnderestablishment": false
                                },
                                "locations": [
                                    {
                                        "postalAddress": {
                                            "address": "RODOVIA DOS TRABALHADORES, S/N, LOJAS 0001A, 0008A, 0008B - PISO TÉRREO",
                                            "districtName": "PARQUE VERDE",
                                            "townName": "BELEM",
                                            "countrySubDivision": "PA",
                                            "postCode": "66635894",
                                            "country": "Brasil",
                                            "countryCode": "BRA"
                                        },
                                        "phones": [
                                            {
                                                "type": "FIXO",
                                                "countryCallingCode": "55",
                                                "areaCode": "85",
                                                "number": "33043866"
                                            }
                                        ],
                                        "availability": {
                                            "standards": [
                                                {
                                                    "weekday": "SEGUNDA_FEIRA"
                                                },
                                                {
                                                    "weekday": "TERCA_FEIRA"
                                                },
                                                {
                                                    "weekday": "QUARTA_FEIRA"
                                                },
                                                {
                                                    "weekday": "QUINTA_FEIRA"
                                                },
                                                {
                                                    "weekday": "SEXTA_FEIRA"
                                                },
                                                {
                                                    "weekday": "SABADO"
                                                }
                                            ],
                                            "exception": "Exceto feriados municipais, estaduais e nacionais"
                                        }
                                    }
                                ],
                                "services": [
                                    {
                                        "name": "RECEBIMENTOS_PAGAMENTOS_QUALQUER_NATUREZA_OUTRAS_ATIVIDADES_DECORRENTES_EXECUCAO_CONTRATOS_CONVENIOS_PRESTACAO_SERVICOS",
                                        "code": "RECEBIMENTOS_PAGAMENTOS_QUALQUER_NATUREZA_EXECUCAO_CONTRATOS_CONVENIO"
                                    },
                                    {
                                        "name": "EXECUCAO_ATIVA_PASSIVA_ORDENS_PAGAMENTO_CURSADAS_INTERMEDIO_INSTITUICAO_CONTRATANTE_SOLICITACAO_CLIENTES_USUARIOS",
                                        "code": "EXECUCAO_ATIVA_PASSIVA_ORDENS_PAGAMENTO"
                                    },
                                    {
                                        "name": "RECEPCAO_ENCAMINHAMENTO_PROPOSTAS_FORNECIMENTO_CARTAO_CREDITO_RESPONSABILIDADE_INSTITUICAO_CONTRATANTE",
                                        "code": "RECEBE_ENCAMINHA_PROPOSTAS_FORNECIMENTO_CARTAO_CREDITO"
                                    },
                                    {
                                        "name": "RECEPCAO_ENCAMINHAMENTO_PROPOSTAS_OPERACAO_CREDITO_ARRENDAMENTO_MERCANTIL_CONCESSAO_INSTITUICAO_CONTRATANTE",
                                        "code": "RECEBE_ENCAMINHA_PROPOSTAS_CREDITO_ARRENDAMENTO_MERCANTIL"
                                    }
                                ]
                            },
                            {
                                "identification": {
                                    "corporationName": "LOJAS RENNER S.A.-LOJA SHOPPING SUL",
                                    "groupName": "LOJAS RENNER S.A.",
                                    "cnpjNumber": "92754738033419",
                                    "isUnderestablishment": false
                                },
                                "locations": [
                                    {
                                        "postalAddress": {
                                            "address": "QUADRA 1, S/N, BR 040, KM 12, GLEBA F, LOTE 1, LOJA 270",
                                            "districtName": "PARQUE ESPLANADA III",
                                            "townName": "VALPARAISO DE GOIAS",
                                            "countrySubDivision": "GO",
                                            "postCode": "72876902",
                                            "country": "Brasil",
                                            "countryCode": "BRA"
                                        },
                                        "phones": [
                                            {
                                                "type": "FIXO",
                                                "countryCallingCode": "55",
                                                "areaCode": "85",
                                                "number": "33043867"
                                            }
                                        ],
                                        "availability": {
                                            "standards": [
                                                {
                                                    "weekday": "DOMINGO"
                                                },
                                                {
                                                    "weekday": "SEGUNDA_FEIRA"
                                                },
                                                {
                                                    "weekday": "TERCA_FEIRA"
                                                },
                                                {
                                                    "weekday": "QUARTA_FEIRA"
                                                },
                                                {
                                                    "weekday": "QUINTA_FEIRA"
                                                },
                                                {
                                                    "weekday": "SEXTA_FEIRA"
                                                },
                                                {
                                                    "weekday": "SABADO"
                                                }
                                            ],
                                            "exception": "Exceto em datas festivas de Ano Novo, Dia das Mães, Dia dos Pais e Natal"
                                        }
                                    }
                                ],
                                "services": [
                                    {
                                        "name": "RECEBIMENTOS_PAGAMENTOS_QUALQUER_NATUREZA_OUTRAS_ATIVIDADES_DECORRENTES_EXECUCAO_CONTRATOS_CONVENIOS_PRESTACAO_SERVICOS",
                                        "code": "RECEBIMENTOS_PAGAMENTOS_QUALQUER_NATUREZA_EXECUCAO_CONTRATOS_CONVENIO"
                                    },
                                    {
                                        "name": "EXECUCAO_ATIVA_PASSIVA_ORDENS_PAGAMENTO_CURSADAS_INTERMEDIO_INSTITUICAO_CONTRATANTE_SOLICITACAO_CLIENTES_USUARIOS",
                                        "code": "EXECUCAO_ATIVA_PASSIVA_ORDENS_PAGAMENTO"
                                    },
                                    {
                                        "name": "RECEPCAO_ENCAMINHAMENTO_PROPOSTAS_FORNECIMENTO_CARTAO_CREDITO_RESPONSABILIDADE_INSTITUICAO_CONTRATANTE",
                                        "code": "RECEBE_ENCAMINHA_PROPOSTAS_FORNECIMENTO_CARTAO_CREDITO"
                                    },
                                    {
                                        "name": "RECEPCAO_ENCAMINHAMENTO_PROPOSTAS_OPERACAO_CREDITO_ARRENDAMENTO_MERCANTIL_CONCESSAO_INSTITUICAO_CONTRATANTE",
                                        "code": "RECEBE_ENCAMINHA_PROPOSTAS_CREDITO_ARRENDAMENTO_MERCANTIL"
                                    }
                                ]
                            },
                            {
                                "identification": {
                                    "corporationName": "LOJAS RENNER S.A.-LOJA SHOPPING RIO POTY",
                                    "groupName": "LOJAS RENNER S.A.",
                                    "cnpjNumber": "92754738029659",
                                    "isUnderestablishment": false
                                },
                                "locations": [
                                    {
                                        "postalAddress": {
                                            "address": "AVENIDA MARECHAL CASTELO BRANCO, Nº 911 (SUC Nº 204AB - PISO L2)",
                                            "districtName": "PORENQUANTO",
                                            "townName": "TERESINA",
                                            "countrySubDivision": "PI",
                                            "postCode": "64000810",
                                            "country": "Brasil",
                                            "countryCode": "BRA"
                                        },
                                        "phones": [
                                            {
                                                "type": "FIXO",
                                                "countryCallingCode": "55",
                                                "areaCode": "85",
                                                "number": "33043868"
                                            }
                                        ],
                                        "availability": {
                                            "standards": [
                                                {
                                                    "weekday": "DOMINGO"
                                                },
                                                {
                                                    "weekday": "SEGUNDA_FEIRA"
                                                },
                                                {
                                                    "weekday": "TERCA_FEIRA"
                                                },
                                                {
                                                    "weekday": "QUARTA_FEIRA"
                                                },
                                                {
                                                    "weekday": "QUINTA_FEIRA"
                                                },
                                                {
                                                    "weekday": "SEXTA_FEIRA"
                                                },
                                                {
                                                    "weekday": "SABADO"
                                                }
                                            ],
                                            "exception": "Exceto em datas festivas de Ano Novo, Dia das Mães, Dia dos Pais e Natal"
                                        }
                                    }
                                ],
                                "services": [
                                    {
                                        "name": "RECEBIMENTOS_PAGAMENTOS_QUALQUER_NATUREZA_OUTRAS_ATIVIDADES_DECORRENTES_EXECUCAO_CONTRATOS_CONVENIOS_PRESTACAO_SERVICOS",
                                        "code": "RECEBIMENTOS_PAGAMENTOS_QUALQUER_NATUREZA_EXECUCAO_CONTRATOS_CONVENIO"
                                    },
                                    {
                                        "name": "EXECUCAO_ATIVA_PASSIVA_ORDENS_PAGAMENTO_CURSADAS_INTERMEDIO_INSTITUICAO_CONTRATANTE_SOLICITACAO_CLIENTES_USUARIOS",
                                        "code": "EXECUCAO_ATIVA_PASSIVA_ORDENS_PAGAMENTO"
                                    },
                                    {
                                        "name": "RECEPCAO_ENCAMINHAMENTO_PROPOSTAS_FORNECIMENTO_CARTAO_CREDITO_RESPONSABILIDADE_INSTITUICAO_CONTRATANTE",
                                        "code": "RECEBE_ENCAMINHA_PROPOSTAS_FORNECIMENTO_CARTAO_CREDITO"
                                    },
                                    {
                                        "name": "RECEPCAO_ENCAMINHAMENTO_PROPOSTAS_OPERACAO_CREDITO_ARRENDAMENTO_MERCANTIL_CONCESSAO_INSTITUICAO_CONTRATANTE",
                                        "code": "RECEBE_ENCAMINHA_PROPOSTAS_CREDITO_ARRENDAMENTO_MERCANTIL"
                                    }
                                ]
                            },
                            {
                                "identification": {
                                    "corporationName": "LOJAS RENNER S.A.-LOJA VÁRZEA GRANDE SHOPPING",
                                    "groupName": "LOJAS RENNER S.A.",
                                    "cnpjNumber": "92754738029063",
                                    "isUnderestablishment": false
                                },
                                "locations": [
                                    {
                                        "postalAddress": {
                                            "address": "RUA PRESIDENTE ARTHUR BERNARDES, ESQUINA COM  A RUA FILINTO MULLER, S/Nº, (AN03 - 1º PAVIMENTO)",
                                            "districtName": "JARDIM AEROPORTO",
                                            "townName": "VARZEA GRANDE",
                                            "countrySubDivision": "MT",
                                            "postCode": "78125100",
                                            "country": "Brasil",
                                            "countryCode": "BRA"
                                        },
                                        "phones": [
                                            {
                                                "type": "FIXO",
                                                "countryCallingCode": "55",
                                                "areaCode": "85",
                                                "number": "33043869"
                                            }
                                        ],
                                        "availability": {
                                            "standards": [
                                                {
                                                    "weekday": "DOMINGO"
                                                },
                                                {
                                                    "weekday": "SEGUNDA_FEIRA"
                                                },
                                                {
                                                    "weekday": "TERCA_FEIRA"
                                                },
                                                {
                                                    "weekday": "QUARTA_FEIRA"
                                                },
                                                {
                                                    "weekday": "QUINTA_FEIRA"
                                                },
                                                {
                                                    "weekday": "SEXTA_FEIRA"
                                                },
                                                {
                                                    "weekday": "SABADO"
                                                }
                                            ],
                                            "exception": "Exceto em datas festivas de Ano Novo, Dia das Mães, Dia dos Pais e Natal"
                                        }
                                    }
                                ],
                                "services": [
                                    {
                                        "name": "RECEBIMENTOS_PAGAMENTOS_QUALQUER_NATUREZA_OUTRAS_ATIVIDADES_DECORRENTES_EXECUCAO_CONTRATOS_CONVENIOS_PRESTACAO_SERVICOS",
                                        "code": "RECEBIMENTOS_PAGAMENTOS_QUALQUER_NATUREZA_EXECUCAO_CONTRATOS_CONVENIO"
                                    },
                                    {
                                        "name": "EXECUCAO_ATIVA_PASSIVA_ORDENS_PAGAMENTO_CURSADAS_INTERMEDIO_INSTITUICAO_CONTRATANTE_SOLICITACAO_CLIENTES_USUARIOS",
                                        "code": "EXECUCAO_ATIVA_PASSIVA_ORDENS_PAGAMENTO"
                                    },
                                    {
                                        "name": "RECEPCAO_ENCAMINHAMENTO_PROPOSTAS_FORNECIMENTO_CARTAO_CREDITO_RESPONSABILIDADE_INSTITUICAO_CONTRATANTE",
                                        "code": "RECEBE_ENCAMINHA_PROPOSTAS_FORNECIMENTO_CARTAO_CREDITO"
                                    },
                                    {
                                        "name": "RECEPCAO_ENCAMINHAMENTO_PROPOSTAS_OPERACAO_CREDITO_ARRENDAMENTO_MERCANTIL_CONCESSAO_INSTITUICAO_CONTRATANTE",
                                        "code": "RECEBE_ENCAMINHA_PROPOSTAS_CREDITO_ARRENDAMENTO_MERCANTIL"
                                    }
                                ]
                            },
                            {
                                "identification": {
                                    "corporationName": "LOJAS RENNER S.A.-LOJA RIOMAR SHOPPING FORTALEZA",
                                    "groupName": "LOJAS RENNER S.A.",
                                    "cnpjNumber": "92754738028415",
                                    "isUnderestablishment": false
                                },
                                "locations": [
                                    {
                                        "postalAddress": {
                                            "address": "RUA DESEMBARGADOR LAURO NOGUEIRA, Nº 1355 (SALÃO COMERCIAL Nº 2007 - PISO L2)",
                                            "districtName": "RIOMAR SHOPPING FORTALEZA",
                                            "townName": "FORTALEZA",
                                            "countrySubDivision": "CE",
                                            "postCode": "60175055",
                                            "country": "Brasil",
                                            "countryCode": "BRA"
                                        },
                                        "phones": [
                                            {
                                                "type": "FIXO",
                                                "countryCallingCode": "55",
                                                "areaCode": "85",
                                                "number": "33043870"
                                            }
                                        ],
                                        "availability": {
                                            "standards": [
                                                {
                                                    "weekday": "DOMINGO"
                                                },
                                                {
                                                    "weekday": "SEGUNDA_FEIRA"
                                                },
                                                {
                                                    "weekday": "TERCA_FEIRA"
                                                },
                                                {
                                                    "weekday": "QUARTA_FEIRA"
                                                },
                                                {
                                                    "weekday": "QUINTA_FEIRA"
                                                },
                                                {
                                                    "weekday": "SEXTA_FEIRA"
                                                },
                                                {
                                                    "weekday": "SABADO"
                                                }
                                            ],
                                            "exception": "Exceto em datas festivas de Ano Novo, Dia das Mães, Dia dos Pais e Natal"
                                        }
                                    }
                                ],
                                "services": [
                                    {
                                        "name": "RECEBIMENTOS_PAGAMENTOS_QUALQUER_NATUREZA_OUTRAS_ATIVIDADES_DECORRENTES_EXECUCAO_CONTRATOS_CONVENIOS_PRESTACAO_SERVICOS",
                                        "code": "RECEBIMENTOS_PAGAMENTOS_QUALQUER_NATUREZA_EXECUCAO_CONTRATOS_CONVENIO"
                                    },
                                    {
                                        "name": "EXECUCAO_ATIVA_PASSIVA_ORDENS_PAGAMENTO_CURSADAS_INTERMEDIO_INSTITUICAO_CONTRATANTE_SOLICITACAO_CLIENTES_USUARIOS",
                                        "code": "EXECUCAO_ATIVA_PASSIVA_ORDENS_PAGAMENTO"
                                    },
                                    {
                                        "name": "RECEPCAO_ENCAMINHAMENTO_PROPOSTAS_FORNECIMENTO_CARTAO_CREDITO_RESPONSABILIDADE_INSTITUICAO_CONTRATANTE",
                                        "code": "RECEBE_ENCAMINHA_PROPOSTAS_FORNECIMENTO_CARTAO_CREDITO"
                                    },
                                    {
                                        "name": "RECEPCAO_ENCAMINHAMENTO_PROPOSTAS_OPERACAO_CREDITO_ARRENDAMENTO_MERCANTIL_CONCESSAO_INSTITUICAO_CONTRATANTE",
                                        "code": "RECEBE_ENCAMINHA_PROPOSTAS_CREDITO_ARRENDAMENTO_MERCANTIL"
                                    }
                                ]
                            },
                            {
                                "identification": {
                                    "corporationName": "LOJAS RENNER S.A.-LOJA SHOPPING JARDIM NORTE JUIZ DE FORA",
                                    "groupName": "LOJAS RENNER S.A.",
                                    "cnpjNumber": "92754738032528",
                                    "isUnderestablishment": false
                                },
                                "locations": [
                                    {
                                        "postalAddress": {
                                            "address": "AVENIDA BRASIL, Nº 6345, LOJAS 1024 / 2012, PISOS 1 E 2",
                                            "districtName": "MARIANO PROCÓPIO",
                                            "townName": "JUIZ DE FORA",
                                            "countrySubDivision": "MG",
                                            "postCode": "36080060",
                                            "country": "Brasil",
                                            "countryCode": "BRA"
                                        },
                                        "phones": [
                                            {
                                                "type": "FIXO",
                                                "countryCallingCode": "55",
                                                "areaCode": "85",
                                                "number": "33043871"
                                            }
                                        ],
                                        "availability": {
                                            "standards": [
                                                {
                                                    "weekday": "DOMINGO"
                                                },
                                                {
                                                    "weekday": "SEGUNDA_FEIRA"
                                                },
                                                {
                                                    "weekday": "TERCA_FEIRA"
                                                },
                                                {
                                                    "weekday": "QUARTA_FEIRA"
                                                },
                                                {
                                                    "weekday": "QUINTA_FEIRA"
                                                },
                                                {
                                                    "weekday": "SEXTA_FEIRA"
                                                },
                                                {
                                                    "weekday": "SABADO"
                                                }
                                            ],
                                            "exception": "Exceto em datas festivas de Ano Novo, Dia das Mães, Dia dos Pais e Natal"
                                        }
                                    }
                                ],
                                "services": [
                                    {
                                        "name": "RECEBIMENTOS_PAGAMENTOS_QUALQUER_NATUREZA_OUTRAS_ATIVIDADES_DECORRENTES_EXECUCAO_CONTRATOS_CONVENIOS_PRESTACAO_SERVICOS",
                                        "code": "RECEBIMENTOS_PAGAMENTOS_QUALQUER_NATUREZA_EXECUCAO_CONTRATOS_CONVENIO"
                                    },
                                    {
                                        "name": "EXECUCAO_ATIVA_PASSIVA_ORDENS_PAGAMENTO_CURSADAS_INTERMEDIO_INSTITUICAO_CONTRATANTE_SOLICITACAO_CLIENTES_USUARIOS",
                                        "code": "EXECUCAO_ATIVA_PASSIVA_ORDENS_PAGAMENTO"
                                    },
                                    {
                                        "name": "RECEPCAO_ENCAMINHAMENTO_PROPOSTAS_FORNECIMENTO_CARTAO_CREDITO_RESPONSABILIDADE_INSTITUICAO_CONTRATANTE",
                                        "code": "RECEBE_ENCAMINHA_PROPOSTAS_FORNECIMENTO_CARTAO_CREDITO"
                                    },
                                    {
                                        "name": "RECEPCAO_ENCAMINHAMENTO_PROPOSTAS_OPERACAO_CREDITO_ARRENDAMENTO_MERCANTIL_CONCESSAO_INSTITUICAO_CONTRATANTE",
                                        "code": "RECEBE_ENCAMINHA_PROPOSTAS_CREDITO_ARRENDAMENTO_MERCANTIL"
                                    }
                                ]
                            },
                            {
                                "identification": {
                                    "corporationName": "LOJAS RENNER S.A.-LOJA PLAZA SHOPPING AVENIDA",
                                    "groupName": "LOJAS RENNER S.A.",
                                    "cnpjNumber": "92754738030231",
                                    "isUnderestablishment": false
                                },
                                "locations": [
                                    {
                                        "postalAddress": {
                                            "address": "AVENIDA JOSÉ MUNIA, Nº 4775, PISO TÉRREO, LOJAS T012/L141",
                                            "districtName": "JARDIM REDENTOR",
                                            "townName": "SAO JOSE DO RIO PRETO",
                                            "countrySubDivision": "SP",
                                            "postCode": "15085350",
                                            "country": "Brasil",
                                            "countryCode": "BRA"
                                        },
                                        "phones": [
                                            {
                                                "type": "FIXO",
                                                "countryCallingCode": "55",
                                                "areaCode": "85",
                                                "number": "33043872"
                                            }
                                        ],
                                        "availability": {
                                            "standards": [
                                                {
                                                    "weekday": "DOMINGO"
                                                },
                                                {
                                                    "weekday": "SEGUNDA_FEIRA"
                                                },
                                                {
                                                    "weekday": "TERCA_FEIRA"
                                                },
                                                {
                                                    "weekday": "QUARTA_FEIRA"
                                                },
                                                {
                                                    "weekday": "QUINTA_FEIRA"
                                                },
                                                {
                                                    "weekday": "SEXTA_FEIRA"
                                                },
                                                {
                                                    "weekday": "SABADO"
                                                }
                                            ],
                                            "exception": "Exceto em datas festivas de Ano Novo, Dia das Mães, Dia dos Pais e Natal"
                                        }
                                    }
                                ],
                                "services": [
                                    {
                                        "name": "RECEBIMENTOS_PAGAMENTOS_QUALQUER_NATUREZA_OUTRAS_ATIVIDADES_DECORRENTES_EXECUCAO_CONTRATOS_CONVENIOS_PRESTACAO_SERVICOS",
                                        "code": "RECEBIMENTOS_PAGAMENTOS_QUALQUER_NATUREZA_EXECUCAO_CONTRATOS_CONVENIO"
                                    },
                                    {
                                        "name": "EXECUCAO_ATIVA_PASSIVA_ORDENS_PAGAMENTO_CURSADAS_INTERMEDIO_INSTITUICAO_CONTRATANTE_SOLICITACAO_CLIENTES_USUARIOS",
                                        "code": "EXECUCAO_ATIVA_PASSIVA_ORDENS_PAGAMENTO"
                                    },
                                    {
                                        "name": "RECEPCAO_ENCAMINHAMENTO_PROPOSTAS_FORNECIMENTO_CARTAO_CREDITO_RESPONSABILIDADE_INSTITUICAO_CONTRATANTE",
                                        "code": "RECEBE_ENCAMINHA_PROPOSTAS_FORNECIMENTO_CARTAO_CREDITO"
                                    },
                                    {
                                        "name": "RECEPCAO_ENCAMINHAMENTO_PROPOSTAS_OPERACAO_CREDITO_ARRENDAMENTO_MERCANTIL_CONCESSAO_INSTITUICAO_CONTRATANTE",
                                        "code": "RECEBE_ENCAMINHA_PROPOSTAS_CREDITO_ARRENDAMENTO_MERCANTIL"
                                    }
                                ]
                            }
                        ]
                    }
                ]
            }
        ]
    },
    "links": {
        "self": "http://10.120.192.16/open-banking/channels/v1/banking-agents?page=10&page-size=25",
        "first": "http://10.120.192.16/open-banking/channels/v1/banking-agents?page=1&page-size=25",
        "prev": "http://10.120.192.16/open-banking/channels/v1/banking-agents?page=9&page-size=25",
        "next": "http://10.120.192.16/open-banking/channels/v1/banking-agents?page=11&page-size=25",
        "last": "http://10.120.192.16/open-banking/channels/v1/banking-agents?page=15&page-size=25"
    },
    "meta": {
        "totalRecords": 366,
        "totalPages": 15
    }
}
]]></system-out>
  </testcase>
  <testcase name="testNavegarUltimaPagina" classname="br.com.realize.tests.fase01.CanaisAtendimento.CorrespondentesBancarios.tests.GetCorrespondentesBancariosTest" time="0"/>
  <testcase name="testNumeroPaginaNaoLocalizado" classname="br.com.realize.tests.fase01.CanaisAtendimento.CorrespondentesBancarios.tests.GetCorrespondentesBancariosTest" time="0"/>
  <testcase name="testCorrespondentesBancarios" classname="br.com.realize.tests.fase01.CanaisAtendimento.CorrespondentesBancarios.tests.GetCorrespondentesBancariosTest" time="0.134"/>
  <testcase name="testCartaoCreditoPessoaNaturalBandeiraMastercard" classname="br.com.realize.tests.fase01.ProdutosServicos.CartaoCreditoPessoaNatural.tests.GetCartaoCreditoPessoaNaturalTest" time="0.113"/>
  <testcase name="testNumeroPaginaInvalido" classname="br.com.realize.tests.fase01.ProdutosServicos.CartaoCreditoPessoaNatural.tests.GetCartaoCreditoPessoaNaturalTest" time="0.074"/>
  <testcase name="testCartaoCreditoPessoaNaturalBandeiraPropria" classname="br.com.realize.tests.fase01.ProdutosServicos.CartaoCreditoPessoaNatural.tests.GetCartaoCreditoPessoaNaturalTest" time="0.104"/>
  <testcase name="testTamanhoPaginaSuperior" classname="br.com.realize.tests.fase01.ProdutosServicos.CartaoCreditoPessoaNatural.tests.GetCartaoCreditoPessoaNaturalTest" time="0.079"/>
  <testcase name="testNumeroPaginaZero" classname="br.com.realize.tests.fase01.ProdutosServicos.CartaoCreditoPessoaNatural.tests.GetCartaoCreditoPessoaNaturalTest" time="0.079"/>
  <testcase name="testMetodoNaoSuportado" classname="br.com.realize.tests.fase01.ProdutosServicos.CartaoCreditoPessoaNatural.tests.GetCartaoCreditoPessoaNaturalTest" time="0.071"/>
  <testcase name="testPathInvalido" classname="br.com.realize.tests.fase01.ProdutosServicos.CartaoCreditoPessoaNatural.tests.GetCartaoCreditoPessoaNaturalTest" time="0.093"/>
  <testcase name="testTamanhoPaginaInvalido" classname="br.com.realize.tests.fase01.ProdutosServicos.CartaoCreditoPessoaNatural.tests.GetCartaoCreditoPessoaNaturalTest" time="0.073"/>
  <testcase name="testTamanhoPaginaInferiorDez" classname="br.com.realize.tests.fase01.ProdutosServicos.CartaoCreditoPessoaNatural.tests.GetCartaoCreditoPessoaNaturalTest" time="1.09"/>
  <testcase name="testTamanhoPaginaZero" classname="br.com.realize.tests.fase01.ProdutosServicos.CartaoCreditoPessoaNatural.tests.GetCartaoCreditoPessoaNaturalTest" time="0.076"/>
  <testcase name="testNumeroPaginaNaoLocalizado" classname="br.com.realize.tests.fase01.ProdutosServicos.CartaoCreditoPessoaNatural.tests.GetCartaoCreditoPessoaNaturalTest" time="0.089"/>
  <testcase name="testGarantirContratosCreditoPessoaNatural" classname="br.com.realize.tests.fase01.ProdutosServicos.CartaoCreditoPessoaNatural.tests.GetCartaoCreditoPessoaNaturalTest" time="1.479">
    <failure message="1 expectation failed.&#10;Response body doesn&apos;t match expectation.&#10;Expected: The content to match the given JSON schema.&#10;error: object has missing required properties ([&quot;brand&quot;])&#10;    level: &quot;error&quot;&#10;    schema: {&quot;loadingURI&quot;:&quot;#&quot;,&quot;pointer&quot;:&quot;/properties/data&quot;}&#10;    instance: {&quot;pointer&quot;:&quot;/data&quot;}&#10;    domain: &quot;validation&quot;&#10;    keyword: &quot;required&quot;&#10;    required: [&quot;brand&quot;]&#10;    missing: [&quot;brand&quot;]&#10;&#10;  Actual: {&quot;data&quot;:{&quot;name&quot;:&quot;REALIZE CFI S.A.&quot;,&quot;companies&quot;:[{&quot;name&quot;:&quot;REALIZE CRÉDITO, FINANCIAMENTO E INVESTIMENTO S.A.&quot;,&quot;cnpjNumber&quot;:&quot;27351731&quot;,&quot;personalCreditCards&quot;:[{&quot;name&quot;:&quot;MEU CARTAO&quot;,&quot;identification&quot;:{&quot;product&quot;:{&quot;type&quot;:&quot;STANDARD_INTERNACIONAL&quot;},&quot;creditCard&quot;:{&quot;network&quot;:&quot;VISA&quot;}},&quot;rewardsProgram&quot;:{&quot;hasRewardProgram&quot;:false},&quot;fees&quot;:{&quot;services&quot;:[{&quot;name&quot;:&quot;ANUIDADE_CARTAO_BASICO_NACIONAL&quot;,&quot;code&quot;:&quot;ANUIDADE_NACIONAL&quot;,&quot;chargingTriggerInfo&quot;:&quot;Não se aplica.&quot;,&quot;prices&quot;:[{&quot;interval&quot;:&quot;1_FAIXA&quot;,&quot;value&quot;:&quot;NA&quot;,&quot;currency&quot;:&quot;BRL&quot;,&quot;customers&quot;:{&quot;rate&quot;:&quot;NA&quot;}},{&quot;interval&quot;:&quot;2_FAIXA&quot;,&quot;value&quot;:&quot;NA&quot;,&quot;currency&quot;:&quot;BRL&quot;,&quot;customers&quot;:{&quot;rate&quot;:&quot;NA&quot;}},{&quot;interval&quot;:&quot;3_FAIXA&quot;,&quot;value&quot;:&quot;NA&quot;,&quot;currency&quot;:&quot;BRL&quot;,&quot;customers&quot;:{&quot;rate&quot;:&quot;NA&quot;}},{&quot;interval&quot;:&quot;4_FAIXA&quot;,&quot;value&quot;:&quot;NA&quot;,&quot;currency&quot;:&quot;BRL&quot;,&quot;customers&quot;:{&quot;rate&quot;:&quot;NA&quot;}}],&quot;minimum&quot;:{&quot;value&quot;:&quot;NA&quot;,&quot;currency&quot;:&quot;BRL&quot;},&quot;maximum&quot;:{&quot;value&quot;:&quot;NA&quot;,&quot;currency&quot;:&quot;BRL&quot;}},{&quot;name&quot;:&quot;ANUIDADE_CARTAO_BASICO_INTERNACIONAL&quot;,&quot;code&quot;:&quot;ANUIDADE_INTERNACIONAL&quot;,&quot;chargingTriggerInfo&quot;:&quot;Disponibilização de rede de estabelecimentos afiliados, instalada no país e no exterior, para pagamentos de bens e serviços, cobrada no máximo uma vez a cada 12 (doze) meses, admitido o parcelamento da cobrança.&quot;,&quot;prices&quot;:[{&quot;interval&quot;:&quot;1_FAIXA&quot;,&quot;value&quot;:&quot;142.80&quot;,&quot;currency&quot;:&quot;BRL&quot;,&quot;customers&quot;:{&quot;rate&quot;:&quot;1.0000&quot;}},{&quot;interval&quot;:&quot;2_FAIXA&quot;,&quot;value&quot;:&quot;0.00&quot;,&quot;currency&quot;:&quot;BRL&quot;,&quot;customers&quot;:{&quot;rate&quot;:&quot;0.0000&quot;}},{&quot;interval&quot;:&quot;3_FAIXA&quot;,&quot;value&quot;:&quot;0.00&quot;,&quot;currency&quot;:&quot;BRL&quot;,&quot;customers&quot;:{&quot;rate&quot;:&quot;0.0000&quot;}},{&quot;interval&quot;:&quot;4_FAIXA&quot;,&quot;value&quot;:&quot;0.00&quot;,&quot;currency&quot;:&quot;BRL&quot;,&quot;customers&quot;:{&quot;rate&quot;:&quot;0.0000&quot;}}],&quot;minimum&quot;:{&quot;value&quot;:&quot;142.80&quot;,&quot;currency&quot;:&quot;BRL&quot;},&quot;maximum&quot;:{&quot;value&quot;:&quot;142.80&quot;,&quot;currency&quot;:&quot;BRL&quot;}},{&quot;name&quot;:&quot;ANUIDADE_DIFERENCIADA&quot;,&quot;code&quot;:&quot;ANUIDADE_DIFERENCIADA&quot;,&quot;chargingTriggerInfo&quot;:&quot;Disponibilização de rede de estabelecimentos afiliados, instalada no país e no exterior, para pagamentos de bens e serviços, cobrada no máximo uma vez a cada 12 (doze) meses, admitido o parcelamento da cobrança.&quot;,&quot;prices&quot;:[{&quot;interval&quot;:&quot;1_FAIXA&quot;,&quot;value&quot;:&quot;NA&quot;,&quot;currency&quot;:&quot;BRL&quot;,&quot;customers&quot;:{&quot;rate&quot;:&quot;NA&quot;}},{&quot;interval&quot;:&quot;2_FAIXA&quot;,&quot;value&quot;:&quot;NA&quot;,&quot;currency&quot;:&quot;BRL&quot;,&quot;customers&quot;:{&quot;rate&quot;:&quot;NA&quot;}},{&quot;interval&quot;:&quot;3_FAIXA&quot;,&quot;value&quot;:&quot;NA&quot;,&quot;currency&quot;:&quot;BRL&quot;,&quot;customers&quot;:{&quot;rate&quot;:&quot;NA&quot;}},{&quot;interval&quot;:&quot;4_FAIXA&quot;,&quot;value&quot;:&quot;NA&quot;,&quot;currency&quot;:&quot;BRL&quot;,&quot;customers&quot;:{&quot;rate&quot;:&quot;NA&quot;}}],&quot;minimum&quot;:{&quot;value&quot;:&quot;NA&quot;,&quot;currency&quot;:&quot;BRL&quot;},&quot;maximum&quot;:{&quot;value&quot;:&quot;NA&quot;,&quot;currency&quot;:&quot;BRL&quot;}},{&quot;name&quot;:&quot;UTILIZACAO_CANAIS_ATENDIMENTO_RETIRADA_ESPECIE_BRASIL&quot;,&quot;code&quot;:&quot;SAQUE_CARTAO_BRASIL&quot;,&quot;chargingTriggerInfo&quot;:&quot;Disponibilização e utilização pelo cliente de canais de atendimento disponíveis no país para retirada em espécie na função crédito.&quot;,&quot;prices&quot;:[{&quot;interval&quot;:&quot;1_FAIXA&quot;,&quot;value&quot;:&quot;14.90&quot;,&quot;currency&quot;:&quot;BRL&quot;,&quot;customers&quot;:{&quot;rate&quot;:&quot;1.0000&quot;}},{&quot;interval&quot;:&quot;2_FAIXA&quot;,&quot;value&quot;:&quot;0.00&quot;,&quot;currency&quot;:&quot;BRL&quot;,&quot;customers&quot;:{&quot;rate&quot;:&quot;0.0000&quot;}},{&quot;interval&quot;:&quot;3_FAIXA&quot;,&quot;value&quot;:&quot;0.00&quot;,&quot;currency&quot;:&quot;BRL&quot;,&quot;customers&quot;:{&quot;rate&quot;:&quot;0.0000&quot;}},{&quot;interval&quot;:&quot;4_FAIXA&quot;,&quot;value&quot;:&quot;0.00&quot;,&quot;currency&quot;:&quot;BRL&quot;,&quot;customers&quot;:{&quot;rate&quot;:&quot;0.0000&quot;}}],&quot;minimum&quot;:{&quot;value&quot;:&quot;14.90&quot;,&quot;currency&quot;:&quot;BRL&quot;},&quot;maximum&quot;:{&quot;value&quot;:&quot;14.90&quot;,&quot;currency&quot;:&quot;BRL&quot;}},{&quot;name&quot;:&quot;UTILIZACAO_CANAIS_ATENDIMENTO_RETIRADA_ESPECIE_EXTERIOR&quot;,&quot;code&quot;:&quot;SAQUE_CARTAO_EXTERIOR&quot;,&quot;chargingTriggerInfo&quot;:&quot;Disponibilização e utilização pelo cliente de canais de atendimento disponíveis no exterior para retirada em espécie na função crédito ou débito.&quot;,&quot;prices&quot;:[{&quot;interval&quot;:&quot;1_FAIXA&quot;,&quot;value&quot;:&quot;14.90&quot;,&quot;currency&quot;:&quot;BRL&quot;,&quot;customers&quot;:{&quot;rate&quot;:&quot;1.0000&quot;}},{&quot;interval&quot;:&quot;2_FAIXA&quot;,&quot;value&quot;:&quot;0.00&quot;,&quot;currency&quot;:&quot;BRL&quot;,&quot;customers&quot;:{&quot;rate&quot;:&quot;0.0000&quot;}},{&quot;interval&quot;:&quot;3_FAIXA&quot;,&quot;value&quot;:&quot;0.00&quot;,&quot;currency&quot;:&quot;BRL&quot;,&quot;customers&quot;:{&quot;rate&quot;:&quot;0.0000&quot;}},{&quot;interval&quot;:&quot;4_FAIXA&quot;,&quot;value&quot;:&quot;0.00&quot;,&quot;currency&quot;:&quot;BRL&quot;,&quot;customers&quot;:{&quot;rate&quot;:&quot;0.0000&quot;}}],&quot;minimum&quot;:{&quot;value&quot;:&quot;14.90&quot;,&quot;currency&quot;:&quot;BRL&quot;},&quot;maximum&quot;:{&quot;value&quot;:&quot;14.90&quot;,&quot;currency&quot;:&quot;BRL&quot;}},{&quot;name&quot;:&quot;AVALIACAO_EMERGENCIAL_CREDITO&quot;,&quot;code&quot;:&quot;AVALIACAO_EMERGENCIAL_CREDITO&quot;,&quot;chargingTriggerInfo&quot;:&quot;Avaliação de viabilidade e de riscos para a concessão de crédito em caráter emergencial, a pedido do cliente, por meio de atendimento pessoal, para realização de despesa acima do limite do cartão, cobrada no máximo uma vez nos últimos 30 (trinta) dias.&quot;,&quot;prices&quot;:[{&quot;interval&quot;:&quot;1_FAIXA&quot;,&quot;value&quot;:&quot;18.90&quot;,&quot;currency&quot;:&quot;BRL&quot;,&quot;customers&quot;:{&quot;rate&quot;:&quot;1.000&quot;}},{&quot;interval&quot;:&quot;2_FAIXA&quot;,&quot;value&quot;:&quot;0.00&quot;,&quot;currency&quot;:&quot;BRL&quot;,&quot;customers&quot;:{&quot;rate&quot;:&quot;0.0000&quot;}},{&quot;interval&quot;:&quot;3_FAIXA&quot;,&quot;value&quot;:&quot;0.00&quot;,&quot;currency&quot;:&quot;BRL&quot;,&quot;customers&quot;:{&quot;rate&quot;:&quot;0.0000&quot;}},{&quot;interval&quot;:&quot;4_FAIXA&quot;,&quot;value&quot;:&quot;0.00&quot;,&quot;currency&quot;:&quot;BRL&quot;,&quot;customers&quot;:{&quot;rate&quot;:&quot;0.0000&quot;}}],&quot;minimum&quot;:{&quot;value&quot;:&quot;18.90&quot;,&quot;currency&quot;:&quot;BRL&quot;},&quot;maximum&quot;:{&quot;value&quot;:&quot;18.90&quot;,&quot;currency&quot;:&quot;BRL&quot;}},{&quot;name&quot;:&quot;FORNECIMENTO_SEGUNDA_VIA_FUNCAO_CREDITO&quot;,&quot;code&quot;:&quot;EMISSAO_SEGUNDA_VIA&quot;,&quot;chargingTriggerInfo&quot;:&quot;Confecção e emissão de novo cartão com função credito, restrito a casos de pedidos de reposição formulados pelo detentor do cartão, decorrente de perda, roubo, furto, danificação e outros motives não imputáveis instituição emitente.&quot;,&quot;prices&quot;:[{&quot;interval&quot;:&quot;1_FAIXA&quot;,&quot;value&quot;:&quot;14.99&quot;,&quot;currency&quot;:&quot;BRL&quot;,&quot;customers&quot;:{&quot;rate&quot;:&quot;1.0000&quot;}},{&quot;interval&quot;:&quot;2_FAIXA&quot;,&quot;value&quot;:&quot;0.00&quot;,&quot;currency&quot;:&quot;BRL&quot;,&quot;customers&quot;:{&quot;rate&quot;:&quot;0.0000&quot;}},{&quot;interval&quot;:&quot;3_FAIXA&quot;,&quot;value&quot;:&quot;0.00&quot;,&quot;currency&quot;:&quot;BRL&quot;,&quot;customers&quot;:{&quot;rate&quot;:&quot;0.0000&quot;}},{&quot;interval&quot;:&quot;4_FAIXA&quot;,&quot;value&quot;:&quot;0.00&quot;,&quot;currency&quot;:&quot;BRL&quot;,&quot;customers&quot;:{&quot;rate&quot;:&quot;0.0000&quot;}}],&quot;minimum&quot;:{&quot;value&quot;:&quot;14.99&quot;,&quot;currency&quot;:&quot;BRL&quot;},&quot;maximum&quot;:{&quot;value&quot;:&quot;14.99&quot;,&quot;currency&quot;:&quot;BRL&quot;}},{&quot;name&quot;:&quot;PAGAMENTO_CONTAS_UTILIZANDO_FUNCAO_CREDITO&quot;,&quot;code&quot;:&quot;TARIFA_PAGAMENTO_CONTAS&quot;,&quot;chargingTriggerInfo&quot;:&quot;Não se aplica.&quot;,&quot;prices&quot;:[{&quot;interval&quot;:&quot;1_FAIXA&quot;,&quot;value&quot;:&quot;NA&quot;,&quot;currency&quot;:&quot;BRL&quot;,&quot;customers&quot;:{&quot;rate&quot;:&quot;NA&quot;}},{&quot;interval&quot;:&quot;2_FAIXA&quot;,&quot;value&quot;:&quot;NA&quot;,&quot;currency&quot;:&quot;BRL&quot;,&quot;customers&quot;:{&quot;rate&quot;:&quot;NA&quot;}},{&quot;interval&quot;:&quot;3_FAIXA&quot;,&quot;value&quot;:&quot;NA&quot;,&quot;currency&quot;:&quot;BRL&quot;,&quot;customers&quot;:{&quot;rate&quot;:&quot;NA&quot;}},{&quot;interval&quot;:&quot;4_FAIXA&quot;,&quot;value&quot;:&quot;NA&quot;,&quot;currency&quot;:&quot;BRL&quot;,&quot;customers&quot;:{&quot;rate&quot;:&quot;NA&quot;}}],&quot;minimum&quot;:{&quot;value&quot;:&quot;NA&quot;,&quot;currency&quot;:&quot;BRL&quot;},&quot;maximum&quot;:{&quot;value&quot;:&quot;NA&quot;,&quot;currency&quot;:&quot;BRL&quot;}},{&quot;name&quot;:&quot;SMS&quot;,&quot;code&quot;:&quot;SMS&quot;,&quot;chargingTriggerInfo&quot;:&quot;Envio de mensagem automática relativa à movimentação ou ao lançamento no cartão de crédito.&quot;,&quot;prices&quot;:[{&quot;interval&quot;:&quot;1_FAIXA&quot;,&quot;value&quot;:&quot;3.90&quot;,&quot;currency&quot;:&quot;BRL&quot;,&quot;customers&quot;:{&quot;rate&quot;:&quot;1.000&quot;}},{&quot;interval&quot;:&quot;2_FAIXA&quot;,&quot;value&quot;:&quot;0.00&quot;,&quot;currency&quot;:&quot;BRL&quot;,&quot;customers&quot;:{&quot;rate&quot;:&quot;0.0000&quot;}},{&quot;interval&quot;:&quot;3_FAIXA&quot;,&quot;value&quot;:&quot;0.00&quot;,&quot;currency&quot;:&quot;BRL&quot;,&quot;customers&quot;:{&quot;rate&quot;:&quot;0.0000&quot;}},{&quot;interval&quot;:&quot;4_FAIXA&quot;,&quot;value&quot;:&quot;0.00&quot;,&quot;currency&quot;:&quot;BRL&quot;,&quot;customers&quot;:{&quot;rate&quot;:&quot;0.0000&quot;}}],&quot;minimum&quot;:{&quot;value&quot;:&quot;3.90&quot;,&quot;currency&quot;:&quot;BRL&quot;},&quot;maximum&quot;:{&quot;value&quot;:&quot;3.90&quot;,&quot;currency&quot;:&quot;BRL&quot;}}]},&quot;interest&quot;:{&quot;rates&quot;:[{&quot;referentialRateIndexer&quot;:&quot;PRE_FIXADO&quot;,&quot;rate&quot;:&quot;NA&quot;,&quot;applications&quot;:[{&quot;interval&quot;:&quot;1_FAIXA&quot;,&quot;indexer&quot;:{&quot;rate&quot;:&quot;0.1460&quot;},&quot;customers&quot;:{&quot;rate&quot;:&quot;1.0000&quot;}},{&quot;interval&quot;:&quot;2_FAIXA&quot;,&quot;indexer&quot;:{&quot;rate&quot;:&quot;0.0000&quot;},&quot;customers&quot;:{&quot;rate&quot;:&quot;0.0000&quot;}},{&quot;interval&quot;:&quot;3_FAIXA&quot;,&quot;indexer&quot;:{&quot;rate&quot;:&quot;0.0000&quot;},&quot;customers&quot;:{&quot;rate&quot;:&quot;0.0000&quot;}},{&quot;interval&quot;:&quot;4_FAIXA&quot;,&quot;indexer&quot;:{&quot;rate&quot;:&quot;0.0000&quot;},&quot;customers&quot;:{&quot;rate&quot;:&quot;0.0000&quot;}}],&quot;minimumRate&quot;:&quot;0.1460&quot;,&quot;maximumRate&quot;:&quot;0.1460&quot;}],&quot;instalmentRates&quot;:[{&quot;referentialRateIndexer&quot;:&quot;PRE_FIXADO&quot;,&quot;rate&quot;:&quot;NA&quot;,&quot;applications&quot;:[{&quot;interval&quot;:&quot;1_FAIXA&quot;,&quot;indexer&quot;:{&quot;rate&quot;:&quot;0.1460&quot;},&quot;customers&quot;:{&quot;rate&quot;:&quot;1.0000&quot;}},{&quot;interval&quot;:&quot;2_FAIXA&quot;,&quot;indexer&quot;:{&quot;rate&quot;:&quot;0.0000&quot;},&quot;customers&quot;:{&quot;rate&quot;:&quot;0.0000&quot;}},{&quot;interval&quot;:&quot;3_FAIXA&quot;,&quot;indexer&quot;:{&quot;rate&quot;:&quot;0.0000&quot;},&quot;customers&quot;:{&quot;rate&quot;:&quot;0.0000&quot;}},{&quot;interval&quot;:&quot;4_FAIXA&quot;,&quot;indexer&quot;:{&quot;rate&quot;:&quot;0.0000&quot;},&quot;customers&quot;:{&quot;rate&quot;:&quot;0.0000&quot;}}],&quot;minimumRate&quot;:&quot;0.1460&quot;,&quot;maximumRate&quot;:&quot;0.1460&quot;}],&quot;otherCredits&quot;:[{&quot;code&quot;:&quot;SAQUE_A_CREDITO&quot;}]},&quot;termsConditions&quot;:{&quot;minimumFeeRate&quot;:&quot;0.10&quot;,&quot;additionalInfo&quot;:&quot;O valor do pagamento mínimo será composto pelo saldo devedor das faturas anteriores + 10% das compras existentes na fatura atual + tarifas + encargos do mês + seguros + parcelas de parcelamentos (saque rápido e parcelamentos) + saques + 10% do saldo credor da fatura anterior + 10% de estornos.&quot;,&quot;elegibilityCriteriaInfo&quot;:&quot;Ter idade mínima de 18 anos, CPF regular na Receita Federal e renda mínima maior ou igual ao salário mínimo.&quot;,&quot;closingProcessInfo&quot;:&quot;1) Quando você quiser cancelar: Deve nos avisar através da Central de Atendimento ou nas Lojas Renner S.A., sendo o Meu Cartão imediatamente cancelado. O contrato, porém, permanecerá eficaz até o pagamento de todos os valores ainda devidos. \n 2) Quando a gente pode cancelar este contrato: Na ocorrência de qualquer uma das hipóteses abaixo, nós poderemos encerrar o contrato, comunicando você com antecedência de 5 (cinco) dias corridos, caso em que este contrato será considerado vencido antecipadamente e exigiremos que você pague de imediato o que nos for devido: \n -&gt; você deixe de cumprir qualquer de suas obrigações, sofra legítimo protesto de título, tenha a sua insolvência ou falência decretada, tenha incluído seu nome no CCF, ou, ainda, tenha emitido cheque sem suficiente provisão de fundos contra a gente; \n -&gt; você tenha restrições cadastrais ao longo da vigência deste contrato; \n -&gt; você deixe de pagar os valores devidos na respectiva data de vencimento; \n -&gt; você exceda os limites de crédito que lhe forem atribuídos; \n -&gt; alguma informação de cadastro que não seja verdadeira; \n -&gt; ocorra algum evento que afete nossas garantias ou direitos creditórios, ou dos bancos que outorgam crédito. \n -&gt; ocorrência de fraude, suspeitas de lavagem de dinheiro, desacordo comercial ou qualquer ilícito.&quot;}},{&quot;name&quot;:&quot;MEU CARTAO&quot;,&quot;identification&quot;:{&quot;product&quot;:{&quot;type&quot;:&quot;STANDARD_INTERNACIONAL&quot;},&quot;creditCard&quot;:{&quot;network&quot;:&quot;MASTERCARD&quot;}},&quot;rewardsProgram&quot;:{&quot;hasRewardProgram&quot;:false},&quot;fees&quot;:{&quot;services&quot;:[{&quot;name&quot;:&quot;ANUIDADE_CARTAO_BASICO_NACIONAL&quot;,&quot;code&quot;:&quot;ANUIDADE_NACIONAL&quot;,&quot;chargingTriggerInfo&quot;:&quot;Não se aplica.&quot;,&quot;prices&quot;:[{&quot;interval&quot;:&quot;1_FAIXA&quot;,&quot;value&quot;:&quot;NA&quot;,&quot;currency&quot;:&quot;BRL&quot;,&quot;customers&quot;:{&quot;rate&quot;:&quot;NA&quot;}},{&quot;interval&quot;:&quot;2_FAIXA&quot;,&quot;value&quot;:&quot;NA&quot;,&quot;currency&quot;:&quot;BRL&quot;,&quot;customers&quot;:{&quot;rate&quot;:&quot;NA&quot;}},{&quot;interval&quot;:&quot;3_FAIXA&quot;,&quot;value&quot;:&quot;NA&quot;,&quot;currency&quot;:&quot;BRL&quot;,&quot;customers&quot;:{&quot;rate&quot;:&quot;NA&quot;}},{&quot;interval&quot;:&quot;4_FAIXA&quot;,&quot;value&quot;:&quot;NA&quot;,&quot;currency&quot;:&quot;BRL&quot;,&quot;customers&quot;:{&quot;rate&quot;:&quot;NA&quot;}}],&quot;minimum&quot;:{&quot;value&quot;:&quot;NA&quot;,&quot;currency&quot;:&quot;BRL&quot;},&quot;maximum&quot;:{&quot;value&quot;:&quot;NA&quot;,&quot;currency&quot;:&quot;BRL&quot;}},{&quot;name&quot;:&quot;ANUIDADE_CARTAO_BASICO_INTERNACIONAL&quot;,&quot;code&quot;:&quot;ANUIDADE_INTERNACIONAL&quot;,&quot;chargingTriggerInfo&quot;:&quot;Disponibilização de rede de estabelecimentos afiliados, instalada no país e no exterior, para pagamentos de bens e serviços, cobrada no máximo uma vez a cada 12 (doze) meses, admitido o parcelamento da cobrança.&quot;,&quot;prices&quot;:[{&quot;interval&quot;:&quot;1_FAIXA&quot;,&quot;value&quot;:&quot;142.80&quot;,&quot;currency&quot;:&quot;BRL&quot;,&quot;customers&quot;:{&quot;rate&quot;:&quot;1.0000&quot;}},{&quot;interval&quot;:&quot;2_FAIXA&quot;,&quot;value&quot;:&quot;0.00&quot;,&quot;currency&quot;:&quot;BRL&quot;,&quot;customers&quot;:{&quot;rate&quot;:&quot;0.0000&quot;}},{&quot;interval&quot;:&quot;3_FAIXA&quot;,&quot;value&quot;:&quot;0.00&quot;,&quot;currency&quot;:&quot;BRL&quot;,&quot;customers&quot;:{&quot;rate&quot;:&quot;0.0000&quot;}},{&quot;interval&quot;:&quot;4_FAIXA&quot;,&quot;value&quot;:&quot;0.00&quot;,&quot;currency&quot;:&quot;BRL&quot;,&quot;customers&quot;:{&quot;rate&quot;:&quot;0.0000&quot;}}],&quot;minimum&quot;:{&quot;value&quot;:&quot;142.80&quot;,&quot;currency&quot;:&quot;BRL&quot;},&quot;maximum&quot;:{&quot;value&quot;:&quot;142.80&quot;,&quot;currency&quot;:&quot;BRL&quot;}},{&quot;name&quot;:&quot;ANUIDADE_DIFERENCIADA&quot;,&quot;code&quot;:&quot;ANUIDADE_DIFERENCIADA&quot;,&quot;chargingTriggerInfo&quot;:&quot;Disponibilização de rede de estabelecimentos afiliados, instalada no país e no exterior, para pagamentos de bens e serviços, cobrada no máximo uma vez a cada 12 (doze) meses, admitido o parcelamento da cobrança.&quot;,&quot;prices&quot;:[{&quot;interval&quot;:&quot;1_FAIXA&quot;,&quot;value&quot;:&quot;NA&quot;,&quot;currency&quot;:&quot;BRL&quot;,&quot;customers&quot;:{&quot;rate&quot;:&quot;NA&quot;}},{&quot;interval&quot;:&quot;2_FAIXA&quot;,&quot;value&quot;:&quot;NA&quot;,&quot;currency&quot;:&quot;BRL&quot;,&quot;customers&quot;:{&quot;rate&quot;:&quot;NA&quot;}},{&quot;interval&quot;:&quot;3_FAIXA&quot;,&quot;value&quot;:&quot;NA&quot;,&quot;currency&quot;:&quot;BRL&quot;,&quot;customers&quot;:{&quot;rate&quot;:&quot;NA&quot;}},{&quot;interval&quot;:&quot;4_FAIXA&quot;,&quot;value&quot;:&quot;NA&quot;,&quot;currency&quot;:&quot;BRL&quot;,&quot;customers&quot;:{&quot;rate&quot;:&quot;NA&quot;}}],&quot;minimum&quot;:{&quot;value&quot;:&quot;NA&quot;,&quot;currency&quot;:&quot;BRL&quot;},&quot;maximum&quot;:{&quot;value&quot;:&quot;NA&quot;,&quot;currency&quot;:&quot;BRL&quot;}},{&quot;name&quot;:&quot;UTILIZACAO_CANAIS_ATENDIMENTO_RETIRADA_ESPECIE_BRASIL&quot;,&quot;code&quot;:&quot;SAQUE_CARTAO_BRASIL&quot;,&quot;chargingTriggerInfo&quot;:&quot;Disponibilização e utilização pelo cliente de canais de atendimento disponíveis no país para retirada em espécie na função crédito.&quot;,&quot;prices&quot;:[{&quot;interval&quot;:&quot;1_FAIXA&quot;,&quot;value&quot;:&quot;14.90&quot;,&quot;currency&quot;:&quot;BRL&quot;,&quot;customers&quot;:{&quot;rate&quot;:&quot;1.0000&quot;}},{&quot;interval&quot;:&quot;2_FAIXA&quot;,&quot;value&quot;:&quot;0.00&quot;,&quot;currency&quot;:&quot;BRL&quot;,&quot;customers&quot;:{&quot;rate&quot;:&quot;0.0000&quot;}},{&quot;interval&quot;:&quot;3_FAIXA&quot;,&quot;value&quot;:&quot;0.00&quot;,&quot;currency&quot;:&quot;BRL&quot;,&quot;customers&quot;:{&quot;rate&quot;:&quot;0.0000&quot;}},{&quot;interval&quot;:&quot;4_FAIXA&quot;,&quot;value&quot;:&quot;0.00&quot;,&quot;currency&quot;:&quot;BRL&quot;,&quot;customers&quot;:{&quot;rate&quot;:&quot;0.0000&quot;}}],&quot;minimum&quot;:{&quot;value&quot;:&quot;14.90&quot;,&quot;currency&quot;:&quot;BRL&quot;},&quot;maximum&quot;:{&quot;value&quot;:&quot;14.90&quot;,&quot;currency&quot;:&quot;BRL&quot;}},{&quot;name&quot;:&quot;UTILIZACAO_CANAIS_ATENDIMENTO_RETIRADA_ESPECIE_EXTERIOR&quot;,&quot;code&quot;:&quot;SAQUE_CARTAO_EXTERIOR&quot;,&quot;chargingTriggerInfo&quot;:&quot;Disponibilização e utilização pelo cliente de canais de atendimento disponíveis no exterior para retirada em espécie na função crédito ou débito.&quot;,&quot;prices&quot;:[{&quot;interval&quot;:&quot;1_FAIXA&quot;,&quot;value&quot;:&quot;14.90&quot;,&quot;currency&quot;:&quot;BRL&quot;,&quot;customers&quot;:{&quot;rate&quot;:&quot;1.0000&quot;}},{&quot;interval&quot;:&quot;2_FAIXA&quot;,&quot;value&quot;:&quot;0.00&quot;,&quot;currency&quot;:&quot;BRL&quot;,&quot;customers&quot;:{&quot;rate&quot;:&quot;0.0000&quot;}},{&quot;interval&quot;:&quot;3_FAIXA&quot;,&quot;value&quot;:&quot;0.00&quot;,&quot;currency&quot;:&quot;BRL&quot;,&quot;customers&quot;:{&quot;rate&quot;:&quot;0.0000&quot;}},{&quot;interval&quot;:&quot;4_FAIXA&quot;,&quot;value&quot;:&quot;0.00&quot;,&quot;currency&quot;:&quot;BRL&quot;,&quot;customers&quot;:{&quot;rate&quot;:&quot;0.0000&quot;}}],&quot;minimum&quot;:{&quot;value&quot;:&quot;14.90&quot;,&quot;currency&quot;:&quot;BRL&quot;},&quot;maximum&quot;:{&quot;value&quot;:&quot;14.90&quot;,&quot;currency&quot;:&quot;BRL&quot;}},{&quot;name&quot;:&quot;AVALIACAO_EMERGENCIAL_CREDITO&quot;,&quot;code&quot;:&quot;AVALIACAO_EMERGENCIAL_CREDITO&quot;,&quot;chargingTriggerInfo&quot;:&quot;Avaliação de viabilidade e de riscos para a concessão de crédito em caráter emergencial, a pedido do cliente, por meio de atendimento pessoal, para realização de despesa acima do limite do cartão, cobrada no máximo uma vez nos últimos 30 (trinta) dias.&quot;,&quot;prices&quot;:[{&quot;interval&quot;:&quot;1_FAIXA&quot;,&quot;value&quot;:&quot;18.90&quot;,&quot;currency&quot;:&quot;BRL&quot;,&quot;customers&quot;:{&quot;rate&quot;:&quot;1.000&quot;}},{&quot;interval&quot;:&quot;2_FAIXA&quot;,&quot;value&quot;:&quot;0.00&quot;,&quot;currency&quot;:&quot;BRL&quot;,&quot;customers&quot;:{&quot;rate&quot;:&quot;0.0000&quot;}},{&quot;interval&quot;:&quot;3_FAIXA&quot;,&quot;value&quot;:&quot;0.00&quot;,&quot;currency&quot;:&quot;BRL&quot;,&quot;customers&quot;:{&quot;rate&quot;:&quot;0.0000&quot;}},{&quot;interval&quot;:&quot;4_FAIXA&quot;,&quot;value&quot;:&quot;0.00&quot;,&quot;currency&quot;:&quot;BRL&quot;,&quot;customers&quot;:{&quot;rate&quot;:&quot;0.0000&quot;}}],&quot;minimum&quot;:{&quot;value&quot;:&quot;18.90&quot;,&quot;currency&quot;:&quot;BRL&quot;},&quot;maximum&quot;:{&quot;value&quot;:&quot;18.90&quot;,&quot;currency&quot;:&quot;BRL&quot;}},{&quot;name&quot;:&quot;FORNECIMENTO_SEGUNDA_VIA_FUNCAO_CREDITO&quot;,&quot;code&quot;:&quot;EMISSAO_SEGUNDA_VIA&quot;,&quot;chargingTriggerInfo&quot;:&quot;Confecção e emissão de novo cartão com função credito, restrito a casos de pedidos de reposição formulados pelo detentor do cartão, decorrente de perda, roubo, furto, danificação e outros motives não imputáveis instituição emitente.&quot;,&quot;prices&quot;:[{&quot;interval&quot;:&quot;1_FAIXA&quot;,&quot;value&quot;:&quot;14.99&quot;,&quot;currency&quot;:&quot;BRL&quot;,&quot;customers&quot;:{&quot;rate&quot;:&quot;1.0000&quot;}},{&quot;interval&quot;:&quot;2_FAIXA&quot;,&quot;value&quot;:&quot;0.00&quot;,&quot;currency&quot;:&quot;BRL&quot;,&quot;customers&quot;:{&quot;rate&quot;:&quot;0.0000&quot;}},{&quot;interval&quot;:&quot;3_FAIXA&quot;,&quot;value&quot;:&quot;0.00&quot;,&quot;currency&quot;:&quot;BRL&quot;,&quot;customers&quot;:{&quot;rate&quot;:&quot;0.0000&quot;}},{&quot;interval&quot;:&quot;4_FAIXA&quot;,&quot;value&quot;:&quot;0.00&quot;,&quot;currency&quot;:&quot;BRL&quot;,&quot;customers&quot;:{&quot;rate&quot;:&quot;0.0000&quot;}}],&quot;minimum&quot;:{&quot;value&quot;:&quot;14.99&quot;,&quot;currency&quot;:&quot;BRL&quot;},&quot;maximum&quot;:{&quot;value&quot;:&quot;14.99&quot;,&quot;currency&quot;:&quot;BRL&quot;}},{&quot;name&quot;:&quot;PAGAMENTO_CONTAS_UTILIZANDO_FUNCAO_CREDITO&quot;,&quot;code&quot;:&quot;TARIFA_PAGAMENTO_CONTAS&quot;,&quot;chargingTriggerInfo&quot;:&quot;Não se aplica.&quot;,&quot;prices&quot;:[{&quot;interval&quot;:&quot;1_FAIXA&quot;,&quot;value&quot;:&quot;NA&quot;,&quot;currency&quot;:&quot;BRL&quot;,&quot;customers&quot;:{&quot;rate&quot;:&quot;NA&quot;}},{&quot;interval&quot;:&quot;2_FAIXA&quot;,&quot;value&quot;:&quot;NA&quot;,&quot;currency&quot;:&quot;BRL&quot;,&quot;customers&quot;:{&quot;rate&quot;:&quot;NA&quot;}},{&quot;interval&quot;:&quot;3_FAIXA&quot;,&quot;value&quot;:&quot;NA&quot;,&quot;currency&quot;:&quot;BRL&quot;,&quot;customers&quot;:{&quot;rate&quot;:&quot;NA&quot;}},{&quot;interval&quot;:&quot;4_FAIXA&quot;,&quot;value&quot;:&quot;NA&quot;,&quot;currency&quot;:&quot;BRL&quot;,&quot;customers&quot;:{&quot;rate&quot;:&quot;NA&quot;}}],&quot;minimum&quot;:{&quot;value&quot;:&quot;NA&quot;,&quot;currency&quot;:&quot;BRL&quot;},&quot;maximum&quot;:{&quot;value&quot;:&quot;NA&quot;,&quot;currency&quot;:&quot;BRL&quot;}},{&quot;name&quot;:&quot;SMS&quot;,&quot;code&quot;:&quot;SMS&quot;,&quot;chargingTriggerInfo&quot;:&quot;Envio de mensagem automática relativa à movimentação ou ao lançamento no cartão de crédito.&quot;,&quot;prices&quot;:[{&quot;interval&quot;:&quot;1_FAIXA&quot;,&quot;value&quot;:&quot;3.90&quot;,&quot;currency&quot;:&quot;BRL&quot;,&quot;customers&quot;:{&quot;rate&quot;:&quot;1.000&quot;}},{&quot;interval&quot;:&quot;2_FAIXA&quot;,&quot;value&quot;:&quot;0.00&quot;,&quot;currency&quot;:&quot;BRL&quot;,&quot;customers&quot;:{&quot;rate&quot;:&quot;0.0000&quot;}},{&quot;interval&quot;:&quot;3_FAIXA&quot;,&quot;value&quot;:&quot;0.00&quot;,&quot;currency&quot;:&quot;BRL&quot;,&quot;customers&quot;:{&quot;rate&quot;:&quot;0.0000&quot;}},{&quot;interval&quot;:&quot;4_FAIXA&quot;,&quot;value&quot;:&quot;0.00&quot;,&quot;currency&quot;:&quot;BRL&quot;,&quot;customers&quot;:{&quot;rate&quot;:&quot;0.0000&quot;}}],&quot;minimum&quot;:{&quot;value&quot;:&quot;3.90&quot;,&quot;currency&quot;:&quot;BRL&quot;},&quot;maximum&quot;:{&quot;value&quot;:&quot;3.90&quot;,&quot;currency&quot;:&quot;BRL&quot;}}]},&quot;interest&quot;:{&quot;rates&quot;:[{&quot;referentialRateIndexer&quot;:&quot;PRE_FIXADO&quot;,&quot;rate&quot;:&quot;NA&quot;,&quot;applications&quot;:[{&quot;interval&quot;:&quot;1_FAIXA&quot;,&quot;indexer&quot;:{&quot;rate&quot;:&quot;0.1460&quot;},&quot;customers&quot;:{&quot;rate&quot;:&quot;1.0000&quot;}},{&quot;interval&quot;:&quot;2_FAIXA&quot;,&quot;indexer&quot;:{&quot;rate&quot;:&quot;0.0000&quot;},&quot;customers&quot;:{&quot;rate&quot;:&quot;0.0000&quot;}},{&quot;interval&quot;:&quot;3_FAIXA&quot;,&quot;indexer&quot;:{&quot;rate&quot;:&quot;0.0000&quot;},&quot;customers&quot;:{&quot;rate&quot;:&quot;0.0000&quot;}},{&quot;interval&quot;:&quot;4_FAIXA&quot;,&quot;indexer&quot;:{&quot;rate&quot;:&quot;0.0000&quot;},&quot;customers&quot;:{&quot;rate&quot;:&quot;0.0000&quot;}}],&quot;minimumRate&quot;:&quot;0.1460&quot;,&quot;maximumRate&quot;:&quot;0.1460&quot;}],&quot;instalmentRates&quot;:[{&quot;referentialRateIndexer&quot;:&quot;PRE_FIXADO&quot;,&quot;rate&quot;:&quot;NA&quot;,&quot;applications&quot;:[{&quot;interval&quot;:&quot;1_FAIXA&quot;,&quot;indexer&quot;:{&quot;rate&quot;:&quot;0.1460&quot;},&quot;customers&quot;:{&quot;rate&quot;:&quot;1.0000&quot;}},{&quot;interval&quot;:&quot;2_FAIXA&quot;,&quot;indexer&quot;:{&quot;rate&quot;:&quot;0.0000&quot;},&quot;customers&quot;:{&quot;rate&quot;:&quot;0.0000&quot;}},{&quot;interval&quot;:&quot;3_FAIXA&quot;,&quot;indexer&quot;:{&quot;rate&quot;:&quot;0.0000&quot;},&quot;customers&quot;:{&quot;rate&quot;:&quot;0.0000&quot;}},{&quot;interval&quot;:&quot;4_FAIXA&quot;,&quot;indexer&quot;:{&quot;rate&quot;:&quot;0.0000&quot;},&quot;customers&quot;:{&quot;rate&quot;:&quot;0.0000&quot;}}],&quot;minimumRate&quot;:&quot;0.1460&quot;,&quot;maximumRate&quot;:&quot;0.1460&quot;}],&quot;otherCredits&quot;:[{&quot;code&quot;:&quot;SAQUE_A_CREDITO&quot;}]},&quot;termsConditions&quot;:{&quot;minimumFeeRate&quot;:&quot;0.10&quot;,&quot;additionalInfo&quot;:&quot;O valor do pagamento mínimo será composto pelo saldo devedor das faturas anteriores + 10% das compras existentes na fatura atual + tarifas + encargos do mês + seguros + parcelas de parcelamentos (saque rápido e parcelamentos) + saques + 10% do saldo credor da fatura anterior + 10% de estornos.&quot;,&quot;elegibilityCriteriaInfo&quot;:&quot;Ter idade mínima de 18 anos, CPF regular na Receita Federal e renda mínima maior ou igual ao salário mínimo.&quot;,&quot;closingProcessInfo&quot;:&quot;1) Quando você quiser cancelar: Deve nos avisar através da Central de Atendimento ou nas Lojas Renner S.A., sendo o imediatamente o Meu Cartão cancelado. O contrato, porém, permanecerá eficaz até o pagamento de todos os valores ainda devidos. \n 2) Quando a gente pode cancelar este contrato: Na ocorrência de qualquer uma das hipóteses abaixo, nós poderemos encerrar o contrato, comunicando você com antecedência de 5 (cinco) dias corridos, caso em que este contrato será considerado vencido antecipadamente e exigiremos que você pague de imediato o que nos for devido: \n -&gt; você deixe de cumprir qualquer de suas obrigações, sofra legítimo protesto de título, tenha a sua insolvência ou falência decretada, tenha incluído seu nome no CCF, ou, ainda, tenha emitido cheque sem suficiente provisão de fundos contra a gente; \n -&gt; você tenha restrições cadastrais ao longo da vigência deste contrato; \n -&gt; você deixe de pagar os valores devidos na respectiva data de vencimento; \n -&gt; você exceda os limites de crédito que lhe forem atribuídos; \n -&gt; alguma informação de cadastro que não seja verdadeira; \n -&gt; ocorra algum evento que afete nossas garantias ou direitos creditórios, ou dos bancos que outorgam crédito. \n -&gt; ocorrência de fraude, suspeitas de lavagem de dinheiro, desacordo comercial ou qualquer ilícito.&quot;}},{&quot;name&quot;:&quot;CARTAO RENNER&quot;,&quot;identification&quot;:{&quot;product&quot;:{&quot;type&quot;:&quot;COMPRAS&quot;},&quot;creditCard&quot;:{&quot;network&quot;:&quot;BANDEIRA_PROPRIA&quot;}},&quot;rewardsProgram&quot;:{&quot;hasRewardProgram&quot;:false},&quot;fees&quot;:{&quot;services&quot;:[{&quot;name&quot;:&quot;ANUIDADE_CARTAO_BASICO_NACIONAL&quot;,&quot;code&quot;:&quot;ANUIDADE_NACIONAL&quot;,&quot;chargingTriggerInfo&quot;:&quot;Disponibilização de rede de estabelecimentos afiliados, instalada no país e no exterior, para pagamentos de bens e serviços, cobrada no máximo uma vez a cada 12 (doze) meses, admitido o parcelamento da cobrança.&quot;,&quot;prices&quot;:[{&quot;interval&quot;:&quot;1_FAIXA&quot;,&quot;value&quot;:&quot;NA&quot;,&quot;currency&quot;:&quot;BRL&quot;,&quot;customers&quot;:{&quot;rate&quot;:&quot;NA&quot;}},{&quot;interval&quot;:&quot;2_FAIXA&quot;,&quot;value&quot;:&quot;NA&quot;,&quot;currency&quot;:&quot;BRL&quot;,&quot;customers&quot;:{&quot;rate&quot;:&quot;NA&quot;}},{&quot;interval&quot;:&quot;3_FAIXA&quot;,&quot;value&quot;:&quot;NA&quot;,&quot;currency&quot;:&quot;BRL&quot;,&quot;customers&quot;:{&quot;rate&quot;:&quot;NA&quot;}},{&quot;interval&quot;:&quot;4_FAIXA&quot;,&quot;value&quot;:&quot;NA&quot;,&quot;currency&quot;:&quot;BRL&quot;,&quot;customers&quot;:{&quot;rate&quot;:&quot;NA&quot;}}],&quot;minimum&quot;:{&quot;value&quot;:&quot;NA&quot;,&quot;currency&quot;:&quot;BRL&quot;},&quot;maximum&quot;:{&quot;value&quot;:&quot;NA&quot;,&quot;currency&quot;:&quot;BRL&quot;}},{&quot;name&quot;:&quot;ANUIDADE_CARTAO_BASICO_INTERNACIONAL&quot;,&quot;code&quot;:&quot;ANUIDADE_INTERNACIONAL&quot;,&quot;chargingTriggerInfo&quot;:&quot;Disponibilização de rede de estabelecimentos afiliados, instalada no país e no exterior, para pagamentos de bens e serviços, cobrada no máximo uma vez a cada 12 (doze) meses, admitido o parcelamento da cobrança.&quot;,&quot;prices&quot;:[{&quot;interval&quot;:&quot;1_FAIXA&quot;,&quot;value&quot;:&quot;NA&quot;,&quot;currency&quot;:&quot;BRL&quot;,&quot;customers&quot;:{&quot;rate&quot;:&quot;NA&quot;}},{&quot;interval&quot;:&quot;2_FAIXA&quot;,&quot;value&quot;:&quot;NA&quot;,&quot;currency&quot;:&quot;BRL&quot;,&quot;customers&quot;:{&quot;rate&quot;:&quot;NA&quot;}},{&quot;interval&quot;:&quot;3_FAIXA&quot;,&quot;value&quot;:&quot;NA&quot;,&quot;currency&quot;:&quot;BRL&quot;,&quot;customers&quot;:{&quot;rate&quot;:&quot;NA&quot;}},{&quot;interval&quot;:&quot;4_FAIXA&quot;,&quot;value&quot;:&quot;NA&quot;,&quot;currency&quot;:&quot;BRL&quot;,&quot;customers&quot;:{&quot;rate&quot;:&quot;NA&quot;}}],&quot;minimum&quot;:{&quot;value&quot;:&quot;NA&quot;,&quot;currency&quot;:&quot;BRL&quot;},&quot;maximum&quot;:{&quot;value&quot;:&quot;NA&quot;,&quot;currency&quot;:&quot;BRL&quot;}},{&quot;name&quot;:&quot;ANUIDADE_DIFERENCIADA&quot;,&quot;code&quot;:&quot;ANUIDADE_DIFERENCIADA&quot;,&quot;chargingTriggerInfo&quot;:&quot;Disponibilização de rede de estabelecimentos afiliados, instalada no país e no exterior, para pagamentos de bens e serviços, cobrada no máximo uma vez a cada 12 (doze) meses, admitido o parcelamento da cobrança.&quot;,&quot;prices&quot;:[{&quot;interval&quot;:&quot;1_FAIXA&quot;,&quot;value&quot;:&quot;NA&quot;,&quot;currency&quot;:&quot;BRL&quot;,&quot;customers&quot;:{&quot;rate&quot;:&quot;NA&quot;}},{&quot;interval&quot;:&quot;2_FAIXA&quot;,&quot;value&quot;:&quot;NA&quot;,&quot;currency&quot;:&quot;BRL&quot;,&quot;customers&quot;:{&quot;rate&quot;:&quot;NA&quot;}},{&quot;interval&quot;:&quot;3_FAIXA&quot;,&quot;value&quot;:&quot;NA&quot;,&quot;currency&quot;:&quot;BRL&quot;,&quot;customers&quot;:{&quot;rate&quot;:&quot;NA&quot;}},{&quot;interval&quot;:&quot;4_FAIXA&quot;,&quot;value&quot;:&quot;NA&quot;,&quot;currency&quot;:&quot;BRL&quot;,&quot;customers&quot;:{&quot;rate&quot;:&quot;NA&quot;}}],&quot;minimum&quot;:{&quot;value&quot;:&quot;NA&quot;,&quot;currency&quot;:&quot;BRL&quot;},&quot;maximum&quot;:{&quot;value&quot;:&quot;NA&quot;,&quot;currency&quot;:&quot;BRL&quot;}},{&quot;name&quot;:&quot;UTILIZACAO_CANAIS_ATENDIMENTO_RETIRADA_ESPECIE_BRASIL&quot;,&quot;code&quot;:&quot;SAQUE_CARTAO_BRASIL&quot;,&quot;chargingTriggerInfo&quot;:&quot;Disponibilização e utilização pelo cliente de canais de atendimento disponíveis no país para retirada em espécie na função crédito.&quot;,&quot;prices&quot;:[{&quot;interval&quot;:&quot;1_FAIXA&quot;,&quot;value&quot;:&quot;NA&quot;,&quot;currency&quot;:&quot;BRL&quot;,&quot;customers&quot;:{&quot;rate&quot;:&quot;NA&quot;}},{&quot;interval&quot;:&quot;2_FAIXA&quot;,&quot;value&quot;:&quot;NA&quot;,&quot;currency&quot;:&quot;BRL&quot;,&quot;customers&quot;:{&quot;rate&quot;:&quot;NA&quot;}},{&quot;interval&quot;:&quot;3_FAIXA&quot;,&quot;value&quot;:&quot;NA&quot;,&quot;currency&quot;:&quot;BRL&quot;,&quot;customers&quot;:{&quot;rate&quot;:&quot;NA&quot;}},{&quot;interval&quot;:&quot;4_FAIXA&quot;,&quot;value&quot;:&quot;NA&quot;,&quot;currency&quot;:&quot;BRL&quot;,&quot;customers&quot;:{&quot;rate&quot;:&quot;NA&quot;}}],&quot;minimum&quot;:{&quot;value&quot;:&quot;NA&quot;,&quot;currency&quot;:&quot;BRL&quot;},&quot;maximum&quot;:{&quot;value&quot;:&quot;NA&quot;,&quot;currency&quot;:&quot;BRL&quot;}},{&quot;name&quot;:&quot;UTILIZACAO_CANAIS_ATENDIMENTO_RETIRADA_ESPECIE_EXTERIOR&quot;,&quot;code&quot;:&quot;SAQUE_CARTAO_EXTERIOR&quot;,&quot;chargingTriggerInfo&quot;:&quot;Disponibilização e utilização pelo cliente de canais de atendimento disponíveis no exterior para retirada em espécie na função crédito ou débito.&quot;,&quot;prices&quot;:[{&quot;interval&quot;:&quot;1_FAIXA&quot;,&quot;value&quot;:&quot;NA&quot;,&quot;currency&quot;:&quot;BRL&quot;,&quot;customers&quot;:{&quot;rate&quot;:&quot;NA&quot;}},{&quot;interval&quot;:&quot;2_FAIXA&quot;,&quot;value&quot;:&quot;NA&quot;,&quot;currency&quot;:&quot;BRL&quot;,&quot;customers&quot;:{&quot;rate&quot;:&quot;NA&quot;}},{&quot;interval&quot;:&quot;3_FAIXA&quot;,&quot;value&quot;:&quot;NA&quot;,&quot;currency&quot;:&quot;BRL&quot;,&quot;customers&quot;:{&quot;rate&quot;:&quot;NA&quot;}},{&quot;interval&quot;:&quot;4_FAIXA&quot;,&quot;value&quot;:&quot;NA&quot;,&quot;currency&quot;:&quot;BRL&quot;,&quot;customers&quot;:{&quot;rate&quot;:&quot;NA&quot;}}],&quot;minimum&quot;:{&quot;value&quot;:&quot;NA&quot;,&quot;currency&quot;:&quot;BRL&quot;},&quot;maximum&quot;:{&quot;value&quot;:&quot;NA&quot;,&quot;currency&quot;:&quot;BRL&quot;}},{&quot;name&quot;:&quot;AVALIACAO_EMERGENCIAL_CREDITO&quot;,&quot;code&quot;:&quot;AVALIACAO_EMERGENCIAL_CREDITO&quot;,&quot;chargingTriggerInfo&quot;:&quot;Avaliação de viabilidade e de riscos para a concessão de crédito em caráter emergencial, a pedido do cliente, por meio de atendimento pessoal, para realização de despesa acima do limite do cartão, cobrada no máximo uma vez nos últimos 30 (trinta) dias.&quot;,&quot;prices&quot;:[{&quot;interval&quot;:&quot;1_FAIXA&quot;,&quot;value&quot;:&quot;NA&quot;,&quot;currency&quot;:&quot;BRL&quot;,&quot;customers&quot;:{&quot;rate&quot;:&quot;NA&quot;}},{&quot;interval&quot;:&quot;2_FAIXA&quot;,&quot;value&quot;:&quot;NA&quot;,&quot;currency&quot;:&quot;BRL&quot;,&quot;customers&quot;:{&quot;rate&quot;:&quot;NA&quot;}},{&quot;interval&quot;:&quot;3_FAIXA&quot;,&quot;value&quot;:&quot;NA&quot;,&quot;currency&quot;:&quot;BRL&quot;,&quot;customers&quot;:{&quot;rate&quot;:&quot;NA&quot;}},{&quot;interval&quot;:&quot;4_FAIXA&quot;,&quot;value&quot;:&quot;NA&quot;,&quot;currency&quot;:&quot;BRL&quot;,&quot;customers&quot;:{&quot;rate&quot;:&quot;NA&quot;}}],&quot;minimum&quot;:{&quot;value&quot;:&quot;NA&quot;,&quot;currency&quot;:&quot;BRL&quot;},&quot;maximum&quot;:{&quot;value&quot;:&quot;NA&quot;,&quot;currency&quot;:&quot;BRL&quot;}},{&quot;name&quot;:&quot;FORNECIMENTO_SEGUNDA_VIA_FUNCAO_CREDITO&quot;,&quot;code&quot;:&quot;EMISSAO_SEGUNDA_VIA&quot;,&quot;chargingTriggerInfo&quot;:&quot;Confecção e emissão de novo cartão com função credito, restrito a casos de pedidos de reposição formulados pelo detentor do cartão, decorrente de perda, roubo, furto, danificação e outros motives não imputáveis instituição emitente.&quot;,&quot;prices&quot;:[{&quot;interval&quot;:&quot;1_FAIXA&quot;,&quot;value&quot;:&quot;NA&quot;,&quot;currency&quot;:&quot;BRL&quot;,&quot;customers&quot;:{&quot;rate&quot;:&quot;NA&quot;}},{&quot;interval&quot;:&quot;2_FAIXA&quot;,&quot;value&quot;:&quot;NA&quot;,&quot;currency&quot;:&quot;BRL&quot;,&quot;customers&quot;:{&quot;rate&quot;:&quot;NA&quot;}},{&quot;interval&quot;:&quot;3_FAIXA&quot;,&quot;value&quot;:&quot;NA&quot;,&quot;currency&quot;:&quot;BRL&quot;,&quot;customers&quot;:{&quot;rate&quot;:&quot;NA&quot;}},{&quot;interval&quot;:&quot;4_FAIXA&quot;,&quot;value&quot;:&quot;NA&quot;,&quot;currency&quot;:&quot;BRL&quot;,&quot;customers&quot;:{&quot;rate&quot;:&quot;NA&quot;}}],&quot;minimum&quot;:{&quot;value&quot;:&quot;NA&quot;,&quot;currency&quot;:&quot;BRL&quot;},&quot;maximum&quot;:{&quot;value&quot;:&quot;NA&quot;,&quot;currency&quot;:&quot;BRL&quot;}},{&quot;name&quot;:&quot;PAGAMENTO_CONTAS_UTILIZANDO_FUNCAO_CREDITO&quot;,&quot;code&quot;:&quot;TARIFA_PAGAMENTO_CONTAS&quot;,&quot;chargingTriggerInfo&quot;:&quot;Não se aplica.&quot;,&quot;prices&quot;:[{&quot;interval&quot;:&quot;1_FAIXA&quot;,&quot;value&quot;:&quot;NA&quot;,&quot;currency&quot;:&quot;BRL&quot;,&quot;customers&quot;:{&quot;rate&quot;:&quot;NA&quot;}},{&quot;interval&quot;:&quot;2_FAIXA&quot;,&quot;value&quot;:&quot;NA&quot;,&quot;currency&quot;:&quot;BRL&quot;,&quot;customers&quot;:{&quot;rate&quot;:&quot;NA&quot;}},{&quot;interval&quot;:&quot;3_FAIXA&quot;,&quot;value&quot;:&quot;NA&quot;,&quot;currency&quot;:&quot;BRL&quot;,&quot;customers&quot;:{&quot;rate&quot;:&quot;NA&quot;}},{&quot;interval&quot;:&quot;4_FAIXA&quot;,&quot;value&quot;:&quot;NA&quot;,&quot;currency&quot;:&quot;BRL&quot;,&quot;customers&quot;:{&quot;rate&quot;:&quot;NA&quot;}}],&quot;minimum&quot;:{&quot;value&quot;:&quot;NA&quot;,&quot;currency&quot;:&quot;BRL&quot;},&quot;maximum&quot;:{&quot;value&quot;:&quot;NA&quot;,&quot;currency&quot;:&quot;BRL&quot;}},{&quot;name&quot;:&quot;SMS&quot;,&quot;code&quot;:&quot;SMS&quot;,&quot;chargingTriggerInfo&quot;:&quot;Envio de mensagem automática relativa à movimentação ou ao lançamento no cartão de crédito.&quot;,&quot;prices&quot;:[{&quot;interval&quot;:&quot;1_FAIXA&quot;,&quot;value&quot;:&quot;NA&quot;,&quot;currency&quot;:&quot;BRL&quot;,&quot;customers&quot;:{&quot;rate&quot;:&quot;NA&quot;}},{&quot;interval&quot;:&quot;2_FAIXA&quot;,&quot;value&quot;:&quot;NA&quot;,&quot;currency&quot;:&quot;BRL&quot;,&quot;customers&quot;:{&quot;rate&quot;:&quot;NA&quot;}},{&quot;interval&quot;:&quot;3_FAIXA&quot;,&quot;value&quot;:&quot;NA&quot;,&quot;currency&quot;:&quot;BRL&quot;,&quot;customers&quot;:{&quot;rate&quot;:&quot;NA&quot;}},{&quot;interval&quot;:&quot;4_FAIXA&quot;,&quot;value&quot;:&quot;NA&quot;,&quot;currency&quot;:&quot;BRL&quot;,&quot;customers&quot;:{&quot;rate&quot;:&quot;NA&quot;}}],&quot;minimum&quot;:{&quot;value&quot;:&quot;NA&quot;,&quot;currency&quot;:&quot;BRL&quot;},&quot;maximum&quot;:{&quot;value&quot;:&quot;NA&quot;,&quot;currency&quot;:&quot;BRL&quot;}}]},&quot;interest&quot;:{&quot;rates&quot;:[{&quot;referentialRateIndexer&quot;:&quot;PRE_FIXADO&quot;,&quot;rate&quot;:&quot;NA&quot;,&quot;applications&quot;:[{&quot;interval&quot;:&quot;1_FAIXA&quot;,&quot;indexer&quot;:{&quot;rate&quot;:&quot;0.1590&quot;},&quot;customers&quot;:{&quot;rate&quot;:&quot;1.0000&quot;}},{&quot;interval&quot;:&quot;2_FAIXA&quot;,&quot;indexer&quot;:{&quot;rate&quot;:&quot;0.0000&quot;},&quot;customers&quot;:{&quot;rate&quot;:&quot;0.0000&quot;}},{&quot;interval&quot;:&quot;3_FAIXA&quot;,&quot;indexer&quot;:{&quot;rate&quot;:&quot;0.0000&quot;},&quot;customers&quot;:{&quot;rate&quot;:&quot;0.0000&quot;}},{&quot;interval&quot;:&quot;4_FAIXA&quot;,&quot;indexer&quot;:{&quot;rate&quot;:&quot;0.0000&quot;},&quot;customers&quot;:{&quot;rate&quot;:&quot;0.0000&quot;}}],&quot;minimumRate&quot;:&quot;0.1590&quot;,&quot;maximumRate&quot;:&quot;0.1590&quot;}],&quot;instalmentRates&quot;:[{&quot;referentialRateIndexer&quot;:&quot;PRE_FIXADO&quot;,&quot;rate&quot;:&quot;NA&quot;,&quot;applications&quot;:[{&quot;interval&quot;:&quot;1_FAIXA&quot;,&quot;indexer&quot;:{&quot;rate&quot;:&quot;0.1590&quot;},&quot;customers&quot;:{&quot;rate&quot;:&quot;1.0000&quot;}},{&quot;interval&quot;:&quot;2_FAIXA&quot;,&quot;indexer&quot;:{&quot;rate&quot;:&quot;0.0000&quot;},&quot;customers&quot;:{&quot;rate&quot;:&quot;0.0000&quot;}},{&quot;interval&quot;:&quot;3_FAIXA&quot;,&quot;indexer&quot;:{&quot;rate&quot;:&quot;0.0000&quot;},&quot;customers&quot;:{&quot;rate&quot;:&quot;0.0000&quot;}},{&quot;interval&quot;:&quot;4_FAIXA&quot;,&quot;indexer&quot;:{&quot;rate&quot;:&quot;0.0000&quot;},&quot;customers&quot;:{&quot;rate&quot;:&quot;0.0000&quot;}}],&quot;minimumRate&quot;:&quot;0.1590&quot;,&quot;maximumRate&quot;:&quot;0.1590&quot;}],&quot;otherCredits&quot;:[{&quot;code&quot;:&quot;SAQUE_A_CREDITO&quot;}]},&quot;termsConditions&quot;:{&quot;minimumFeeRate&quot;:&quot;0.10&quot;,&quot;elegibilityCriteriaInfo&quot;:&quot;Ter idade mínima de 18 anos, CPF regular na Receita Federal e renda mínima maior ou igual ao salário mínimo.&quot;,&quot;closingProcessInfo&quot;:&quot;1) Quando você quiser cancelar: Deve comparecer em alguma loja da Renner que ofereça este serviço, sendo o Cartão Renner imediatamente cancelado. O contrato, porém, permanecerá eficaz até o pagamento de todos os valores ainda devidos. \n 2) Quando a gente pode cancelar este contrato: Na ocorrência de qualquer uma das hipóteses abaixo, nós poderemos encerrar o contrato, comunicando você com antecedência de 5 (cinco) dias corridos, caso em que este contrato será considerado vencido antecipadamente e exigiremos que você pague de imediato o que nos for devido: \n -&gt; você deixe de cumprir qualquer de suas obrigações, sofra legítimo protesto de título, tenha a sua insolvência ou falência decretada, tenha incluído seu nome no CCF, ou, ainda, tenha emitido cheque sem suficiente provisão de fundos contra a gente; \n -&gt; você tenha restrições cadastrais ao longo da vigência deste contrato; \n -&gt; você deixe de pagar os valores devidos na respectiva data de vencimento; \n -&gt; você exceda os limites de crédito que lhe forem atribuídos; \n -&gt; alguma informação de cadastro que não seja verdadeira; \n -&gt; ocorra algum evento que afete nossas garantias ou direitos creditórios, ou dos bancos que outorgam crédito. \n -&gt; ocorrência de fraude, suspeitas de lavagem de dinheiro, desacordo comercial ou qualquer ilícito.&quot;}}]}]},&quot;links&quot;:{&quot;self&quot;:&quot;http://10.120.192.16/open-banking/products-services/v1/personal-credit-cards?page=1&amp;page-size=25&quot;,&quot;first&quot;:null,&quot;prev&quot;:null,&quot;next&quot;:null,&quot;last&quot;:null},&quot;meta&quot;:{&quot;totalRecords&quot;:3,&quot;totalPages&quot;:1}}&#10;" type="java.lang.AssertionError"><![CDATA[java.lang.AssertionError: 
1 expectation failed.
Response body doesn't match expectation.
Expected: The content to match the given JSON schema.
error: object has missing required properties (["brand"])
    level: "error"
    schema: {"loadingURI":"#","pointer":"/properties/data"}
    instance: {"pointer":"/data"}
    domain: "validation"
    keyword: "required"
    required: ["brand"]
    missing: ["brand"]

  Actual: {"data":{"name":"REALIZE CFI S.A.","companies":[{"name":"REALIZE CRÉDITO, FINANCIAMENTO E INVESTIMENTO S.A.","cnpjNumber":"27351731","personalCreditCards":[{"name":"MEU CARTAO","identification":{"product":{"type":"STANDARD_INTERNACIONAL"},"creditCard":{"network":"VISA"}},"rewardsProgram":{"hasRewardProgram":false},"fees":{"services":[{"name":"ANUIDADE_CARTAO_BASICO_NACIONAL","code":"ANUIDADE_NACIONAL","chargingTriggerInfo":"Não se aplica.","prices":[{"interval":"1_FAIXA","value":"NA","currency":"BRL","customers":{"rate":"NA"}},{"interval":"2_FAIXA","value":"NA","currency":"BRL","customers":{"rate":"NA"}},{"interval":"3_FAIXA","value":"NA","currency":"BRL","customers":{"rate":"NA"}},{"interval":"4_FAIXA","value":"NA","currency":"BRL","customers":{"rate":"NA"}}],"minimum":{"value":"NA","currency":"BRL"},"maximum":{"value":"NA","currency":"BRL"}},{"name":"ANUIDADE_CARTAO_BASICO_INTERNACIONAL","code":"ANUIDADE_INTERNACIONAL","chargingTriggerInfo":"Disponibilização de rede de estabelecimentos afiliados, instalada no país e no exterior, para pagamentos de bens e serviços, cobrada no máximo uma vez a cada 12 (doze) meses, admitido o parcelamento da cobrança.","prices":[{"interval":"1_FAIXA","value":"142.80","currency":"BRL","customers":{"rate":"1.0000"}},{"interval":"2_FAIXA","value":"0.00","currency":"BRL","customers":{"rate":"0.0000"}},{"interval":"3_FAIXA","value":"0.00","currency":"BRL","customers":{"rate":"0.0000"}},{"interval":"4_FAIXA","value":"0.00","currency":"BRL","customers":{"rate":"0.0000"}}],"minimum":{"value":"142.80","currency":"BRL"},"maximum":{"value":"142.80","currency":"BRL"}},{"name":"ANUIDADE_DIFERENCIADA","code":"ANUIDADE_DIFERENCIADA","chargingTriggerInfo":"Disponibilização de rede de estabelecimentos afiliados, instalada no país e no exterior, para pagamentos de bens e serviços, cobrada no máximo uma vez a cada 12 (doze) meses, admitido o parcelamento da cobrança.","prices":[{"interval":"1_FAIXA","value":"NA","currency":"BRL","customers":{"rate":"NA"}},{"interval":"2_FAIXA","value":"NA","currency":"BRL","customers":{"rate":"NA"}},{"interval":"3_FAIXA","value":"NA","currency":"BRL","customers":{"rate":"NA"}},{"interval":"4_FAIXA","value":"NA","currency":"BRL","customers":{"rate":"NA"}}],"minimum":{"value":"NA","currency":"BRL"},"maximum":{"value":"NA","currency":"BRL"}},{"name":"UTILIZACAO_CANAIS_ATENDIMENTO_RETIRADA_ESPECIE_BRASIL","code":"SAQUE_CARTAO_BRASIL","chargingTriggerInfo":"Disponibilização e utilização pelo cliente de canais de atendimento disponíveis no país para retirada em espécie na função crédito.","prices":[{"interval":"1_FAIXA","value":"14.90","currency":"BRL","customers":{"rate":"1.0000"}},{"interval":"2_FAIXA","value":"0.00","currency":"BRL","customers":{"rate":"0.0000"}},{"interval":"3_FAIXA","value":"0.00","currency":"BRL","customers":{"rate":"0.0000"}},{"interval":"4_FAIXA","value":"0.00","currency":"BRL","customers":{"rate":"0.0000"}}],"minimum":{"value":"14.90","currency":"BRL"},"maximum":{"value":"14.90","currency":"BRL"}},{"name":"UTILIZACAO_CANAIS_ATENDIMENTO_RETIRADA_ESPECIE_EXTERIOR","code":"SAQUE_CARTAO_EXTERIOR","chargingTriggerInfo":"Disponibilização e utilização pelo cliente de canais de atendimento disponíveis no exterior para retirada em espécie na função crédito ou débito.","prices":[{"interval":"1_FAIXA","value":"14.90","currency":"BRL","customers":{"rate":"1.0000"}},{"interval":"2_FAIXA","value":"0.00","currency":"BRL","customers":{"rate":"0.0000"}},{"interval":"3_FAIXA","value":"0.00","currency":"BRL","customers":{"rate":"0.0000"}},{"interval":"4_FAIXA","value":"0.00","currency":"BRL","customers":{"rate":"0.0000"}}],"minimum":{"value":"14.90","currency":"BRL"},"maximum":{"value":"14.90","currency":"BRL"}},{"name":"AVALIACAO_EMERGENCIAL_CREDITO","code":"AVALIACAO_EMERGENCIAL_CREDITO","chargingTriggerInfo":"Avaliação de viabilidade e de riscos para a concessão de crédito em caráter emergencial, a pedido do cliente, por meio de atendimento pessoal, para realização de despesa acima do limite do cartão, cobrada no máximo uma vez nos últimos 30 (trinta) dias.","prices":[{"interval":"1_FAIXA","value":"18.90","currency":"BRL","customers":{"rate":"1.000"}},{"interval":"2_FAIXA","value":"0.00","currency":"BRL","customers":{"rate":"0.0000"}},{"interval":"3_FAIXA","value":"0.00","currency":"BRL","customers":{"rate":"0.0000"}},{"interval":"4_FAIXA","value":"0.00","currency":"BRL","customers":{"rate":"0.0000"}}],"minimum":{"value":"18.90","currency":"BRL"},"maximum":{"value":"18.90","currency":"BRL"}},{"name":"FORNECIMENTO_SEGUNDA_VIA_FUNCAO_CREDITO","code":"EMISSAO_SEGUNDA_VIA","chargingTriggerInfo":"Confecção e emissão de novo cartão com função credito, restrito a casos de pedidos de reposição formulados pelo detentor do cartão, decorrente de perda, roubo, furto, danificação e outros motives não imputáveis instituição emitente.","prices":[{"interval":"1_FAIXA","value":"14.99","currency":"BRL","customers":{"rate":"1.0000"}},{"interval":"2_FAIXA","value":"0.00","currency":"BRL","customers":{"rate":"0.0000"}},{"interval":"3_FAIXA","value":"0.00","currency":"BRL","customers":{"rate":"0.0000"}},{"interval":"4_FAIXA","value":"0.00","currency":"BRL","customers":{"rate":"0.0000"}}],"minimum":{"value":"14.99","currency":"BRL"},"maximum":{"value":"14.99","currency":"BRL"}},{"name":"PAGAMENTO_CONTAS_UTILIZANDO_FUNCAO_CREDITO","code":"TARIFA_PAGAMENTO_CONTAS","chargingTriggerInfo":"Não se aplica.","prices":[{"interval":"1_FAIXA","value":"NA","currency":"BRL","customers":{"rate":"NA"}},{"interval":"2_FAIXA","value":"NA","currency":"BRL","customers":{"rate":"NA"}},{"interval":"3_FAIXA","value":"NA","currency":"BRL","customers":{"rate":"NA"}},{"interval":"4_FAIXA","value":"NA","currency":"BRL","customers":{"rate":"NA"}}],"minimum":{"value":"NA","currency":"BRL"},"maximum":{"value":"NA","currency":"BRL"}},{"name":"SMS","code":"SMS","chargingTriggerInfo":"Envio de mensagem automática relativa à movimentação ou ao lançamento no cartão de crédito.","prices":[{"interval":"1_FAIXA","value":"3.90","currency":"BRL","customers":{"rate":"1.000"}},{"interval":"2_FAIXA","value":"0.00","currency":"BRL","customers":{"rate":"0.0000"}},{"interval":"3_FAIXA","value":"0.00","currency":"BRL","customers":{"rate":"0.0000"}},{"interval":"4_FAIXA","value":"0.00","currency":"BRL","customers":{"rate":"0.0000"}}],"minimum":{"value":"3.90","currency":"BRL"},"maximum":{"value":"3.90","currency":"BRL"}}]},"interest":{"rates":[{"referentialRateIndexer":"PRE_FIXADO","rate":"NA","applications":[{"interval":"1_FAIXA","indexer":{"rate":"0.1460"},"customers":{"rate":"1.0000"}},{"interval":"2_FAIXA","indexer":{"rate":"0.0000"},"customers":{"rate":"0.0000"}},{"interval":"3_FAIXA","indexer":{"rate":"0.0000"},"customers":{"rate":"0.0000"}},{"interval":"4_FAIXA","indexer":{"rate":"0.0000"},"customers":{"rate":"0.0000"}}],"minimumRate":"0.1460","maximumRate":"0.1460"}],"instalmentRates":[{"referentialRateIndexer":"PRE_FIXADO","rate":"NA","applications":[{"interval":"1_FAIXA","indexer":{"rate":"0.1460"},"customers":{"rate":"1.0000"}},{"interval":"2_FAIXA","indexer":{"rate":"0.0000"},"customers":{"rate":"0.0000"}},{"interval":"3_FAIXA","indexer":{"rate":"0.0000"},"customers":{"rate":"0.0000"}},{"interval":"4_FAIXA","indexer":{"rate":"0.0000"},"customers":{"rate":"0.0000"}}],"minimumRate":"0.1460","maximumRate":"0.1460"}],"otherCredits":[{"code":"SAQUE_A_CREDITO"}]},"termsConditions":{"minimumFeeRate":"0.10","additionalInfo":"O valor do pagamento mínimo será composto pelo saldo devedor das faturas anteriores + 10% das compras existentes na fatura atual + tarifas + encargos do mês + seguros + parcelas de parcelamentos (saque rápido e parcelamentos) + saques + 10% do saldo credor da fatura anterior + 10% de estornos.","elegibilityCriteriaInfo":"Ter idade mínima de 18 anos, CPF regular na Receita Federal e renda mínima maior ou igual ao salário mínimo.","closingProcessInfo":"1) Quando você quiser cancelar: Deve nos avisar através da Central de Atendimento ou nas Lojas Renner S.A., sendo o Meu Cartão imediatamente cancelado. O contrato, porém, permanecerá eficaz até o pagamento de todos os valores ainda devidos. \n 2) Quando a gente pode cancelar este contrato: Na ocorrência de qualquer uma das hipóteses abaixo, nós poderemos encerrar o contrato, comunicando você com antecedência de 5 (cinco) dias corridos, caso em que este contrato será considerado vencido antecipadamente e exigiremos que você pague de imediato o que nos for devido: \n -> você deixe de cumprir qualquer de suas obrigações, sofra legítimo protesto de título, tenha a sua insolvência ou falência decretada, tenha incluído seu nome no CCF, ou, ainda, tenha emitido cheque sem suficiente provisão de fundos contra a gente; \n -> você tenha restrições cadastrais ao longo da vigência deste contrato; \n -> você deixe de pagar os valores devidos na respectiva data de vencimento; \n -> você exceda os limites de crédito que lhe forem atribuídos; \n -> alguma informação de cadastro que não seja verdadeira; \n -> ocorra algum evento que afete nossas garantias ou direitos creditórios, ou dos bancos que outorgam crédito. \n -> ocorrência de fraude, suspeitas de lavagem de dinheiro, desacordo comercial ou qualquer ilícito."}},{"name":"MEU CARTAO","identification":{"product":{"type":"STANDARD_INTERNACIONAL"},"creditCard":{"network":"MASTERCARD"}},"rewardsProgram":{"hasRewardProgram":false},"fees":{"services":[{"name":"ANUIDADE_CARTAO_BASICO_NACIONAL","code":"ANUIDADE_NACIONAL","chargingTriggerInfo":"Não se aplica.","prices":[{"interval":"1_FAIXA","value":"NA","currency":"BRL","customers":{"rate":"NA"}},{"interval":"2_FAIXA","value":"NA","currency":"BRL","customers":{"rate":"NA"}},{"interval":"3_FAIXA","value":"NA","currency":"BRL","customers":{"rate":"NA"}},{"interval":"4_FAIXA","value":"NA","currency":"BRL","customers":{"rate":"NA"}}],"minimum":{"value":"NA","currency":"BRL"},"maximum":{"value":"NA","currency":"BRL"}},{"name":"ANUIDADE_CARTAO_BASICO_INTERNACIONAL","code":"ANUIDADE_INTERNACIONAL","chargingTriggerInfo":"Disponibilização de rede de estabelecimentos afiliados, instalada no país e no exterior, para pagamentos de bens e serviços, cobrada no máximo uma vez a cada 12 (doze) meses, admitido o parcelamento da cobrança.","prices":[{"interval":"1_FAIXA","value":"142.80","currency":"BRL","customers":{"rate":"1.0000"}},{"interval":"2_FAIXA","value":"0.00","currency":"BRL","customers":{"rate":"0.0000"}},{"interval":"3_FAIXA","value":"0.00","currency":"BRL","customers":{"rate":"0.0000"}},{"interval":"4_FAIXA","value":"0.00","currency":"BRL","customers":{"rate":"0.0000"}}],"minimum":{"value":"142.80","currency":"BRL"},"maximum":{"value":"142.80","currency":"BRL"}},{"name":"ANUIDADE_DIFERENCIADA","code":"ANUIDADE_DIFERENCIADA","chargingTriggerInfo":"Disponibilização de rede de estabelecimentos afiliados, instalada no país e no exterior, para pagamentos de bens e serviços, cobrada no máximo uma vez a cada 12 (doze) meses, admitido o parcelamento da cobrança.","prices":[{"interval":"1_FAIXA","value":"NA","currency":"BRL","customers":{"rate":"NA"}},{"interval":"2_FAIXA","value":"NA","currency":"BRL","customers":{"rate":"NA"}},{"interval":"3_FAIXA","value":"NA","currency":"BRL","customers":{"rate":"NA"}},{"interval":"4_FAIXA","value":"NA","currency":"BRL","customers":{"rate":"NA"}}],"minimum":{"value":"NA","currency":"BRL"},"maximum":{"value":"NA","currency":"BRL"}},{"name":"UTILIZACAO_CANAIS_ATENDIMENTO_RETIRADA_ESPECIE_BRASIL","code":"SAQUE_CARTAO_BRASIL","chargingTriggerInfo":"Disponibilização e utilização pelo cliente de canais de atendimento disponíveis no país para retirada em espécie na função crédito.","prices":[{"interval":"1_FAIXA","value":"14.90","currency":"BRL","customers":{"rate":"1.0000"}},{"interval":"2_FAIXA","value":"0.00","currency":"BRL","customers":{"rate":"0.0000"}},{"interval":"3_FAIXA","value":"0.00","currency":"BRL","customers":{"rate":"0.0000"}},{"interval":"4_FAIXA","value":"0.00","currency":"BRL","customers":{"rate":"0.0000"}}],"minimum":{"value":"14.90","currency":"BRL"},"maximum":{"value":"14.90","currency":"BRL"}},{"name":"UTILIZACAO_CANAIS_ATENDIMENTO_RETIRADA_ESPECIE_EXTERIOR","code":"SAQUE_CARTAO_EXTERIOR","chargingTriggerInfo":"Disponibilização e utilização pelo cliente de canais de atendimento disponíveis no exterior para retirada em espécie na função crédito ou débito.","prices":[{"interval":"1_FAIXA","value":"14.90","currency":"BRL","customers":{"rate":"1.0000"}},{"interval":"2_FAIXA","value":"0.00","currency":"BRL","customers":{"rate":"0.0000"}},{"interval":"3_FAIXA","value":"0.00","currency":"BRL","customers":{"rate":"0.0000"}},{"interval":"4_FAIXA","value":"0.00","currency":"BRL","customers":{"rate":"0.0000"}}],"minimum":{"value":"14.90","currency":"BRL"},"maximum":{"value":"14.90","currency":"BRL"}},{"name":"AVALIACAO_EMERGENCIAL_CREDITO","code":"AVALIACAO_EMERGENCIAL_CREDITO","chargingTriggerInfo":"Avaliação de viabilidade e de riscos para a concessão de crédito em caráter emergencial, a pedido do cliente, por meio de atendimento pessoal, para realização de despesa acima do limite do cartão, cobrada no máximo uma vez nos últimos 30 (trinta) dias.","prices":[{"interval":"1_FAIXA","value":"18.90","currency":"BRL","customers":{"rate":"1.000"}},{"interval":"2_FAIXA","value":"0.00","currency":"BRL","customers":{"rate":"0.0000"}},{"interval":"3_FAIXA","value":"0.00","currency":"BRL","customers":{"rate":"0.0000"}},{"interval":"4_FAIXA","value":"0.00","currency":"BRL","customers":{"rate":"0.0000"}}],"minimum":{"value":"18.90","currency":"BRL"},"maximum":{"value":"18.90","currency":"BRL"}},{"name":"FORNECIMENTO_SEGUNDA_VIA_FUNCAO_CREDITO","code":"EMISSAO_SEGUNDA_VIA","chargingTriggerInfo":"Confecção e emissão de novo cartão com função credito, restrito a casos de pedidos de reposição formulados pelo detentor do cartão, decorrente de perda, roubo, furto, danificação e outros motives não imputáveis instituição emitente.","prices":[{"interval":"1_FAIXA","value":"14.99","currency":"BRL","customers":{"rate":"1.0000"}},{"interval":"2_FAIXA","value":"0.00","currency":"BRL","customers":{"rate":"0.0000"}},{"interval":"3_FAIXA","value":"0.00","currency":"BRL","customers":{"rate":"0.0000"}},{"interval":"4_FAIXA","value":"0.00","currency":"BRL","customers":{"rate":"0.0000"}}],"minimum":{"value":"14.99","currency":"BRL"},"maximum":{"value":"14.99","currency":"BRL"}},{"name":"PAGAMENTO_CONTAS_UTILIZANDO_FUNCAO_CREDITO","code":"TARIFA_PAGAMENTO_CONTAS","chargingTriggerInfo":"Não se aplica.","prices":[{"interval":"1_FAIXA","value":"NA","currency":"BRL","customers":{"rate":"NA"}},{"interval":"2_FAIXA","value":"NA","currency":"BRL","customers":{"rate":"NA"}},{"interval":"3_FAIXA","value":"NA","currency":"BRL","customers":{"rate":"NA"}},{"interval":"4_FAIXA","value":"NA","currency":"BRL","customers":{"rate":"NA"}}],"minimum":{"value":"NA","currency":"BRL"},"maximum":{"value":"NA","currency":"BRL"}},{"name":"SMS","code":"SMS","chargingTriggerInfo":"Envio de mensagem automática relativa à movimentação ou ao lançamento no cartão de crédito.","prices":[{"interval":"1_FAIXA","value":"3.90","currency":"BRL","customers":{"rate":"1.000"}},{"interval":"2_FAIXA","value":"0.00","currency":"BRL","customers":{"rate":"0.0000"}},{"interval":"3_FAIXA","value":"0.00","currency":"BRL","customers":{"rate":"0.0000"}},{"interval":"4_FAIXA","value":"0.00","currency":"BRL","customers":{"rate":"0.0000"}}],"minimum":{"value":"3.90","currency":"BRL"},"maximum":{"value":"3.90","currency":"BRL"}}]},"interest":{"rates":[{"referentialRateIndexer":"PRE_FIXADO","rate":"NA","applications":[{"interval":"1_FAIXA","indexer":{"rate":"0.1460"},"customers":{"rate":"1.0000"}},{"interval":"2_FAIXA","indexer":{"rate":"0.0000"},"customers":{"rate":"0.0000"}},{"interval":"3_FAIXA","indexer":{"rate":"0.0000"},"customers":{"rate":"0.0000"}},{"interval":"4_FAIXA","indexer":{"rate":"0.0000"},"customers":{"rate":"0.0000"}}],"minimumRate":"0.1460","maximumRate":"0.1460"}],"instalmentRates":[{"referentialRateIndexer":"PRE_FIXADO","rate":"NA","applications":[{"interval":"1_FAIXA","indexer":{"rate":"0.1460"},"customers":{"rate":"1.0000"}},{"interval":"2_FAIXA","indexer":{"rate":"0.0000"},"customers":{"rate":"0.0000"}},{"interval":"3_FAIXA","indexer":{"rate":"0.0000"},"customers":{"rate":"0.0000"}},{"interval":"4_FAIXA","indexer":{"rate":"0.0000"},"customers":{"rate":"0.0000"}}],"minimumRate":"0.1460","maximumRate":"0.1460"}],"otherCredits":[{"code":"SAQUE_A_CREDITO"}]},"termsConditions":{"minimumFeeRate":"0.10","additionalInfo":"O valor do pagamento mínimo será composto pelo saldo devedor das faturas anteriores + 10% das compras existentes na fatura atual + tarifas + encargos do mês + seguros + parcelas de parcelamentos (saque rápido e parcelamentos) + saques + 10% do saldo credor da fatura anterior + 10% de estornos.","elegibilityCriteriaInfo":"Ter idade mínima de 18 anos, CPF regular na Receita Federal e renda mínima maior ou igual ao salário mínimo.","closingProcessInfo":"1) Quando você quiser cancelar: Deve nos avisar através da Central de Atendimento ou nas Lojas Renner S.A., sendo o imediatamente o Meu Cartão cancelado. O contrato, porém, permanecerá eficaz até o pagamento de todos os valores ainda devidos. \n 2) Quando a gente pode cancelar este contrato: Na ocorrência de qualquer uma das hipóteses abaixo, nós poderemos encerrar o contrato, comunicando você com antecedência de 5 (cinco) dias corridos, caso em que este contrato será considerado vencido antecipadamente e exigiremos que você pague de imediato o que nos for devido: \n -> você deixe de cumprir qualquer de suas obrigações, sofra legítimo protesto de título, tenha a sua insolvência ou falência decretada, tenha incluído seu nome no CCF, ou, ainda, tenha emitido cheque sem suficiente provisão de fundos contra a gente; \n -> você tenha restrições cadastrais ao longo da vigência deste contrato; \n -> você deixe de pagar os valores devidos na respectiva data de vencimento; \n -> você exceda os limites de crédito que lhe forem atribuídos; \n -> alguma informação de cadastro que não seja verdadeira; \n -> ocorra algum evento que afete nossas garantias ou direitos creditórios, ou dos bancos que outorgam crédito. \n -> ocorrência de fraude, suspeitas de lavagem de dinheiro, desacordo comercial ou qualquer ilícito."}},{"name":"CARTAO RENNER","identification":{"product":{"type":"COMPRAS"},"creditCard":{"network":"BANDEIRA_PROPRIA"}},"rewardsProgram":{"hasRewardProgram":false},"fees":{"services":[{"name":"ANUIDADE_CARTAO_BASICO_NACIONAL","code":"ANUIDADE_NACIONAL","chargingTriggerInfo":"Disponibilização de rede de estabelecimentos afiliados, instalada no país e no exterior, para pagamentos de bens e serviços, cobrada no máximo uma vez a cada 12 (doze) meses, admitido o parcelamento da cobrança.","prices":[{"interval":"1_FAIXA","value":"NA","currency":"BRL","customers":{"rate":"NA"}},{"interval":"2_FAIXA","value":"NA","currency":"BRL","customers":{"rate":"NA"}},{"interval":"3_FAIXA","value":"NA","currency":"BRL","customers":{"rate":"NA"}},{"interval":"4_FAIXA","value":"NA","currency":"BRL","customers":{"rate":"NA"}}],"minimum":{"value":"NA","currency":"BRL"},"maximum":{"value":"NA","currency":"BRL"}},{"name":"ANUIDADE_CARTAO_BASICO_INTERNACIONAL","code":"ANUIDADE_INTERNACIONAL","chargingTriggerInfo":"Disponibilização de rede de estabelecimentos afiliados, instalada no país e no exterior, para pagamentos de bens e serviços, cobrada no máximo uma vez a cada 12 (doze) meses, admitido o parcelamento da cobrança.","prices":[{"interval":"1_FAIXA","value":"NA","currency":"BRL","customers":{"rate":"NA"}},{"interval":"2_FAIXA","value":"NA","currency":"BRL","customers":{"rate":"NA"}},{"interval":"3_FAIXA","value":"NA","currency":"BRL","customers":{"rate":"NA"}},{"interval":"4_FAIXA","value":"NA","currency":"BRL","customers":{"rate":"NA"}}],"minimum":{"value":"NA","currency":"BRL"},"maximum":{"value":"NA","currency":"BRL"}},{"name":"ANUIDADE_DIFERENCIADA","code":"ANUIDADE_DIFERENCIADA","chargingTriggerInfo":"Disponibilização de rede de estabelecimentos afiliados, instalada no país e no exterior, para pagamentos de bens e serviços, cobrada no máximo uma vez a cada 12 (doze) meses, admitido o parcelamento da cobrança.","prices":[{"interval":"1_FAIXA","value":"NA","currency":"BRL","customers":{"rate":"NA"}},{"interval":"2_FAIXA","value":"NA","currency":"BRL","customers":{"rate":"NA"}},{"interval":"3_FAIXA","value":"NA","currency":"BRL","customers":{"rate":"NA"}},{"interval":"4_FAIXA","value":"NA","currency":"BRL","customers":{"rate":"NA"}}],"minimum":{"value":"NA","currency":"BRL"},"maximum":{"value":"NA","currency":"BRL"}},{"name":"UTILIZACAO_CANAIS_ATENDIMENTO_RETIRADA_ESPECIE_BRASIL","code":"SAQUE_CARTAO_BRASIL","chargingTriggerInfo":"Disponibilização e utilização pelo cliente de canais de atendimento disponíveis no país para retirada em espécie na função crédito.","prices":[{"interval":"1_FAIXA","value":"NA","currency":"BRL","customers":{"rate":"NA"}},{"interval":"2_FAIXA","value":"NA","currency":"BRL","customers":{"rate":"NA"}},{"interval":"3_FAIXA","value":"NA","currency":"BRL","customers":{"rate":"NA"}},{"interval":"4_FAIXA","value":"NA","currency":"BRL","customers":{"rate":"NA"}}],"minimum":{"value":"NA","currency":"BRL"},"maximum":{"value":"NA","currency":"BRL"}},{"name":"UTILIZACAO_CANAIS_ATENDIMENTO_RETIRADA_ESPECIE_EXTERIOR","code":"SAQUE_CARTAO_EXTERIOR","chargingTriggerInfo":"Disponibilização e utilização pelo cliente de canais de atendimento disponíveis no exterior para retirada em espécie na função crédito ou débito.","prices":[{"interval":"1_FAIXA","value":"NA","currency":"BRL","customers":{"rate":"NA"}},{"interval":"2_FAIXA","value":"NA","currency":"BRL","customers":{"rate":"NA"}},{"interval":"3_FAIXA","value":"NA","currency":"BRL","customers":{"rate":"NA"}},{"interval":"4_FAIXA","value":"NA","currency":"BRL","customers":{"rate":"NA"}}],"minimum":{"value":"NA","currency":"BRL"},"maximum":{"value":"NA","currency":"BRL"}},{"name":"AVALIACAO_EMERGENCIAL_CREDITO","code":"AVALIACAO_EMERGENCIAL_CREDITO","chargingTriggerInfo":"Avaliação de viabilidade e de riscos para a concessão de crédito em caráter emergencial, a pedido do cliente, por meio de atendimento pessoal, para realização de despesa acima do limite do cartão, cobrada no máximo uma vez nos últimos 30 (trinta) dias.","prices":[{"interval":"1_FAIXA","value":"NA","currency":"BRL","customers":{"rate":"NA"}},{"interval":"2_FAIXA","value":"NA","currency":"BRL","customers":{"rate":"NA"}},{"interval":"3_FAIXA","value":"NA","currency":"BRL","customers":{"rate":"NA"}},{"interval":"4_FAIXA","value":"NA","currency":"BRL","customers":{"rate":"NA"}}],"minimum":{"value":"NA","currency":"BRL"},"maximum":{"value":"NA","currency":"BRL"}},{"name":"FORNECIMENTO_SEGUNDA_VIA_FUNCAO_CREDITO","code":"EMISSAO_SEGUNDA_VIA","chargingTriggerInfo":"Confecção e emissão de novo cartão com função credito, restrito a casos de pedidos de reposição formulados pelo detentor do cartão, decorrente de perda, roubo, furto, danificação e outros motives não imputáveis instituição emitente.","prices":[{"interval":"1_FAIXA","value":"NA","currency":"BRL","customers":{"rate":"NA"}},{"interval":"2_FAIXA","value":"NA","currency":"BRL","customers":{"rate":"NA"}},{"interval":"3_FAIXA","value":"NA","currency":"BRL","customers":{"rate":"NA"}},{"interval":"4_FAIXA","value":"NA","currency":"BRL","customers":{"rate":"NA"}}],"minimum":{"value":"NA","currency":"BRL"},"maximum":{"value":"NA","currency":"BRL"}},{"name":"PAGAMENTO_CONTAS_UTILIZANDO_FUNCAO_CREDITO","code":"TARIFA_PAGAMENTO_CONTAS","chargingTriggerInfo":"Não se aplica.","prices":[{"interval":"1_FAIXA","value":"NA","currency":"BRL","customers":{"rate":"NA"}},{"interval":"2_FAIXA","value":"NA","currency":"BRL","customers":{"rate":"NA"}},{"interval":"3_FAIXA","value":"NA","currency":"BRL","customers":{"rate":"NA"}},{"interval":"4_FAIXA","value":"NA","currency":"BRL","customers":{"rate":"NA"}}],"minimum":{"value":"NA","currency":"BRL"},"maximum":{"value":"NA","currency":"BRL"}},{"name":"SMS","code":"SMS","chargingTriggerInfo":"Envio de mensagem automática relativa à movimentação ou ao lançamento no cartão de crédito.","prices":[{"interval":"1_FAIXA","value":"NA","currency":"BRL","customers":{"rate":"NA"}},{"interval":"2_FAIXA","value":"NA","currency":"BRL","customers":{"rate":"NA"}},{"interval":"3_FAIXA","value":"NA","currency":"BRL","customers":{"rate":"NA"}},{"interval":"4_FAIXA","value":"NA","currency":"BRL","customers":{"rate":"NA"}}],"minimum":{"value":"NA","currency":"BRL"},"maximum":{"value":"NA","currency":"BRL"}}]},"interest":{"rates":[{"referentialRateIndexer":"PRE_FIXADO","rate":"NA","applications":[{"interval":"1_FAIXA","indexer":{"rate":"0.1590"},"customers":{"rate":"1.0000"}},{"interval":"2_FAIXA","indexer":{"rate":"0.0000"},"customers":{"rate":"0.0000"}},{"interval":"3_FAIXA","indexer":{"rate":"0.0000"},"customers":{"rate":"0.0000"}},{"interval":"4_FAIXA","indexer":{"rate":"0.0000"},"customers":{"rate":"0.0000"}}],"minimumRate":"0.1590","maximumRate":"0.1590"}],"instalmentRates":[{"referentialRateIndexer":"PRE_FIXADO","rate":"NA","applications":[{"interval":"1_FAIXA","indexer":{"rate":"0.1590"},"customers":{"rate":"1.0000"}},{"interval":"2_FAIXA","indexer":{"rate":"0.0000"},"customers":{"rate":"0.0000"}},{"interval":"3_FAIXA","indexer":{"rate":"0.0000"},"customers":{"rate":"0.0000"}},{"interval":"4_FAIXA","indexer":{"rate":"0.0000"},"customers":{"rate":"0.0000"}}],"minimumRate":"0.1590","maximumRate":"0.1590"}],"otherCredits":[{"code":"SAQUE_A_CREDITO"}]},"termsConditions":{"minimumFeeRate":"0.10","elegibilityCriteriaInfo":"Ter idade mínima de 18 anos, CPF regular na Receita Federal e renda mínima maior ou igual ao salário mínimo.","closingProcessInfo":"1) Quando você quiser cancelar: Deve comparecer em alguma loja da Renner que ofereça este serviço, sendo o Cartão Renner imediatamente cancelado. O contrato, porém, permanecerá eficaz até o pagamento de todos os valores ainda devidos. \n 2) Quando a gente pode cancelar este contrato: Na ocorrência de qualquer uma das hipóteses abaixo, nós poderemos encerrar o contrato, comunicando você com antecedência de 5 (cinco) dias corridos, caso em que este contrato será considerado vencido antecipadamente e exigiremos que você pague de imediato o que nos for devido: \n -> você deixe de cumprir qualquer de suas obrigações, sofra legítimo protesto de título, tenha a sua insolvência ou falência decretada, tenha incluído seu nome no CCF, ou, ainda, tenha emitido cheque sem suficiente provisão de fundos contra a gente; \n -> você tenha restrições cadastrais ao longo da vigência deste contrato; \n -> você deixe de pagar os valores devidos na respectiva data de vencimento; \n -> você exceda os limites de crédito que lhe forem atribuídos; \n -> alguma informação de cadastro que não seja verdadeira; \n -> ocorra algum evento que afete nossas garantias ou direitos creditórios, ou dos bancos que outorgam crédito. \n -> ocorrência de fraude, suspeitas de lavagem de dinheiro, desacordo comercial ou qualquer ilícito."}}]}]},"links":{"self":"http://10.120.192.16/open-banking/products-services/v1/personal-credit-cards?page=1&page-size=25","first":null,"prev":null,"next":null,"last":null},"meta":{"totalRecords":3,"totalPages":1}}

	at br.com.realize.tests.fase01.ProdutosServicos.CartaoCreditoPessoaNatural.tests.GetCartaoCreditoPessoaNaturalTest.testGarantirContratosCreditoPessoaNatural(GetCartaoCreditoPessoaNaturalTest.java:98)
]]></failure>
    <system-out><![CDATA[Request method:	GET
Request URI:	http://10.120.192.16/open-banking/products-services/v1/personal-credit-cards?page=1&page-size=25
Proxy:			<none>
Request params:	<none>
Query params:	page=1
				page-size=25
Form params:	<none>
Path params:	<none>
Headers:		Accept=*/*
				Content-Type=application/json; charset=UTF-8
Cookies:		<none>
Multiparts:		<none>
Body:			<none>

HTTP/1.1 200 OK
Date: Thu, 24 Jun 2021 01:51:46 GMT
Content-Type: application/json
Transfer-Encoding: chunked
Connection: keep-alive
Content-Encoding: gzip

{
    "data": {
        "name": "REALIZE CFI S.A.",
        "companies": [
            {
                "name": "REALIZE CRÉDITO, FINANCIAMENTO E INVESTIMENTO S.A.",
                "cnpjNumber": "27351731",
                "personalCreditCards": [
                    {
                        "name": "MEU CARTAO",
                        "identification": {
                            "product": {
                                "type": "STANDARD_INTERNACIONAL"
                            },
                            "creditCard": {
                                "network": "VISA"
                            }
                        },
                        "rewardsProgram": {
                            "hasRewardProgram": false
                        },
                        "fees": {
                            "services": [
                                {
                                    "name": "ANUIDADE_CARTAO_BASICO_NACIONAL",
                                    "code": "ANUIDADE_NACIONAL",
                                    "chargingTriggerInfo": "Não se aplica.",
                                    "prices": [
                                        {
                                            "interval": "1_FAIXA",
                                            "value": "NA",
                                            "currency": "BRL",
                                            "customers": {
                                                "rate": "NA"
                                            }
                                        },
                                        {
                                            "interval": "2_FAIXA",
                                            "value": "NA",
                                            "currency": "BRL",
                                            "customers": {
                                                "rate": "NA"
                                            }
                                        },
                                        {
                                            "interval": "3_FAIXA",
                                            "value": "NA",
                                            "currency": "BRL",
                                            "customers": {
                                                "rate": "NA"
                                            }
                                        },
                                        {
                                            "interval": "4_FAIXA",
                                            "value": "NA",
                                            "currency": "BRL",
                                            "customers": {
                                                "rate": "NA"
                                            }
                                        }
                                    ],
                                    "minimum": {
                                        "value": "NA",
                                        "currency": "BRL"
                                    },
                                    "maximum": {
                                        "value": "NA",
                                        "currency": "BRL"
                                    }
                                },
                                {
                                    "name": "ANUIDADE_CARTAO_BASICO_INTERNACIONAL",
                                    "code": "ANUIDADE_INTERNACIONAL",
                                    "chargingTriggerInfo": "Disponibilização de rede de estabelecimentos afiliados, instalada no país e no exterior, para pagamentos de bens e serviços, cobrada no máximo uma vez a cada 12 (doze) meses, admitido o parcelamento da cobrança.",
                                    "prices": [
                                        {
                                            "interval": "1_FAIXA",
                                            "value": "142.80",
                                            "currency": "BRL",
                                            "customers": {
                                                "rate": "1.0000"
                                            }
                                        },
                                        {
                                            "interval": "2_FAIXA",
                                            "value": "0.00",
                                            "currency": "BRL",
                                            "customers": {
                                                "rate": "0.0000"
                                            }
                                        },
                                        {
                                            "interval": "3_FAIXA",
                                            "value": "0.00",
                                            "currency": "BRL",
                                            "customers": {
                                                "rate": "0.0000"
                                            }
                                        },
                                        {
                                            "interval": "4_FAIXA",
                                            "value": "0.00",
                                            "currency": "BRL",
                                            "customers": {
                                                "rate": "0.0000"
                                            }
                                        }
                                    ],
                                    "minimum": {
                                        "value": "142.80",
                                        "currency": "BRL"
                                    },
                                    "maximum": {
                                        "value": "142.80",
                                        "currency": "BRL"
                                    }
                                },
                                {
                                    "name": "ANUIDADE_DIFERENCIADA",
                                    "code": "ANUIDADE_DIFERENCIADA",
                                    "chargingTriggerInfo": "Disponibilização de rede de estabelecimentos afiliados, instalada no país e no exterior, para pagamentos de bens e serviços, cobrada no máximo uma vez a cada 12 (doze) meses, admitido o parcelamento da cobrança.",
                                    "prices": [
                                        {
                                            "interval": "1_FAIXA",
                                            "value": "NA",
                                            "currency": "BRL",
                                            "customers": {
                                                "rate": "NA"
                                            }
                                        },
                                        {
                                            "interval": "2_FAIXA",
                                            "value": "NA",
                                            "currency": "BRL",
                                            "customers": {
                                                "rate": "NA"
                                            }
                                        },
                                        {
                                            "interval": "3_FAIXA",
                                            "value": "NA",
                                            "currency": "BRL",
                                            "customers": {
                                                "rate": "NA"
                                            }
                                        },
                                        {
                                            "interval": "4_FAIXA",
                                            "value": "NA",
                                            "currency": "BRL",
                                            "customers": {
                                                "rate": "NA"
                                            }
                                        }
                                    ],
                                    "minimum": {
                                        "value": "NA",
                                        "currency": "BRL"
                                    },
                                    "maximum": {
                                        "value": "NA",
                                        "currency": "BRL"
                                    }
                                },
                                {
                                    "name": "UTILIZACAO_CANAIS_ATENDIMENTO_RETIRADA_ESPECIE_BRASIL",
                                    "code": "SAQUE_CARTAO_BRASIL",
                                    "chargingTriggerInfo": "Disponibilização e utilização pelo cliente de canais de atendimento disponíveis no país para retirada em espécie na função crédito.",
                                    "prices": [
                                        {
                                            "interval": "1_FAIXA",
                                            "value": "14.90",
                                            "currency": "BRL",
                                            "customers": {
                                                "rate": "1.0000"
                                            }
                                        },
                                        {
                                            "interval": "2_FAIXA",
                                            "value": "0.00",
                                            "currency": "BRL",
                                            "customers": {
                                                "rate": "0.0000"
                                            }
                                        },
                                        {
                                            "interval": "3_FAIXA",
                                            "value": "0.00",
                                            "currency": "BRL",
                                            "customers": {
                                                "rate": "0.0000"
                                            }
                                        },
                                        {
                                            "interval": "4_FAIXA",
                                            "value": "0.00",
                                            "currency": "BRL",
                                            "customers": {
                                                "rate": "0.0000"
                                            }
                                        }
                                    ],
                                    "minimum": {
                                        "value": "14.90",
                                        "currency": "BRL"
                                    },
                                    "maximum": {
                                        "value": "14.90",
                                        "currency": "BRL"
                                    }
                                },
                                {
                                    "name": "UTILIZACAO_CANAIS_ATENDIMENTO_RETIRADA_ESPECIE_EXTERIOR",
                                    "code": "SAQUE_CARTAO_EXTERIOR",
                                    "chargingTriggerInfo": "Disponibilização e utilização pelo cliente de canais de atendimento disponíveis no exterior para retirada em espécie na função crédito ou débito.",
                                    "prices": [
                                        {
                                            "interval": "1_FAIXA",
                                            "value": "14.90",
                                            "currency": "BRL",
                                            "customers": {
                                                "rate": "1.0000"
                                            }
                                        },
                                        {
                                            "interval": "2_FAIXA",
                                            "value": "0.00",
                                            "currency": "BRL",
                                            "customers": {
                                                "rate": "0.0000"
                                            }
                                        },
                                        {
                                            "interval": "3_FAIXA",
                                            "value": "0.00",
                                            "currency": "BRL",
                                            "customers": {
                                                "rate": "0.0000"
                                            }
                                        },
                                        {
                                            "interval": "4_FAIXA",
                                            "value": "0.00",
                                            "currency": "BRL",
                                            "customers": {
                                                "rate": "0.0000"
                                            }
                                        }
                                    ],
                                    "minimum": {
                                        "value": "14.90",
                                        "currency": "BRL"
                                    },
                                    "maximum": {
                                        "value": "14.90",
                                        "currency": "BRL"
                                    }
                                },
                                {
                                    "name": "AVALIACAO_EMERGENCIAL_CREDITO",
                                    "code": "AVALIACAO_EMERGENCIAL_CREDITO",
                                    "chargingTriggerInfo": "Avaliação de viabilidade e de riscos para a concessão de crédito em caráter emergencial, a pedido do cliente, por meio de atendimento pessoal, para realização de despesa acima do limite do cartão, cobrada no máximo uma vez nos últimos 30 (trinta) dias.",
                                    "prices": [
                                        {
                                            "interval": "1_FAIXA",
                                            "value": "18.90",
                                            "currency": "BRL",
                                            "customers": {
                                                "rate": "1.000"
                                            }
                                        },
                                        {
                                            "interval": "2_FAIXA",
                                            "value": "0.00",
                                            "currency": "BRL",
                                            "customers": {
                                                "rate": "0.0000"
                                            }
                                        },
                                        {
                                            "interval": "3_FAIXA",
                                            "value": "0.00",
                                            "currency": "BRL",
                                            "customers": {
                                                "rate": "0.0000"
                                            }
                                        },
                                        {
                                            "interval": "4_FAIXA",
                                            "value": "0.00",
                                            "currency": "BRL",
                                            "customers": {
                                                "rate": "0.0000"
                                            }
                                        }
                                    ],
                                    "minimum": {
                                        "value": "18.90",
                                        "currency": "BRL"
                                    },
                                    "maximum": {
                                        "value": "18.90",
                                        "currency": "BRL"
                                    }
                                },
                                {
                                    "name": "FORNECIMENTO_SEGUNDA_VIA_FUNCAO_CREDITO",
                                    "code": "EMISSAO_SEGUNDA_VIA",
                                    "chargingTriggerInfo": "Confecção e emissão de novo cartão com função credito, restrito a casos de pedidos de reposição formulados pelo detentor do cartão, decorrente de perda, roubo, furto, danificação e outros motives não imputáveis instituição emitente.",
                                    "prices": [
                                        {
                                            "interval": "1_FAIXA",
                                            "value": "14.99",
                                            "currency": "BRL",
                                            "customers": {
                                                "rate": "1.0000"
                                            }
                                        },
                                        {
                                            "interval": "2_FAIXA",
                                            "value": "0.00",
                                            "currency": "BRL",
                                            "customers": {
                                                "rate": "0.0000"
                                            }
                                        },
                                        {
                                            "interval": "3_FAIXA",
                                            "value": "0.00",
                                            "currency": "BRL",
                                            "customers": {
                                                "rate": "0.0000"
                                            }
                                        },
                                        {
                                            "interval": "4_FAIXA",
                                            "value": "0.00",
                                            "currency": "BRL",
                                            "customers": {
                                                "rate": "0.0000"
                                            }
                                        }
                                    ],
                                    "minimum": {
                                        "value": "14.99",
                                        "currency": "BRL"
                                    },
                                    "maximum": {
                                        "value": "14.99",
                                        "currency": "BRL"
                                    }
                                },
                                {
                                    "name": "PAGAMENTO_CONTAS_UTILIZANDO_FUNCAO_CREDITO",
                                    "code": "TARIFA_PAGAMENTO_CONTAS",
                                    "chargingTriggerInfo": "Não se aplica.",
                                    "prices": [
                                        {
                                            "interval": "1_FAIXA",
                                            "value": "NA",
                                            "currency": "BRL",
                                            "customers": {
                                                "rate": "NA"
                                            }
                                        },
                                        {
                                            "interval": "2_FAIXA",
                                            "value": "NA",
                                            "currency": "BRL",
                                            "customers": {
                                                "rate": "NA"
                                            }
                                        },
                                        {
                                            "interval": "3_FAIXA",
                                            "value": "NA",
                                            "currency": "BRL",
                                            "customers": {
                                                "rate": "NA"
                                            }
                                        },
                                        {
                                            "interval": "4_FAIXA",
                                            "value": "NA",
                                            "currency": "BRL",
                                            "customers": {
                                                "rate": "NA"
                                            }
                                        }
                                    ],
                                    "minimum": {
                                        "value": "NA",
                                        "currency": "BRL"
                                    },
                                    "maximum": {
                                        "value": "NA",
                                        "currency": "BRL"
                                    }
                                },
                                {
                                    "name": "SMS",
                                    "code": "SMS",
                                    "chargingTriggerInfo": "Envio de mensagem automática relativa à movimentação ou ao lançamento no cartão de crédito.",
                                    "prices": [
                                        {
                                            "interval": "1_FAIXA",
                                            "value": "3.90",
                                            "currency": "BRL",
                                            "customers": {
                                                "rate": "1.000"
                                            }
                                        },
                                        {
                                            "interval": "2_FAIXA",
                                            "value": "0.00",
                                            "currency": "BRL",
                                            "customers": {
                                                "rate": "0.0000"
                                            }
                                        },
                                        {
                                            "interval": "3_FAIXA",
                                            "value": "0.00",
                                            "currency": "BRL",
                                            "customers": {
                                                "rate": "0.0000"
                                            }
                                        },
                                        {
                                            "interval": "4_FAIXA",
                                            "value": "0.00",
                                            "currency": "BRL",
                                            "customers": {
                                                "rate": "0.0000"
                                            }
                                        }
                                    ],
                                    "minimum": {
                                        "value": "3.90",
                                        "currency": "BRL"
                                    },
                                    "maximum": {
                                        "value": "3.90",
                                        "currency": "BRL"
                                    }
                                }
                            ]
                        },
                        "interest": {
                            "rates": [
                                {
                                    "referentialRateIndexer": "PRE_FIXADO",
                                    "rate": "NA",
                                    "applications": [
                                        {
                                            "interval": "1_FAIXA",
                                            "indexer": {
                                                "rate": "0.1460"
                                            },
                                            "customers": {
                                                "rate": "1.0000"
                                            }
                                        },
                                        {
                                            "interval": "2_FAIXA",
                                            "indexer": {
                                                "rate": "0.0000"
                                            },
                                            "customers": {
                                                "rate": "0.0000"
                                            }
                                        },
                                        {
                                            "interval": "3_FAIXA",
                                            "indexer": {
                                                "rate": "0.0000"
                                            },
                                            "customers": {
                                                "rate": "0.0000"
                                            }
                                        },
                                        {
                                            "interval": "4_FAIXA",
                                            "indexer": {
                                                "rate": "0.0000"
                                            },
                                            "customers": {
                                                "rate": "0.0000"
                                            }
                                        }
                                    ],
                                    "minimumRate": "0.1460",
                                    "maximumRate": "0.1460"
                                }
                            ],
                            "instalmentRates": [
                                {
                                    "referentialRateIndexer": "PRE_FIXADO",
                                    "rate": "NA",
                                    "applications": [
                                        {
                                            "interval": "1_FAIXA",
                                            "indexer": {
                                                "rate": "0.1460"
                                            },
                                            "customers": {
                                                "rate": "1.0000"
                                            }
                                        },
                                        {
                                            "interval": "2_FAIXA",
                                            "indexer": {
                                                "rate": "0.0000"
                                            },
                                            "customers": {
                                                "rate": "0.0000"
                                            }
                                        },
                                        {
                                            "interval": "3_FAIXA",
                                            "indexer": {
                                                "rate": "0.0000"
                                            },
                                            "customers": {
                                                "rate": "0.0000"
                                            }
                                        },
                                        {
                                            "interval": "4_FAIXA",
                                            "indexer": {
                                                "rate": "0.0000"
                                            },
                                            "customers": {
                                                "rate": "0.0000"
                                            }
                                        }
                                    ],
                                    "minimumRate": "0.1460",
                                    "maximumRate": "0.1460"
                                }
                            ],
                            "otherCredits": [
                                {
                                    "code": "SAQUE_A_CREDITO"
                                }
                            ]
                        },
                        "termsConditions": {
                            "minimumFeeRate": "0.10",
                            "additionalInfo": "O valor do pagamento mínimo será composto pelo saldo devedor das faturas anteriores + 10% das compras existentes na fatura atual + tarifas + encargos do mês + seguros + parcelas de parcelamentos (saque rápido e parcelamentos) + saques + 10% do saldo credor da fatura anterior + 10% de estornos.",
                            "elegibilityCriteriaInfo": "Ter idade mínima de 18 anos, CPF regular na Receita Federal e renda mínima maior ou igual ao salário mínimo.",
                            "closingProcessInfo": "1) Quando você quiser cancelar: Deve nos avisar através da Central de Atendimento ou nas Lojas Renner S.A., sendo o Meu Cartão imediatamente cancelado. O contrato, porém, permanecerá eficaz até o pagamento de todos os valores ainda devidos. \n 2) Quando a gente pode cancelar este contrato: Na ocorrência de qualquer uma das hipóteses abaixo, nós poderemos encerrar o contrato, comunicando você com antecedência de 5 (cinco) dias corridos, caso em que este contrato será considerado vencido antecipadamente e exigiremos que você pague de imediato o que nos for devido: \n -> você deixe de cumprir qualquer de suas obrigações, sofra legítimo protesto de título, tenha a sua insolvência ou falência decretada, tenha incluído seu nome no CCF, ou, ainda, tenha emitido cheque sem suficiente provisão de fundos contra a gente; \n -> você tenha restrições cadastrais ao longo da vigência deste contrato; \n -> você deixe de pagar os valores devidos na respectiva data de vencimento; \n -> você exceda os limites de crédito que lhe forem atribuídos; \n -> alguma informação de cadastro que não seja verdadeira; \n -> ocorra algum evento que afete nossas garantias ou direitos creditórios, ou dos bancos que outorgam crédito. \n -> ocorrência de fraude, suspeitas de lavagem de dinheiro, desacordo comercial ou qualquer ilícito."
                        }
                    },
                    {
                        "name": "MEU CARTAO",
                        "identification": {
                            "product": {
                                "type": "STANDARD_INTERNACIONAL"
                            },
                            "creditCard": {
                                "network": "MASTERCARD"
                            }
                        },
                        "rewardsProgram": {
                            "hasRewardProgram": false
                        },
                        "fees": {
                            "services": [
                                {
                                    "name": "ANUIDADE_CARTAO_BASICO_NACIONAL",
                                    "code": "ANUIDADE_NACIONAL",
                                    "chargingTriggerInfo": "Não se aplica.",
                                    "prices": [
                                        {
                                            "interval": "1_FAIXA",
                                            "value": "NA",
                                            "currency": "BRL",
                                            "customers": {
                                                "rate": "NA"
                                            }
                                        },
                                        {
                                            "interval": "2_FAIXA",
                                            "value": "NA",
                                            "currency": "BRL",
                                            "customers": {
                                                "rate": "NA"
                                            }
                                        },
                                        {
                                            "interval": "3_FAIXA",
                                            "value": "NA",
                                            "currency": "BRL",
                                            "customers": {
                                                "rate": "NA"
                                            }
                                        },
                                        {
                                            "interval": "4_FAIXA",
                                            "value": "NA",
                                            "currency": "BRL",
                                            "customers": {
                                                "rate": "NA"
                                            }
                                        }
                                    ],
                                    "minimum": {
                                        "value": "NA",
                                        "currency": "BRL"
                                    },
                                    "maximum": {
                                        "value": "NA",
                                        "currency": "BRL"
                                    }
                                },
                                {
                                    "name": "ANUIDADE_CARTAO_BASICO_INTERNACIONAL",
                                    "code": "ANUIDADE_INTERNACIONAL",
                                    "chargingTriggerInfo": "Disponibilização de rede de estabelecimentos afiliados, instalada no país e no exterior, para pagamentos de bens e serviços, cobrada no máximo uma vez a cada 12 (doze) meses, admitido o parcelamento da cobrança.",
                                    "prices": [
                                        {
                                            "interval": "1_FAIXA",
                                            "value": "142.80",
                                            "currency": "BRL",
                                            "customers": {
                                                "rate": "1.0000"
                                            }
                                        },
                                        {
                                            "interval": "2_FAIXA",
                                            "value": "0.00",
                                            "currency": "BRL",
                                            "customers": {
                                                "rate": "0.0000"
                                            }
                                        },
                                        {
                                            "interval": "3_FAIXA",
                                            "value": "0.00",
                                            "currency": "BRL",
                                            "customers": {
                                                "rate": "0.0000"
                                            }
                                        },
                                        {
                                            "interval": "4_FAIXA",
                                            "value": "0.00",
                                            "currency": "BRL",
                                            "customers": {
                                                "rate": "0.0000"
                                            }
                                        }
                                    ],
                                    "minimum": {
                                        "value": "142.80",
                                        "currency": "BRL"
                                    },
                                    "maximum": {
                                        "value": "142.80",
                                        "currency": "BRL"
                                    }
                                },
                                {
                                    "name": "ANUIDADE_DIFERENCIADA",
                                    "code": "ANUIDADE_DIFERENCIADA",
                                    "chargingTriggerInfo": "Disponibilização de rede de estabelecimentos afiliados, instalada no país e no exterior, para pagamentos de bens e serviços, cobrada no máximo uma vez a cada 12 (doze) meses, admitido o parcelamento da cobrança.",
                                    "prices": [
                                        {
                                            "interval": "1_FAIXA",
                                            "value": "NA",
                                            "currency": "BRL",
                                            "customers": {
                                                "rate": "NA"
                                            }
                                        },
                                        {
                                            "interval": "2_FAIXA",
                                            "value": "NA",
                                            "currency": "BRL",
                                            "customers": {
                                                "rate": "NA"
                                            }
                                        },
                                        {
                                            "interval": "3_FAIXA",
                                            "value": "NA",
                                            "currency": "BRL",
                                            "customers": {
                                                "rate": "NA"
                                            }
                                        },
                                        {
                                            "interval": "4_FAIXA",
                                            "value": "NA",
                                            "currency": "BRL",
                                            "customers": {
                                                "rate": "NA"
                                            }
                                        }
                                    ],
                                    "minimum": {
                                        "value": "NA",
                                        "currency": "BRL"
                                    },
                                    "maximum": {
                                        "value": "NA",
                                        "currency": "BRL"
                                    }
                                },
                                {
                                    "name": "UTILIZACAO_CANAIS_ATENDIMENTO_RETIRADA_ESPECIE_BRASIL",
                                    "code": "SAQUE_CARTAO_BRASIL",
                                    "chargingTriggerInfo": "Disponibilização e utilização pelo cliente de canais de atendimento disponíveis no país para retirada em espécie na função crédito.",
                                    "prices": [
                                        {
                                            "interval": "1_FAIXA",
                                            "value": "14.90",
                                            "currency": "BRL",
                                            "customers": {
                                                "rate": "1.0000"
                                            }
                                        },
                                        {
                                            "interval": "2_FAIXA",
                                            "value": "0.00",
                                            "currency": "BRL",
                                            "customers": {
                                                "rate": "0.0000"
                                            }
                                        },
                                        {
                                            "interval": "3_FAIXA",
                                            "value": "0.00",
                                            "currency": "BRL",
                                            "customers": {
                                                "rate": "0.0000"
                                            }
                                        },
                                        {
                                            "interval": "4_FAIXA",
                                            "value": "0.00",
                                            "currency": "BRL",
                                            "customers": {
                                                "rate": "0.0000"
                                            }
                                        }
                                    ],
                                    "minimum": {
                                        "value": "14.90",
                                        "currency": "BRL"
                                    },
                                    "maximum": {
                                        "value": "14.90",
                                        "currency": "BRL"
                                    }
                                },
                                {
                                    "name": "UTILIZACAO_CANAIS_ATENDIMENTO_RETIRADA_ESPECIE_EXTERIOR",
                                    "code": "SAQUE_CARTAO_EXTERIOR",
                                    "chargingTriggerInfo": "Disponibilização e utilização pelo cliente de canais de atendimento disponíveis no exterior para retirada em espécie na função crédito ou débito.",
                                    "prices": [
                                        {
                                            "interval": "1_FAIXA",
                                            "value": "14.90",
                                            "currency": "BRL",
                                            "customers": {
                                                "rate": "1.0000"
                                            }
                                        },
                                        {
                                            "interval": "2_FAIXA",
                                            "value": "0.00",
                                            "currency": "BRL",
                                            "customers": {
                                                "rate": "0.0000"
                                            }
                                        },
                                        {
                                            "interval": "3_FAIXA",
                                            "value": "0.00",
                                            "currency": "BRL",
                                            "customers": {
                                                "rate": "0.0000"
                                            }
                                        },
                                        {
                                            "interval": "4_FAIXA",
                                            "value": "0.00",
                                            "currency": "BRL",
                                            "customers": {
                                                "rate": "0.0000"
                                            }
                                        }
                                    ],
                                    "minimum": {
                                        "value": "14.90",
                                        "currency": "BRL"
                                    },
                                    "maximum": {
                                        "value": "14.90",
                                        "currency": "BRL"
                                    }
                                },
                                {
                                    "name": "AVALIACAO_EMERGENCIAL_CREDITO",
                                    "code": "AVALIACAO_EMERGENCIAL_CREDITO",
                                    "chargingTriggerInfo": "Avaliação de viabilidade e de riscos para a concessão de crédito em caráter emergencial, a pedido do cliente, por meio de atendimento pessoal, para realização de despesa acima do limite do cartão, cobrada no máximo uma vez nos últimos 30 (trinta) dias.",
                                    "prices": [
                                        {
                                            "interval": "1_FAIXA",
                                            "value": "18.90",
                                            "currency": "BRL",
                                            "customers": {
                                                "rate": "1.000"
                                            }
                                        },
                                        {
                                            "interval": "2_FAIXA",
                                            "value": "0.00",
                                            "currency": "BRL",
                                            "customers": {
                                                "rate": "0.0000"
                                            }
                                        },
                                        {
                                            "interval": "3_FAIXA",
                                            "value": "0.00",
                                            "currency": "BRL",
                                            "customers": {
                                                "rate": "0.0000"
                                            }
                                        },
                                        {
                                            "interval": "4_FAIXA",
                                            "value": "0.00",
                                            "currency": "BRL",
                                            "customers": {
                                                "rate": "0.0000"
                                            }
                                        }
                                    ],
                                    "minimum": {
                                        "value": "18.90",
                                        "currency": "BRL"
                                    },
                                    "maximum": {
                                        "value": "18.90",
                                        "currency": "BRL"
                                    }
                                },
                                {
                                    "name": "FORNECIMENTO_SEGUNDA_VIA_FUNCAO_CREDITO",
                                    "code": "EMISSAO_SEGUNDA_VIA",
                                    "chargingTriggerInfo": "Confecção e emissão de novo cartão com função credito, restrito a casos de pedidos de reposição formulados pelo detentor do cartão, decorrente de perda, roubo, furto, danificação e outros motives não imputáveis instituição emitente.",
                                    "prices": [
                                        {
                                            "interval": "1_FAIXA",
                                            "value": "14.99",
                                            "currency": "BRL",
                                            "customers": {
                                                "rate": "1.0000"
                                            }
                                        },
                                        {
                                            "interval": "2_FAIXA",
                                            "value": "0.00",
                                            "currency": "BRL",
                                            "customers": {
                                                "rate": "0.0000"
                                            }
                                        },
                                        {
                                            "interval": "3_FAIXA",
                                            "value": "0.00",
                                            "currency": "BRL",
                                            "customers": {
                                                "rate": "0.0000"
                                            }
                                        },
                                        {
                                            "interval": "4_FAIXA",
                                            "value": "0.00",
                                            "currency": "BRL",
                                            "customers": {
                                                "rate": "0.0000"
                                            }
                                        }
                                    ],
                                    "minimum": {
                                        "value": "14.99",
                                        "currency": "BRL"
                                    },
                                    "maximum": {
                                        "value": "14.99",
                                        "currency": "BRL"
                                    }
                                },
                                {
                                    "name": "PAGAMENTO_CONTAS_UTILIZANDO_FUNCAO_CREDITO",
                                    "code": "TARIFA_PAGAMENTO_CONTAS",
                                    "chargingTriggerInfo": "Não se aplica.",
                                    "prices": [
                                        {
                                            "interval": "1_FAIXA",
                                            "value": "NA",
                                            "currency": "BRL",
                                            "customers": {
                                                "rate": "NA"
                                            }
                                        },
                                        {
                                            "interval": "2_FAIXA",
                                            "value": "NA",
                                            "currency": "BRL",
                                            "customers": {
                                                "rate": "NA"
                                            }
                                        },
                                        {
                                            "interval": "3_FAIXA",
                                            "value": "NA",
                                            "currency": "BRL",
                                            "customers": {
                                                "rate": "NA"
                                            }
                                        },
                                        {
                                            "interval": "4_FAIXA",
                                            "value": "NA",
                                            "currency": "BRL",
                                            "customers": {
                                                "rate": "NA"
                                            }
                                        }
                                    ],
                                    "minimum": {
                                        "value": "NA",
                                        "currency": "BRL"
                                    },
                                    "maximum": {
                                        "value": "NA",
                                        "currency": "BRL"
                                    }
                                },
                                {
                                    "name": "SMS",
                                    "code": "SMS",
                                    "chargingTriggerInfo": "Envio de mensagem automática relativa à movimentação ou ao lançamento no cartão de crédito.",
                                    "prices": [
                                        {
                                            "interval": "1_FAIXA",
                                            "value": "3.90",
                                            "currency": "BRL",
                                            "customers": {
                                                "rate": "1.000"
                                            }
                                        },
                                        {
                                            "interval": "2_FAIXA",
                                            "value": "0.00",
                                            "currency": "BRL",
                                            "customers": {
                                                "rate": "0.0000"
                                            }
                                        },
                                        {
                                            "interval": "3_FAIXA",
                                            "value": "0.00",
                                            "currency": "BRL",
                                            "customers": {
                                                "rate": "0.0000"
                                            }
                                        },
                                        {
                                            "interval": "4_FAIXA",
                                            "value": "0.00",
                                            "currency": "BRL",
                                            "customers": {
                                                "rate": "0.0000"
                                            }
                                        }
                                    ],
                                    "minimum": {
                                        "value": "3.90",
                                        "currency": "BRL"
                                    },
                                    "maximum": {
                                        "value": "3.90",
                                        "currency": "BRL"
                                    }
                                }
                            ]
                        },
                        "interest": {
                            "rates": [
                                {
                                    "referentialRateIndexer": "PRE_FIXADO",
                                    "rate": "NA",
                                    "applications": [
                                        {
                                            "interval": "1_FAIXA",
                                            "indexer": {
                                                "rate": "0.1460"
                                            },
                                            "customers": {
                                                "rate": "1.0000"
                                            }
                                        },
                                        {
                                            "interval": "2_FAIXA",
                                            "indexer": {
                                                "rate": "0.0000"
                                            },
                                            "customers": {
                                                "rate": "0.0000"
                                            }
                                        },
                                        {
                                            "interval": "3_FAIXA",
                                            "indexer": {
                                                "rate": "0.0000"
                                            },
                                            "customers": {
                                                "rate": "0.0000"
                                            }
                                        },
                                        {
                                            "interval": "4_FAIXA",
                                            "indexer": {
                                                "rate": "0.0000"
                                            },
                                            "customers": {
                                                "rate": "0.0000"
                                            }
                                        }
                                    ],
                                    "minimumRate": "0.1460",
                                    "maximumRate": "0.1460"
                                }
                            ],
                            "instalmentRates": [
                                {
                                    "referentialRateIndexer": "PRE_FIXADO",
                                    "rate": "NA",
                                    "applications": [
                                        {
                                            "interval": "1_FAIXA",
                                            "indexer": {
                                                "rate": "0.1460"
                                            },
                                            "customers": {
                                                "rate": "1.0000"
                                            }
                                        },
                                        {
                                            "interval": "2_FAIXA",
                                            "indexer": {
                                                "rate": "0.0000"
                                            },
                                            "customers": {
                                                "rate": "0.0000"
                                            }
                                        },
                                        {
                                            "interval": "3_FAIXA",
                                            "indexer": {
                                                "rate": "0.0000"
                                            },
                                            "customers": {
                                                "rate": "0.0000"
                                            }
                                        },
                                        {
                                            "interval": "4_FAIXA",
                                            "indexer": {
                                                "rate": "0.0000"
                                            },
                                            "customers": {
                                                "rate": "0.0000"
                                            }
                                        }
                                    ],
                                    "minimumRate": "0.1460",
                                    "maximumRate": "0.1460"
                                }
                            ],
                            "otherCredits": [
                                {
                                    "code": "SAQUE_A_CREDITO"
                                }
                            ]
                        },
                        "termsConditions": {
                            "minimumFeeRate": "0.10",
                            "additionalInfo": "O valor do pagamento mínimo será composto pelo saldo devedor das faturas anteriores + 10% das compras existentes na fatura atual + tarifas + encargos do mês + seguros + parcelas de parcelamentos (saque rápido e parcelamentos) + saques + 10% do saldo credor da fatura anterior + 10% de estornos.",
                            "elegibilityCriteriaInfo": "Ter idade mínima de 18 anos, CPF regular na Receita Federal e renda mínima maior ou igual ao salário mínimo.",
                            "closingProcessInfo": "1) Quando você quiser cancelar: Deve nos avisar através da Central de Atendimento ou nas Lojas Renner S.A., sendo o imediatamente o Meu Cartão cancelado. O contrato, porém, permanecerá eficaz até o pagamento de todos os valores ainda devidos. \n 2) Quando a gente pode cancelar este contrato: Na ocorrência de qualquer uma das hipóteses abaixo, nós poderemos encerrar o contrato, comunicando você com antecedência de 5 (cinco) dias corridos, caso em que este contrato será considerado vencido antecipadamente e exigiremos que você pague de imediato o que nos for devido: \n -> você deixe de cumprir qualquer de suas obrigações, sofra legítimo protesto de título, tenha a sua insolvência ou falência decretada, tenha incluído seu nome no CCF, ou, ainda, tenha emitido cheque sem suficiente provisão de fundos contra a gente; \n -> você tenha restrições cadastrais ao longo da vigência deste contrato; \n -> você deixe de pagar os valores devidos na respectiva data de vencimento; \n -> você exceda os limites de crédito que lhe forem atribuídos; \n -> alguma informação de cadastro que não seja verdadeira; \n -> ocorra algum evento que afete nossas garantias ou direitos creditórios, ou dos bancos que outorgam crédito. \n -> ocorrência de fraude, suspeitas de lavagem de dinheiro, desacordo comercial ou qualquer ilícito."
                        }
                    },
                    {
                        "name": "CARTAO RENNER",
                        "identification": {
                            "product": {
                                "type": "COMPRAS"
                            },
                            "creditCard": {
                                "network": "BANDEIRA_PROPRIA"
                            }
                        },
                        "rewardsProgram": {
                            "hasRewardProgram": false
                        },
                        "fees": {
                            "services": [
                                {
                                    "name": "ANUIDADE_CARTAO_BASICO_NACIONAL",
                                    "code": "ANUIDADE_NACIONAL",
                                    "chargingTriggerInfo": "Disponibilização de rede de estabelecimentos afiliados, instalada no país e no exterior, para pagamentos de bens e serviços, cobrada no máximo uma vez a cada 12 (doze) meses, admitido o parcelamento da cobrança.",
                                    "prices": [
                                        {
                                            "interval": "1_FAIXA",
                                            "value": "NA",
                                            "currency": "BRL",
                                            "customers": {
                                                "rate": "NA"
                                            }
                                        },
                                        {
                                            "interval": "2_FAIXA",
                                            "value": "NA",
                                            "currency": "BRL",
                                            "customers": {
                                                "rate": "NA"
                                            }
                                        },
                                        {
                                            "interval": "3_FAIXA",
                                            "value": "NA",
                                            "currency": "BRL",
                                            "customers": {
                                                "rate": "NA"
                                            }
                                        },
                                        {
                                            "interval": "4_FAIXA",
                                            "value": "NA",
                                            "currency": "BRL",
                                            "customers": {
                                                "rate": "NA"
                                            }
                                        }
                                    ],
                                    "minimum": {
                                        "value": "NA",
                                        "currency": "BRL"
                                    },
                                    "maximum": {
                                        "value": "NA",
                                        "currency": "BRL"
                                    }
                                },
                                {
                                    "name": "ANUIDADE_CARTAO_BASICO_INTERNACIONAL",
                                    "code": "ANUIDADE_INTERNACIONAL",
                                    "chargingTriggerInfo": "Disponibilização de rede de estabelecimentos afiliados, instalada no país e no exterior, para pagamentos de bens e serviços, cobrada no máximo uma vez a cada 12 (doze) meses, admitido o parcelamento da cobrança.",
                                    "prices": [
                                        {
                                            "interval": "1_FAIXA",
                                            "value": "NA",
                                            "currency": "BRL",
                                            "customers": {
                                                "rate": "NA"
                                            }
                                        },
                                        {
                                            "interval": "2_FAIXA",
                                            "value": "NA",
                                            "currency": "BRL",
                                            "customers": {
                                                "rate": "NA"
                                            }
                                        },
                                        {
                                            "interval": "3_FAIXA",
                                            "value": "NA",
                                            "currency": "BRL",
                                            "customers": {
                                                "rate": "NA"
                                            }
                                        },
                                        {
                                            "interval": "4_FAIXA",
                                            "value": "NA",
                                            "currency": "BRL",
                                            "customers": {
                                                "rate": "NA"
                                            }
                                        }
                                    ],
                                    "minimum": {
                                        "value": "NA",
                                        "currency": "BRL"
                                    },
                                    "maximum": {
                                        "value": "NA",
                                        "currency": "BRL"
                                    }
                                },
                                {
                                    "name": "ANUIDADE_DIFERENCIADA",
                                    "code": "ANUIDADE_DIFERENCIADA",
                                    "chargingTriggerInfo": "Disponibilização de rede de estabelecimentos afiliados, instalada no país e no exterior, para pagamentos de bens e serviços, cobrada no máximo uma vez a cada 12 (doze) meses, admitido o parcelamento da cobrança.",
                                    "prices": [
                                        {
                                            "interval": "1_FAIXA",
                                            "value": "NA",
                                            "currency": "BRL",
                                            "customers": {
                                                "rate": "NA"
                                            }
                                        },
                                        {
                                            "interval": "2_FAIXA",
                                            "value": "NA",
                                            "currency": "BRL",
                                            "customers": {
                                                "rate": "NA"
                                            }
                                        },
                                        {
                                            "interval": "3_FAIXA",
                                            "value": "NA",
                                            "currency": "BRL",
                                            "customers": {
                                                "rate": "NA"
                                            }
                                        },
                                        {
                                            "interval": "4_FAIXA",
                                            "value": "NA",
                                            "currency": "BRL",
                                            "customers": {
                                                "rate": "NA"
                                            }
                                        }
                                    ],
                                    "minimum": {
                                        "value": "NA",
                                        "currency": "BRL"
                                    },
                                    "maximum": {
                                        "value": "NA",
                                        "currency": "BRL"
                                    }
                                },
                                {
                                    "name": "UTILIZACAO_CANAIS_ATENDIMENTO_RETIRADA_ESPECIE_BRASIL",
                                    "code": "SAQUE_CARTAO_BRASIL",
                                    "chargingTriggerInfo": "Disponibilização e utilização pelo cliente de canais de atendimento disponíveis no país para retirada em espécie na função crédito.",
                                    "prices": [
                                        {
                                            "interval": "1_FAIXA",
                                            "value": "NA",
                                            "currency": "BRL",
                                            "customers": {
                                                "rate": "NA"
                                            }
                                        },
                                        {
                                            "interval": "2_FAIXA",
                                            "value": "NA",
                                            "currency": "BRL",
                                            "customers": {
                                                "rate": "NA"
                                            }
                                        },
                                        {
                                            "interval": "3_FAIXA",
                                            "value": "NA",
                                            "currency": "BRL",
                                            "customers": {
                                                "rate": "NA"
                                            }
                                        },
                                        {
                                            "interval": "4_FAIXA",
                                            "value": "NA",
                                            "currency": "BRL",
                                            "customers": {
                                                "rate": "NA"
                                            }
                                        }
                                    ],
                                    "minimum": {
                                        "value": "NA",
                                        "currency": "BRL"
                                    },
                                    "maximum": {
                                        "value": "NA",
                                        "currency": "BRL"
                                    }
                                },
                                {
                                    "name": "UTILIZACAO_CANAIS_ATENDIMENTO_RETIRADA_ESPECIE_EXTERIOR",
                                    "code": "SAQUE_CARTAO_EXTERIOR",
                                    "chargingTriggerInfo": "Disponibilização e utilização pelo cliente de canais de atendimento disponíveis no exterior para retirada em espécie na função crédito ou débito.",
                                    "prices": [
                                        {
                                            "interval": "1_FAIXA",
                                            "value": "NA",
                                            "currency": "BRL",
                                            "customers": {
                                                "rate": "NA"
                                            }
                                        },
                                        {
                                            "interval": "2_FAIXA",
                                            "value": "NA",
                                            "currency": "BRL",
                                            "customers": {
                                                "rate": "NA"
                                            }
                                        },
                                        {
                                            "interval": "3_FAIXA",
                                            "value": "NA",
                                            "currency": "BRL",
                                            "customers": {
                                                "rate": "NA"
                                            }
                                        },
                                        {
                                            "interval": "4_FAIXA",
                                            "value": "NA",
                                            "currency": "BRL",
                                            "customers": {
                                                "rate": "NA"
                                            }
                                        }
                                    ],
                                    "minimum": {
                                        "value": "NA",
                                        "currency": "BRL"
                                    },
                                    "maximum": {
                                        "value": "NA",
                                        "currency": "BRL"
                                    }
                                },
                                {
                                    "name": "AVALIACAO_EMERGENCIAL_CREDITO",
                                    "code": "AVALIACAO_EMERGENCIAL_CREDITO",
                                    "chargingTriggerInfo": "Avaliação de viabilidade e de riscos para a concessão de crédito em caráter emergencial, a pedido do cliente, por meio de atendimento pessoal, para realização de despesa acima do limite do cartão, cobrada no máximo uma vez nos últimos 30 (trinta) dias.",
                                    "prices": [
                                        {
                                            "interval": "1_FAIXA",
                                            "value": "NA",
                                            "currency": "BRL",
                                            "customers": {
                                                "rate": "NA"
                                            }
                                        },
                                        {
                                            "interval": "2_FAIXA",
                                            "value": "NA",
                                            "currency": "BRL",
                                            "customers": {
                                                "rate": "NA"
                                            }
                                        },
                                        {
                                            "interval": "3_FAIXA",
                                            "value": "NA",
                                            "currency": "BRL",
                                            "customers": {
                                                "rate": "NA"
                                            }
                                        },
                                        {
                                            "interval": "4_FAIXA",
                                            "value": "NA",
                                            "currency": "BRL",
                                            "customers": {
                                                "rate": "NA"
                                            }
                                        }
                                    ],
                                    "minimum": {
                                        "value": "NA",
                                        "currency": "BRL"
                                    },
                                    "maximum": {
                                        "value": "NA",
                                        "currency": "BRL"
                                    }
                                },
                                {
                                    "name": "FORNECIMENTO_SEGUNDA_VIA_FUNCAO_CREDITO",
                                    "code": "EMISSAO_SEGUNDA_VIA",
                                    "chargingTriggerInfo": "Confecção e emissão de novo cartão com função credito, restrito a casos de pedidos de reposição formulados pelo detentor do cartão, decorrente de perda, roubo, furto, danificação e outros motives não imputáveis instituição emitente.",
                                    "prices": [
                                        {
                                            "interval": "1_FAIXA",
                                            "value": "NA",
                                            "currency": "BRL",
                                            "customers": {
                                                "rate": "NA"
                                            }
                                        },
                                        {
                                            "interval": "2_FAIXA",
                                            "value": "NA",
                                            "currency": "BRL",
                                            "customers": {
                                                "rate": "NA"
                                            }
                                        },
                                        {
                                            "interval": "3_FAIXA",
                                            "value": "NA",
                                            "currency": "BRL",
                                            "customers": {
                                                "rate": "NA"
                                            }
                                        },
                                        {
                                            "interval": "4_FAIXA",
                                            "value": "NA",
                                            "currency": "BRL",
                                            "customers": {
                                                "rate": "NA"
                                            }
                                        }
                                    ],
                                    "minimum": {
                                        "value": "NA",
                                        "currency": "BRL"
                                    },
                                    "maximum": {
                                        "value": "NA",
                                        "currency": "BRL"
                                    }
                                },
                                {
                                    "name": "PAGAMENTO_CONTAS_UTILIZANDO_FUNCAO_CREDITO",
                                    "code": "TARIFA_PAGAMENTO_CONTAS",
                                    "chargingTriggerInfo": "Não se aplica.",
                                    "prices": [
                                        {
                                            "interval": "1_FAIXA",
                                            "value": "NA",
                                            "currency": "BRL",
                                            "customers": {
                                                "rate": "NA"
                                            }
                                        },
                                        {
                                            "interval": "2_FAIXA",
                                            "value": "NA",
                                            "currency": "BRL",
                                            "customers": {
                                                "rate": "NA"
                                            }
                                        },
                                        {
                                            "interval": "3_FAIXA",
                                            "value": "NA",
                                            "currency": "BRL",
                                            "customers": {
                                                "rate": "NA"
                                            }
                                        },
                                        {
                                            "interval": "4_FAIXA",
                                            "value": "NA",
                                            "currency": "BRL",
                                            "customers": {
                                                "rate": "NA"
                                            }
                                        }
                                    ],
                                    "minimum": {
                                        "value": "NA",
                                        "currency": "BRL"
                                    },
                                    "maximum": {
                                        "value": "NA",
                                        "currency": "BRL"
                                    }
                                },
                                {
                                    "name": "SMS",
                                    "code": "SMS",
                                    "chargingTriggerInfo": "Envio de mensagem automática relativa à movimentação ou ao lançamento no cartão de crédito.",
                                    "prices": [
                                        {
                                            "interval": "1_FAIXA",
                                            "value": "NA",
                                            "currency": "BRL",
                                            "customers": {
                                                "rate": "NA"
                                            }
                                        },
                                        {
                                            "interval": "2_FAIXA",
                                            "value": "NA",
                                            "currency": "BRL",
                                            "customers": {
                                                "rate": "NA"
                                            }
                                        },
                                        {
                                            "interval": "3_FAIXA",
                                            "value": "NA",
                                            "currency": "BRL",
                                            "customers": {
                                                "rate": "NA"
                                            }
                                        },
                                        {
                                            "interval": "4_FAIXA",
                                            "value": "NA",
                                            "currency": "BRL",
                                            "customers": {
                                                "rate": "NA"
                                            }
                                        }
                                    ],
                                    "minimum": {
                                        "value": "NA",
                                        "currency": "BRL"
                                    },
                                    "maximum": {
                                        "value": "NA",
                                        "currency": "BRL"
                                    }
                                }
                            ]
                        },
                        "interest": {
                            "rates": [
                                {
                                    "referentialRateIndexer": "PRE_FIXADO",
                                    "rate": "NA",
                                    "applications": [
                                        {
                                            "interval": "1_FAIXA",
                                            "indexer": {
                                                "rate": "0.1590"
                                            },
                                            "customers": {
                                                "rate": "1.0000"
                                            }
                                        },
                                        {
                                            "interval": "2_FAIXA",
                                            "indexer": {
                                                "rate": "0.0000"
                                            },
                                            "customers": {
                                                "rate": "0.0000"
                                            }
                                        },
                                        {
                                            "interval": "3_FAIXA",
                                            "indexer": {
                                                "rate": "0.0000"
                                            },
                                            "customers": {
                                                "rate": "0.0000"
                                            }
                                        },
                                        {
                                            "interval": "4_FAIXA",
                                            "indexer": {
                                                "rate": "0.0000"
                                            },
                                            "customers": {
                                                "rate": "0.0000"
                                            }
                                        }
                                    ],
                                    "minimumRate": "0.1590",
                                    "maximumRate": "0.1590"
                                }
                            ],
                            "instalmentRates": [
                                {
                                    "referentialRateIndexer": "PRE_FIXADO",
                                    "rate": "NA",
                                    "applications": [
                                        {
                                            "interval": "1_FAIXA",
                                            "indexer": {
                                                "rate": "0.1590"
                                            },
                                            "customers": {
                                                "rate": "1.0000"
                                            }
                                        },
                                        {
                                            "interval": "2_FAIXA",
                                            "indexer": {
                                                "rate": "0.0000"
                                            },
                                            "customers": {
                                                "rate": "0.0000"
                                            }
                                        },
                                        {
                                            "interval": "3_FAIXA",
                                            "indexer": {
                                                "rate": "0.0000"
                                            },
                                            "customers": {
                                                "rate": "0.0000"
                                            }
                                        },
                                        {
                                            "interval": "4_FAIXA",
                                            "indexer": {
                                                "rate": "0.0000"
                                            },
                                            "customers": {
                                                "rate": "0.0000"
                                            }
                                        }
                                    ],
                                    "minimumRate": "0.1590",
                                    "maximumRate": "0.1590"
                                }
                            ],
                            "otherCredits": [
                                {
                                    "code": "SAQUE_A_CREDITO"
                                }
                            ]
                        },
                        "termsConditions": {
                            "minimumFeeRate": "0.10",
                            "elegibilityCriteriaInfo": "Ter idade mínima de 18 anos, CPF regular na Receita Federal e renda mínima maior ou igual ao salário mínimo.",
                            "closingProcessInfo": "1) Quando você quiser cancelar: Deve comparecer em alguma loja da Renner que ofereça este serviço, sendo o Cartão Renner imediatamente cancelado. O contrato, porém, permanecerá eficaz até o pagamento de todos os valores ainda devidos. \n 2) Quando a gente pode cancelar este contrato: Na ocorrência de qualquer uma das hipóteses abaixo, nós poderemos encerrar o contrato, comunicando você com antecedência de 5 (cinco) dias corridos, caso em que este contrato será considerado vencido antecipadamente e exigiremos que você pague de imediato o que nos for devido: \n -> você deixe de cumprir qualquer de suas obrigações, sofra legítimo protesto de título, tenha a sua insolvência ou falência decretada, tenha incluído seu nome no CCF, ou, ainda, tenha emitido cheque sem suficiente provisão de fundos contra a gente; \n -> você tenha restrições cadastrais ao longo da vigência deste contrato; \n -> você deixe de pagar os valores devidos na respectiva data de vencimento; \n -> você exceda os limites de crédito que lhe forem atribuídos; \n -> alguma informação de cadastro que não seja verdadeira; \n -> ocorra algum evento que afete nossas garantias ou direitos creditórios, ou dos bancos que outorgam crédito. \n -> ocorrência de fraude, suspeitas de lavagem de dinheiro, desacordo comercial ou qualquer ilícito."
                        }
                    }
                ]
            }
        ]
    },
    "links": {
        "self": "http://10.120.192.16/open-banking/products-services/v1/personal-credit-cards?page=1&page-size=25",
        "first": null,
        "prev": null,
        "next": null,
        "last": null
    },
    "meta": {
        "totalRecords": 3,
        "totalPages": 1
    }
}
]]></system-out>
  </testcase>
  <testcase name="testCartaoCreditoPessoaNaturalBandeiraVisa" classname="br.com.realize.tests.fase01.ProdutosServicos.CartaoCreditoPessoaNatural.tests.GetCartaoCreditoPessoaNaturalTest" time="0"/>
  <testcase name="testNumeroPaginaInvalido" classname="br.com.realize.tests.fase01.ProdutosServicos.ContaPessoaNatural.tests.GetContaPessoaNaturalTest" time="0">
    <failure message="1 expectation failed.&#10;Expected status code &lt;200&gt; but was &lt;500&gt;.&#10;" type="java.lang.AssertionError"><![CDATA[java.lang.AssertionError: 
1 expectation failed.
Expected status code <200> but was <500>.

	at br.com.realize.tests.fase01.ProdutosServicos.ContaPessoaNatural.tests.GetContaPessoaNaturalTest.<init>(GetContaPessoaNaturalTest.java:31)
]]></failure>
    <system-out><![CDATA[Request method:	GET
Request URI:	http://10.120.192.16/open-banking/products-services/v1/personal-accounts?page=1&page-size=25
Proxy:			<none>
Request params:	<none>
Query params:	page=1
				page-size=25
Form params:	<none>
Path params:	<none>
Headers:		Accept=*/*
				Content-Type=application/json; charset=UTF-8
Cookies:		<none>
Multiparts:		<none>
Body:			<none>

HTTP/1.1 500 Internal Server Error
Date: Thu, 24 Jun 2021 01:51:47 GMT
Content-Type: application/json
Transfer-Encoding: chunked
Connection: keep-alive
Content-Encoding: gzip

{
    "errors": [
        {
            "code": "500",
            "title": "O repositório buscado se encontra vazio.",
            "detail": "Nenhuma informação de Conta Pessoa Natural encontrada."
        }
    ]
}
]]></system-out>
  </testcase>
  <testcase name="testTamanhoPaginaSuperior" classname="br.com.realize.tests.fase01.ProdutosServicos.ContaPessoaNatural.tests.GetContaPessoaNaturalTest" time="0">
    <failure message="1 expectation failed.&#10;Expected status code &lt;200&gt; but was &lt;500&gt;.&#10;" type="java.lang.AssertionError"><![CDATA[java.lang.AssertionError: 
1 expectation failed.
Expected status code <200> but was <500>.

	at br.com.realize.tests.fase01.ProdutosServicos.ContaPessoaNatural.tests.GetContaPessoaNaturalTest.<init>(GetContaPessoaNaturalTest.java:31)
]]></failure>
    <system-out><![CDATA[Request method:	GET
Request URI:	http://10.120.192.16/open-banking/products-services/v1/personal-accounts?page=1&page-size=25
Proxy:			<none>
Request params:	<none>
Query params:	page=1
				page-size=25
Form params:	<none>
Path params:	<none>
Headers:		Accept=*/*
				Content-Type=application/json; charset=UTF-8
Cookies:		<none>
Multiparts:		<none>
Body:			<none>

HTTP/1.1 500 Internal Server Error
Date: Thu, 24 Jun 2021 01:51:47 GMT
Content-Type: application/json
Transfer-Encoding: chunked
Connection: keep-alive
Content-Encoding: gzip

{
    "errors": [
        {
            "code": "500",
            "title": "O repositório buscado se encontra vazio.",
            "detail": "Nenhuma informação de Conta Pessoa Natural encontrada."
        }
    ]
}
]]></system-out>
  </testcase>
  <testcase name="testNumeroPaginaZero" classname="br.com.realize.tests.fase01.ProdutosServicos.ContaPessoaNatural.tests.GetContaPessoaNaturalTest" time="0">
    <failure message="1 expectation failed.&#10;Expected status code &lt;200&gt; but was &lt;500&gt;.&#10;" type="java.lang.AssertionError"><![CDATA[java.lang.AssertionError: 
1 expectation failed.
Expected status code <200> but was <500>.

	at br.com.realize.tests.fase01.ProdutosServicos.ContaPessoaNatural.tests.GetContaPessoaNaturalTest.<init>(GetContaPessoaNaturalTest.java:31)
]]></failure>
    <system-out><![CDATA[Request method:	GET
Request URI:	http://10.120.192.16/open-banking/products-services/v1/personal-accounts?page=1&page-size=25
Proxy:			<none>
Request params:	<none>
Query params:	page=1
				page-size=25
Form params:	<none>
Path params:	<none>
Headers:		Accept=*/*
				Content-Type=application/json; charset=UTF-8
Cookies:		<none>
Multiparts:		<none>
Body:			<none>

HTTP/1.1 500 Internal Server Error
Date: Thu, 24 Jun 2021 01:51:47 GMT
Content-Type: application/json
Transfer-Encoding: chunked
Connection: keep-alive
Content-Encoding: gzip

{
    "errors": [
        {
            "code": "500",
            "title": "O repositório buscado se encontra vazio.",
            "detail": "Nenhuma informação de Conta Pessoa Natural encontrada."
        }
    ]
}
]]></system-out>
  </testcase>
  <testcase name="testMetodoNaoSuportado" classname="br.com.realize.tests.fase01.ProdutosServicos.ContaPessoaNatural.tests.GetContaPessoaNaturalTest" time="0">
    <failure message="1 expectation failed.&#10;Expected status code &lt;200&gt; but was &lt;500&gt;.&#10;" type="java.lang.AssertionError"><![CDATA[java.lang.AssertionError: 
1 expectation failed.
Expected status code <200> but was <500>.

	at br.com.realize.tests.fase01.ProdutosServicos.ContaPessoaNatural.tests.GetContaPessoaNaturalTest.<init>(GetContaPessoaNaturalTest.java:31)
]]></failure>
    <system-out><![CDATA[Request method:	GET
Request URI:	http://10.120.192.16/open-banking/products-services/v1/personal-accounts?page=1&page-size=25
Proxy:			<none>
Request params:	<none>
Query params:	page=1
				page-size=25
Form params:	<none>
Path params:	<none>
Headers:		Accept=*/*
				Content-Type=application/json; charset=UTF-8
Cookies:		<none>
Multiparts:		<none>
Body:			<none>

HTTP/1.1 500 Internal Server Error
Date: Thu, 24 Jun 2021 01:51:47 GMT
Content-Type: application/json
Transfer-Encoding: chunked
Connection: keep-alive
Content-Encoding: gzip

{
    "errors": [
        {
            "code": "500",
            "title": "O repositório buscado se encontra vazio.",
            "detail": "Nenhuma informação de Conta Pessoa Natural encontrada."
        }
    ]
}
]]></system-out>
  </testcase>
  <testcase name="testPathInvalido" classname="br.com.realize.tests.fase01.ProdutosServicos.ContaPessoaNatural.tests.GetContaPessoaNaturalTest" time="0">
    <failure message="1 expectation failed.&#10;Expected status code &lt;200&gt; but was &lt;500&gt;.&#10;" type="java.lang.AssertionError"><![CDATA[java.lang.AssertionError: 
1 expectation failed.
Expected status code <200> but was <500>.

	at br.com.realize.tests.fase01.ProdutosServicos.ContaPessoaNatural.tests.GetContaPessoaNaturalTest.<init>(GetContaPessoaNaturalTest.java:31)
]]></failure>
    <system-out><![CDATA[Request method:	GET
Request URI:	http://10.120.192.16/open-banking/products-services/v1/personal-accounts?page=1&page-size=25
Proxy:			<none>
Request params:	<none>
Query params:	page=1
				page-size=25
Form params:	<none>
Path params:	<none>
Headers:		Accept=*/*
				Content-Type=application/json; charset=UTF-8
Cookies:		<none>
Multiparts:		<none>
Body:			<none>

HTTP/1.1 500 Internal Server Error
Date: Thu, 24 Jun 2021 01:51:47 GMT
Content-Type: application/json
Transfer-Encoding: chunked
Connection: keep-alive
Content-Encoding: gzip

{
    "errors": [
        {
            "code": "500",
            "title": "O repositório buscado se encontra vazio.",
            "detail": "Nenhuma informação de Conta Pessoa Natural encontrada."
        }
    ]
}
]]></system-out>
  </testcase>
  <testcase name="testTamanhoPaginaInvalido" classname="br.com.realize.tests.fase01.ProdutosServicos.ContaPessoaNatural.tests.GetContaPessoaNaturalTest" time="0">
    <failure message="1 expectation failed.&#10;Expected status code &lt;200&gt; but was &lt;500&gt;.&#10;" type="java.lang.AssertionError"><![CDATA[java.lang.AssertionError: 
1 expectation failed.
Expected status code <200> but was <500>.

	at br.com.realize.tests.fase01.ProdutosServicos.ContaPessoaNatural.tests.GetContaPessoaNaturalTest.<init>(GetContaPessoaNaturalTest.java:31)
]]></failure>
    <system-out><![CDATA[Request method:	GET
Request URI:	http://10.120.192.16/open-banking/products-services/v1/personal-accounts?page=1&page-size=25
Proxy:			<none>
Request params:	<none>
Query params:	page=1
				page-size=25
Form params:	<none>
Path params:	<none>
Headers:		Accept=*/*
				Content-Type=application/json; charset=UTF-8
Cookies:		<none>
Multiparts:		<none>
Body:			<none>

HTTP/1.1 500 Internal Server Error
Date: Thu, 24 Jun 2021 01:51:47 GMT
Content-Type: application/json
Transfer-Encoding: chunked
Connection: keep-alive
Content-Encoding: gzip

{
    "errors": [
        {
            "code": "500",
            "title": "O repositório buscado se encontra vazio.",
            "detail": "Nenhuma informação de Conta Pessoa Natural encontrada."
        }
    ]
}
]]></system-out>
  </testcase>
  <testcase name="testTamanhoPaginaInferiorDez" classname="br.com.realize.tests.fase01.ProdutosServicos.ContaPessoaNatural.tests.GetContaPessoaNaturalTest" time="0">
    <failure message="1 expectation failed.&#10;Expected status code &lt;200&gt; but was &lt;500&gt;.&#10;" type="java.lang.AssertionError"><![CDATA[java.lang.AssertionError: 
1 expectation failed.
Expected status code <200> but was <500>.

	at br.com.realize.tests.fase01.ProdutosServicos.ContaPessoaNatural.tests.GetContaPessoaNaturalTest.<init>(GetContaPessoaNaturalTest.java:31)
]]></failure>
    <system-out><![CDATA[Request method:	GET
Request URI:	http://10.120.192.16/open-banking/products-services/v1/personal-accounts?page=1&page-size=25
Proxy:			<none>
Request params:	<none>
Query params:	page=1
				page-size=25
Form params:	<none>
Path params:	<none>
Headers:		Accept=*/*
				Content-Type=application/json; charset=UTF-8
Cookies:		<none>
Multiparts:		<none>
Body:			<none>

HTTP/1.1 500 Internal Server Error
Date: Thu, 24 Jun 2021 01:51:47 GMT
Content-Type: application/json
Transfer-Encoding: chunked
Connection: keep-alive
Content-Encoding: gzip

{
    "errors": [
        {
            "code": "500",
            "title": "O repositório buscado se encontra vazio.",
            "detail": "Nenhuma informação de Conta Pessoa Natural encontrada."
        }
    ]
}
]]></system-out>
  </testcase>
  <testcase name="testTamanhoPaginaZero" classname="br.com.realize.tests.fase01.ProdutosServicos.ContaPessoaNatural.tests.GetContaPessoaNaturalTest" time="0">
    <failure message="1 expectation failed.&#10;Expected status code &lt;200&gt; but was &lt;500&gt;.&#10;" type="java.lang.AssertionError"><![CDATA[java.lang.AssertionError: 
1 expectation failed.
Expected status code <200> but was <500>.

	at br.com.realize.tests.fase01.ProdutosServicos.ContaPessoaNatural.tests.GetContaPessoaNaturalTest.<init>(GetContaPessoaNaturalTest.java:31)
]]></failure>
    <system-out><![CDATA[Request method:	GET
Request URI:	http://10.120.192.16/open-banking/products-services/v1/personal-accounts?page=1&page-size=25
Proxy:			<none>
Request params:	<none>
Query params:	page=1
				page-size=25
Form params:	<none>
Path params:	<none>
Headers:		Accept=*/*
				Content-Type=application/json; charset=UTF-8
Cookies:		<none>
Multiparts:		<none>
Body:			<none>

HTTP/1.1 500 Internal Server Error
Date: Thu, 24 Jun 2021 01:51:47 GMT
Content-Type: application/json
Transfer-Encoding: chunked
Connection: keep-alive
Content-Encoding: gzip

{
    "errors": [
        {
            "code": "500",
            "title": "O repositório buscado se encontra vazio.",
            "detail": "Nenhuma informação de Conta Pessoa Natural encontrada."
        }
    ]
}
]]></system-out>
  </testcase>
  <testcase name="testNumeroPaginaNaoLocalizado" classname="br.com.realize.tests.fase01.ProdutosServicos.ContaPessoaNatural.tests.GetContaPessoaNaturalTest" time="0">
    <failure message="1 expectation failed.&#10;Expected status code &lt;200&gt; but was &lt;500&gt;.&#10;" type="java.lang.AssertionError"><![CDATA[java.lang.AssertionError: 
1 expectation failed.
Expected status code <200> but was <500>.

	at br.com.realize.tests.fase01.ProdutosServicos.ContaPessoaNatural.tests.GetContaPessoaNaturalTest.<init>(GetContaPessoaNaturalTest.java:31)
]]></failure>
    <system-out><![CDATA[Request method:	GET
Request URI:	http://10.120.192.16/open-banking/products-services/v1/personal-accounts?page=1&page-size=25
Proxy:			<none>
Request params:	<none>
Query params:	page=1
				page-size=25
Form params:	<none>
Path params:	<none>
Headers:		Accept=*/*
				Content-Type=application/json; charset=UTF-8
Cookies:		<none>
Multiparts:		<none>
Body:			<none>

HTTP/1.1 500 Internal Server Error
Date: Thu, 24 Jun 2021 01:51:47 GMT
Content-Type: application/json
Transfer-Encoding: chunked
Connection: keep-alive
Content-Encoding: gzip

{
    "errors": [
        {
            "code": "500",
            "title": "O repositório buscado se encontra vazio.",
            "detail": "Nenhuma informação de Conta Pessoa Natural encontrada."
        }
    ]
}
]]></system-out>
  </testcase>
  <testcase name="testGarantirContratosContaPessoaNatural" classname="br.com.realize.tests.fase01.ProdutosServicos.ContaPessoaNatural.tests.GetContaPessoaNaturalTest" time="0">
    <failure message="1 expectation failed.&#10;Expected status code &lt;200&gt; but was &lt;500&gt;.&#10;" type="java.lang.AssertionError"><![CDATA[java.lang.AssertionError: 
1 expectation failed.
Expected status code <200> but was <500>.

	at br.com.realize.tests.fase01.ProdutosServicos.ContaPessoaNatural.tests.GetContaPessoaNaturalTest.<init>(GetContaPessoaNaturalTest.java:31)
]]></failure>
    <system-out><![CDATA[Request method:	GET
Request URI:	http://10.120.192.16/open-banking/products-services/v1/personal-accounts?page=1&page-size=25
Proxy:			<none>
Request params:	<none>
Query params:	page=1
				page-size=25
Form params:	<none>
Path params:	<none>
Headers:		Accept=*/*
				Content-Type=application/json; charset=UTF-8
Cookies:		<none>
Multiparts:		<none>
Body:			<none>

HTTP/1.1 500 Internal Server Error
Date: Thu, 24 Jun 2021 01:51:47 GMT
Content-Type: application/json
Transfer-Encoding: chunked
Connection: keep-alive
Content-Encoding: gzip

{
    "errors": [
        {
            "code": "500",
            "title": "O repositório buscado se encontra vazio.",
            "detail": "Nenhuma informação de Conta Pessoa Natural encontrada."
        }
    ]
}
]]></system-out>
  </testcase>
  <testcase name="testContaPessoaNatural" classname="br.com.realize.tests.fase01.ProdutosServicos.ContaPessoaNatural.tests.GetContaPessoaNaturalTest" time="0">
    <failure message="1 expectation failed.&#10;Expected status code &lt;200&gt; but was &lt;500&gt;.&#10;" type="java.lang.AssertionError"><![CDATA[java.lang.AssertionError: 
1 expectation failed.
Expected status code <200> but was <500>.

	at br.com.realize.tests.fase01.ProdutosServicos.ContaPessoaNatural.tests.GetContaPessoaNaturalTest.<init>(GetContaPessoaNaturalTest.java:31)
]]></failure>
    <system-out><![CDATA[Request method:	GET
Request URI:	http://10.120.192.16/open-banking/products-services/v1/personal-accounts?page=1&page-size=25
Proxy:			<none>
Request params:	<none>
Query params:	page=1
				page-size=25
Form params:	<none>
Path params:	<none>
Headers:		Accept=*/*
				Content-Type=application/json; charset=UTF-8
Cookies:		<none>
Multiparts:		<none>
Body:			<none>

HTTP/1.1 500 Internal Server Error
Date: Thu, 24 Jun 2021 01:51:47 GMT
Content-Type: application/json
Transfer-Encoding: chunked
Connection: keep-alive
Content-Encoding: gzip

{
    "errors": [
        {
            "code": "500",
            "title": "O repositório buscado se encontra vazio.",
            "detail": "Nenhuma informação de Conta Pessoa Natural encontrada."
        }
    ]
}
]]></system-out>
  </testcase>
  <testcase name="testNumeroPaginaInvalido" classname="br.com.realize.tests.fase01.ProdutosServicos.EmprestimoPessoaJuridica.tests.GetEmprestimoPessoaJuridicaTest" time="0"/>
  <testcase name="testTamanhoPaginaSuperior" classname="br.com.realize.tests.fase01.ProdutosServicos.EmprestimoPessoaJuridica.tests.GetEmprestimoPessoaJuridicaTest" time="0"/>
  <testcase name="testNumeroPaginaZero" classname="br.com.realize.tests.fase01.ProdutosServicos.EmprestimoPessoaJuridica.tests.GetEmprestimoPessoaJuridicaTest" time="0.029"/>
  <testcase name="testEmprestimoMicrocreditoPessoaJuridica" classname="br.com.realize.tests.fase01.ProdutosServicos.EmprestimoPessoaJuridica.tests.GetEmprestimoPessoaJuridicaTest" time="0.11"/>
  <testcase name="testMetodoNaoSuportado" classname="br.com.realize.tests.fase01.ProdutosServicos.EmprestimoPessoaJuridica.tests.GetEmprestimoPessoaJuridicaTest" time="0.079"/>
  <testcase name="testPathInvalido" classname="br.com.realize.tests.fase01.ProdutosServicos.EmprestimoPessoaJuridica.tests.GetEmprestimoPessoaJuridicaTest" time="0.079"/>
  <testcase name="testTamanhoPaginaInvalido" classname="br.com.realize.tests.fase01.ProdutosServicos.EmprestimoPessoaJuridica.tests.GetEmprestimoPessoaJuridicaTest" time="0.073"/>
  <testcase name="testTamanhoPaginaZero" classname="br.com.realize.tests.fase01.ProdutosServicos.EmprestimoPessoaJuridica.tests.GetEmprestimoPessoaJuridicaTest" time="0.076"/>
  <testcase name="testNumeroPaginaNaoLocalizado" classname="br.com.realize.tests.fase01.ProdutosServicos.EmprestimoPessoaJuridica.tests.GetEmprestimoPessoaJuridicaTest" time="0.092"/>
  <testcase name="testGarantirEmprestimoPessoaJuridica" classname="br.com.realize.tests.fase01.ProdutosServicos.EmprestimoPessoaJuridica.tests.GetEmprestimoPessoaJuridicaTest" time="0.476">
    <failure message="1 expectation failed.&#10;Response body doesn&apos;t match expectation.&#10;Expected: The content to match the given JSON schema.&#10;error: object has missing required properties ([&quot;brand&quot;])&#10;    level: &quot;error&quot;&#10;    schema: {&quot;loadingURI&quot;:&quot;#&quot;,&quot;pointer&quot;:&quot;/properties/data&quot;}&#10;    instance: {&quot;pointer&quot;:&quot;/data&quot;}&#10;    domain: &quot;validation&quot;&#10;    keyword: &quot;required&quot;&#10;    required: [&quot;brand&quot;]&#10;    missing: [&quot;brand&quot;]&#10;&#10;  Actual: {&quot;data&quot;:{&quot;name&quot;:&quot;REALIZE CFI S.A.&quot;,&quot;companies&quot;:[{&quot;name&quot;:&quot;REALIZE CRÉDITO, FINANCIAMENTO E INVESTIMENTO S.A.&quot;,&quot;cnpjNumber&quot;:&quot;27351731&quot;,&quot;businessLoans&quot;:[{&quot;type&quot;:&quot;EMPRESTIMO_MICROCREDITO_PRODUTIVO_ORIENTADO&quot;,&quot;fees&quot;:{&quot;services&quot;:[{&quot;name&quot;:&quot;Taxa de Abertura de Crédito - Microcrédito Produtivo Orientado&quot;,&quot;code&quot;:&quot;NA&quot;,&quot;chargingTriggerInfo&quot;:&quot;3% do valor do contrato&quot;,&quot;prices&quot;:[{&quot;interval&quot;:&quot;1_FAIXA&quot;,&quot;value&quot;:&quot;2000.00&quot;,&quot;currency&quot;:&quot;BRL&quot;,&quot;customers&quot;:{&quot;rate&quot;:&quot;0.1500&quot;}},{&quot;interval&quot;:&quot;2_FAIXA&quot;,&quot;value&quot;:&quot;3200.00&quot;,&quot;currency&quot;:&quot;BRL&quot;,&quot;customers&quot;:{&quot;rate&quot;:&quot;0.3500&quot;}},{&quot;interval&quot;:&quot;3_FAIXA&quot;,&quot;value&quot;:&quot;5072.00&quot;,&quot;currency&quot;:&quot;BRL&quot;,&quot;customers&quot;:{&quot;rate&quot;:&quot;0.2000&quot;}},{&quot;interval&quot;:&quot;4_FAIXA&quot;,&quot;value&quot;:&quot;7006.00&quot;,&quot;currency&quot;:&quot;BRL&quot;,&quot;customers&quot;:{&quot;rate&quot;:&quot;0.3000&quot;}}],&quot;minimum&quot;:{&quot;value&quot;:&quot;1350.00&quot;,&quot;currency&quot;:&quot;BRL&quot;},&quot;maximum&quot;:{&quot;value&quot;:&quot;8800.00&quot;,&quot;currency&quot;:&quot;BRL&quot;}}]},&quot;interestRates&quot;:[{&quot;referentialRateIndexer&quot;:&quot;POS_FIXADO_TR_TBF&quot;,&quot;rate&quot;:&quot;0.15&quot;,&quot;applications&quot;:[{&quot;interval&quot;:&quot;1_FAIXA&quot;,&quot;indexer&quot;:{&quot;rate&quot;:&quot;0.0987&quot;},&quot;customers&quot;:{&quot;rate&quot;:&quot;0.1500&quot;}},{&quot;interval&quot;:&quot;2_FAIXA&quot;,&quot;indexer&quot;:{&quot;rate&quot;:&quot;0.1600&quot;},&quot;customers&quot;:{&quot;rate&quot;:&quot;0.3500&quot;}},{&quot;interval&quot;:&quot;3_FAIXA&quot;,&quot;indexer&quot;:{&quot;rate&quot;:&quot;0.3600&quot;},&quot;customers&quot;:{&quot;rate&quot;:&quot;0.2000&quot;}},{&quot;interval&quot;:&quot;4_FAIXA&quot;,&quot;indexer&quot;:{&quot;rate&quot;:&quot;0.5890&quot;},&quot;customers&quot;:{&quot;rate&quot;:&quot;0.3000&quot;}}],&quot;minimumRate&quot;:&quot;0.0889&quot;,&quot;maximumRate&quot;:&quot;0.6865&quot;}],&quot;requiredWarranties&quot;:[&quot;OUTRAS_GARANTIAS_NAO_FIDEJUSSORIAS&quot;],&quot;termsConditions&quot;:&quot;https://empresaa1.com/personal_loans&quot;},{&quot;type&quot;:&quot;EMPRESTIMO_CHEQUE_ESPECIAL&quot;,&quot;fees&quot;:{&quot;services&quot;:[{&quot;name&quot;:&quot;Cheque Especial&quot;,&quot;code&quot;:&quot;NA&quot;,&quot;chargingTriggerInfo&quot;:&quot;0,25% sobre o excente do limite acima de R$500,00&quot;,&quot;prices&quot;:[{&quot;interval&quot;:&quot;1_FAIXA&quot;,&quot;value&quot;:&quot;2000.00&quot;,&quot;currency&quot;:&quot;BRL&quot;,&quot;customers&quot;:{&quot;rate&quot;:&quot;0.1500&quot;}},{&quot;interval&quot;:&quot;2_FAIXA&quot;,&quot;value&quot;:&quot;3200.00&quot;,&quot;currency&quot;:&quot;BRL&quot;,&quot;customers&quot;:{&quot;rate&quot;:&quot;0.3500&quot;}},{&quot;interval&quot;:&quot;3_FAIXA&quot;,&quot;value&quot;:&quot;5072.00&quot;,&quot;currency&quot;:&quot;BRL&quot;,&quot;customers&quot;:{&quot;rate&quot;:&quot;0.2000&quot;}},{&quot;interval&quot;:&quot;4_FAIXA&quot;,&quot;value&quot;:&quot;6006.00&quot;,&quot;currency&quot;:&quot;BRL&quot;,&quot;customers&quot;:{&quot;rate&quot;:&quot;0.3000&quot;}}],&quot;minimum&quot;:{&quot;value&quot;:&quot;1300.00&quot;,&quot;currency&quot;:&quot;BRL&quot;},&quot;maximum&quot;:{&quot;value&quot;:&quot;6800.00&quot;,&quot;currency&quot;:&quot;BRL&quot;}}]},&quot;interestRates&quot;:[{&quot;referentialRateIndexer&quot;:&quot;POS_FIXADO_TR_TBF&quot;,&quot;rate&quot;:&quot;0.10&quot;,&quot;applications&quot;:[{&quot;interval&quot;:&quot;1_FAIXA&quot;,&quot;indexer&quot;:{&quot;rate&quot;:&quot;0.0987&quot;},&quot;customers&quot;:{&quot;rate&quot;:&quot;0.1500&quot;}},{&quot;interval&quot;:&quot;2_FAIXA&quot;,&quot;indexer&quot;:{&quot;rate&quot;:&quot;0.1600&quot;},&quot;customers&quot;:{&quot;rate&quot;:&quot;0.3500&quot;}},{&quot;interval&quot;:&quot;3_FAIXA&quot;,&quot;indexer&quot;:{&quot;rate&quot;:&quot;0.3600&quot;},&quot;customers&quot;:{&quot;rate&quot;:&quot;0.2000&quot;}},{&quot;interval&quot;:&quot;4_FAIXA&quot;,&quot;indexer&quot;:{&quot;rate&quot;:&quot;0.7680&quot;},&quot;customers&quot;:{&quot;rate&quot;:&quot;0.3000&quot;}}],&quot;minimumRate&quot;:&quot;0.0889&quot;,&quot;maximumRate&quot;:&quot;0.6865&quot;}],&quot;requiredWarranties&quot;:[&quot;GARANTIA_FIDEJUSSORIA&quot;],&quot;termsConditions&quot;:&quot;https://empresaa1.com/personal_loans&quot;},{&quot;type&quot;:&quot;EMPRESTIMO_CONTA_GARANTIDA&quot;,&quot;fees&quot;:{&quot;services&quot;:[{&quot;name&quot;:&quot;Descoberto em C/C, Conta garantida&quot;,&quot;code&quot;:&quot;NA&quot;,&quot;chargingTriggerInfo&quot;:&quot;Tarifa R$63,00&quot;,&quot;prices&quot;:[{&quot;interval&quot;:&quot;1_FAIXA&quot;,&quot;value&quot;:&quot;1500.00&quot;,&quot;currency&quot;:&quot;BRL&quot;,&quot;customers&quot;:{&quot;rate&quot;:&quot;0.1500&quot;}},{&quot;interval&quot;:&quot;2_FAIXA&quot;,&quot;value&quot;:&quot;3800.00&quot;,&quot;currency&quot;:&quot;BRL&quot;,&quot;customers&quot;:{&quot;rate&quot;:&quot;0.3500&quot;}},{&quot;interval&quot;:&quot;3_FAIXA&quot;,&quot;value&quot;:&quot;4090.00&quot;,&quot;currency&quot;:&quot;BRL&quot;,&quot;customers&quot;:{&quot;rate&quot;:&quot;0.2000&quot;}},{&quot;interval&quot;:&quot;4_FAIXA&quot;,&quot;value&quot;:&quot;7786.00&quot;,&quot;currency&quot;:&quot;BRL&quot;,&quot;customers&quot;:{&quot;rate&quot;:&quot;0.3000&quot;}}],&quot;minimum&quot;:{&quot;value&quot;:&quot;830.00&quot;,&quot;currency&quot;:&quot;BRL&quot;},&quot;maximum&quot;:{&quot;value&quot;:&quot;8800.00&quot;,&quot;currency&quot;:&quot;BRL&quot;}}]},&quot;interestRates&quot;:[{&quot;referentialRateIndexer&quot;:&quot;POS_FIXADO_TR_TBF&quot;,&quot;rate&quot;:&quot;0.10&quot;,&quot;applications&quot;:[{&quot;interval&quot;:&quot;1_FAIXA&quot;,&quot;indexer&quot;:{&quot;rate&quot;:&quot;0.0987&quot;},&quot;customers&quot;:{&quot;rate&quot;:&quot;0.1500&quot;}},{&quot;interval&quot;:&quot;2_FAIXA&quot;,&quot;indexer&quot;:{&quot;rate&quot;:&quot;0.3600&quot;},&quot;customers&quot;:{&quot;rate&quot;:&quot;0.3500&quot;}},{&quot;interval&quot;:&quot;3_FAIXA&quot;,&quot;indexer&quot;:{&quot;rate&quot;:&quot;0.3600&quot;},&quot;customers&quot;:{&quot;rate&quot;:&quot;0.2000&quot;}},{&quot;interval&quot;:&quot;4_FAIXA&quot;,&quot;indexer&quot;:{&quot;rate&quot;:&quot;0.7680&quot;},&quot;customers&quot;:{&quot;rate&quot;:&quot;0.3000&quot;}}],&quot;minimumRate&quot;:&quot;0.0889&quot;,&quot;maximumRate&quot;:&quot;0.6865&quot;}],&quot;requiredWarranties&quot;:[&quot;GARANTIA_FIDEJUSSORIA&quot;],&quot;termsConditions&quot;:&quot;https://empresaa1.com/personal_loans&quot;},{&quot;type&quot;:&quot;EMPRESTIMO_CAPITAL_GIRO_PRAZO_VENCIMENTO_ATE_365_DIAS&quot;,&quot;fees&quot;:{&quot;services&quot;:[{&quot;name&quot;:&quot;Contratação&quot;,&quot;code&quot;:&quot;NA&quot;,&quot;chargingTriggerInfo&quot;:&quot;(mín. R$ 100,00 máx. R$ 3.000), tarifa 3% do Contrato&quot;,&quot;prices&quot;:[{&quot;interval&quot;:&quot;1_FAIXA&quot;,&quot;value&quot;:&quot;1700.00&quot;,&quot;currency&quot;:&quot;BRL&quot;,&quot;customers&quot;:{&quot;rate&quot;:&quot;0.1500&quot;}},{&quot;interval&quot;:&quot;2_FAIXA&quot;,&quot;value&quot;:&quot;2200.00&quot;,&quot;currency&quot;:&quot;BRL&quot;,&quot;customers&quot;:{&quot;rate&quot;:&quot;0.3500&quot;}},{&quot;interval&quot;:&quot;3_FAIXA&quot;,&quot;value&quot;:&quot;4030.00&quot;,&quot;currency&quot;:&quot;BRL&quot;,&quot;customers&quot;:{&quot;rate&quot;:&quot;0.2000&quot;}},{&quot;interval&quot;:&quot;4_FAIXA&quot;,&quot;value&quot;:&quot;5030.00&quot;,&quot;currency&quot;:&quot;BRL&quot;,&quot;customers&quot;:{&quot;rate&quot;:&quot;0.3000&quot;}}],&quot;minimum&quot;:{&quot;value&quot;:&quot;770.00&quot;,&quot;currency&quot;:&quot;BRL&quot;},&quot;maximum&quot;:{&quot;value&quot;:&quot;5800.00&quot;,&quot;currency&quot;:&quot;BRL&quot;}},{&quot;name&quot;:&quot;Alteração Contratual&quot;,&quot;code&quot;:&quot;NA&quot;,&quot;chargingTriggerInfo&quot;:&quot;(mín. R$ 100,00 máx. R$ 3.000), tarifa 3% do Contrato&quot;,&quot;prices&quot;:[{&quot;interval&quot;:&quot;1_FAIXA&quot;,&quot;value&quot;:&quot;55.40&quot;,&quot;currency&quot;:&quot;BRL&quot;,&quot;customers&quot;:{&quot;rate&quot;:&quot;0.1500&quot;}},{&quot;interval&quot;:&quot;2_FAIXA&quot;,&quot;value&quot;:&quot;62.00&quot;,&quot;currency&quot;:&quot;BRL&quot;,&quot;customers&quot;:{&quot;rate&quot;:&quot;0.3500&quot;}},{&quot;interval&quot;:&quot;3_FAIXA&quot;,&quot;value&quot;:&quot;75.00&quot;,&quot;currency&quot;:&quot;BRL&quot;,&quot;customers&quot;:{&quot;rate&quot;:&quot;0.2000&quot;}},{&quot;interval&quot;:&quot;4_FAIXA&quot;,&quot;value&quot;:&quot;86.00&quot;,&quot;currency&quot;:&quot;BRL&quot;,&quot;customers&quot;:{&quot;rate&quot;:&quot;0.3000&quot;}}],&quot;minimum&quot;:{&quot;value&quot;:&quot;49.00&quot;,&quot;currency&quot;:&quot;BRL&quot;},&quot;maximum&quot;:{&quot;value&quot;:&quot;90.00&quot;,&quot;currency&quot;:&quot;BRL&quot;}}]},&quot;interestRates&quot;:[{&quot;referentialRateIndexer&quot;:&quot;OUTRAS_TAXAS_POS_FIXADAS&quot;,&quot;rate&quot;:&quot;0.15&quot;,&quot;applications&quot;:[{&quot;interval&quot;:&quot;1_FAIXA&quot;,&quot;indexer&quot;:{&quot;rate&quot;:&quot;0.0150&quot;},&quot;customers&quot;:{&quot;rate&quot;:&quot;0.1500&quot;}},{&quot;interval&quot;:&quot;2_FAIXA&quot;,&quot;indexer&quot;:{&quot;rate&quot;:&quot;0.2240&quot;},&quot;customers&quot;:{&quot;rate&quot;:&quot;0.3500&quot;}},{&quot;interval&quot;:&quot;3_FAIXA&quot;,&quot;indexer&quot;:{&quot;rate&quot;:&quot;0.3090&quot;},&quot;customers&quot;:{&quot;rate&quot;:&quot;0.2000&quot;}},{&quot;interval&quot;:&quot;4_FAIXA&quot;,&quot;indexer&quot;:{&quot;rate&quot;:&quot;0.6223&quot;},&quot;customers&quot;:{&quot;rate&quot;:&quot;0.3000&quot;}}],&quot;minimumRate&quot;:&quot;0.0100&quot;,&quot;maximumRate&quot;:&quot;0.7100&quot;}],&quot;requiredWarranties&quot;:[&quot;NAO_APLICAVEL&quot;],&quot;termsConditions&quot;:&quot;https://empresaa1.com/personal_loans&quot;},{&quot;type&quot;:&quot;EMPRESTIMO_CAPITAL_GIRO_PRAZO_VENCIMENTO_SUPERIOR_365_DIAS&quot;,&quot;fees&quot;:{&quot;services&quot;:null},&quot;interestRates&quot;:[{&quot;referentialRateIndexer&quot;:&quot;OUTRAS_TAXAS_POS_FIXADAS&quot;,&quot;rate&quot;:&quot;0.09&quot;,&quot;applications&quot;:[{&quot;interval&quot;:&quot;1_FAIXA&quot;,&quot;indexer&quot;:{&quot;rate&quot;:&quot;0.0987&quot;},&quot;customers&quot;:{&quot;rate&quot;:&quot;0.1500&quot;}},{&quot;interval&quot;:&quot;2_FAIXA&quot;,&quot;indexer&quot;:{&quot;rate&quot;:&quot;0.1600&quot;},&quot;customers&quot;:{&quot;rate&quot;:&quot;0.3500&quot;}},{&quot;interval&quot;:&quot;3_FAIXA&quot;,&quot;indexer&quot;:{&quot;rate&quot;:&quot;0.3600&quot;},&quot;customers&quot;:{&quot;rate&quot;:&quot;0.2000&quot;}},{&quot;interval&quot;:&quot;4_FAIXA&quot;,&quot;indexer&quot;:{&quot;rate&quot;:&quot;0.5890&quot;},&quot;customers&quot;:{&quot;rate&quot;:&quot;0.3000&quot;}}],&quot;minimumRate&quot;:&quot;0.0889&quot;,&quot;maximumRate&quot;:&quot;0.6865&quot;}],&quot;requiredWarranties&quot;:[&quot;NAO_APLICAVEL&quot;],&quot;termsConditions&quot;:&quot;https://empresaa1.com/personal_loans&quot;},{&quot;type&quot;:&quot;EMPRESTIMO_CAPITAL_GIRO_ROTATIVO&quot;,&quot;fees&quot;:{&quot;services&quot;:[{&quot;name&quot;:&quot;Renovação&quot;,&quot;code&quot;:&quot;NA&quot;,&quot;chargingTriggerInfo&quot;:&quot;(mín. R$ 100 máx. R$ 1.100,00), tarifa 3% do Contrato&quot;,&quot;prices&quot;:[{&quot;interval&quot;:&quot;1_FAIXA&quot;,&quot;value&quot;:&quot;1000.00&quot;,&quot;currency&quot;:&quot;BRL&quot;,&quot;customers&quot;:{&quot;rate&quot;:&quot;0.1500&quot;}},{&quot;interval&quot;:&quot;2_FAIXA&quot;,&quot;value&quot;:&quot;3800.00&quot;,&quot;currency&quot;:&quot;BRL&quot;,&quot;customers&quot;:{&quot;rate&quot;:&quot;0.3500&quot;}},{&quot;interval&quot;:&quot;3_FAIXA&quot;,&quot;value&quot;:&quot;5072.00&quot;,&quot;currency&quot;:&quot;BRL&quot;,&quot;customers&quot;:{&quot;rate&quot;:&quot;0.2000&quot;}},{&quot;interval&quot;:&quot;4_FAIXA&quot;,&quot;value&quot;:&quot;7826.00&quot;,&quot;currency&quot;:&quot;BRL&quot;,&quot;customers&quot;:{&quot;rate&quot;:&quot;0.3000&quot;}}],&quot;minimum&quot;:{&quot;value&quot;:&quot;610.00&quot;,&quot;currency&quot;:&quot;BRL&quot;},&quot;maximum&quot;:{&quot;value&quot;:&quot;8580.00&quot;,&quot;currency&quot;:&quot;BRL&quot;}}]},&quot;interestRates&quot;:[{&quot;referentialRateIndexer&quot;:&quot;OUTRAS_TAXAS_POS_FIXADAS&quot;,&quot;rate&quot;:&quot;0.18&quot;,&quot;applications&quot;:[{&quot;interval&quot;:&quot;1_FAIXA&quot;,&quot;indexer&quot;:{&quot;rate&quot;:&quot;0.0987&quot;},&quot;customers&quot;:{&quot;rate&quot;:&quot;0.1500&quot;}},{&quot;interval&quot;:&quot;2_FAIXA&quot;,&quot;indexer&quot;:{&quot;rate&quot;:&quot;0.1600&quot;},&quot;customers&quot;:{&quot;rate&quot;:&quot;0.3500&quot;}},{&quot;interval&quot;:&quot;3_FAIXA&quot;,&quot;indexer&quot;:{&quot;rate&quot;:&quot;0.3600&quot;},&quot;customers&quot;:{&quot;rate&quot;:&quot;0.2000&quot;}},{&quot;interval&quot;:&quot;4_FAIXA&quot;,&quot;indexer&quot;:{&quot;rate&quot;:&quot;0.7680&quot;},&quot;customers&quot;:{&quot;rate&quot;:&quot;0.3000&quot;}}],&quot;minimumRate&quot;:&quot;0.0456&quot;,&quot;maximumRate&quot;:&quot;0.8100&quot;}],&quot;requiredWarranties&quot;:[&quot;NAO_APLICAVEL&quot;],&quot;termsConditions&quot;:&quot;https://empresaa1.com/personal_loans&quot;}]}]},&quot;links&quot;:{&quot;self&quot;:&quot;http://10.120.192.16/open-banking/products-services/v1/business-loans?page=1&amp;page-size=25&quot;,&quot;first&quot;:null,&quot;prev&quot;:null,&quot;next&quot;:null,&quot;last&quot;:null},&quot;meta&quot;:{&quot;totalRecords&quot;:6,&quot;totalPages&quot;:1}}&#10;" type="java.lang.AssertionError"><![CDATA[java.lang.AssertionError: 
1 expectation failed.
Response body doesn't match expectation.
Expected: The content to match the given JSON schema.
error: object has missing required properties (["brand"])
    level: "error"
    schema: {"loadingURI":"#","pointer":"/properties/data"}
    instance: {"pointer":"/data"}
    domain: "validation"
    keyword: "required"
    required: ["brand"]
    missing: ["brand"]

  Actual: {"data":{"name":"REALIZE CFI S.A.","companies":[{"name":"REALIZE CRÉDITO, FINANCIAMENTO E INVESTIMENTO S.A.","cnpjNumber":"27351731","businessLoans":[{"type":"EMPRESTIMO_MICROCREDITO_PRODUTIVO_ORIENTADO","fees":{"services":[{"name":"Taxa de Abertura de Crédito - Microcrédito Produtivo Orientado","code":"NA","chargingTriggerInfo":"3% do valor do contrato","prices":[{"interval":"1_FAIXA","value":"2000.00","currency":"BRL","customers":{"rate":"0.1500"}},{"interval":"2_FAIXA","value":"3200.00","currency":"BRL","customers":{"rate":"0.3500"}},{"interval":"3_FAIXA","value":"5072.00","currency":"BRL","customers":{"rate":"0.2000"}},{"interval":"4_FAIXA","value":"7006.00","currency":"BRL","customers":{"rate":"0.3000"}}],"minimum":{"value":"1350.00","currency":"BRL"},"maximum":{"value":"8800.00","currency":"BRL"}}]},"interestRates":[{"referentialRateIndexer":"POS_FIXADO_TR_TBF","rate":"0.15","applications":[{"interval":"1_FAIXA","indexer":{"rate":"0.0987"},"customers":{"rate":"0.1500"}},{"interval":"2_FAIXA","indexer":{"rate":"0.1600"},"customers":{"rate":"0.3500"}},{"interval":"3_FAIXA","indexer":{"rate":"0.3600"},"customers":{"rate":"0.2000"}},{"interval":"4_FAIXA","indexer":{"rate":"0.5890"},"customers":{"rate":"0.3000"}}],"minimumRate":"0.0889","maximumRate":"0.6865"}],"requiredWarranties":["OUTRAS_GARANTIAS_NAO_FIDEJUSSORIAS"],"termsConditions":"https://empresaa1.com/personal_loans"},{"type":"EMPRESTIMO_CHEQUE_ESPECIAL","fees":{"services":[{"name":"Cheque Especial","code":"NA","chargingTriggerInfo":"0,25% sobre o excente do limite acima de R$500,00","prices":[{"interval":"1_FAIXA","value":"2000.00","currency":"BRL","customers":{"rate":"0.1500"}},{"interval":"2_FAIXA","value":"3200.00","currency":"BRL","customers":{"rate":"0.3500"}},{"interval":"3_FAIXA","value":"5072.00","currency":"BRL","customers":{"rate":"0.2000"}},{"interval":"4_FAIXA","value":"6006.00","currency":"BRL","customers":{"rate":"0.3000"}}],"minimum":{"value":"1300.00","currency":"BRL"},"maximum":{"value":"6800.00","currency":"BRL"}}]},"interestRates":[{"referentialRateIndexer":"POS_FIXADO_TR_TBF","rate":"0.10","applications":[{"interval":"1_FAIXA","indexer":{"rate":"0.0987"},"customers":{"rate":"0.1500"}},{"interval":"2_FAIXA","indexer":{"rate":"0.1600"},"customers":{"rate":"0.3500"}},{"interval":"3_FAIXA","indexer":{"rate":"0.3600"},"customers":{"rate":"0.2000"}},{"interval":"4_FAIXA","indexer":{"rate":"0.7680"},"customers":{"rate":"0.3000"}}],"minimumRate":"0.0889","maximumRate":"0.6865"}],"requiredWarranties":["GARANTIA_FIDEJUSSORIA"],"termsConditions":"https://empresaa1.com/personal_loans"},{"type":"EMPRESTIMO_CONTA_GARANTIDA","fees":{"services":[{"name":"Descoberto em C/C, Conta garantida","code":"NA","chargingTriggerInfo":"Tarifa R$63,00","prices":[{"interval":"1_FAIXA","value":"1500.00","currency":"BRL","customers":{"rate":"0.1500"}},{"interval":"2_FAIXA","value":"3800.00","currency":"BRL","customers":{"rate":"0.3500"}},{"interval":"3_FAIXA","value":"4090.00","currency":"BRL","customers":{"rate":"0.2000"}},{"interval":"4_FAIXA","value":"7786.00","currency":"BRL","customers":{"rate":"0.3000"}}],"minimum":{"value":"830.00","currency":"BRL"},"maximum":{"value":"8800.00","currency":"BRL"}}]},"interestRates":[{"referentialRateIndexer":"POS_FIXADO_TR_TBF","rate":"0.10","applications":[{"interval":"1_FAIXA","indexer":{"rate":"0.0987"},"customers":{"rate":"0.1500"}},{"interval":"2_FAIXA","indexer":{"rate":"0.3600"},"customers":{"rate":"0.3500"}},{"interval":"3_FAIXA","indexer":{"rate":"0.3600"},"customers":{"rate":"0.2000"}},{"interval":"4_FAIXA","indexer":{"rate":"0.7680"},"customers":{"rate":"0.3000"}}],"minimumRate":"0.0889","maximumRate":"0.6865"}],"requiredWarranties":["GARANTIA_FIDEJUSSORIA"],"termsConditions":"https://empresaa1.com/personal_loans"},{"type":"EMPRESTIMO_CAPITAL_GIRO_PRAZO_VENCIMENTO_ATE_365_DIAS","fees":{"services":[{"name":"Contratação","code":"NA","chargingTriggerInfo":"(mín. R$ 100,00 máx. R$ 3.000), tarifa 3% do Contrato","prices":[{"interval":"1_FAIXA","value":"1700.00","currency":"BRL","customers":{"rate":"0.1500"}},{"interval":"2_FAIXA","value":"2200.00","currency":"BRL","customers":{"rate":"0.3500"}},{"interval":"3_FAIXA","value":"4030.00","currency":"BRL","customers":{"rate":"0.2000"}},{"interval":"4_FAIXA","value":"5030.00","currency":"BRL","customers":{"rate":"0.3000"}}],"minimum":{"value":"770.00","currency":"BRL"},"maximum":{"value":"5800.00","currency":"BRL"}},{"name":"Alteração Contratual","code":"NA","chargingTriggerInfo":"(mín. R$ 100,00 máx. R$ 3.000), tarifa 3% do Contrato","prices":[{"interval":"1_FAIXA","value":"55.40","currency":"BRL","customers":{"rate":"0.1500"}},{"interval":"2_FAIXA","value":"62.00","currency":"BRL","customers":{"rate":"0.3500"}},{"interval":"3_FAIXA","value":"75.00","currency":"BRL","customers":{"rate":"0.2000"}},{"interval":"4_FAIXA","value":"86.00","currency":"BRL","customers":{"rate":"0.3000"}}],"minimum":{"value":"49.00","currency":"BRL"},"maximum":{"value":"90.00","currency":"BRL"}}]},"interestRates":[{"referentialRateIndexer":"OUTRAS_TAXAS_POS_FIXADAS","rate":"0.15","applications":[{"interval":"1_FAIXA","indexer":{"rate":"0.0150"},"customers":{"rate":"0.1500"}},{"interval":"2_FAIXA","indexer":{"rate":"0.2240"},"customers":{"rate":"0.3500"}},{"interval":"3_FAIXA","indexer":{"rate":"0.3090"},"customers":{"rate":"0.2000"}},{"interval":"4_FAIXA","indexer":{"rate":"0.6223"},"customers":{"rate":"0.3000"}}],"minimumRate":"0.0100","maximumRate":"0.7100"}],"requiredWarranties":["NAO_APLICAVEL"],"termsConditions":"https://empresaa1.com/personal_loans"},{"type":"EMPRESTIMO_CAPITAL_GIRO_PRAZO_VENCIMENTO_SUPERIOR_365_DIAS","fees":{"services":null},"interestRates":[{"referentialRateIndexer":"OUTRAS_TAXAS_POS_FIXADAS","rate":"0.09","applications":[{"interval":"1_FAIXA","indexer":{"rate":"0.0987"},"customers":{"rate":"0.1500"}},{"interval":"2_FAIXA","indexer":{"rate":"0.1600"},"customers":{"rate":"0.3500"}},{"interval":"3_FAIXA","indexer":{"rate":"0.3600"},"customers":{"rate":"0.2000"}},{"interval":"4_FAIXA","indexer":{"rate":"0.5890"},"customers":{"rate":"0.3000"}}],"minimumRate":"0.0889","maximumRate":"0.6865"}],"requiredWarranties":["NAO_APLICAVEL"],"termsConditions":"https://empresaa1.com/personal_loans"},{"type":"EMPRESTIMO_CAPITAL_GIRO_ROTATIVO","fees":{"services":[{"name":"Renovação","code":"NA","chargingTriggerInfo":"(mín. R$ 100 máx. R$ 1.100,00), tarifa 3% do Contrato","prices":[{"interval":"1_FAIXA","value":"1000.00","currency":"BRL","customers":{"rate":"0.1500"}},{"interval":"2_FAIXA","value":"3800.00","currency":"BRL","customers":{"rate":"0.3500"}},{"interval":"3_FAIXA","value":"5072.00","currency":"BRL","customers":{"rate":"0.2000"}},{"interval":"4_FAIXA","value":"7826.00","currency":"BRL","customers":{"rate":"0.3000"}}],"minimum":{"value":"610.00","currency":"BRL"},"maximum":{"value":"8580.00","currency":"BRL"}}]},"interestRates":[{"referentialRateIndexer":"OUTRAS_TAXAS_POS_FIXADAS","rate":"0.18","applications":[{"interval":"1_FAIXA","indexer":{"rate":"0.0987"},"customers":{"rate":"0.1500"}},{"interval":"2_FAIXA","indexer":{"rate":"0.1600"},"customers":{"rate":"0.3500"}},{"interval":"3_FAIXA","indexer":{"rate":"0.3600"},"customers":{"rate":"0.2000"}},{"interval":"4_FAIXA","indexer":{"rate":"0.7680"},"customers":{"rate":"0.3000"}}],"minimumRate":"0.0456","maximumRate":"0.8100"}],"requiredWarranties":["NAO_APLICAVEL"],"termsConditions":"https://empresaa1.com/personal_loans"}]}]},"links":{"self":"http://10.120.192.16/open-banking/products-services/v1/business-loans?page=1&page-size=25","first":null,"prev":null,"next":null,"last":null},"meta":{"totalRecords":6,"totalPages":1}}

	at br.com.realize.tests.fase01.ProdutosServicos.EmprestimoPessoaJuridica.tests.GetEmprestimoPessoaJuridicaTest.testGarantirEmprestimoPessoaJuridica(GetEmprestimoPessoaJuridicaTest.java:63)
]]></failure>
    <system-out><![CDATA[Request method:	GET
Request URI:	http://10.120.192.16/open-banking/products-services/v1/business-loans?page=1&page-size=25
Proxy:			<none>
Request params:	<none>
Query params:	page=1
				page-size=25
Form params:	<none>
Path params:	<none>
Headers:		Accept=*/*
				Content-Type=application/json; charset=UTF-8
Cookies:		<none>
Multiparts:		<none>
Body:			<none>

HTTP/1.1 200 OK
Date: Thu, 24 Jun 2021 01:51:49 GMT
Content-Type: application/json
Transfer-Encoding: chunked
Connection: keep-alive
Content-Encoding: gzip

{
    "data": {
        "name": "REALIZE CFI S.A.",
        "companies": [
            {
                "name": "REALIZE CRÉDITO, FINANCIAMENTO E INVESTIMENTO S.A.",
                "cnpjNumber": "27351731",
                "businessLoans": [
                    {
                        "type": "EMPRESTIMO_MICROCREDITO_PRODUTIVO_ORIENTADO",
                        "fees": {
                            "services": [
                                {
                                    "name": "Taxa de Abertura de Crédito - Microcrédito Produtivo Orientado",
                                    "code": "NA",
                                    "chargingTriggerInfo": "3% do valor do contrato",
                                    "prices": [
                                        {
                                            "interval": "1_FAIXA",
                                            "value": "2000.00",
                                            "currency": "BRL",
                                            "customers": {
                                                "rate": "0.1500"
                                            }
                                        },
                                        {
                                            "interval": "2_FAIXA",
                                            "value": "3200.00",
                                            "currency": "BRL",
                                            "customers": {
                                                "rate": "0.3500"
                                            }
                                        },
                                        {
                                            "interval": "3_FAIXA",
                                            "value": "5072.00",
                                            "currency": "BRL",
                                            "customers": {
                                                "rate": "0.2000"
                                            }
                                        },
                                        {
                                            "interval": "4_FAIXA",
                                            "value": "7006.00",
                                            "currency": "BRL",
                                            "customers": {
                                                "rate": "0.3000"
                                            }
                                        }
                                    ],
                                    "minimum": {
                                        "value": "1350.00",
                                        "currency": "BRL"
                                    },
                                    "maximum": {
                                        "value": "8800.00",
                                        "currency": "BRL"
                                    }
                                }
                            ]
                        },
                        "interestRates": [
                            {
                                "referentialRateIndexer": "POS_FIXADO_TR_TBF",
                                "rate": "0.15",
                                "applications": [
                                    {
                                        "interval": "1_FAIXA",
                                        "indexer": {
                                            "rate": "0.0987"
                                        },
                                        "customers": {
                                            "rate": "0.1500"
                                        }
                                    },
                                    {
                                        "interval": "2_FAIXA",
                                        "indexer": {
                                            "rate": "0.1600"
                                        },
                                        "customers": {
                                            "rate": "0.3500"
                                        }
                                    },
                                    {
                                        "interval": "3_FAIXA",
                                        "indexer": {
                                            "rate": "0.3600"
                                        },
                                        "customers": {
                                            "rate": "0.2000"
                                        }
                                    },
                                    {
                                        "interval": "4_FAIXA",
                                        "indexer": {
                                            "rate": "0.5890"
                                        },
                                        "customers": {
                                            "rate": "0.3000"
                                        }
                                    }
                                ],
                                "minimumRate": "0.0889",
                                "maximumRate": "0.6865"
                            }
                        ],
                        "requiredWarranties": [
                            "OUTRAS_GARANTIAS_NAO_FIDEJUSSORIAS"
                        ],
                        "termsConditions": "https://empresaa1.com/personal_loans"
                    },
                    {
                        "type": "EMPRESTIMO_CHEQUE_ESPECIAL",
                        "fees": {
                            "services": [
                                {
                                    "name": "Cheque Especial",
                                    "code": "NA",
                                    "chargingTriggerInfo": "0,25% sobre o excente do limite acima de R$500,00",
                                    "prices": [
                                        {
                                            "interval": "1_FAIXA",
                                            "value": "2000.00",
                                            "currency": "BRL",
                                            "customers": {
                                                "rate": "0.1500"
                                            }
                                        },
                                        {
                                            "interval": "2_FAIXA",
                                            "value": "3200.00",
                                            "currency": "BRL",
                                            "customers": {
                                                "rate": "0.3500"
                                            }
                                        },
                                        {
                                            "interval": "3_FAIXA",
                                            "value": "5072.00",
                                            "currency": "BRL",
                                            "customers": {
                                                "rate": "0.2000"
                                            }
                                        },
                                        {
                                            "interval": "4_FAIXA",
                                            "value": "6006.00",
                                            "currency": "BRL",
                                            "customers": {
                                                "rate": "0.3000"
                                            }
                                        }
                                    ],
                                    "minimum": {
                                        "value": "1300.00",
                                        "currency": "BRL"
                                    },
                                    "maximum": {
                                        "value": "6800.00",
                                        "currency": "BRL"
                                    }
                                }
                            ]
                        },
                        "interestRates": [
                            {
                                "referentialRateIndexer": "POS_FIXADO_TR_TBF",
                                "rate": "0.10",
                                "applications": [
                                    {
                                        "interval": "1_FAIXA",
                                        "indexer": {
                                            "rate": "0.0987"
                                        },
                                        "customers": {
                                            "rate": "0.1500"
                                        }
                                    },
                                    {
                                        "interval": "2_FAIXA",
                                        "indexer": {
                                            "rate": "0.1600"
                                        },
                                        "customers": {
                                            "rate": "0.3500"
                                        }
                                    },
                                    {
                                        "interval": "3_FAIXA",
                                        "indexer": {
                                            "rate": "0.3600"
                                        },
                                        "customers": {
                                            "rate": "0.2000"
                                        }
                                    },
                                    {
                                        "interval": "4_FAIXA",
                                        "indexer": {
                                            "rate": "0.7680"
                                        },
                                        "customers": {
                                            "rate": "0.3000"
                                        }
                                    }
                                ],
                                "minimumRate": "0.0889",
                                "maximumRate": "0.6865"
                            }
                        ],
                        "requiredWarranties": [
                            "GARANTIA_FIDEJUSSORIA"
                        ],
                        "termsConditions": "https://empresaa1.com/personal_loans"
                    },
                    {
                        "type": "EMPRESTIMO_CONTA_GARANTIDA",
                        "fees": {
                            "services": [
                                {
                                    "name": "Descoberto em C/C, Conta garantida",
                                    "code": "NA",
                                    "chargingTriggerInfo": "Tarifa R$63,00",
                                    "prices": [
                                        {
                                            "interval": "1_FAIXA",
                                            "value": "1500.00",
                                            "currency": "BRL",
                                            "customers": {
                                                "rate": "0.1500"
                                            }
                                        },
                                        {
                                            "interval": "2_FAIXA",
                                            "value": "3800.00",
                                            "currency": "BRL",
                                            "customers": {
                                                "rate": "0.3500"
                                            }
                                        },
                                        {
                                            "interval": "3_FAIXA",
                                            "value": "4090.00",
                                            "currency": "BRL",
                                            "customers": {
                                                "rate": "0.2000"
                                            }
                                        },
                                        {
                                            "interval": "4_FAIXA",
                                            "value": "7786.00",
                                            "currency": "BRL",
                                            "customers": {
                                                "rate": "0.3000"
                                            }
                                        }
                                    ],
                                    "minimum": {
                                        "value": "830.00",
                                        "currency": "BRL"
                                    },
                                    "maximum": {
                                        "value": "8800.00",
                                        "currency": "BRL"
                                    }
                                }
                            ]
                        },
                        "interestRates": [
                            {
                                "referentialRateIndexer": "POS_FIXADO_TR_TBF",
                                "rate": "0.10",
                                "applications": [
                                    {
                                        "interval": "1_FAIXA",
                                        "indexer": {
                                            "rate": "0.0987"
                                        },
                                        "customers": {
                                            "rate": "0.1500"
                                        }
                                    },
                                    {
                                        "interval": "2_FAIXA",
                                        "indexer": {
                                            "rate": "0.3600"
                                        },
                                        "customers": {
                                            "rate": "0.3500"
                                        }
                                    },
                                    {
                                        "interval": "3_FAIXA",
                                        "indexer": {
                                            "rate": "0.3600"
                                        },
                                        "customers": {
                                            "rate": "0.2000"
                                        }
                                    },
                                    {
                                        "interval": "4_FAIXA",
                                        "indexer": {
                                            "rate": "0.7680"
                                        },
                                        "customers": {
                                            "rate": "0.3000"
                                        }
                                    }
                                ],
                                "minimumRate": "0.0889",
                                "maximumRate": "0.6865"
                            }
                        ],
                        "requiredWarranties": [
                            "GARANTIA_FIDEJUSSORIA"
                        ],
                        "termsConditions": "https://empresaa1.com/personal_loans"
                    },
                    {
                        "type": "EMPRESTIMO_CAPITAL_GIRO_PRAZO_VENCIMENTO_ATE_365_DIAS",
                        "fees": {
                            "services": [
                                {
                                    "name": "Contratação",
                                    "code": "NA",
                                    "chargingTriggerInfo": "(mín. R$ 100,00 máx. R$ 3.000), tarifa 3% do Contrato",
                                    "prices": [
                                        {
                                            "interval": "1_FAIXA",
                                            "value": "1700.00",
                                            "currency": "BRL",
                                            "customers": {
                                                "rate": "0.1500"
                                            }
                                        },
                                        {
                                            "interval": "2_FAIXA",
                                            "value": "2200.00",
                                            "currency": "BRL",
                                            "customers": {
                                                "rate": "0.3500"
                                            }
                                        },
                                        {
                                            "interval": "3_FAIXA",
                                            "value": "4030.00",
                                            "currency": "BRL",
                                            "customers": {
                                                "rate": "0.2000"
                                            }
                                        },
                                        {
                                            "interval": "4_FAIXA",
                                            "value": "5030.00",
                                            "currency": "BRL",
                                            "customers": {
                                                "rate": "0.3000"
                                            }
                                        }
                                    ],
                                    "minimum": {
                                        "value": "770.00",
                                        "currency": "BRL"
                                    },
                                    "maximum": {
                                        "value": "5800.00",
                                        "currency": "BRL"
                                    }
                                },
                                {
                                    "name": "Alteração Contratual",
                                    "code": "NA",
                                    "chargingTriggerInfo": "(mín. R$ 100,00 máx. R$ 3.000), tarifa 3% do Contrato",
                                    "prices": [
                                        {
                                            "interval": "1_FAIXA",
                                            "value": "55.40",
                                            "currency": "BRL",
                                            "customers": {
                                                "rate": "0.1500"
                                            }
                                        },
                                        {
                                            "interval": "2_FAIXA",
                                            "value": "62.00",
                                            "currency": "BRL",
                                            "customers": {
                                                "rate": "0.3500"
                                            }
                                        },
                                        {
                                            "interval": "3_FAIXA",
                                            "value": "75.00",
                                            "currency": "BRL",
                                            "customers": {
                                                "rate": "0.2000"
                                            }
                                        },
                                        {
                                            "interval": "4_FAIXA",
                                            "value": "86.00",
                                            "currency": "BRL",
                                            "customers": {
                                                "rate": "0.3000"
                                            }
                                        }
                                    ],
                                    "minimum": {
                                        "value": "49.00",
                                        "currency": "BRL"
                                    },
                                    "maximum": {
                                        "value": "90.00",
                                        "currency": "BRL"
                                    }
                                }
                            ]
                        },
                        "interestRates": [
                            {
                                "referentialRateIndexer": "OUTRAS_TAXAS_POS_FIXADAS",
                                "rate": "0.15",
                                "applications": [
                                    {
                                        "interval": "1_FAIXA",
                                        "indexer": {
                                            "rate": "0.0150"
                                        },
                                        "customers": {
                                            "rate": "0.1500"
                                        }
                                    },
                                    {
                                        "interval": "2_FAIXA",
                                        "indexer": {
                                            "rate": "0.2240"
                                        },
                                        "customers": {
                                            "rate": "0.3500"
                                        }
                                    },
                                    {
                                        "interval": "3_FAIXA",
                                        "indexer": {
                                            "rate": "0.3090"
                                        },
                                        "customers": {
                                            "rate": "0.2000"
                                        }
                                    },
                                    {
                                        "interval": "4_FAIXA",
                                        "indexer": {
                                            "rate": "0.6223"
                                        },
                                        "customers": {
                                            "rate": "0.3000"
                                        }
                                    }
                                ],
                                "minimumRate": "0.0100",
                                "maximumRate": "0.7100"
                            }
                        ],
                        "requiredWarranties": [
                            "NAO_APLICAVEL"
                        ],
                        "termsConditions": "https://empresaa1.com/personal_loans"
                    },
                    {
                        "type": "EMPRESTIMO_CAPITAL_GIRO_PRAZO_VENCIMENTO_SUPERIOR_365_DIAS",
                        "fees": {
                            "services": null
                        },
                        "interestRates": [
                            {
                                "referentialRateIndexer": "OUTRAS_TAXAS_POS_FIXADAS",
                                "rate": "0.09",
                                "applications": [
                                    {
                                        "interval": "1_FAIXA",
                                        "indexer": {
                                            "rate": "0.0987"
                                        },
                                        "customers": {
                                            "rate": "0.1500"
                                        }
                                    },
                                    {
                                        "interval": "2_FAIXA",
                                        "indexer": {
                                            "rate": "0.1600"
                                        },
                                        "customers": {
                                            "rate": "0.3500"
                                        }
                                    },
                                    {
                                        "interval": "3_FAIXA",
                                        "indexer": {
                                            "rate": "0.3600"
                                        },
                                        "customers": {
                                            "rate": "0.2000"
                                        }
                                    },
                                    {
                                        "interval": "4_FAIXA",
                                        "indexer": {
                                            "rate": "0.5890"
                                        },
                                        "customers": {
                                            "rate": "0.3000"
                                        }
                                    }
                                ],
                                "minimumRate": "0.0889",
                                "maximumRate": "0.6865"
                            }
                        ],
                        "requiredWarranties": [
                            "NAO_APLICAVEL"
                        ],
                        "termsConditions": "https://empresaa1.com/personal_loans"
                    },
                    {
                        "type": "EMPRESTIMO_CAPITAL_GIRO_ROTATIVO",
                        "fees": {
                            "services": [
                                {
                                    "name": "Renovação",
                                    "code": "NA",
                                    "chargingTriggerInfo": "(mín. R$ 100 máx. R$ 1.100,00), tarifa 3% do Contrato",
                                    "prices": [
                                        {
                                            "interval": "1_FAIXA",
                                            "value": "1000.00",
                                            "currency": "BRL",
                                            "customers": {
                                                "rate": "0.1500"
                                            }
                                        },
                                        {
                                            "interval": "2_FAIXA",
                                            "value": "3800.00",
                                            "currency": "BRL",
                                            "customers": {
                                                "rate": "0.3500"
                                            }
                                        },
                                        {
                                            "interval": "3_FAIXA",
                                            "value": "5072.00",
                                            "currency": "BRL",
                                            "customers": {
                                                "rate": "0.2000"
                                            }
                                        },
                                        {
                                            "interval": "4_FAIXA",
                                            "value": "7826.00",
                                            "currency": "BRL",
                                            "customers": {
                                                "rate": "0.3000"
                                            }
                                        }
                                    ],
                                    "minimum": {
                                        "value": "610.00",
                                        "currency": "BRL"
                                    },
                                    "maximum": {
                                        "value": "8580.00",
                                        "currency": "BRL"
                                    }
                                }
                            ]
                        },
                        "interestRates": [
                            {
                                "referentialRateIndexer": "OUTRAS_TAXAS_POS_FIXADAS",
                                "rate": "0.18",
                                "applications": [
                                    {
                                        "interval": "1_FAIXA",
                                        "indexer": {
                                            "rate": "0.0987"
                                        },
                                        "customers": {
                                            "rate": "0.1500"
                                        }
                                    },
                                    {
                                        "interval": "2_FAIXA",
                                        "indexer": {
                                            "rate": "0.1600"
                                        },
                                        "customers": {
                                            "rate": "0.3500"
                                        }
                                    },
                                    {
                                        "interval": "3_FAIXA",
                                        "indexer": {
                                            "rate": "0.3600"
                                        },
                                        "customers": {
                                            "rate": "0.2000"
                                        }
                                    },
                                    {
                                        "interval": "4_FAIXA",
                                        "indexer": {
                                            "rate": "0.7680"
                                        },
                                        "customers": {
                                            "rate": "0.3000"
                                        }
                                    }
                                ],
                                "minimumRate": "0.0456",
                                "maximumRate": "0.8100"
                            }
                        ],
                        "requiredWarranties": [
                            "NAO_APLICAVEL"
                        ],
                        "termsConditions": "https://empresaa1.com/personal_loans"
                    }
                ]
            }
        ]
    },
    "links": {
        "self": "http://10.120.192.16/open-banking/products-services/v1/business-loans?page=1&page-size=25",
        "first": null,
        "prev": null,
        "next": null,
        "last": null
    },
    "meta": {
        "totalRecords": 6,
        "totalPages": 1
    }
}
]]></system-out>
  </testcase>
  <testcase name="testNumeroPaginaInvalido" classname="br.com.realize.tests.fase01.ProdutosServicos.EmprestimoPessoaNatural.tests.GetEmprestimoPessoaNaturalTest" time="0"/>
  <testcase name="testTamanhoPaginaSuperior" classname="br.com.realize.tests.fase01.ProdutosServicos.EmprestimoPessoaNatural.tests.GetEmprestimoPessoaNaturalTest" time="0"/>
  <testcase name="testNumeroPaginaZero" classname="br.com.realize.tests.fase01.ProdutosServicos.EmprestimoPessoaNatural.tests.GetEmprestimoPessoaNaturalTest" time="0.073"/>
  <testcase name="testGarantirContratosEmprestimoPessoaNatural" classname="br.com.realize.tests.fase01.ProdutosServicos.EmprestimoPessoaNatural.tests.GetEmprestimoPessoaNaturalTest" time="0.155">
    <failure message="1 expectation failed.&#10;Response body doesn&apos;t match expectation.&#10;Expected: The content to match the given JSON schema.&#10;error: object has missing required properties ([&quot;brand&quot;])&#10;    level: &quot;error&quot;&#10;    schema: {&quot;loadingURI&quot;:&quot;#&quot;,&quot;pointer&quot;:&quot;/properties/data&quot;}&#10;    instance: {&quot;pointer&quot;:&quot;/data&quot;}&#10;    domain: &quot;validation&quot;&#10;    keyword: &quot;required&quot;&#10;    required: [&quot;brand&quot;]&#10;    missing: [&quot;brand&quot;]&#10;&#10;  Actual: {&quot;data&quot;:{&quot;name&quot;:&quot;REALIZE CFI S.A.&quot;,&quot;companies&quot;:[{&quot;name&quot;:&quot;REALIZE CRÉDITO, FINANCIAMENTO E INVESTIMENTO S.A.&quot;,&quot;cnpjNumber&quot;:&quot;27351731&quot;,&quot;personalLoans&quot;:[{&quot;type&quot;:&quot;EMPRESTIMO_CREDITO_PESSOAL_SEM_CONSIGNACAO&quot;,&quot;fees&quot;:{&quot;services&quot;:[{&quot;name&quot;:&quot;TARIFA DE RETIRADA PAÍS&quot;,&quot;code&quot;:&quot;TARRETPAIS&quot;,&quot;chargingTriggerInfo&quot;:&quot;NA&quot;,&quot;prices&quot;:[{&quot;interval&quot;:&quot;1_FAIXA&quot;,&quot;value&quot;:&quot;14.90&quot;,&quot;currency&quot;:&quot;BRL&quot;,&quot;customers&quot;:{&quot;rate&quot;:&quot;1.0000&quot;}},{&quot;interval&quot;:&quot;2_FAIXA&quot;,&quot;value&quot;:&quot;0.00&quot;,&quot;currency&quot;:&quot;BRL&quot;,&quot;customers&quot;:{&quot;rate&quot;:&quot;0.0000&quot;}},{&quot;interval&quot;:&quot;3_FAIXA&quot;,&quot;value&quot;:&quot;0.00&quot;,&quot;currency&quot;:&quot;BRL&quot;,&quot;customers&quot;:{&quot;rate&quot;:&quot;0.0000&quot;}},{&quot;interval&quot;:&quot;4_FAIXA&quot;,&quot;value&quot;:&quot;0.00&quot;,&quot;currency&quot;:&quot;BRL&quot;,&quot;customers&quot;:{&quot;rate&quot;:&quot;0.0000&quot;}}],&quot;minimum&quot;:{&quot;value&quot;:&quot;14.90&quot;,&quot;currency&quot;:&quot;BRL&quot;},&quot;maximum&quot;:{&quot;value&quot;:&quot;14.90&quot;,&quot;currency&quot;:&quot;BRL&quot;}}]},&quot;interestRates&quot;:[{&quot;referentialRateIndexer&quot;:&quot;POS_FIXADO_TR_TBF&quot;,&quot;rate&quot;:&quot;0.10&quot;,&quot;applications&quot;:[{&quot;interval&quot;:&quot;1_FAIXA&quot;,&quot;indexer&quot;:{&quot;rate&quot;:&quot;0.1500&quot;},&quot;customers&quot;:{&quot;rate&quot;:&quot;0.1500&quot;}},{&quot;interval&quot;:&quot;2_FAIXA&quot;,&quot;indexer&quot;:{&quot;rate&quot;:&quot;0.2000&quot;},&quot;customers&quot;:{&quot;rate&quot;:&quot;0.3500&quot;}},{&quot;interval&quot;:&quot;3_FAIXA&quot;,&quot;indexer&quot;:{&quot;rate&quot;:&quot;0.3500&quot;},&quot;customers&quot;:{&quot;rate&quot;:&quot;0.2000&quot;}},{&quot;interval&quot;:&quot;4_FAIXA&quot;,&quot;indexer&quot;:{&quot;rate&quot;:&quot;0.6800&quot;},&quot;customers&quot;:{&quot;rate&quot;:&quot;0.3000&quot;}}],&quot;minimumRate&quot;:&quot;0.1450&quot;,&quot;maximumRate&quot;:&quot;0.6900&quot;}],&quot;requiredWarranties&quot;:[&quot;HIPOTECA&quot;],&quot;termsConditions&quot;:&quot;https://empresaa1.com/personal_loans&quot;}]}]},&quot;links&quot;:{&quot;self&quot;:&quot;http://10.120.192.16/open-banking/products-services/v1/personal-loans?page=1&amp;page-size=25&quot;,&quot;first&quot;:null,&quot;prev&quot;:null,&quot;next&quot;:null,&quot;last&quot;:null},&quot;meta&quot;:{&quot;totalRecords&quot;:1,&quot;totalPages&quot;:1}}&#10;" type="java.lang.AssertionError"><![CDATA[java.lang.AssertionError: 
1 expectation failed.
Response body doesn't match expectation.
Expected: The content to match the given JSON schema.
error: object has missing required properties (["brand"])
    level: "error"
    schema: {"loadingURI":"#","pointer":"/properties/data"}
    instance: {"pointer":"/data"}
    domain: "validation"
    keyword: "required"
    required: ["brand"]
    missing: ["brand"]

  Actual: {"data":{"name":"REALIZE CFI S.A.","companies":[{"name":"REALIZE CRÉDITO, FINANCIAMENTO E INVESTIMENTO S.A.","cnpjNumber":"27351731","personalLoans":[{"type":"EMPRESTIMO_CREDITO_PESSOAL_SEM_CONSIGNACAO","fees":{"services":[{"name":"TARIFA DE RETIRADA PAÍS","code":"TARRETPAIS","chargingTriggerInfo":"NA","prices":[{"interval":"1_FAIXA","value":"14.90","currency":"BRL","customers":{"rate":"1.0000"}},{"interval":"2_FAIXA","value":"0.00","currency":"BRL","customers":{"rate":"0.0000"}},{"interval":"3_FAIXA","value":"0.00","currency":"BRL","customers":{"rate":"0.0000"}},{"interval":"4_FAIXA","value":"0.00","currency":"BRL","customers":{"rate":"0.0000"}}],"minimum":{"value":"14.90","currency":"BRL"},"maximum":{"value":"14.90","currency":"BRL"}}]},"interestRates":[{"referentialRateIndexer":"POS_FIXADO_TR_TBF","rate":"0.10","applications":[{"interval":"1_FAIXA","indexer":{"rate":"0.1500"},"customers":{"rate":"0.1500"}},{"interval":"2_FAIXA","indexer":{"rate":"0.2000"},"customers":{"rate":"0.3500"}},{"interval":"3_FAIXA","indexer":{"rate":"0.3500"},"customers":{"rate":"0.2000"}},{"interval":"4_FAIXA","indexer":{"rate":"0.6800"},"customers":{"rate":"0.3000"}}],"minimumRate":"0.1450","maximumRate":"0.6900"}],"requiredWarranties":["HIPOTECA"],"termsConditions":"https://empresaa1.com/personal_loans"}]}]},"links":{"self":"http://10.120.192.16/open-banking/products-services/v1/personal-loans?page=1&page-size=25","first":null,"prev":null,"next":null,"last":null},"meta":{"totalRecords":1,"totalPages":1}}

	at br.com.realize.tests.fase01.ProdutosServicos.EmprestimoPessoaNatural.tests.GetEmprestimoPessoaNaturalTest.testGarantirContratosEmprestimoPessoaNatural(GetEmprestimoPessoaNaturalTest.java:56)
]]></failure>
    <system-out><![CDATA[Request method:	GET
Request URI:	http://10.120.192.16/open-banking/products-services/v1/personal-loans?page=1&page-size=25
Proxy:			<none>
Request params:	<none>
Query params:	page=1
				page-size=25
Form params:	<none>
Path params:	<none>
Headers:		Accept=*/*
				Content-Type=application/json; charset=UTF-8
Cookies:		<none>
Multiparts:		<none>
Body:			<none>

HTTP/1.1 200 OK
Date: Thu, 24 Jun 2021 01:51:50 GMT
Content-Type: application/json
Transfer-Encoding: chunked
Connection: keep-alive
Content-Encoding: gzip

{
    "data": {
        "name": "REALIZE CFI S.A.",
        "companies": [
            {
                "name": "REALIZE CRÉDITO, FINANCIAMENTO E INVESTIMENTO S.A.",
                "cnpjNumber": "27351731",
                "personalLoans": [
                    {
                        "type": "EMPRESTIMO_CREDITO_PESSOAL_SEM_CONSIGNACAO",
                        "fees": {
                            "services": [
                                {
                                    "name": "TARIFA DE RETIRADA PAÍS",
                                    "code": "TARRETPAIS",
                                    "chargingTriggerInfo": "NA",
                                    "prices": [
                                        {
                                            "interval": "1_FAIXA",
                                            "value": "14.90",
                                            "currency": "BRL",
                                            "customers": {
                                                "rate": "1.0000"
                                            }
                                        },
                                        {
                                            "interval": "2_FAIXA",
                                            "value": "0.00",
                                            "currency": "BRL",
                                            "customers": {
                                                "rate": "0.0000"
                                            }
                                        },
                                        {
                                            "interval": "3_FAIXA",
                                            "value": "0.00",
                                            "currency": "BRL",
                                            "customers": {
                                                "rate": "0.0000"
                                            }
                                        },
                                        {
                                            "interval": "4_FAIXA",
                                            "value": "0.00",
                                            "currency": "BRL",
                                            "customers": {
                                                "rate": "0.0000"
                                            }
                                        }
                                    ],
                                    "minimum": {
                                        "value": "14.90",
                                        "currency": "BRL"
                                    },
                                    "maximum": {
                                        "value": "14.90",
                                        "currency": "BRL"
                                    }
                                }
                            ]
                        },
                        "interestRates": [
                            {
                                "referentialRateIndexer": "POS_FIXADO_TR_TBF",
                                "rate": "0.10",
                                "applications": [
                                    {
                                        "interval": "1_FAIXA",
                                        "indexer": {
                                            "rate": "0.1500"
                                        },
                                        "customers": {
                                            "rate": "0.1500"
                                        }
                                    },
                                    {
                                        "interval": "2_FAIXA",
                                        "indexer": {
                                            "rate": "0.2000"
                                        },
                                        "customers": {
                                            "rate": "0.3500"
                                        }
                                    },
                                    {
                                        "interval": "3_FAIXA",
                                        "indexer": {
                                            "rate": "0.3500"
                                        },
                                        "customers": {
                                            "rate": "0.2000"
                                        }
                                    },
                                    {
                                        "interval": "4_FAIXA",
                                        "indexer": {
                                            "rate": "0.6800"
                                        },
                                        "customers": {
                                            "rate": "0.3000"
                                        }
                                    }
                                ],
                                "minimumRate": "0.1450",
                                "maximumRate": "0.6900"
                            }
                        ],
                        "requiredWarranties": [
                            "HIPOTECA"
                        ],
                        "termsConditions": "https://empresaa1.com/personal_loans"
                    }
                ]
            }
        ]
    },
    "links": {
        "self": "http://10.120.192.16/open-banking/products-services/v1/personal-loans?page=1&page-size=25",
        "first": null,
        "prev": null,
        "next": null,
        "last": null
    },
    "meta": {
        "totalRecords": 1,
        "totalPages": 1
    }
}
]]></system-out>
  </testcase>
  <testcase name="testMetodoNaoSuportado" classname="br.com.realize.tests.fase01.ProdutosServicos.EmprestimoPessoaNatural.tests.GetEmprestimoPessoaNaturalTest" time="0.071"/>
  <testcase name="testPathInvalido" classname="br.com.realize.tests.fase01.ProdutosServicos.EmprestimoPessoaNatural.tests.GetEmprestimoPessoaNaturalTest" time="0.077"/>
  <testcase name="testTamanhoPaginaInvalido" classname="br.com.realize.tests.fase01.ProdutosServicos.EmprestimoPessoaNatural.tests.GetEmprestimoPessoaNaturalTest" time="0.076"/>
  <testcase name="testTamanhoPaginaInferiorDez" classname="br.com.realize.tests.fase01.ProdutosServicos.EmprestimoPessoaNatural.tests.GetEmprestimoPessoaNaturalTest" time="0.076"/>
  <testcase name="testTamanhoPaginaZero" classname="br.com.realize.tests.fase01.ProdutosServicos.EmprestimoPessoaNatural.tests.GetEmprestimoPessoaNaturalTest" time="1.091"/>
  <testcase name="testValidarEmprestimoPessoaNatural" classname="br.com.realize.tests.fase01.ProdutosServicos.EmprestimoPessoaNatural.tests.GetEmprestimoPessoaNaturalTest" time="0.136"/>
  <testcase name="testNumeroPaginaNaoLocalizado" classname="br.com.realize.tests.fase01.ProdutosServicos.EmprestimoPessoaNatural.tests.GetEmprestimoPessoaNaturalTest" time="0.08"/>
  <testcase name="testGarantirContratosConsultarIndisponibilidade" classname="br.com.realize.tests.fase01.API_ComunsInternas.BackofficeOutages.tests.GetBackoffideOutagesTest" time="0.078"/>
  <testcase name="testNumeroPaginaInvalido" classname="br.com.realize.tests.fase01.API_ComunsInternas.BackofficeOutages.tests.GetBackoffideOutagesTest" time="0.078"/>
  <testcase name="testIndisponibilidadeSemPeriodoInformado" classname="br.com.realize.tests.fase01.API_ComunsInternas.BackofficeOutages.tests.GetBackoffideOutagesTest" time="0.078"/>
  <testcase name="testTamanhoPaginaSuperior" classname="br.com.realize.tests.fase01.API_ComunsInternas.BackofficeOutages.tests.GetBackoffideOutagesTest" time="0.07"/>
  <testcase name="testIndisponibilidadeSomenteFimInformada" classname="br.com.realize.tests.fase01.API_ComunsInternas.BackofficeOutages.tests.GetBackoffideOutagesTest" time="0.081"/>
  <testcase name="testNumeroPaginaZero" classname="br.com.realize.tests.fase01.API_ComunsInternas.BackofficeOutages.tests.GetBackoffideOutagesTest" time="0.077"/>
  <testcase name="testIndisponibilidadeDataFinalInvalida" classname="br.com.realize.tests.fase01.API_ComunsInternas.BackofficeOutages.tests.GetBackoffideOutagesTest" time="0.103">
    <failure message="1 expectation failed.&#10;Expected status code &lt;400&gt; but was &lt;500&gt;.&#10;" type="java.lang.AssertionError"><![CDATA[java.lang.AssertionError: 
1 expectation failed.
Expected status code <400> but was <500>.

	at br.com.realize.tests.fase01.API_ComunsInternas.BackofficeOutages.tests.GetBackoffideOutagesTest.testIndisponibilidadeDataFinalInvalida(GetBackoffideOutagesTest.java:111)
]]></failure>
    <system-out><![CDATA[Request method:	GET
Request URI:	http://10.120.192.16/open-banking/backoffice/v1/outage?dateTo=2021-05-32&page=1&page-size=25
Proxy:			<none>
Request params:	<none>
Query params:	dateTo=2021-05-32
				page=1
				page-size=25
Form params:	<none>
Path params:	<none>
Headers:		Accept=*/*
				Content-Type=application/json; charset=UTF-8
Cookies:		<none>
Multiparts:		<none>
Body:			<none>
HTTP/1.1 500 Internal Server Error
Date: Thu, 24 Jun 2021 01:51:53 GMT
Content-Type: application/json
Transfer-Encoding: chunked
Connection: keep-alive
Content-Encoding: gzip

{
    "errors": [
        {
            "code": "500",
            "title": "Ocorreu um erro inesperado ao processar sua requisição.",
            "detail": "Failed to convert value of type 'java.lang.String' to required type 'java.util.Optional'; nested exception is org.springframework.core.convert.ConversionFailedException: Failed to convert from type [java.lang.String] to type [@org.springframework.web.bind.annotation.PathVariable @org.springframework.format.annotation.DateTimeFormat @org.springframework.web.bind.annotation.RequestParam java.time.LocalDate] for value '2021-05-32'; nested exception is java.lang.IllegalArgumentException: Parse attempt failed for value [2021-05-32]"
        }
    ]
}
HTTP/1.1 500 Internal Server Error
Date: Thu, 24 Jun 2021 01:51:53 GMT
Content-Type: application/json
Transfer-Encoding: chunked
Connection: keep-alive
Content-Encoding: gzip

{
    "errors": [
        {
            "code": "500",
            "title": "Ocorreu um erro inesperado ao processar sua requisição.",
            "detail": "Failed to convert value of type 'java.lang.String' to required type 'java.util.Optional'; nested exception is org.springframework.core.convert.ConversionFailedException: Failed to convert from type [java.lang.String] to type [@org.springframework.web.bind.annotation.PathVariable @org.springframework.format.annotation.DateTimeFormat @org.springframework.web.bind.annotation.RequestParam java.time.LocalDate] for value '2021-05-32'; nested exception is java.lang.IllegalArgumentException: Parse attempt failed for value [2021-05-32]"
        }
    ]
}
]]></system-out>
  </testcase>
  <testcase name="testIndisponibilidadeDataInicioMaiorDataFim" classname="br.com.realize.tests.fase01.API_ComunsInternas.BackofficeOutages.tests.GetBackoffideOutagesTest" time="0.054"/>
  <testcase name="testIndisponibilidadeDataInicioFimInformadas" classname="br.com.realize.tests.fase01.API_ComunsInternas.BackofficeOutages.tests.GetBackoffideOutagesTest" time="0.143"/>
  <testcase name="testMetodoNaoSuportado" classname="br.com.realize.tests.fase01.API_ComunsInternas.BackofficeOutages.tests.GetBackoffideOutagesTest" time="0.02">
    <failure message="1 expectation failed.&#10;Expected status code &lt;405&gt; but was &lt;500&gt;.&#10;" type="java.lang.AssertionError"><![CDATA[java.lang.AssertionError: 
1 expectation failed.
Expected status code <405> but was <500>.

	at br.com.realize.tests.fase01.API_ComunsInternas.BackofficeOutages.tests.GetBackoffideOutagesTest.testMetodoNaoSuportado(GetBackoffideOutagesTest.java:221)
]]></failure>
    <system-out><![CDATA[HTTP/1.1 500 Internal Server Error
Date: Thu, 24 Jun 2021 01:51:53 GMT
Content-Type: application/json
Transfer-Encoding: chunked
Connection: keep-alive
Content-Encoding: gzip

{
    "errors": [
        {
            "code": "500",
            "title": "Ocorreu um erro inesperado ao processar sua requisição.",
            "detail": "Required request body is missing: public org.springframework.http.ResponseEntity<br.com.realizecfi.bff.openbanking.backoffice.document.Outage> br.com.realizecfi.bff.openbanking.backoffice.web.BffOpenbankingBackofficeController.insertOutage(br.com.realizecfi.bff.openbanking.backoffice.dto.OutageRequestDTO) throws br.com.realizecfi.bff.openbanking.backoffice.exception.InvalidRequestParamException"
        }
    ]
}
Request method:	POST
Request URI:	http://10.120.192.16/open-banking/backoffice/v1/outage?page=1&page-size=25
Proxy:			<none>
Request params:	<none>
Query params:	page=1
				page-size=25
Form params:	<none>
Path params:	<none>
Headers:		Accept=*/*
				Content-Type=application/json; charset=UTF-8
Cookies:		<none>
Multiparts:		<none>
Body:			<none>

HTTP/1.1 500 Internal Server Error
Date: Thu, 24 Jun 2021 01:51:53 GMT
Content-Type: application/json
Transfer-Encoding: chunked
Connection: keep-alive
Content-Encoding: gzip

{
    "errors": [
        {
            "code": "500",
            "title": "Ocorreu um erro inesperado ao processar sua requisição.",
            "detail": "Required request body is missing: public org.springframework.http.ResponseEntity<br.com.realizecfi.bff.openbanking.backoffice.document.Outage> br.com.realizecfi.bff.openbanking.backoffice.web.BffOpenbankingBackofficeController.insertOutage(br.com.realizecfi.bff.openbanking.backoffice.dto.OutageRequestDTO) throws br.com.realizecfi.bff.openbanking.backoffice.exception.InvalidRequestParamException"
        }
    ]
}
]]></system-out>
  </testcase>
  <testcase name="testPathInvalido" classname="br.com.realize.tests.fase01.API_ComunsInternas.BackofficeOutages.tests.GetBackoffideOutagesTest" time="0.051"/>
  <testcase name="testTamanhoPaginaInvalido" classname="br.com.realize.tests.fase01.API_ComunsInternas.BackofficeOutages.tests.GetBackoffideOutagesTest" time="0.075"/>
  <testcase name="testTamanhoPaginaZero" classname="br.com.realize.tests.fase01.API_ComunsInternas.BackofficeOutages.tests.GetBackoffideOutagesTest" time="0.076"/>
  <testcase name="testNumeroPaginaNaoLocalizado" classname="br.com.realize.tests.fase01.API_ComunsInternas.BackofficeOutages.tests.GetBackoffideOutagesTest" time="0.097">
    <failure message="1 expectation failed.&#10;Expected status code &lt;404&gt; but was &lt;200&gt;.&#10;" type="java.lang.AssertionError"><![CDATA[java.lang.AssertionError: 
1 expectation failed.
Expected status code <404> but was <200>.

	at br.com.realize.tests.fase01.API_ComunsInternas.BackofficeOutages.tests.GetBackoffideOutagesTest.testNumeroPaginaNaoLocalizado(GetBackoffideOutagesTest.java:137)
]]></failure>
    <system-out><![CDATA[HTTP/1.1 200 OK
Date: Thu, 24 Jun 2021 01:51:53 GMT
Content-Type: application/json
Transfer-Encoding: chunked
Connection: keep-alive
Content-Encoding: gzip

{
    "data": {
        "outages": [
            
        ]
    },
    "links": {
        "self": "http://10.120.192.16/open-banking/backoffice/v1/outage?page=10&page-size=10",
        "first": "http://10.120.192.16/open-banking/backoffice/v1/outage?page=1&page-size=10",
        "prev": "http://10.120.192.16/open-banking/backoffice/v1/outage?page=9&page-size=10",
        "next": null,
        "last": null
    },
    "meta": {
        "totalRecords": 0,
        "totalPages": 0
    }
}
Request method:	GET
Request URI:	http://10.120.192.16/open-banking/backoffice/v1/outage?page=10&page-size=10
Proxy:			<none>
Request params:	<none>
Query params:	page=10
				page-size=10
Form params:	<none>
Path params:	<none>
Headers:		Accept=*/*
				Content-Type=application/json; charset=UTF-8
Cookies:		<none>
Multiparts:		<none>
Body:			<none>

HTTP/1.1 200 OK
Date: Thu, 24 Jun 2021 01:51:53 GMT
Content-Type: application/json
Transfer-Encoding: chunked
Connection: keep-alive
Content-Encoding: gzip

{
    "data": {
        "outages": [
            
        ]
    },
    "links": {
        "self": "http://10.120.192.16/open-banking/backoffice/v1/outage?page=10&page-size=10",
        "first": "http://10.120.192.16/open-banking/backoffice/v1/outage?page=1&page-size=10",
        "prev": "http://10.120.192.16/open-banking/backoffice/v1/outage?page=9&page-size=10",
        "next": null,
        "last": null
    },
    "meta": {
        "totalRecords": 0,
        "totalPages": 0
    }
}
]]></system-out>
  </testcase>
  <testcase name="testIndisponibilidadeSomenteDataInicioInformada" classname="br.com.realize.tests.fase01.API_ComunsInternas.BackofficeOutages.tests.GetBackoffideOutagesTest" time="0.053"/>
  <testcase name="testIndisponibilidadeDataInicialInvalida" classname="br.com.realize.tests.fase01.API_ComunsInternas.BackofficeOutages.tests.GetBackoffideOutagesTest" time="0.091">
    <failure message="1 expectation failed.&#10;Expected status code &lt;400&gt; but was &lt;500&gt;.&#10;" type="java.lang.AssertionError"><![CDATA[java.lang.AssertionError: 
1 expectation failed.
Expected status code <400> but was <500>.

	at br.com.realize.tests.fase01.API_ComunsInternas.BackofficeOutages.tests.GetBackoffideOutagesTest.testIndisponibilidadeDataInicialInvalida(GetBackoffideOutagesTest.java:97)
]]></failure>
    <system-out><![CDATA[Request method:	GET
Request URI:	http://10.120.192.16/open-banking/backoffice/v1/outage?dateFrom=2021-05-32&page=1&page-size=25
Proxy:			<none>
Request params:	<none>
Query params:	dateFrom=2021-05-32
				page=1
				page-size=25
Form params:	<none>
Path params:	<none>
Headers:		Accept=*/*
				Content-Type=application/json; charset=UTF-8
Cookies:		<none>
Multiparts:		<none>
Body:			<none>
HTTP/1.1 500 Internal Server Error
Date: Thu, 24 Jun 2021 01:51:53 GMT
Content-Type: application/json
Transfer-Encoding: chunked
Connection: keep-alive
Content-Encoding: gzip

{
    "errors": [
        {
            "code": "500",
            "title": "Ocorreu um erro inesperado ao processar sua requisição.",
            "detail": "Failed to convert value of type 'java.lang.String' to required type 'java.util.Optional'; nested exception is org.springframework.core.convert.ConversionFailedException: Failed to convert from type [java.lang.String] to type [@org.springframework.web.bind.annotation.PathVariable @org.springframework.format.annotation.DateTimeFormat @org.springframework.web.bind.annotation.RequestParam java.time.LocalDate] for value '2021-05-32'; nested exception is java.lang.IllegalArgumentException: Parse attempt failed for value [2021-05-32]"
        }
    ]
}
HTTP/1.1 500 Internal Server Error
Date: Thu, 24 Jun 2021 01:51:53 GMT
Content-Type: application/json
Transfer-Encoding: chunked
Connection: keep-alive
Content-Encoding: gzip

{
    "errors": [
        {
            "code": "500",
            "title": "Ocorreu um erro inesperado ao processar sua requisição.",
            "detail": "Failed to convert value of type 'java.lang.String' to required type 'java.util.Optional'; nested exception is org.springframework.core.convert.ConversionFailedException: Failed to convert from type [java.lang.String] to type [@org.springframework.web.bind.annotation.PathVariable @org.springframework.format.annotation.DateTimeFormat @org.springframework.web.bind.annotation.RequestParam java.time.LocalDate] for value '2021-05-32'; nested exception is java.lang.IllegalArgumentException: Parse attempt failed for value [2021-05-32]"
        }
    ]
}
]]></system-out>
  </testcase>
  <testcase name="testGarantirContratosAtendimentoEletronico" classname="br.com.realize.tests.fase01.API_ComunsInternas.BackofficeOutages.tests.PostBackoffideOutagesTest" time="0.129"/>
  <testcase name="testIncluirIndisponibilidade" classname="br.com.realize.tests.fase01.API_ComunsInternas.BackofficeOutages.tests.PostBackoffideOutagesTest" time="0.116"/>
  <testcase name="testPathInvalido" classname="br.com.realize.tests.fase01.API_ComunsInternas.BackofficeOutages.tests.PostBackoffideOutagesTest" time="0.087"/>
  <testcase name="testIncluirIndisponibilidadeDataInferiorAtual" classname="br.com.realize.tests.fase01.API_ComunsInternas.BackofficeOutages.tests.PostBackoffideOutagesTest" time="0.104">
    <failure message="1 expectation failed.&#10;Expected status code &lt;400&gt; but was &lt;200&gt;.&#10;" type="java.lang.AssertionError"><![CDATA[java.lang.AssertionError: 
1 expectation failed.
Expected status code <400> but was <200>.

	at br.com.realize.tests.fase01.API_ComunsInternas.BackofficeOutages.tests.PostBackoffideOutagesTest.testIncluirIndisponibilidadeDataInferiorAtual(PostBackoffideOutagesTest.java:50)
]]></failure>
    <system-out><![CDATA[HTTP/1.1 200 OK
Date: Thu, 24 Jun 2021 01:51:54 GMT
Content-Type: application/json
Transfer-Encoding: chunked
Connection: keep-alive
Content-Encoding: gzip

{
    "id": "60d3e53aa29afe4408299392",
    "outageTime": "2021-04-10T06:09:37Z",
    "duration": "P84DT2H",
    "explanation": "Mr. Peabody",
    "inclusitionTime": [
        2021,
        6,
        23,
        22,
        51,
        54,
        374229000
    ],
    "partial": false
}
Request method:	POST
Request URI:	http://10.120.192.16/open-banking/backoffice/v1/outage
Proxy:			<none>
Request params:	<none>
Query params:	<none>
Form params:	<none>
Path params:	<none>
Headers:		Accept=*/*
				Content-Type=application/json; charset=UTF-8
Cookies:		<none>
Multiparts:		<none>
Body:
{
    "duration": "P84DT2H",
    "explanation": "Mr. Peabody",
    "outageTime": "2021-04-10T06:09:37Z",
    "partial": true,
    "unavailableEndpoints": [
        "string"
    ],
    "isPartial": false
}

HTTP/1.1 200 OK
Date: Thu, 24 Jun 2021 01:51:54 GMT
Content-Type: application/json
Transfer-Encoding: chunked
Connection: keep-alive
Content-Encoding: gzip

{
    "id": "60d3e53aa29afe4408299392",
    "outageTime": "2021-04-10T06:09:37Z",
    "duration": "P84DT2H",
    "explanation": "Mr. Peabody",
    "inclusitionTime": [
        2021,
        6,
        23,
        22,
        51,
        54,
        374229000
    ],
    "partial": false
}
]]></system-out>
  </testcase>
  <testcase name="testIncluirIndisponibilidadeIsPartialTrue" classname="br.com.realize.tests.fase01.API_ComunsInternas.BackofficeOutages.tests.PostBackoffideOutagesTest" time="0.09"/>
  <testcase name="testIncluirIndisponibilidadeCampoObrigatorioNaoPreenchido" classname="br.com.realize.tests.fase01.API_ComunsInternas.BackofficeOutages.tests.PostBackoffideOutagesTest" time="0.215">
    <failure message="1 expectation failed.&#10;Expected status code &lt;400&gt; but was &lt;200&gt;.&#10;" type="java.lang.AssertionError"><![CDATA[java.lang.AssertionError: 
1 expectation failed.
Expected status code <400> but was <200>.

	at br.com.realize.tests.fase01.API_ComunsInternas.BackofficeOutages.tests.PostBackoffideOutagesTest.testIncluirIndisponibilidadeCampoObrigatorioNaoPreenchido(PostBackoffideOutagesTest.java:70)
]]></failure>
    <system-out><![CDATA[HTTP/1.1 200 OK
Date: Thu, 24 Jun 2021 01:51:54 GMT
Content-Type: application/json
Transfer-Encoding: chunked
Connection: keep-alive
Content-Encoding: gzip

{
    "id": "60d3e53aa29afe4408299394",
    "outageTime": "2021-04-10T06:09:37Z",
    "duration": "P6DT2H",
    "explanation": "Einstein",
    "unavailableEndpoints": [
        ""
    ],
    "inclusitionTime": [
        2021,
        6,
        23,
        22,
        51,
        54,
        698713000
    ],
    "partial": true
}
Request method:	POST
Request URI:	http://10.120.192.16/open-banking/backoffice/v1/outage
Proxy:			<none>
Request params:	<none>
Query params:	<none>
Form params:	<none>
Path params:	<none>
Headers:		Accept=*/*
				Content-Type=application/json; charset=UTF-8
Cookies:		<none>
Multiparts:		<none>
Body:
{
    "duration": "P6DT2H",
    "explanation": "Einstein",
    "outageTime": "2021-04-10T06:09:37Z",
    "partial": true,
    "unavailableEndpoints": [
        ""
    ],
    "isPartial": true
}

HTTP/1.1 200 OK
Date: Thu, 24 Jun 2021 01:51:54 GMT
Content-Type: application/json
Transfer-Encoding: chunked
Connection: keep-alive
Content-Encoding: gzip

{
    "id": "60d3e53aa29afe4408299394",
    "outageTime": "2021-04-10T06:09:37Z",
    "duration": "P6DT2H",
    "explanation": "Einstein",
    "unavailableEndpoints": [
        ""
    ],
    "inclusitionTime": [
        2021,
        6,
        23,
        22,
        51,
        54,
        698713000
    ],
    "partial": true
}
]]></system-out>
  </testcase>
  <testcase name="testAlterarIndisponibilidadeCampoObrigatorioNaoPreenchido" classname="br.com.realize.tests.fase01.API_ComunsInternas.BackofficeOutages.tests.PutBackoffideOutagesTest" time="0.105">
    <failure message="1 expectation failed.&#10;Expected status code &lt;400&gt; but was &lt;500&gt;.&#10;" type="java.lang.AssertionError"><![CDATA[java.lang.AssertionError: 
1 expectation failed.
Expected status code <400> but was <500>.

	at br.com.realize.tests.fase01.API_ComunsInternas.BackofficeOutages.tests.PutBackoffideOutagesTest.testAlterarIndisponibilidadeCampoObrigatorioNaoPreenchido(PutBackoffideOutagesTest.java:71)
]]></failure>
    <system-out><![CDATA[HTTP/1.1 500 Internal Server Error
Date: Thu, 24 Jun 2021 01:51:54 GMT
Content-Type: application/json
Transfer-Encoding: chunked
Connection: keep-alive
Content-Encoding: gzip

{
    "errors": [
        {
            "code": "500",
            "title": "Ocorreu um erro inesperado ao processar sua requisição.",
            "detail": "JSON parse error: Cannot deserialize value of type `java.time.LocalDateTime` from String \"2021-06-01T23:27:04.346Z\": Failed to deserialize java.time.LocalDateTime: (java.time.format.DateTimeParseException) Text '2021-06-01T23:27:04.346Z' could not be parsed at index 19; nested exception is com.fasterxml.jackson.databind.exc.InvalidFormatException: Cannot deserialize value of type `java.time.LocalDateTime` from String \"2021-06-01T23:27:04.346Z\": Failed to deserialize java.time.LocalDateTime: (java.time.format.DateTimeParseException) Text '2021-06-01T23:27:04.346Z' could not be parsed at index 19\n at [Source: (PushbackInputStream); line: 6, column: 17] (through reference chain: br.com.realizecfi.bff.openbanking.backoffice.document.Outage[\"outageTime\"])"
        }
    ]
}
Request method:	PUT
Request URI:	http://10.120.192.16/open-banking/backoffice/v1/outage
Proxy:			<none>
Request params:	<none>
Query params:	<none>
Form params:	<none>
Path params:	<none>
Headers:		Accept=*/*
				Content-Type=application/json; charset=UTF-8
Cookies:		<none>
Multiparts:		<none>
Body:
{
    "duration": "string",
    "explanation": "string",
    "id": "60d3e53aa29afe4408299395",
    "inclusitionTime": "2021-06-01T23:27:04.346Z",
    "outageTime": "2021-06-01T23:27:04.346Z",
    "partial": true,
    "unavailableEndpoints": [
        "string"
    ],
    "isPartial": true
}

HTTP/1.1 500 Internal Server Error
Date: Thu, 24 Jun 2021 01:51:54 GMT
Content-Type: application/json
Transfer-Encoding: chunked
Connection: keep-alive
Content-Encoding: gzip

{
    "errors": [
        {
            "code": "500",
            "title": "Ocorreu um erro inesperado ao processar sua requisição.",
            "detail": "JSON parse error: Cannot deserialize value of type `java.time.LocalDateTime` from String \"2021-06-01T23:27:04.346Z\": Failed to deserialize java.time.LocalDateTime: (java.time.format.DateTimeParseException) Text '2021-06-01T23:27:04.346Z' could not be parsed at index 19; nested exception is com.fasterxml.jackson.databind.exc.InvalidFormatException: Cannot deserialize value of type `java.time.LocalDateTime` from String \"2021-06-01T23:27:04.346Z\": Failed to deserialize java.time.LocalDateTime: (java.time.format.DateTimeParseException) Text '2021-06-01T23:27:04.346Z' could not be parsed at index 19\n at [Source: (PushbackInputStream); line: 6, column: 17] (through reference chain: br.com.realizecfi.bff.openbanking.backoffice.document.Outage[\"outageTime\"])"
        }
    ]
}
]]></system-out>
  </testcase>
  <testcase name="testAlterarIndisponibilidadeDataInferiorAtual" classname="br.com.realize.tests.fase01.API_ComunsInternas.BackofficeOutages.tests.PutBackoffideOutagesTest" time="0.112">
    <failure message="1 expectation failed.&#10;Expected status code &lt;400&gt; but was &lt;500&gt;.&#10;" type="java.lang.AssertionError"><![CDATA[java.lang.AssertionError: 
1 expectation failed.
Expected status code <400> but was <500>.

	at br.com.realize.tests.fase01.API_ComunsInternas.BackofficeOutages.tests.PutBackoffideOutagesTest.testAlterarIndisponibilidadeDataInferiorAtual(PutBackoffideOutagesTest.java:51)
]]></failure>
    <system-out><![CDATA[HTTP/1.1 500 Internal Server Error
Date: Thu, 24 Jun 2021 01:51:55 GMT
Content-Type: application/json
Transfer-Encoding: chunked
Connection: keep-alive
Content-Encoding: gzip

{
    "errors": [
        {
            "code": "500",
            "title": "Ocorreu um erro inesperado ao processar sua requisição.",
            "detail": "JSON parse error: Cannot deserialize value of type `java.time.LocalDateTime` from String \"2021-06-01T23:27:04.346Z\": Failed to deserialize java.time.LocalDateTime: (java.time.format.DateTimeParseException) Text '2021-06-01T23:27:04.346Z' could not be parsed at index 19; nested exception is com.fasterxml.jackson.databind.exc.InvalidFormatException: Cannot deserialize value of type `java.time.LocalDateTime` from String \"2021-06-01T23:27:04.346Z\": Failed to deserialize java.time.LocalDateTime: (java.time.format.DateTimeParseException) Text '2021-06-01T23:27:04.346Z' could not be parsed at index 19\n at [Source: (PushbackInputStream); line: 6, column: 17] (through reference chain: br.com.realizecfi.bff.openbanking.backoffice.document.Outage[\"outageTime\"])"
        }
    ]
}
Request method:	PUT
Request URI:	http://10.120.192.16/open-banking/backoffice/v1/outage
Proxy:			<none>
Request params:	<none>
Query params:	<none>
Form params:	<none>
Path params:	<none>
Headers:		Accept=*/*
				Content-Type=application/json; charset=UTF-8
Cookies:		<none>
Multiparts:		<none>
Body:
{
    "duration": "string",
    "explanation": "string",
    "id": "60d3e53aa29afe4408299396",
    "inclusitionTime": "2021-06-01T23:27:04.346Z",
    "outageTime": "2021-06-01T23:27:04.346Z",
    "partial": true,
    "unavailableEndpoints": [
        "string"
    ],
    "isPartial": true
}

HTTP/1.1 500 Internal Server Error
Date: Thu, 24 Jun 2021 01:51:55 GMT
Content-Type: application/json
Transfer-Encoding: chunked
Connection: keep-alive
Content-Encoding: gzip

{
    "errors": [
        {
            "code": "500",
            "title": "Ocorreu um erro inesperado ao processar sua requisição.",
            "detail": "JSON parse error: Cannot deserialize value of type `java.time.LocalDateTime` from String \"2021-06-01T23:27:04.346Z\": Failed to deserialize java.time.LocalDateTime: (java.time.format.DateTimeParseException) Text '2021-06-01T23:27:04.346Z' could not be parsed at index 19; nested exception is com.fasterxml.jackson.databind.exc.InvalidFormatException: Cannot deserialize value of type `java.time.LocalDateTime` from String \"2021-06-01T23:27:04.346Z\": Failed to deserialize java.time.LocalDateTime: (java.time.format.DateTimeParseException) Text '2021-06-01T23:27:04.346Z' could not be parsed at index 19\n at [Source: (PushbackInputStream); line: 6, column: 17] (through reference chain: br.com.realizecfi.bff.openbanking.backoffice.document.Outage[\"outageTime\"])"
        }
    ]
}
]]></system-out>
  </testcase>
  <testcase name="testGarantirContratosAlteracaoIndisponibilidade" classname="br.com.realize.tests.fase01.API_ComunsInternas.BackofficeOutages.tests.PutBackoffideOutagesTest" time="0.083">
    <failure message="1 expectation failed.&#10;Expected status code &lt;200&gt; but was &lt;500&gt;.&#10;" type="java.lang.AssertionError"><![CDATA[java.lang.AssertionError: 
1 expectation failed.
Expected status code <200> but was <500>.

	at br.com.realize.tests.fase01.API_ComunsInternas.BackofficeOutages.tests.PutBackoffideOutagesTest.testGarantirContratosAlteracaoIndisponibilidade(PutBackoffideOutagesTest.java:94)
]]></failure>
    <system-out><![CDATA[Request method:	PUT
Request URI:	http://10.120.192.16/open-banking/backoffice/v1/outage
Proxy:			<none>
Request params:	<none>
Query params:	<none>
Form params:	<none>
Path params:	<none>
Headers:		Accept=*/*
				Content-Type=application/json; charset=UTF-8
Cookies:		<none>
Multiparts:		<none>
Body:
{
    "duration": "string",
    "explanation": "Skinhead",
    "id": "60d3e53ba29afe4408299397",
    "inclusitionTime": "2021-06-01T23:27:04.346Z",
    "outageTime": "2021-06-01T23:27:04.346Z",
    "partial": true,
    "unavailableEndpoints": [
        "string"
    ],
    "isPartial": true
}
HTTP/1.1 500 Internal Server Error
Date: Thu, 24 Jun 2021 01:51:55 GMT
Content-Type: application/json
Transfer-Encoding: chunked
Connection: keep-alive
Content-Encoding: gzip

{
    "errors": [
        {
            "code": "500",
            "title": "Ocorreu um erro inesperado ao processar sua requisição.",
            "detail": "JSON parse error: Cannot deserialize value of type `java.time.LocalDateTime` from String \"2021-06-01T23:27:04.346Z\": Failed to deserialize java.time.LocalDateTime: (java.time.format.DateTimeParseException) Text '2021-06-01T23:27:04.346Z' could not be parsed at index 19; nested exception is com.fasterxml.jackson.databind.exc.InvalidFormatException: Cannot deserialize value of type `java.time.LocalDateTime` from String \"2021-06-01T23:27:04.346Z\": Failed to deserialize java.time.LocalDateTime: (java.time.format.DateTimeParseException) Text '2021-06-01T23:27:04.346Z' could not be parsed at index 19\n at [Source: (PushbackInputStream); line: 6, column: 17] (through reference chain: br.com.realizecfi.bff.openbanking.backoffice.document.Outage[\"outageTime\"])"
        }
    ]
}
]]></system-out>
  </testcase>
  <testcase name="testAlterarIndisponibilidade" classname="br.com.realize.tests.fase01.API_ComunsInternas.BackofficeOutages.tests.PutBackoffideOutagesTest" time="0.098">
    <failure message="1 expectation failed.&#10;Expected status code &lt;200&gt; but was &lt;500&gt;.&#10;" type="java.lang.AssertionError"><![CDATA[java.lang.AssertionError: 
1 expectation failed.
Expected status code <200> but was <500>.

	at br.com.realize.tests.fase01.API_ComunsInternas.BackofficeOutages.tests.PutBackoffideOutagesTest.testAlterarIndisponibilidade(PutBackoffideOutagesTest.java:41)
]]></failure>
    <system-out><![CDATA[Request method:	PUT
Request URI:	http://10.120.192.16/open-banking/backoffice/v1/outage
Proxy:			<none>
Request params:	<none>
Query params:	<none>
Form params:	<none>
Path params:	<none>
Headers:		Accept=*/*
				Content-Type=application/json; charset=UTF-8
Cookies:		<none>
Multiparts:		<none>
Body:
{
    "duration": "string",
    "explanation": "Lou",
    "id": "60d3e53ba29afe4408299398",
    "inclusitionTime": "2021-06-01T23:27:04.346Z",
    "outageTime": "2021-06-01T23:27:04.346Z",
    "partial": true,
    "unavailableEndpoints": [
        "string"
    ],
    "isPartial": true
}
HTTP/1.1 500 Internal Server Error
Date: Thu, 24 Jun 2021 01:51:55 GMT
Content-Type: application/json
Transfer-Encoding: chunked
Connection: keep-alive
Content-Encoding: gzip

{
    "errors": [
        {
            "code": "500",
            "title": "Ocorreu um erro inesperado ao processar sua requisição.",
            "detail": "JSON parse error: Cannot deserialize value of type `java.time.LocalDateTime` from String \"2021-06-01T23:27:04.346Z\": Failed to deserialize java.time.LocalDateTime: (java.time.format.DateTimeParseException) Text '2021-06-01T23:27:04.346Z' could not be parsed at index 19; nested exception is com.fasterxml.jackson.databind.exc.InvalidFormatException: Cannot deserialize value of type `java.time.LocalDateTime` from String \"2021-06-01T23:27:04.346Z\": Failed to deserialize java.time.LocalDateTime: (java.time.format.DateTimeParseException) Text '2021-06-01T23:27:04.346Z' could not be parsed at index 19\n at [Source: (PushbackInputStream); line: 6, column: 17] (through reference chain: br.com.realizecfi.bff.openbanking.backoffice.document.Outage[\"outageTime\"])"
        }
    ]
}
HTTP/1.1 500 Internal Server Error
Date: Thu, 24 Jun 2021 01:51:55 GMT
Content-Type: application/json
Transfer-Encoding: chunked
Connection: keep-alive
Content-Encoding: gzip

{
    "errors": [
        {
            "code": "500",
            "title": "Ocorreu um erro inesperado ao processar sua requisição.",
            "detail": "JSON parse error: Cannot deserialize value of type `java.time.LocalDateTime` from String \"2021-06-01T23:27:04.346Z\": Failed to deserialize java.time.LocalDateTime: (java.time.format.DateTimeParseException) Text '2021-06-01T23:27:04.346Z' could not be parsed at index 19; nested exception is com.fasterxml.jackson.databind.exc.InvalidFormatException: Cannot deserialize value of type `java.time.LocalDateTime` from String \"2021-06-01T23:27:04.346Z\": Failed to deserialize java.time.LocalDateTime: (java.time.format.DateTimeParseException) Text '2021-06-01T23:27:04.346Z' could not be parsed at index 19\n at [Source: (PushbackInputStream); line: 6, column: 17] (through reference chain: br.com.realizecfi.bff.openbanking.backoffice.document.Outage[\"outageTime\"])"
        }
    ]
}
]]></system-out>
  </testcase>
  <testcase name="testPathInvalido" classname="br.com.realize.tests.fase01.API_ComunsInternas.BackofficeOutages.tests.PutBackoffideOutagesTest" time="0.084"/>
  <testcase name="testAlterarIndisponibilidadeIsPartialTrue" classname="br.com.realize.tests.fase01.API_ComunsInternas.BackofficeOutages.tests.PutBackoffideOutagesTest" time="0.117">
    <failure message="1 expectation failed.&#10;Expected status code &lt;200&gt; but was &lt;500&gt;.&#10;" type="java.lang.AssertionError"><![CDATA[java.lang.AssertionError: 
1 expectation failed.
Expected status code <200> but was <500>.

	at br.com.realize.tests.fase01.API_ComunsInternas.BackofficeOutages.tests.PutBackoffideOutagesTest.testAlterarIndisponibilidadeIsPartialTrue(PutBackoffideOutagesTest.java:61)
]]></failure>
    <system-out><![CDATA[HTTP/1.1 500 Internal Server Error
Date: Thu, 24 Jun 2021 01:51:55 GMT
Content-Type: application/json
Transfer-Encoding: chunked
Connection: keep-alive
Content-Encoding: gzip

{
    "errors": [
        {
            "code": "500",
            "title": "Ocorreu um erro inesperado ao processar sua requisição.",
            "detail": "JSON parse error: Cannot deserialize value of type `java.time.LocalDateTime` from String \"2021-06-01T23:27:04.346Z\": Failed to deserialize java.time.LocalDateTime: (java.time.format.DateTimeParseException) Text '2021-06-01T23:27:04.346Z' could not be parsed at index 19; nested exception is com.fasterxml.jackson.databind.exc.InvalidFormatException: Cannot deserialize value of type `java.time.LocalDateTime` from String \"2021-06-01T23:27:04.346Z\": Failed to deserialize java.time.LocalDateTime: (java.time.format.DateTimeParseException) Text '2021-06-01T23:27:04.346Z' could not be parsed at index 19\n at [Source: (PushbackInputStream); line: 6, column: 17] (through reference chain: br.com.realizecfi.bff.openbanking.backoffice.document.Outage[\"outageTime\"])"
        }
    ]
}
Request method:	PUT
Request URI:	http://10.120.192.16/open-banking/backoffice/v1/outage
Proxy:			<none>
Request params:	<none>
Query params:	<none>
Form params:	<none>
Path params:	<none>
Headers:		Accept=*/*
				Content-Type=application/json; charset=UTF-8
Cookies:		<none>
Multiparts:		<none>
Body:
{
    "duration": "string",
    "explanation": "string",
    "id": "60d3e53ba29afe440829939a",
    "inclusitionTime": "2021-06-01T23:27:04.346Z",
    "outageTime": "2021-06-01T23:27:04.346Z",
    "partial": true,
    "unavailableEndpoints": [
        "string"
    ],
    "isPartial": true
}

HTTP/1.1 500 Internal Server Error
Date: Thu, 24 Jun 2021 01:51:55 GMT
Content-Type: application/json
Transfer-Encoding: chunked
Connection: keep-alive
Content-Encoding: gzip

{
    "errors": [
        {
            "code": "500",
            "title": "Ocorreu um erro inesperado ao processar sua requisição.",
            "detail": "JSON parse error: Cannot deserialize value of type `java.time.LocalDateTime` from String \"2021-06-01T23:27:04.346Z\": Failed to deserialize java.time.LocalDateTime: (java.time.format.DateTimeParseException) Text '2021-06-01T23:27:04.346Z' could not be parsed at index 19; nested exception is com.fasterxml.jackson.databind.exc.InvalidFormatException: Cannot deserialize value of type `java.time.LocalDateTime` from String \"2021-06-01T23:27:04.346Z\": Failed to deserialize java.time.LocalDateTime: (java.time.format.DateTimeParseException) Text '2021-06-01T23:27:04.346Z' could not be parsed at index 19\n at [Source: (PushbackInputStream); line: 6, column: 17] (through reference chain: br.com.realizecfi.bff.openbanking.backoffice.document.Outage[\"outageTime\"])"
        }
    ]
}
]]></system-out>
  </testcase>
  <testcase name="testDeletarIndisponibilidade" classname="br.com.realize.tests.fase01.API_ComunsInternas.BackofficeOutages.tests.DelBackoffideOutagesTest" time="0.102"/>
  <testcase name="testCpfInvalido" classname="br.com.realize.tests.fase02.CartaoCredito.ContasPagamentoPosPago.tests.GetContaPagamentoPosPagoTest" time="0.072"/>
  <testcase name="testCpfSemConta" classname="br.com.realize.tests.fase02.CartaoCredito.ContasPagamentoPosPago.tests.GetContaPagamentoPosPagoTest" time="0.36">
    <failure message="1 expectation failed.&#10;Expected status code &lt;200&gt; but was &lt;500&gt;.&#10;" type="java.lang.AssertionError"><![CDATA[java.lang.AssertionError: 
1 expectation failed.
Expected status code <200> but was <500>.

	at br.com.realize.tests.fase02.CartaoCredito.ContasPagamentoPosPago.tests.GetContaPagamentoPosPagoTest.testCpfSemConta(GetContaPagamentoPosPagoTest.java:65)
]]></failure>
    <system-out><![CDATA[Request method:	GET
Request URI:	http://10.120.192.16/open-banking/credit-cards-accounts/v1/accounts?cpf=47007865070&page=1&page-size=25
Proxy:			<none>
Request params:	<none>
Query params:	cpf=47007865070
				page=1
				page-size=25
Form params:	<none>
Path params:	<none>
Headers:		Accept=*/*
				Content-Type=application/json; charset=UTF-8
Cookies:		<none>
Multiparts:		<none>
Body:			<none>

HTTP/1.1 500 Internal Server Error
Date: Thu, 24 Jun 2021 01:51:56 GMT
Content-Type: application/json
Transfer-Encoding: chunked
Connection: keep-alive
Content-Encoding: gzip

{
    "errors": [
        {
            "code": "500",
            "title": "Ocorreu um erro inesperado ao processar sua requisição.",
            "detail": "451 UNAVAILABLE_FOR_LEGAL_REASONS \"{\"error\":\"invalid_request\",\"error_description\":\"Sess&atilde;o expirada.\",\"details\":null}\""
        }
    ]
}
]]></system-out>
  </testcase>
  <testcase name="testGarantirContratosContaPagamentoPosPago" classname="br.com.realize.tests.fase02.CartaoCredito.ContasPagamentoPosPago.tests.GetContaPagamentoPosPagoTest" time="0.119">
    <failure message="1 expectation failed.&#10;Response body doesn&apos;t match expectation.&#10;Expected: The content to match the given JSON schema.&#10;error: object has missing required properties ([&quot;requestDateTime&quot;])&#10;    level: &quot;error&quot;&#10;    schema: {&quot;loadingURI&quot;:&quot;#&quot;,&quot;pointer&quot;:&quot;/properties/meta&quot;}&#10;    instance: {&quot;pointer&quot;:&quot;/meta&quot;}&#10;    domain: &quot;validation&quot;&#10;    keyword: &quot;required&quot;&#10;    required: [&quot;requestDateTime&quot;,&quot;totalPages&quot;,&quot;totalRecords&quot;]&#10;    missing: [&quot;requestDateTime&quot;]&#10;&#10;  Actual: {&quot;data&quot;:[{&quot;creditCardAccountId&quot;:&quot;2355628&quot;,&quot;brandName&quot;:&quot;REALIZE CFI S.A.&quot;,&quot;companyCnpj&quot;:&quot;27351731000138&quot;,&quot;name&quot;:&quot;MEU CARTAO&quot;,&quot;productType&quot;:&quot;STANDARD_INTERNACIONAL&quot;,&quot;productAdditionalInfo&quot;:null,&quot;creditCardNetwork&quot;:&quot;OUTRAS&quot;,&quot;networkAdditionalInfo&quot;:null}],&quot;links&quot;:{&quot;self&quot;:&quot;http://10.120.192.16/open-banking/credit-cards-accounts/v1/accounts?cpf=65745612800&amp;page=1&amp;page-size=25&quot;,&quot;first&quot;:null,&quot;prev&quot;:null,&quot;next&quot;:null,&quot;last&quot;:null},&quot;meta&quot;:{&quot;totalRecords&quot;:1,&quot;totalPages&quot;:1}}&#10;" type="java.lang.AssertionError"><![CDATA[java.lang.AssertionError: 
1 expectation failed.
Response body doesn't match expectation.
Expected: The content to match the given JSON schema.
error: object has missing required properties (["requestDateTime"])
    level: "error"
    schema: {"loadingURI":"#","pointer":"/properties/meta"}
    instance: {"pointer":"/meta"}
    domain: "validation"
    keyword: "required"
    required: ["requestDateTime","totalPages","totalRecords"]
    missing: ["requestDateTime"]

  Actual: {"data":[{"creditCardAccountId":"2355628","brandName":"REALIZE CFI S.A.","companyCnpj":"27351731000138","name":"MEU CARTAO","productType":"STANDARD_INTERNACIONAL","productAdditionalInfo":null,"creditCardNetwork":"OUTRAS","networkAdditionalInfo":null}],"links":{"self":"http://10.120.192.16/open-banking/credit-cards-accounts/v1/accounts?cpf=65745612800&page=1&page-size=25","first":null,"prev":null,"next":null,"last":null},"meta":{"totalRecords":1,"totalPages":1}}

	at br.com.realize.tests.fase02.CartaoCredito.ContasPagamentoPosPago.tests.GetContaPagamentoPosPagoTest.testGarantirContratosContaPagamentoPosPago(GetContaPagamentoPosPagoTest.java:55)
]]></failure>
    <system-out><![CDATA[Request method:	GET
Request URI:	http://10.120.192.16/open-banking/credit-cards-accounts/v1/accounts?cpf=65745612800&page=1&page-size=25
Proxy:			<none>
Request params:	<none>
Query params:	cpf=65745612800
				page=1
				page-size=25
Form params:	<none>
Path params:	<none>
Headers:		Accept=*/*
				Content-Type=application/json; charset=UTF-8
Cookies:		<none>
Multiparts:		<none>
Body:			<none>

HTTP/1.1 200 OK
Date: Thu, 24 Jun 2021 01:51:56 GMT
Content-Type: application/json
Transfer-Encoding: chunked
Connection: keep-alive
Content-Encoding: gzip

{
    "data": [
        {
            "creditCardAccountId": "2355628",
            "brandName": "REALIZE CFI S.A.",
            "companyCnpj": "27351731000138",
            "name": "MEU CARTAO",
            "productType": "STANDARD_INTERNACIONAL",
            "productAdditionalInfo": null,
            "creditCardNetwork": "OUTRAS",
            "networkAdditionalInfo": null
        }
    ],
    "links": {
        "self": "http://10.120.192.16/open-banking/credit-cards-accounts/v1/accounts?cpf=65745612800&page=1&page-size=25",
        "first": null,
        "prev": null,
        "next": null,
        "last": null
    },
    "meta": {
        "totalRecords": 1,
        "totalPages": 1
    }
}
]]></system-out>
  </testcase>
  <testcase name="testMetodoNaoSuportado" classname="br.com.realize.tests.fase02.CartaoCredito.ContasPagamentoPosPago.tests.GetContaPagamentoPosPagoTest" time="0.061"/>
  <testcase name="testPathInvalido" classname="br.com.realize.tests.fase02.CartaoCredito.ContasPagamentoPosPago.tests.GetContaPagamentoPosPagoTest" time="0.073"/>
  <testcase name="testValidarinformacoesConta" classname="br.com.realize.tests.fase02.CartaoCredito.ContasPagamentoPosPago.tests.GetContaPagamentoPosPagoTest" time="0.225"/>
  <testcase name="testCpfInvalido" classname="br.com.realize.tests.fase02.CartaoCredito.ContaIdentificadaPorCreditCardAccountId.tests.GetContaIdentificadaPorCreditCardAccountIdTest" time="0.083"/>
  <testcase name="testCpfSemConta" classname="br.com.realize.tests.fase02.CartaoCredito.ContaIdentificadaPorCreditCardAccountId.tests.GetContaIdentificadaPorCreditCardAccountIdTest" time="0.193">
    <failure message="1 expectation failed.&#10;Expected status code &lt;200&gt; but was &lt;500&gt;.&#10;" type="java.lang.AssertionError"><![CDATA[java.lang.AssertionError: 
1 expectation failed.
Expected status code <200> but was <500>.

	at br.com.realize.tests.fase02.CartaoCredito.ContaIdentificadaPorCreditCardAccountId.tests.GetContaIdentificadaPorCreditCardAccountIdTest.testCpfSemConta(GetContaIdentificadaPorCreditCardAccountIdTest.java:64)
]]></failure>
    <system-out><![CDATA[Request method:	GET
Request URI:	http://10.120.192.16/open-banking/credit-cards-accounts/v1/accounts?cpf=98714287072&page=1&page-size=25
Proxy:			<none>
Request params:	<none>
Query params:	cpf=98714287072
				page=1
				page-size=25
Form params:	<none>
Path params:	<none>
Headers:		Accept=*/*
				Content-Type=application/json; charset=UTF-8
Cookies:		<none>
Multiparts:		<none>
Body:			<none>

HTTP/1.1 500 Internal Server Error
Date: Thu, 24 Jun 2021 01:51:57 GMT
Content-Type: application/json
Transfer-Encoding: chunked
Connection: keep-alive
Content-Encoding: gzip

{
    "errors": [
        {
            "code": "500",
            "title": "Ocorreu um erro inesperado ao processar sua requisição.",
            "detail": "451 UNAVAILABLE_FOR_LEGAL_REASONS \"{\"error\":\"invalid_request\",\"error_description\":\"Sess&atilde;o expirada.\",\"details\":null}\""
        }
    ]
}
]]></system-out>
  </testcase>
  <testcase name="testMetodoNaoSuportado" classname="br.com.realize.tests.fase02.CartaoCredito.ContaIdentificadaPorCreditCardAccountId.tests.GetContaIdentificadaPorCreditCardAccountIdTest" time="0.076"/>
  <testcase name="testPathInvalido" classname="br.com.realize.tests.fase02.CartaoCredito.ContaIdentificadaPorCreditCardAccountId.tests.GetContaIdentificadaPorCreditCardAccountIdTest" time="0.074"/>
  <testcase name="testValidarContaIdentificadaPorCreditCardAccountId" classname="br.com.realize.tests.fase02.CartaoCredito.ContaIdentificadaPorCreditCardAccountId.tests.GetContaIdentificadaPorCreditCardAccountIdTest" time="0.444"/>
  <testcase name="testCPfDiferenteCreditCardDiferente" classname="br.com.realize.tests.fase02.CartaoCredito.ContaIdentificadaPorCreditCardAccountId.tests.GetContaIdentificadaPorCreditCardAccountIdTest" time="0.137"/>
  <testcase name="testGarantirContratosContaIdentificadaPorCreditCardAccountId" classname="br.com.realize.tests.fase02.CartaoCredito.ContaIdentificadaPorCreditCardAccountId.tests.GetContaIdentificadaPorCreditCardAccountIdTest" time="0.238">
    <failure message="1 expectation failed.&#10;Response body doesn&apos;t match expectation.&#10;Expected: The content to match the given JSON schema.&#10;error: object has missing required properties ([&quot;requestDateTime&quot;])&#10;    level: &quot;error&quot;&#10;    schema: {&quot;loadingURI&quot;:&quot;#&quot;,&quot;pointer&quot;:&quot;/properties/meta&quot;}&#10;    instance: {&quot;pointer&quot;:&quot;/meta&quot;}&#10;    domain: &quot;validation&quot;&#10;    keyword: &quot;required&quot;&#10;    required: [&quot;requestDateTime&quot;,&quot;totalPages&quot;,&quot;totalRecords&quot;]&#10;    missing: [&quot;requestDateTime&quot;]&#10;&#10;  Actual: {&quot;data&quot;:{&quot;name&quot;:&quot;MEU CARTAO&quot;,&quot;productType&quot;:&quot;STANDARD_INTERNACIONAL&quot;,&quot;productAdditionalInfo&quot;:null,&quot;creditCardNetwork&quot;:&quot;OUTRAS&quot;,&quot;networkAdditionalInfo&quot;:null,&quot;paymentMethod&quot;:[{&quot;identificationNumber&quot;:&quot;0966&quot;,&quot;isMultipleCreditCard&quot;:false}]},&quot;links&quot;:{&quot;self&quot;:&quot;http://10.120.192.16/open-banking/credit-cards-accounts/v1/accounts/2355628&quot;,&quot;first&quot;:null,&quot;prev&quot;:null,&quot;next&quot;:null,&quot;last&quot;:null},&quot;meta&quot;:{&quot;totalRecords&quot;:1,&quot;totalPages&quot;:1}}&#10;" type="java.lang.AssertionError">java.lang.AssertionError: 
1 expectation failed.
Response body doesn't match expectation.
Expected: The content to match the given JSON schema.
error: object has missing required properties (["requestDateTime"])
    level: "error"
    schema: {"loadingURI":"#","pointer":"/properties/meta"}
    instance: {"pointer":"/meta"}
    domain: "validation"
    keyword: "required"
    required: ["requestDateTime","totalPages","totalRecords"]
    missing: ["requestDateTime"]

  Actual: {"data":{"name":"MEU CARTAO","productType":"STANDARD_INTERNACIONAL","productAdditionalInfo":null,"creditCardNetwork":"OUTRAS","networkAdditionalInfo":null,"paymentMethod":[{"identificationNumber":"0966","isMultipleCreditCard":false}]},"links":{"self":"http://10.120.192.16/open-banking/credit-cards-accounts/v1/accounts/2355628","first":null,"prev":null,"next":null,"last":null},"meta":{"totalRecords":1,"totalPages":1}}

	at br.com.realize.tests.fase02.CartaoCredito.ContaIdentificadaPorCreditCardAccountId.tests.GetContaIdentificadaPorCreditCardAccountIdTest.testGarantirContratosContaIdentificadaPorCreditCardAccountId(GetContaIdentificadaPorCreditCardAccountIdTest.java:53)
</failure>
    <system-out><![CDATA[Request method:	GET
Request URI:	http://10.120.192.16/open-banking/credit-cards-accounts/v1/accounts/2355628?cpf=65745612800&page=1&page-size=25
Proxy:			<none>
Request params:	<none>
Query params:	cpf=65745612800
				page=1
				page-size=25
Form params:	<none>
Path params:	<none>
Headers:		Accept=*/*
				Content-Type=application/json; charset=UTF-8
Cookies:		<none>
Multiparts:		<none>
Body:			<none>
HTTP/1.1 200 OK
Date: Thu, 24 Jun 2021 01:51:57 GMT
Content-Type: application/json
Transfer-Encoding: chunked
Connection: keep-alive
Content-Encoding: gzip

{
    "data": {
        "name": "MEU CARTAO",
        "productType": "STANDARD_INTERNACIONAL",
        "productAdditionalInfo": null,
        "creditCardNetwork": "OUTRAS",
        "networkAdditionalInfo": null,
        "paymentMethod": [
            {
                "identificationNumber": "0966",
                "isMultipleCreditCard": false
            }
        ]
    },
    "links": {
        "self": "http://10.120.192.16/open-banking/credit-cards-accounts/v1/accounts/2355628",
        "first": null,
        "prev": null,
        "next": null,
        "last": null
    },
    "meta": {
        "totalRecords": 1,
        "totalPages": 1
    }
}
]]></system-out>
  </testcase>
  <testcase name="testCpfInvalido" classname="br.com.realize.tests.fase02.CartaoCredito.ApiPrivateConta.tests.GetPrivateContaCartaoCompraCreditoTest" time="0.253">
    <failure message="1 expectation failed.&#10;Expected status code &lt;200&gt; but was &lt;404&gt;.&#10;" type="java.lang.AssertionError"><![CDATA[java.lang.AssertionError: 
1 expectation failed.
Expected status code <200> but was <404>.

	at br.com.realize.tests.fase02.CartaoCredito.ApiPrivateConta.tests.GetPrivateContaCartaoCompraCreditoTest.testCpfInvalido(GetPrivateContaCartaoCompraCreditoTest.java:84)
]]></failure>
    <system-out><![CDATA[Request method:	POST
Request URI:	http://10.120.192.16/open-banking/api/private/autenticacao/parceiro
Proxy:			<none>
Request params:	<none>
Query params:	<none>
Form params:	<none>
Path params:	<none>
Headers:		Authorization=Basic cmVubmVyLXBhcmNlaXJvOnBhcmNlaXJv
				Accept=*/*
				Content-Type=application/json; charset=UTF-8
Cookies:		<none>
Multiparts:		<none>
Body:			<none>

HTTP/1.1 404 Not Found
Date: Thu, 24 Jun 2021 01:51:58 GMT
Content-Type: text/html
Content-Length: 146
Connection: keep-alive

<html>
  <head>
    <title>404 Not Found</title>
  </head>
  <body>
    <center>
      <h1>404 Not Found</h1>
    </center>
    <hr/>
    <center>nginx</center>
  </body>
</html>
]]></system-out>
  </testcase>
  <testcase name="testCpfSemConta" classname="br.com.realize.tests.fase02.CartaoCredito.ApiPrivateConta.tests.GetPrivateContaCartaoCompraCreditoTest" time="0.07">
    <failure message="1 expectation failed.&#10;Expected status code &lt;200&gt; but was &lt;404&gt;.&#10;" type="java.lang.AssertionError"><![CDATA[java.lang.AssertionError: 
1 expectation failed.
Expected status code <200> but was <404>.

	at br.com.realize.tests.fase02.CartaoCredito.ApiPrivateConta.tests.GetPrivateContaCartaoCompraCreditoTest.testCpfSemConta(GetPrivateContaCartaoCompraCreditoTest.java:74)
]]></failure>
    <system-out><![CDATA[Request method:	POST
Request URI:	http://10.120.192.16/open-banking/api/private/autenticacao/parceiro
Proxy:			<none>
Request params:	<none>
Query params:	<none>
Form params:	<none>
Path params:	<none>
Headers:		Authorization=Basic cmVubmVyLXBhcmNlaXJvOnBhcmNlaXJv
				Accept=*/*
				Content-Type=application/json; charset=UTF-8
Cookies:		<none>
Multiparts:		<none>
Body:			<none>

HTTP/1.1 404 Not Found
Date: Thu, 24 Jun 2021 01:51:58 GMT
Content-Type: text/html
Content-Length: 146
Connection: keep-alive

<html>
  <head>
    <title>404 Not Found</title>
  </head>
  <body>
    <center>
      <h1>404 Not Found</h1>
    </center>
    <hr/>
    <center>nginx</center>
  </body>
</html>
]]></system-out>
  </testcase>
  <testcase name="testValidarCartaoMeuCartao" classname="br.com.realize.tests.fase02.CartaoCredito.ApiPrivateConta.tests.GetPrivateContaCartaoCompraCreditoTest" time="0.066">
    <failure message="1 expectation failed.&#10;Expected status code &lt;200&gt; but was &lt;404&gt;.&#10;" type="java.lang.AssertionError"><![CDATA[java.lang.AssertionError: 
1 expectation failed.
Expected status code <200> but was <404>.

	at br.com.realize.tests.fase02.CartaoCredito.ApiPrivateConta.tests.GetPrivateContaCartaoCompraCreditoTest.testValidarCartaoMeuCartao(GetPrivateContaCartaoCompraCreditoTest.java:49)
]]></failure>
    <system-out><![CDATA[Request method:	POST
Request URI:	http://10.120.192.16/open-banking/api/private/autenticacao/parceiro
Proxy:			<none>
Request params:	<none>
Query params:	<none>
Form params:	<none>
Path params:	<none>
Headers:		Authorization=Basic cmVubmVyLXBhcmNlaXJvOnBhcmNlaXJv
				Accept=*/*
				Content-Type=application/json; charset=UTF-8
Cookies:		<none>
Multiparts:		<none>
Body:			<none>

HTTP/1.1 404 Not Found
Date: Thu, 24 Jun 2021 01:51:58 GMT
Content-Type: text/html
Content-Length: 146
Connection: keep-alive

<html>
  <head>
    <title>404 Not Found</title>
  </head>
  <body>
    <center>
      <h1>404 Not Found</h1>
    </center>
    <hr/>
    <center>nginx</center>
  </body>
</html>
]]></system-out>
  </testcase>
  <testcase name="testValidarCartaoBandeiraPropria" classname="br.com.realize.tests.fase02.CartaoCredito.ApiPrivateConta.tests.GetPrivateContaCartaoCompraCreditoTest" time="0.078">
    <failure message="1 expectation failed.&#10;Expected status code &lt;200&gt; but was &lt;404&gt;.&#10;" type="java.lang.AssertionError"><![CDATA[java.lang.AssertionError: 
1 expectation failed.
Expected status code <200> but was <404>.

	at br.com.realize.tests.fase02.CartaoCredito.ApiPrivateConta.tests.GetPrivateContaCartaoCompraCreditoTest.testValidarCartaoBandeiraPropria(GetPrivateContaCartaoCompraCreditoTest.java:37)
]]></failure>
    <system-out><![CDATA[Request method:	POST
Request URI:	http://10.120.192.16/open-banking/api/private/autenticacao/parceiro
Proxy:			<none>
Request params:	<none>
Query params:	<none>
Form params:	<none>
Path params:	<none>
Headers:		Authorization=Basic cmVubmVyLXBhcmNlaXJvOnBhcmNlaXJv
				Accept=*/*
				Content-Type=application/json; charset=UTF-8
Cookies:		<none>
Multiparts:		<none>
Body:			<none>

HTTP/1.1 404 Not Found
Date: Thu, 24 Jun 2021 01:51:58 GMT
Content-Type: text/html
Content-Length: 146
Connection: keep-alive

<html>
  <head>
    <title>404 Not Found</title>
  </head>
  <body>
    <center>
      <h1>404 Not Found</h1>
    </center>
    <hr/>
    <center>nginx</center>
  </body>
</html>
]]></system-out>
  </testcase>
  <testcase name="testMetodoNaoSuportado" classname="br.com.realize.tests.fase02.CartaoCredito.ApiPrivateConta.tests.GetPrivateContaCartaoCompraCreditoTest" time="0.066">
    <failure message="1 expectation failed.&#10;Expected status code &lt;200&gt; but was &lt;404&gt;.&#10;" type="java.lang.AssertionError"><![CDATA[java.lang.AssertionError: 
1 expectation failed.
Expected status code <200> but was <404>.

	at br.com.realize.tests.fase02.CartaoCredito.ApiPrivateConta.tests.GetPrivateContaCartaoCompraCreditoTest.testMetodoNaoSuportado(GetPrivateContaCartaoCompraCreditoTest.java:103)
]]></failure>
    <system-out><![CDATA[Request method:	POST
Request URI:	http://10.120.192.16/open-banking/api/private/autenticacao/parceiro
Proxy:			<none>
Request params:	<none>
Query params:	<none>
Form params:	<none>
Path params:	<none>
Headers:		Authorization=Basic cmVubmVyLXBhcmNlaXJvOnBhcmNlaXJv
				Accept=*/*
				Content-Type=application/json; charset=UTF-8
Cookies:		<none>
Multiparts:		<none>
Body:			<none>

HTTP/1.1 404 Not Found
Date: Thu, 24 Jun 2021 01:51:58 GMT
Content-Type: text/html
Content-Length: 146
Connection: keep-alive

<html>
  <head>
    <title>404 Not Found</title>
  </head>
  <body>
    <center>
      <h1>404 Not Found</h1>
    </center>
    <hr/>
    <center>nginx</center>
  </body>
</html>
]]></system-out>
  </testcase>
  <testcase name="testGarantirContratosContaIdentificadaPorCreditCardAccountId" classname="br.com.realize.tests.fase02.CartaoCredito.ApiPrivateConta.tests.GetPrivateContaCartaoCompraCreditoTest" time="0.097">
    <failure message="1 expectation failed.&#10;Expected status code &lt;200&gt; but was &lt;404&gt;.&#10;" type="java.lang.AssertionError"><![CDATA[java.lang.AssertionError: 
1 expectation failed.
Expected status code <200> but was <404>.

	at br.com.realize.tests.fase02.CartaoCredito.ApiPrivateConta.tests.GetPrivateContaCartaoCompraCreditoTest.testGarantirContratosContaIdentificadaPorCreditCardAccountId(GetPrivateContaCartaoCompraCreditoTest.java:61)
]]></failure>
    <system-out><![CDATA[Request method:	POST
Request URI:	http://10.120.192.16/open-banking/api/private/autenticacao/parceiro
Proxy:			<none>
Request params:	<none>
Query params:	<none>
Form params:	<none>
Path params:	<none>
Headers:		Authorization=Basic cmVubmVyLXBhcmNlaXJvOnBhcmNlaXJv
				Accept=*/*
				Content-Type=application/json; charset=UTF-8
Cookies:		<none>
Multiparts:		<none>
Body:			<none>

HTTP/1.1 404 Not Found
Date: Thu, 24 Jun 2021 01:51:58 GMT
Content-Type: text/html
Content-Length: 146
Connection: keep-alive

<html>
  <head>
    <title>404 Not Found</title>
  </head>
  <body>
    <center>
      <h1>404 Not Found</h1>
    </center>
    <hr/>
    <center>nginx</center>
  </body>
</html>
]]></system-out>
  </testcase>
  <testcase name="testCpfInvalido" classname="br.com.realize.tests.fase02.Contas.ListaContas.tests.GetContaTest" time="0.094"/>
  <testcase name="testTipoContaPoupanca" classname="br.com.realize.tests.fase02.Contas.ListaContas.tests.GetContaTest" time="0.082"/>
  <testcase name="testCpfSemConta" classname="br.com.realize.tests.fase02.Contas.ListaContas.tests.GetContaTest" time="0.965"/>
  <testcase name="testTipoContaDepositoAVista" classname="br.com.realize.tests.fase02.Contas.ListaContas.tests.GetContaTest" time="0.089"/>
  <testcase name="testMetodoNaoSuportado" classname="br.com.realize.tests.fase02.Contas.ListaContas.tests.GetContaTest" time="0.08"/>
  <testcase name="testPathInvalido" classname="br.com.realize.tests.fase02.Contas.ListaContas.tests.GetContaTest" time="0.076"/>
  <testcase name="testValidarinformacoesConta" classname="br.com.realize.tests.fase02.Contas.ListaContas.tests.GetContaTest" time="5.575">
    <failure message="1 expectation failed.&#10;Expected response time was not a value less than &lt;4L&gt; seconds, was 5498 milliseconds (5 seconds)." type="java.lang.AssertionError"><![CDATA[java.lang.AssertionError: 
1 expectation failed.
Expected response time was not a value less than <4L> seconds, was 5498 milliseconds (5 seconds).
	at br.com.realize.tests.fase02.Contas.ListaContas.tests.GetContaTest.testValidarinformacoesConta(GetContaTest.java:49)
]]></failure>
    <system-out><![CDATA[Request method:	GET
Request URI:	http://10.120.192.16/open-banking/accounts/v1/accounts/?accountType=CONTA_PAGAMENTO_PRE_PAGA&cpfCnpj=15218532827&page=1&page-size=1
Proxy:			<none>
Request params:	<none>
Query params:	accountType=CONTA_PAGAMENTO_PRE_PAGA
				cpfCnpj=15218532827
				page=1
				page-size=1
Form params:	<none>
Path params:	<none>
Headers:		Accept=*/*
				Content-Type=application/json; charset=UTF-8
Cookies:		<none>
Multiparts:		<none>
Body:			<none>

HTTP/1.1 200 OK
Date: Thu, 24 Jun 2021 01:52:45 GMT
Content-Type: application/json
Transfer-Encoding: chunked
Connection: keep-alive
Content-Encoding: gzip

{
    "data": [
        {
            "brandName": "REALIZE CFI S.A.",
            "companyCnpj": "27351731000138",
            "type": "CONTA_PAGAMENTO_PRE_PAGA",
            "compeCode": "374",
            "branchCode": "0001",
            "number": "158076326",
            "checkDigit": "6",
            "accountID": "e92c51df-b68c-4faa-9cbc-4cb1b232781f"
        }
    ],
    "links": {
        "self": "http://10.120.192.16/open-banking/accounts/v1/accounts/?accountType=CONTA_PAGAMENTO_PRE_PAGA&cpfCnpj=15218532827&page=1&page-size=1",
        "first": null,
        "prev": null,
        "next": null,
        "last": null
    },
    "meta": {
        "totalRecords": 1,
        "totalPages": 1,
        "requestDateTime": [
            2021,
            6,
            23,
            22,
            52,
            45,
            247422000
        ]
    }
}
]]></system-out>
  </testcase>
  <testcase name="testGarantirContratosInformacoesConta" classname="br.com.realize.tests.fase02.Contas.ListaContas.tests.GetContaTest" time="5.644">
    <failure message="1 expectation failed.&#10;Response body doesn&apos;t match expectation.&#10;Expected: The content to match the given JSON schema.&#10;error: object has missing required properties ([&quot;accountId&quot;])&#10;    level: &quot;error&quot;&#10;    schema: {&quot;loadingURI&quot;:&quot;#&quot;,&quot;pointer&quot;:&quot;/properties/data/items/0&quot;}&#10;    instance: {&quot;pointer&quot;:&quot;/data/0&quot;}&#10;    domain: &quot;validation&quot;&#10;    keyword: &quot;required&quot;&#10;    required: [&quot;accountId&quot;,&quot;branchCode&quot;,&quot;brandName&quot;,&quot;checkDigit&quot;,&quot;companyCnpj&quot;,&quot;compeCode&quot;,&quot;number&quot;,&quot;type&quot;]&#10;    missing: [&quot;accountId&quot;]&#10;&#10;  Actual: {&quot;data&quot;:[{&quot;brandName&quot;:&quot;REALIZE CFI S.A.&quot;,&quot;companyCnpj&quot;:&quot;27351731000138&quot;,&quot;type&quot;:&quot;CONTA_PAGAMENTO_PRE_PAGA&quot;,&quot;compeCode&quot;:&quot;374&quot;,&quot;branchCode&quot;:&quot;0001&quot;,&quot;number&quot;:&quot;158076326&quot;,&quot;checkDigit&quot;:&quot;6&quot;,&quot;accountID&quot;:&quot;e92c51df-b68c-4faa-9cbc-4cb1b232781f&quot;}],&quot;links&quot;:{&quot;self&quot;:&quot;http://10.120.192.16/open-banking/accounts/v1/accounts/?accountType=CONTA_PAGAMENTO_PRE_PAGA&amp;cpfCnpj=15218532827&amp;page=1&amp;page-size=1&quot;,&quot;first&quot;:null,&quot;prev&quot;:null,&quot;next&quot;:null,&quot;last&quot;:null},&quot;meta&quot;:{&quot;totalRecords&quot;:1,&quot;totalPages&quot;:1,&quot;requestDateTime&quot;:[2021,6,23,22,52,55,297050000]}}&#10;" type="java.lang.AssertionError"><![CDATA[java.lang.AssertionError: 
1 expectation failed.
Response body doesn't match expectation.
Expected: The content to match the given JSON schema.
error: object has missing required properties (["accountId"])
    level: "error"
    schema: {"loadingURI":"#","pointer":"/properties/data/items/0"}
    instance: {"pointer":"/data/0"}
    domain: "validation"
    keyword: "required"
    required: ["accountId","branchCode","brandName","checkDigit","companyCnpj","compeCode","number","type"]
    missing: ["accountId"]

  Actual: {"data":[{"brandName":"REALIZE CFI S.A.","companyCnpj":"27351731000138","type":"CONTA_PAGAMENTO_PRE_PAGA","compeCode":"374","branchCode":"0001","number":"158076326","checkDigit":"6","accountID":"e92c51df-b68c-4faa-9cbc-4cb1b232781f"}],"links":{"self":"http://10.120.192.16/open-banking/accounts/v1/accounts/?accountType=CONTA_PAGAMENTO_PRE_PAGA&cpfCnpj=15218532827&page=1&page-size=1","first":null,"prev":null,"next":null,"last":null},"meta":{"totalRecords":1,"totalPages":1,"requestDateTime":[2021,6,23,22,52,55,297050000]}}

	at br.com.realize.tests.fase02.Contas.ListaContas.tests.GetContaTest.testGarantirContratosInformacoesConta(GetContaTest.java:62)
]]></failure>
    <system-out><![CDATA[Request method:	GET
Request URI:	http://10.120.192.16/open-banking/accounts/v1/accounts/?accountType=CONTA_PAGAMENTO_PRE_PAGA&cpfCnpj=15218532827&page=1&page-size=1
Proxy:			<none>
Request params:	<none>
Query params:	accountType=CONTA_PAGAMENTO_PRE_PAGA
				cpfCnpj=15218532827
				page=1
				page-size=1
Form params:	<none>
Path params:	<none>
Headers:		Accept=*/*
				Content-Type=application/json; charset=UTF-8
Cookies:		<none>
Multiparts:		<none>
Body:			<none>

HTTP/1.1 200 OK
Date: Thu, 24 Jun 2021 01:52:55 GMT
Content-Type: application/json
Transfer-Encoding: chunked
Connection: keep-alive
Content-Encoding: gzip

{
    "data": [
        {
            "brandName": "REALIZE CFI S.A.",
            "companyCnpj": "27351731000138",
            "type": "CONTA_PAGAMENTO_PRE_PAGA",
            "compeCode": "374",
            "branchCode": "0001",
            "number": "158076326",
            "checkDigit": "6",
            "accountID": "e92c51df-b68c-4faa-9cbc-4cb1b232781f"
        }
    ],
    "links": {
        "self": "http://10.120.192.16/open-banking/accounts/v1/accounts/?accountType=CONTA_PAGAMENTO_PRE_PAGA&cpfCnpj=15218532827&page=1&page-size=1",
        "first": null,
        "prev": null,
        "next": null,
        "last": null
    },
    "meta": {
        "totalRecords": 1,
        "totalPages": 1,
        "requestDateTime": [
            2021,
            6,
            23,
            22,
            52,
            55,
            297050000
        ]
    }
}
]]></system-out>
  </testcase>
  <testcase name="testGarantirContratosSaldoConta" classname="br.com.realize.tests.fase02.Contas.Saldos.tests.GetSaldoTest" time="5.104">
    <failure message="1 expectation failed.&#10;Response body doesn&apos;t match expectation.&#10;Expected: The content to match the given JSON schema.&#10;error: object has missing required properties ([&quot;availableAmount&quot;])&#10;    level: &quot;error&quot;&#10;    schema: {&quot;loadingURI&quot;:&quot;#&quot;,&quot;pointer&quot;:&quot;/properties/data&quot;}&#10;    instance: {&quot;pointer&quot;:&quot;/data&quot;}&#10;    domain: &quot;validation&quot;&#10;    keyword: &quot;required&quot;&#10;    required: [&quot;automaticallyInvestedAmount&quot;,&quot;automaticallyInvestedAmountCurrency&quot;,&quot;availableAmount&quot;,&quot;availableAmountCurrency&quot;,&quot;blockedAmount&quot;,&quot;blockedAmountCurrency&quot;]&#10;    missing: [&quot;availableAmount&quot;]&#10;&#10;  Actual: {&quot;data&quot;:{&quot;avaiableAmount&quot;:0.0000,&quot;availableAmountCurrency&quot;:&quot;BRL&quot;,&quot;blockedAmount&quot;:0.0000,&quot;blockedAmountCurrency&quot;:&quot;BRL&quot;,&quot;automaticallyInvestedAmount&quot;:0.0000,&quot;automaticallyInvestedAmountCurrency&quot;:&quot;BRL&quot;},&quot;links&quot;:{&quot;self&quot;:&quot;http://10.120.192.16/open-banking/accounts/v1/accounts/28ef66f8-8e67-4d66-9420-9ce873f78214/balances&quot;,&quot;first&quot;:null,&quot;prev&quot;:null,&quot;next&quot;:null,&quot;last&quot;:null},&quot;meta&quot;:{&quot;totalRecords&quot;:1,&quot;totalPages&quot;:1,&quot;requestDateTime&quot;:[2021,6,23,22,53,5,641912000]}}&#10;" type="java.lang.AssertionError">java.lang.AssertionError: 
1 expectation failed.
Response body doesn't match expectation.
Expected: The content to match the given JSON schema.
error: object has missing required properties (["availableAmount"])
    level: "error"
    schema: {"loadingURI":"#","pointer":"/properties/data"}
    instance: {"pointer":"/data"}
    domain: "validation"
    keyword: "required"
    required: ["automaticallyInvestedAmount","automaticallyInvestedAmountCurrency","availableAmount","availableAmountCurrency","blockedAmount","blockedAmountCurrency"]
    missing: ["availableAmount"]

  Actual: {"data":{"avaiableAmount":0.0000,"availableAmountCurrency":"BRL","blockedAmount":0.0000,"blockedAmountCurrency":"BRL","automaticallyInvestedAmount":0.0000,"automaticallyInvestedAmountCurrency":"BRL"},"links":{"self":"http://10.120.192.16/open-banking/accounts/v1/accounts/28ef66f8-8e67-4d66-9420-9ce873f78214/balances","first":null,"prev":null,"next":null,"last":null},"meta":{"totalRecords":1,"totalPages":1,"requestDateTime":[2021,6,23,22,53,5,641912000]}}

	at br.com.realize.tests.fase02.Contas.Saldos.tests.GetSaldoTest.testGarantirContratosSaldoConta(GetSaldoTest.java:53)
</failure>
    <system-out><![CDATA[Request method:	GET
Request URI:	http://10.120.192.16/open-banking/accounts/v1/accounts/28ef66f8-8e67-4d66-9420-9ce873f78214/balances
Proxy:			<none>
Request params:	<none>
Query params:	<none>
Form params:	<none>
Path params:	<none>
Headers:		Accept=*/*
				Content-Type=application/json; charset=UTF-8
Cookies:		<none>
Multiparts:		<none>
Body:			<none>

HTTP/1.1 200 OK
Date: Thu, 24 Jun 2021 01:53:05 GMT
Content-Type: application/json
Transfer-Encoding: chunked
Connection: keep-alive
Content-Encoding: gzip

{
    "data": {
        "avaiableAmount": 0.0000,
        "availableAmountCurrency": "BRL",
        "blockedAmount": 0.0000,
        "blockedAmountCurrency": "BRL",
        "automaticallyInvestedAmount": 0.0000,
        "automaticallyInvestedAmountCurrency": "BRL"
    },
    "links": {
        "self": "http://10.120.192.16/open-banking/accounts/v1/accounts/28ef66f8-8e67-4d66-9420-9ce873f78214/balances",
        "first": null,
        "prev": null,
        "next": null,
        "last": null
    },
    "meta": {
        "totalRecords": 1,
        "totalPages": 1,
        "requestDateTime": [
            2021,
            6,
            23,
            22,
            53,
            5,
            641912000
        ]
    }
}
]]></system-out>
  </testcase>
  <testcase name="testMetodoNaoSuportado" classname="br.com.realize.tests.fase02.Contas.Saldos.tests.GetSaldoTest" time="3.98"/>
  <testcase name="testPathInvalido" classname="br.com.realize.tests.fase02.Contas.Saldos.tests.GetSaldoTest" time="4.518"/>
  <testcase name="testIdInvalidoSaldo" classname="br.com.realize.tests.fase02.Contas.Saldos.tests.GetSaldoTest" time="0.108"/>
  <testcase name="testObterSaldo" classname="br.com.realize.tests.fase02.Contas.Saldos.tests.GetSaldoTest" time="4.925"/>
  <testcase name="testGarantirContratosLimitesConta" classname="br.com.realize.tests.fase02.Contas.Limites.tests.GetLimiteTest" time="7.256">
    <failure message="1 expectation failed.&#10;Response body doesn&apos;t match expectation.&#10;Expected: The content to match the given JSON schema.&#10;error: instance type (array) does not match any allowed primitive type (allowed: [&quot;string&quot;])&#10;    level: &quot;error&quot;&#10;    schema: {&quot;loadingURI&quot;:&quot;#&quot;,&quot;pointer&quot;:&quot;/properties/meta/properties/requestDateTime&quot;}&#10;    instance: {&quot;pointer&quot;:&quot;/meta/requestDateTime&quot;}&#10;    domain: &quot;validation&quot;&#10;    keyword: &quot;type&quot;&#10;    found: &quot;array&quot;&#10;    expected: [&quot;string&quot;]&#10;&#10;  Actual: {&quot;data&quot;:{&quot;overdraftContractedLimit&quot;:0,&quot;overdraftContractedLimitCurrency&quot;:&quot;BRL&quot;,&quot;overdraftUsedLimit&quot;:0,&quot;overdraftUsedLimitCurrency&quot;:&quot;BRL&quot;,&quot;unarrangedOverdraftAmount&quot;:0,&quot;unarrangedOverdraftAmountCurrency&quot;:&quot;BRL&quot;},&quot;links&quot;:{&quot;self&quot;:&quot;http://10.120.192.16/open-banking/accounts/v1/accounts/e92c51df-b68c-4faa-9cbc-4cb1b232781f/overdraft-limits&quot;,&quot;first&quot;:null,&quot;prev&quot;:null,&quot;next&quot;:null,&quot;last&quot;:null},&quot;meta&quot;:{&quot;totalRecords&quot;:1,&quot;totalPages&quot;:1,&quot;requestDateTime&quot;:[2021,6,23,22,53,47,105080000]}}&#10;" type="java.lang.AssertionError">java.lang.AssertionError: 
1 expectation failed.
Response body doesn't match expectation.
Expected: The content to match the given JSON schema.
error: instance type (array) does not match any allowed primitive type (allowed: ["string"])
    level: "error"
    schema: {"loadingURI":"#","pointer":"/properties/meta/properties/requestDateTime"}
    instance: {"pointer":"/meta/requestDateTime"}
    domain: "validation"
    keyword: "type"
    found: "array"
    expected: ["string"]

  Actual: {"data":{"overdraftContractedLimit":0,"overdraftContractedLimitCurrency":"BRL","overdraftUsedLimit":0,"overdraftUsedLimitCurrency":"BRL","unarrangedOverdraftAmount":0,"unarrangedOverdraftAmountCurrency":"BRL"},"links":{"self":"http://10.120.192.16/open-banking/accounts/v1/accounts/e92c51df-b68c-4faa-9cbc-4cb1b232781f/overdraft-limits","first":null,"prev":null,"next":null,"last":null},"meta":{"totalRecords":1,"totalPages":1,"requestDateTime":[2021,6,23,22,53,47,105080000]}}

	at br.com.realize.tests.fase02.Contas.Limites.tests.GetLimiteTest.testGarantirContratosLimitesConta(GetLimiteTest.java:92)
</failure>
    <system-out><![CDATA[Request method:	GET
Request URI:	http://10.120.192.16/open-banking/accounts/v1/accounts/e92c51df-b68c-4faa-9cbc-4cb1b232781f/overdraft-limits
Proxy:			<none>
Request params:	<none>
Query params:	<none>
Form params:	<none>
Path params:	<none>
Headers:		Accept=*/*
				Content-Type=application/json; charset=UTF-8
Cookies:		<none>
Multiparts:		<none>
Body:			<none>

HTTP/1.1 200 OK
Date: Thu, 24 Jun 2021 01:53:47 GMT
Content-Type: application/json
Transfer-Encoding: chunked
Connection: keep-alive
Content-Encoding: gzip

{
    "data": {
        "overdraftContractedLimit": 0,
        "overdraftContractedLimitCurrency": "BRL",
        "overdraftUsedLimit": 0,
        "overdraftUsedLimitCurrency": "BRL",
        "unarrangedOverdraftAmount": 0,
        "unarrangedOverdraftAmountCurrency": "BRL"
    },
    "links": {
        "self": "http://10.120.192.16/open-banking/accounts/v1/accounts/e92c51df-b68c-4faa-9cbc-4cb1b232781f/overdraft-limits",
        "first": null,
        "prev": null,
        "next": null,
        "last": null
    },
    "meta": {
        "totalRecords": 1,
        "totalPages": 1,
        "requestDateTime": [
            2021,
            6,
            23,
            22,
            53,
            47,
            105080000
        ]
    }
}
]]></system-out>
  </testcase>
  <testcase name="testMetodoNaoSuportado" classname="br.com.realize.tests.fase02.Contas.Limites.tests.GetLimiteTest" time="4.512"/>
  <testcase name="testPathInvalido" classname="br.com.realize.tests.fase02.Contas.Limites.tests.GetLimiteTest" time="4.851"/>
  <testcase name="testIdInvalidoLimite" classname="br.com.realize.tests.fase02.Contas.Limites.tests.GetLimiteTest" time="0.084"/>
  <testcase name="testObterLimites" classname="br.com.realize.tests.fase02.Contas.Limites.tests.GetLimiteTest" time="15.825"/>
  <testcase name="testValidarIdentificacaoConta" classname="br.com.realize.tests.fase02.Contas.IdentificacaoConta.tests.GetIdentificacaoContaTest" time="3.392"/>
  <testcase name="testMetodoNaoSuportado" classname="br.com.realize.tests.fase02.Contas.IdentificacaoConta.tests.GetIdentificacaoContaTest" time="0.075"/>
  <testcase name="testIdInvalido" classname="br.com.realize.tests.fase02.Contas.IdentificacaoConta.tests.GetIdentificacaoContaTest" time="0.098"/>
  <testcase name="testPathInvalido" classname="br.com.realize.tests.fase02.Contas.IdentificacaoConta.tests.GetIdentificacaoContaTest" time="0.121"/>
  <testcase name="testGarantirContratosInformacoesConta" classname="br.com.realize.tests.fase02.Contas.IdentificacaoConta.tests.GetIdentificacaoContaTest" time="1.692">
    <failure message="1 expectation failed.&#10;Response body doesn&apos;t match expectation.&#10;Expected: The content to match the given JSON schema.&#10;error: instance type (array) does not match any allowed primitive type (allowed: [&quot;string&quot;])&#10;    level: &quot;error&quot;&#10;    schema: {&quot;loadingURI&quot;:&quot;#&quot;,&quot;pointer&quot;:&quot;/properties/meta/properties/requestDateTime&quot;}&#10;    instance: {&quot;pointer&quot;:&quot;/meta/requestDateTime&quot;}&#10;    domain: &quot;validation&quot;&#10;    keyword: &quot;type&quot;&#10;    found: &quot;array&quot;&#10;    expected: [&quot;string&quot;]&#10;&#10;  Actual: {&quot;data&quot;:{&quot;compeCode&quot;:&quot;374&quot;,&quot;branchCode&quot;:&quot;0001&quot;,&quot;number&quot;:&quot;681819020&quot;,&quot;checkDigit&quot;:&quot;6&quot;,&quot;type&quot;:&quot;CONTA_PAGAMENTO_PRE_PAGA&quot;,&quot;subtype&quot;:&quot;INDIVIDUAL&quot;,&quot;currency&quot;:&quot;BRL&quot;},&quot;links&quot;:{&quot;self&quot;:&quot;http://10.120.192.16/open-banking/accounts/v1/accounts/28ef66f8-8e67-4d66-9420-9ce873f78214&quot;,&quot;first&quot;:null,&quot;prev&quot;:null,&quot;next&quot;:null,&quot;last&quot;:null},&quot;meta&quot;:{&quot;totalRecords&quot;:1,&quot;totalPages&quot;:1,&quot;requestDateTime&quot;:[2021,6,23,22,54,39,279091000]}}&#10;" type="java.lang.AssertionError">java.lang.AssertionError: 
1 expectation failed.
Response body doesn't match expectation.
Expected: The content to match the given JSON schema.
error: instance type (array) does not match any allowed primitive type (allowed: ["string"])
    level: "error"
    schema: {"loadingURI":"#","pointer":"/properties/meta/properties/requestDateTime"}
    instance: {"pointer":"/meta/requestDateTime"}
    domain: "validation"
    keyword: "type"
    found: "array"
    expected: ["string"]

  Actual: {"data":{"compeCode":"374","branchCode":"0001","number":"681819020","checkDigit":"6","type":"CONTA_PAGAMENTO_PRE_PAGA","subtype":"INDIVIDUAL","currency":"BRL"},"links":{"self":"http://10.120.192.16/open-banking/accounts/v1/accounts/28ef66f8-8e67-4d66-9420-9ce873f78214","first":null,"prev":null,"next":null,"last":null},"meta":{"totalRecords":1,"totalPages":1,"requestDateTime":[2021,6,23,22,54,39,279091000]}}

	at br.com.realize.tests.fase02.Contas.IdentificacaoConta.tests.GetIdentificacaoContaTest.testGarantirContratosInformacoesConta(GetIdentificacaoContaTest.java:56)
</failure>
    <system-out><![CDATA[Request method:	GET
Request URI:	http://10.120.192.16/open-banking/accounts/v1/accounts/28ef66f8-8e67-4d66-9420-9ce873f78214
Proxy:			<none>
Request params:	<none>
Query params:	<none>
Form params:	<none>
Path params:	<none>
Headers:		Accept=*/*
				Content-Type=application/json; charset=UTF-8
Cookies:		<none>
Multiparts:		<none>
Body:			<none>

HTTP/1.1 200 OK
Date: Thu, 24 Jun 2021 01:54:39 GMT
Content-Type: application/json
Transfer-Encoding: chunked
Connection: keep-alive
Content-Encoding: gzip

{
    "data": {
        "compeCode": "374",
        "branchCode": "0001",
        "number": "681819020",
        "checkDigit": "6",
        "type": "CONTA_PAGAMENTO_PRE_PAGA",
        "subtype": "INDIVIDUAL",
        "currency": "BRL"
    },
    "links": {
        "self": "http://10.120.192.16/open-banking/accounts/v1/accounts/28ef66f8-8e67-4d66-9420-9ce873f78214",
        "first": null,
        "prev": null,
        "next": null,
        "last": null
    },
    "meta": {
        "totalRecords": 1,
        "totalPages": 1,
        "requestDateTime": [
            2021,
            6,
            23,
            22,
            54,
            39,
            279091000
        ]
    }
}
]]></system-out>
  </testcase>
  <testcase name="testCpfInvalido" classname="br.com.realize.tests.fase02.DadosCadastrais.IdentificacaoPessoaNatural.tests.GetIdentificacaoPessoaNaturalTest" time="0.065">
    <failure message="1 expectation failed.&#10;Expected status code &lt;400&gt; but was &lt;500&gt;.&#10;" type="java.lang.AssertionError"><![CDATA[java.lang.AssertionError: 
1 expectation failed.
Expected status code <400> but was <500>.

	at br.com.realize.tests.fase02.DadosCadastrais.IdentificacaoPessoaNatural.tests.GetIdentificacaoPessoaNaturalTest.testCpfInvalido(GetIdentificacaoPessoaNaturalTest.java:89)
]]></failure>
    <system-out><![CDATA[Request method:	GET
Request URI:	http://10.120.192.16/open-banking/customers/v1/personal/identifications?cpf=98765432101&page=1&page-size=25
Proxy:			<none>
Request params:	<none>
Query params:	cpf=98765432101
				page=1
				page-size=25
Form params:	<none>
Path params:	<none>
Headers:		Accept=*/*
				Content-Type=application/json; charset=UTF-8
Cookies:		<none>
Multiparts:		<none>
Body:			<none>

HTTP/1.1 500 Internal Server Error
Date: Thu, 24 Jun 2021 01:54:39 GMT
Content-Type: application/json
Transfer-Encoding: chunked
Connection: keep-alive
Content-Encoding: gzip

{
    "errors": [
        {
            "code": "500",
            "title": "O repositório buscado se encontra vazio.",
            "detail": "Nenhuma Identificação de Pessoa Natural encontrada."
        }
    ]
}
]]></system-out>
  </testcase>
  <testcase name="testGarantirContratosIdentificacaoPessoaNatural" classname="br.com.realize.tests.fase02.DadosCadastrais.IdentificacaoPessoaNatural.tests.GetIdentificacaoPessoaNaturalTest" time="0.074">
    <failure message="1 expectation failed.&#10;Expected status code &lt;200&gt; but was &lt;500&gt;.&#10;" type="java.lang.AssertionError"><![CDATA[java.lang.AssertionError: 
1 expectation failed.
Expected status code <200> but was <500>.

	at br.com.realize.tests.fase02.DadosCadastrais.IdentificacaoPessoaNatural.tests.GetIdentificacaoPessoaNaturalTest.testGarantirContratosIdentificacaoPessoaNatural(GetIdentificacaoPessoaNaturalTest.java:55)
]]></failure>
    <system-out><![CDATA[Request method:	GET
Request URI:	http://10.120.192.16/open-banking/customers/v1/personal/identifications?cpfCnpj=11162630094&page=1&page-size=25
Proxy:			<none>
Request params:	<none>
Query params:	cpfCnpj=11162630094
				page=1
				page-size=25
Form params:	<none>
Path params:	<none>
Headers:		Accept=*/*
				Content-Type=application/json; charset=UTF-8
Cookies:		<none>
Multiparts:		<none>
Body:			<none>

HTTP/1.1 500 Internal Server Error
Date: Thu, 24 Jun 2021 01:54:39 GMT
Content-Type: application/json
Transfer-Encoding: chunked
Connection: keep-alive
Content-Encoding: gzip

{
    "errors": [
        {
            "code": "500",
            "title": "O repositório buscado se encontra vazio.",
            "detail": "Nenhuma Identificação de Pessoa Natural encontrada."
        }
    ]
}
]]></system-out>
  </testcase>
  <testcase name="testMetodoNaoSuportado" classname="br.com.realize.tests.fase02.DadosCadastrais.IdentificacaoPessoaNatural.tests.GetIdentificacaoPessoaNaturalTest" time="0.066">
    <failure message="1 expectation failed.&#10;Expected status code &lt;405&gt; but was &lt;500&gt;.&#10;" type="java.lang.AssertionError"><![CDATA[java.lang.AssertionError: 
1 expectation failed.
Expected status code <405> but was <500>.

	at br.com.realize.tests.fase02.DadosCadastrais.IdentificacaoPessoaNatural.tests.GetIdentificacaoPessoaNaturalTest.testMetodoNaoSuportado(GetIdentificacaoPessoaNaturalTest.java:78)
]]></failure>
    <system-out><![CDATA[Request method:	POST
Request URI:	http://10.120.192.16/open-banking/customers/v1/personal/identifications?cpfCnpj=11162630094&page=1&page-size=25
Proxy:			<none>
Request params:	<none>
Query params:	cpfCnpj=11162630094
				page=1
				page-size=25
Form params:	<none>
Path params:	<none>
Headers:		Accept=*/*
				Content-Type=application/json; charset=UTF-8
Cookies:		<none>
Multiparts:		<none>
Body:			<none>

HTTP/1.1 500 Internal Server Error
Date: Thu, 24 Jun 2021 01:54:39 GMT
Content-Type: application/json
Transfer-Encoding: chunked
Connection: keep-alive
Content-Encoding: gzip

{
    "errors": [
        {
            "code": "500",
            "title": "Ocorreu um erro inesperado ao processar sua requisição.",
            "detail": "Request method 'POST' not supported"
        }
    ]
}
]]></system-out>
  </testcase>
  <testcase name="testPathInvalido" classname="br.com.realize.tests.fase02.DadosCadastrais.IdentificacaoPessoaNatural.tests.GetIdentificacaoPessoaNaturalTest" time="0.09"/>
  <testcase name="testValidarIdentificacaoPessoaNatural" classname="br.com.realize.tests.fase02.DadosCadastrais.IdentificacaoPessoaNatural.tests.GetIdentificacaoPessoaNaturalTest" time="0.083">
    <failure message="1 expectation failed.&#10;Expected status code &lt;200&gt; but was &lt;500&gt;.&#10;" type="java.lang.AssertionError"><![CDATA[java.lang.AssertionError: 
1 expectation failed.
Expected status code <200> but was <500>.

	at br.com.realize.tests.fase02.DadosCadastrais.IdentificacaoPessoaNatural.tests.GetIdentificacaoPessoaNaturalTest.testValidarIdentificacaoPessoaNatural(GetIdentificacaoPessoaNaturalTest.java:37)
]]></failure>
    <system-out><![CDATA[Request method:	GET
Request URI:	http://10.120.192.16/open-banking/customers/v1/personal/identifications?cpfCnpj=15218532827&page=1&page-size=25
Proxy:			<none>
Request params:	<none>
Query params:	cpfCnpj=15218532827
				page=1
				page-size=25
Form params:	<none>
Path params:	<none>
Headers:		Accept=*/*
				Content-Type=application/json; charset=UTF-8
Cookies:		<none>
Multiparts:		<none>
Body:			<none>

HTTP/1.1 500 Internal Server Error
Date: Thu, 24 Jun 2021 01:54:39 GMT
Content-Type: application/json
Transfer-Encoding: chunked
Connection: keep-alive
Content-Encoding: gzip

{
    "errors": [
        {
            "code": "500",
            "title": "O repositório buscado se encontra vazio.",
            "detail": "Nenhuma Identificação de Pessoa Natural encontrada."
        }
    ]
}
]]></system-out>
  </testcase>
  <testcase name="testGarantirContratosIdentificacaoPessoaNatural" classname="br.com.realize.tests.fase02.DadosCadastrais.QualificacaoPessoaNatural.tests.GetQualificacaoPessoaNaturalTest" time="0.076">
    <failure message="1 expectation failed.&#10;Expected status code &lt;200&gt; but was &lt;500&gt;.&#10;" type="java.lang.AssertionError"><![CDATA[java.lang.AssertionError: 
1 expectation failed.
Expected status code <200> but was <500>.

	at br.com.realize.tests.fase02.DadosCadastrais.QualificacaoPessoaNatural.tests.GetQualificacaoPessoaNaturalTest.testGarantirContratosIdentificacaoPessoaNatural(GetQualificacaoPessoaNaturalTest.java:56)
]]></failure>
    <system-out><![CDATA[Request method:	GET
Request URI:	http://10.120.192.16/open-banking/customers/v1/personal/qualifications?cpfCnpj=11162630094&page=1&page-size=25
Proxy:			<none>
Request params:	<none>
Query params:	cpfCnpj=11162630094
				page=1
				page-size=25
Form params:	<none>
Path params:	<none>
Headers:		Accept=*/*
				Content-Type=application/json; charset=UTF-8
Cookies:		<none>
Multiparts:		<none>
Body:			<none>

HTTP/1.1 500 Internal Server Error
Date: Thu, 24 Jun 2021 01:54:39 GMT
Content-Type: application/json
Transfer-Encoding: chunked
Connection: keep-alive
Content-Encoding: gzip

{
    "errors": [
        {
            "code": "500",
            "title": "O repositório buscado se encontra vazio.",
            "detail": "Nenhuma Qualificação de Pessoa Natural encontrada."
        }
    ]
}
]]></system-out>
  </testcase>
  <testcase name="testMetodoNaoSuportado" classname="br.com.realize.tests.fase02.DadosCadastrais.QualificacaoPessoaNatural.tests.GetQualificacaoPessoaNaturalTest" time="0.071">
    <failure message="1 expectation failed.&#10;Expected status code &lt;405&gt; but was &lt;500&gt;.&#10;" type="java.lang.AssertionError"><![CDATA[java.lang.AssertionError: 
1 expectation failed.
Expected status code <405> but was <500>.

	at br.com.realize.tests.fase02.DadosCadastrais.QualificacaoPessoaNatural.tests.GetQualificacaoPessoaNaturalTest.testMetodoNaoSuportado(GetQualificacaoPessoaNaturalTest.java:79)
]]></failure>
    <system-out><![CDATA[Request method:	POST
Request URI:	http://10.120.192.16/open-banking/customers/v1/personal/qualifications?cpfCnpj=75629018051&page=1&page-size=25
Proxy:			<none>
Request params:	<none>
Query params:	cpfCnpj=75629018051
				page=1
				page-size=25
Form params:	<none>
Path params:	<none>
Headers:		Accept=*/*
				Content-Type=application/json; charset=UTF-8
Cookies:		<none>
Multiparts:		<none>
Body:			<none>

HTTP/1.1 500 Internal Server Error
Date: Thu, 24 Jun 2021 01:54:39 GMT
Content-Type: application/json
Transfer-Encoding: chunked
Connection: keep-alive
Content-Encoding: gzip

{
    "errors": [
        {
            "code": "500",
            "title": "Ocorreu um erro inesperado ao processar sua requisição.",
            "detail": "Request method 'POST' not supported"
        }
    ]
}
]]></system-out>
  </testcase>
  <testcase name="testPathInvalido" classname="br.com.realize.tests.fase02.DadosCadastrais.QualificacaoPessoaNatural.tests.GetQualificacaoPessoaNaturalTest" time="0.066"/>
  <testcase name="testValidarIdentificacaoPessoaNatural" classname="br.com.realize.tests.fase02.DadosCadastrais.QualificacaoPessoaNatural.tests.GetQualificacaoPessoaNaturalTest" time="0.083">
    <failure message="1 expectation failed.&#10;Expected status code &lt;200&gt; but was &lt;500&gt;.&#10;" type="java.lang.AssertionError"><![CDATA[java.lang.AssertionError: 
1 expectation failed.
Expected status code <200> but was <500>.

	at br.com.realize.tests.fase02.DadosCadastrais.QualificacaoPessoaNatural.tests.GetQualificacaoPessoaNaturalTest.testValidarIdentificacaoPessoaNatural(GetQualificacaoPessoaNaturalTest.java:38)
]]></failure>
    <system-out><![CDATA[Request method:	GET
Request URI:	http://10.120.192.16/open-banking/customers/v1/personal/qualifications?cpfCnpj=75629018051&page=1&page-size=25
Proxy:			<none>
Request params:	<none>
Query params:	cpfCnpj=75629018051
				page=1
				page-size=25
Form params:	<none>
Path params:	<none>
Headers:		Accept=*/*
				Content-Type=application/json; charset=UTF-8
Cookies:		<none>
Multiparts:		<none>
Body:			<none>

HTTP/1.1 500 Internal Server Error
Date: Thu, 24 Jun 2021 01:54:39 GMT
Content-Type: application/json
Transfer-Encoding: chunked
Connection: keep-alive
Content-Encoding: gzip

{
    "errors": [
        {
            "code": "500",
            "title": "O repositório buscado se encontra vazio.",
            "detail": "Nenhuma Qualificação de Pessoa Natural encontrada."
        }
    ]
}
]]></system-out>
  </testcase>
</testsuite>