<?xml version="1.0" encoding="UTF-8"?>
<testsuite xmlns:xsi="http://www.w3.org/2001/XMLSchema-instance" xsi:noNamespaceSchemaLocation="https://maven.apache.org/surefire/maven-surefire-plugin/xsd/surefire-test-report.xsd" name="br.com.realize.tests.fase01.CanaisAtendimento.CorrespondentesBancarios.tests.GetCorrespondentesBancariosTest" time="10.967" tests="14" errors="0" skipped="0" failures="1">
  <properties>
    <property name="sun.desktop" value="windows"/>
    <property name="awt.toolkit" value="sun.awt.windows.WToolkit"/>
    <property name="file.encoding.pkg" value="sun.io"/>
    <property name="java.specification.version" value="1.8"/>
    <property name="sun.cpu.isalist" value="amd64"/>
    <property name="sun.jnu.encoding" value="Cp1252"/>
    <property name="java.class.path" value="C:\Projetos\openbanking\target\test-classes;C:\Projetos\openbanking\target\classes;C:\Users\SouthSystem\.m2\repository\org\projectlombok\lombok\1.18.6\lombok-1.18.6.jar;C:\Users\SouthSystem\.m2\repository\com\googlecode\json-simple\json-simple\1.1.1\json-simple-1.1.1.jar;C:\Users\SouthSystem\.m2\repository\junit\junit\4.12\junit-4.12.jar;C:\Users\SouthSystem\.m2\repository\org\hamcrest\hamcrest-core\1.3\hamcrest-core-1.3.jar;C:\Users\SouthSystem\.m2\repository\io\rest-assured\rest-assured\4.2.0\rest-assured-4.2.0.jar;C:\Users\SouthSystem\.m2\repository\org\codehaus\groovy\groovy\2.5.8\groovy-2.5.8.jar;C:\Users\SouthSystem\.m2\repository\org\codehaus\groovy\groovy-xml\2.5.8\groovy-xml-2.5.8.jar;C:\Users\SouthSystem\.m2\repository\org\apache\httpcomponents\httpclient\4.5.3\httpclient-4.5.3.jar;C:\Users\SouthSystem\.m2\repository\org\apache\httpcomponents\httpcore\4.4.6\httpcore-4.4.6.jar;C:\Users\SouthSystem\.m2\repository\commons-logging\commons-logging\1.2\commons-logging-1.2.jar;C:\Users\SouthSystem\.m2\repository\commons-codec\commons-codec\1.9\commons-codec-1.9.jar;C:\Users\SouthSystem\.m2\repository\org\apache\httpcomponents\httpmime\4.5.3\httpmime-4.5.3.jar;C:\Users\SouthSystem\.m2\repository\org\hamcrest\hamcrest\2.1\hamcrest-2.1.jar;C:\Users\SouthSystem\.m2\repository\org\ccil\cowan\tagsoup\tagsoup\1.2.1\tagsoup-1.2.1.jar;C:\Users\SouthSystem\.m2\repository\io\rest-assured\xml-path\4.2.0\xml-path-4.2.0.jar;C:\Users\SouthSystem\.m2\repository\jakarta\xml\bind\jakarta.xml.bind-api\2.3.2\jakarta.xml.bind-api-2.3.2.jar;C:\Users\SouthSystem\.m2\repository\jakarta\activation\jakarta.activation-api\1.2.1\jakarta.activation-api-1.2.1.jar;C:\Users\SouthSystem\.m2\repository\com\sun\xml\bind\jaxb-osgi\2.3.0.1\jaxb-osgi-2.3.0.1.jar;C:\Users\SouthSystem\.m2\repository\org\apache\sling\org.apache.sling.javax.activation\0.1.0\org.apache.sling.javax.activation-0.1.0.jar;C:\Users\SouthSystem\.m2\repository\io\rest-assured\json-schema-validator\4.2.0\json-schema-validator-4.2.0.jar;C:\Users\SouthSystem\.m2\repository\com\github\java-json-tools\json-schema-validator\2.2.10\json-schema-validator-2.2.10.jar;C:\Users\SouthSystem\.m2\repository\com\github\java-json-tools\json-schema-core\1.2.10\json-schema-core-1.2.10.jar;C:\Users\SouthSystem\.m2\repository\com\github\java-json-tools\jackson-coreutils\1.9\jackson-coreutils-1.9.jar;C:\Users\SouthSystem\.m2\repository\com\google\guava\guava\16.0.1\guava-16.0.1.jar;C:\Users\SouthSystem\.m2\repository\com\github\fge\msg-simple\1.1\msg-simple-1.1.jar;C:\Users\SouthSystem\.m2\repository\com\github\fge\btf\1.2\btf-1.2.jar;C:\Users\SouthSystem\.m2\repository\com\github\fge\uri-template\0.9\uri-template-0.9.jar;C:\Users\SouthSystem\.m2\repository\org\mozilla\rhino\1.7.7.1\rhino-1.7.7.1.jar;C:\Users\SouthSystem\.m2\repository\javax\mail\mailapi\1.4.3\mailapi-1.4.3.jar;C:\Users\SouthSystem\.m2\repository\joda-time\joda-time\2.9.7\joda-time-2.9.7.jar;C:\Users\SouthSystem\.m2\repository\com\googlecode\libphonenumber\libphonenumber\8.0.0\libphonenumber-8.0.0.jar;C:\Users\SouthSystem\.m2\repository\com\google\code\findbugs\jsr305\3.0.1\jsr305-3.0.1.jar;C:\Users\SouthSystem\.m2\repository\net\sf\jopt-simple\jopt-simple\5.0.3\jopt-simple-5.0.3.jar;C:\Users\SouthSystem\.m2\repository\com\github\javafaker\javafaker\1.0.1\javafaker-1.0.1.jar;C:\Users\SouthSystem\.m2\repository\org\apache\commons\commons-lang3\3.5\commons-lang3-3.5.jar;C:\Users\SouthSystem\.m2\repository\org\yaml\snakeyaml\1.23\snakeyaml-1.23-android.jar;C:\Users\SouthSystem\.m2\repository\com\github\mifmif\generex\1.0.2\generex-1.0.2.jar;C:\Users\SouthSystem\.m2\repository\dk\brics\automaton\automaton\1.11-8\automaton-1.11-8.jar;C:\Users\SouthSystem\.m2\repository\io\rest-assured\json-path\4.2.0\json-path-4.2.0.jar;C:\Users\SouthSystem\.m2\repository\org\codehaus\groovy\groovy-json\2.5.8\groovy-json-2.5.8.jar;C:\Users\SouthSystem\.m2\repository\io\rest-assured\rest-assured-common\4.2.0\rest-assured-common-4.2.0.jar;C:\Users\SouthSystem\.m2\repository\io\qameta\allure\allure-junit4\2.9.0\allure-junit4-2.9.0.jar;C:\Users\SouthSystem\.m2\repository\io\qameta\allure\allure-java-commons\2.9.0\allure-java-commons-2.9.0.jar;C:\Users\SouthSystem\.m2\repository\io\qameta\allure\allure-model\2.9.0\allure-model-2.9.0.jar;C:\Users\SouthSystem\.m2\repository\com\fasterxml\jackson\core\jackson-databind\2.9.7\jackson-databind-2.9.7.jar;C:\Users\SouthSystem\.m2\repository\com\fasterxml\jackson\core\jackson-annotations\2.9.0\jackson-annotations-2.9.0.jar;C:\Users\SouthSystem\.m2\repository\com\fasterxml\jackson\core\jackson-core\2.9.7\jackson-core-2.9.7.jar;C:\Users\SouthSystem\.m2\repository\org\apache\tika\tika-core\1.19.1\tika-core-1.19.1.jar;C:\Users\SouthSystem\.m2\repository\org\aspectj\aspectjrt\1.9.1\aspectjrt-1.9.1.jar;C:\Users\SouthSystem\.m2\repository\org\jooq\joor-java-8\0.9.9\joor-java-8-0.9.9.jar;C:\Users\SouthSystem\.m2\repository\org\slf4j\slf4j-api\1.7.25\slf4j-api-1.7.25.jar;C:\Users\SouthSystem\.m2\repository\com\google\code\gson\gson\2.8.6\gson-2.8.6.jar;C:\Users\SouthSystem\.m2\repository\com\sun\xml\ws\jaxws-rt\2.1.4\jaxws-rt-2.1.4.jar;C:\Users\SouthSystem\.m2\repository\javax\xml\ws\jaxws-api\2.1\jaxws-api-2.1.jar;C:\Users\SouthSystem\.m2\repository\javax\xml\bind\jaxb-api\2.1\jaxb-api-2.1.jar;C:\Users\SouthSystem\.m2\repository\com\sun\xml\bind\jaxb-impl\2.1.7\jaxb-impl-2.1.7.jar;C:\Users\SouthSystem\.m2\repository\com\sun\xml\messaging\saaj\saaj-impl\1.3.1\saaj-impl-1.3.1.jar;C:\Users\SouthSystem\.m2\repository\javax\xml\soap\saaj-api\1.3\saaj-api-1.3.jar;C:\Users\SouthSystem\.m2\repository\com\sun\xml\stream\buffer\streambuffer\0.7\streambuffer-0.7.jar;C:\Users\SouthSystem\.m2\repository\javax\activation\activation\1.1\activation-1.1.jar;C:\Users\SouthSystem\.m2\repository\com\sun\xml\stream\sjsxp\1.0.1\sjsxp-1.0.1.jar;C:\Users\SouthSystem\.m2\repository\javax\xml\stream\stax-api\1.0\stax-api-1.0.jar;C:\Users\SouthSystem\.m2\repository\org\jvnet\staxex\stax-ex\1.2\stax-ex-1.2.jar;C:\Users\SouthSystem\.m2\repository\com\sun\org\apache\xml\internal\resolver\20050927\resolver-20050927.jar;C:\Users\SouthSystem\.m2\repository\org\jvnet\mimepull\1.2\mimepull-1.2.jar;C:\Users\SouthSystem\.m2\repository\org\junit\platform\junit-platform-launcher\1.6.2\junit-platform-launcher-1.6.2.jar;C:\Users\SouthSystem\.m2\repository\org\apiguardian\apiguardian-api\1.1.0\apiguardian-api-1.1.0.jar;C:\Users\SouthSystem\.m2\repository\org\junit\platform\junit-platform-engine\1.6.0\junit-platform-engine-1.6.0.jar;C:\Users\SouthSystem\.m2\repository\org\opentest4j\opentest4j\1.2.0\opentest4j-1.2.0.jar;C:\Users\SouthSystem\.m2\repository\org\junit\platform\junit-platform-commons\1.6.0\junit-platform-commons-1.6.0.jar;"/>
    <property name="java.vm.vendor" value="Oracle Corporation"/>
    <property name="sun.arch.data.model" value="64"/>
    <property name="user.variant" value=""/>
    <property name="java.vendor.url" value="http://java.oracle.com/"/>
    <property name="user.timezone" value=""/>
    <property name="java.vm.specification.version" value="1.8"/>
    <property name="os.name" value="Windows 10"/>
    <property name="user.country" value="BR"/>
    <property name="sun.java.launcher" value="SUN_STANDARD"/>
    <property name="sun.boot.library.path" value="C:\Program Files\Java\jdk1.8.0_281\jre\bin"/>
    <property name="sun.java.command" value="C:\Users\SOUTHS~1\AppData\Local\Temp\surefire4241218306831495172\surefirebooter117342377939753929.jar C:\Users\SouthSystem\AppData\Local\Temp\surefire4241218306831495172 2021-06-18T23-35-28_970-jvmRun1 surefire3514388897125047794tmp surefire_08968527019921638390tmp"/>
    <property name="surefire.test.class.path" value="C:\Projetos\openbanking\target\test-classes;C:\Projetos\openbanking\target\classes;C:\Users\SouthSystem\.m2\repository\org\projectlombok\lombok\1.18.6\lombok-1.18.6.jar;C:\Users\SouthSystem\.m2\repository\com\googlecode\json-simple\json-simple\1.1.1\json-simple-1.1.1.jar;C:\Users\SouthSystem\.m2\repository\junit\junit\4.12\junit-4.12.jar;C:\Users\SouthSystem\.m2\repository\org\hamcrest\hamcrest-core\1.3\hamcrest-core-1.3.jar;C:\Users\SouthSystem\.m2\repository\io\rest-assured\rest-assured\4.2.0\rest-assured-4.2.0.jar;C:\Users\SouthSystem\.m2\repository\org\codehaus\groovy\groovy\2.5.8\groovy-2.5.8.jar;C:\Users\SouthSystem\.m2\repository\org\codehaus\groovy\groovy-xml\2.5.8\groovy-xml-2.5.8.jar;C:\Users\SouthSystem\.m2\repository\org\apache\httpcomponents\httpclient\4.5.3\httpclient-4.5.3.jar;C:\Users\SouthSystem\.m2\repository\org\apache\httpcomponents\httpcore\4.4.6\httpcore-4.4.6.jar;C:\Users\SouthSystem\.m2\repository\commons-logging\commons-logging\1.2\commons-logging-1.2.jar;C:\Users\SouthSystem\.m2\repository\commons-codec\commons-codec\1.9\commons-codec-1.9.jar;C:\Users\SouthSystem\.m2\repository\org\apache\httpcomponents\httpmime\4.5.3\httpmime-4.5.3.jar;C:\Users\SouthSystem\.m2\repository\org\hamcrest\hamcrest\2.1\hamcrest-2.1.jar;C:\Users\SouthSystem\.m2\repository\org\ccil\cowan\tagsoup\tagsoup\1.2.1\tagsoup-1.2.1.jar;C:\Users\SouthSystem\.m2\repository\io\rest-assured\xml-path\4.2.0\xml-path-4.2.0.jar;C:\Users\SouthSystem\.m2\repository\jakarta\xml\bind\jakarta.xml.bind-api\2.3.2\jakarta.xml.bind-api-2.3.2.jar;C:\Users\SouthSystem\.m2\repository\jakarta\activation\jakarta.activation-api\1.2.1\jakarta.activation-api-1.2.1.jar;C:\Users\SouthSystem\.m2\repository\com\sun\xml\bind\jaxb-osgi\2.3.0.1\jaxb-osgi-2.3.0.1.jar;C:\Users\SouthSystem\.m2\repository\org\apache\sling\org.apache.sling.javax.activation\0.1.0\org.apache.sling.javax.activation-0.1.0.jar;C:\Users\SouthSystem\.m2\repository\io\rest-assured\json-schema-validator\4.2.0\json-schema-validator-4.2.0.jar;C:\Users\SouthSystem\.m2\repository\com\github\java-json-tools\json-schema-validator\2.2.10\json-schema-validator-2.2.10.jar;C:\Users\SouthSystem\.m2\repository\com\github\java-json-tools\json-schema-core\1.2.10\json-schema-core-1.2.10.jar;C:\Users\SouthSystem\.m2\repository\com\github\java-json-tools\jackson-coreutils\1.9\jackson-coreutils-1.9.jar;C:\Users\SouthSystem\.m2\repository\com\google\guava\guava\16.0.1\guava-16.0.1.jar;C:\Users\SouthSystem\.m2\repository\com\github\fge\msg-simple\1.1\msg-simple-1.1.jar;C:\Users\SouthSystem\.m2\repository\com\github\fge\btf\1.2\btf-1.2.jar;C:\Users\SouthSystem\.m2\repository\com\github\fge\uri-template\0.9\uri-template-0.9.jar;C:\Users\SouthSystem\.m2\repository\org\mozilla\rhino\1.7.7.1\rhino-1.7.7.1.jar;C:\Users\SouthSystem\.m2\repository\javax\mail\mailapi\1.4.3\mailapi-1.4.3.jar;C:\Users\SouthSystem\.m2\repository\joda-time\joda-time\2.9.7\joda-time-2.9.7.jar;C:\Users\SouthSystem\.m2\repository\com\googlecode\libphonenumber\libphonenumber\8.0.0\libphonenumber-8.0.0.jar;C:\Users\SouthSystem\.m2\repository\com\google\code\findbugs\jsr305\3.0.1\jsr305-3.0.1.jar;C:\Users\SouthSystem\.m2\repository\net\sf\jopt-simple\jopt-simple\5.0.3\jopt-simple-5.0.3.jar;C:\Users\SouthSystem\.m2\repository\com\github\javafaker\javafaker\1.0.1\javafaker-1.0.1.jar;C:\Users\SouthSystem\.m2\repository\org\apache\commons\commons-lang3\3.5\commons-lang3-3.5.jar;C:\Users\SouthSystem\.m2\repository\org\yaml\snakeyaml\1.23\snakeyaml-1.23-android.jar;C:\Users\SouthSystem\.m2\repository\com\github\mifmif\generex\1.0.2\generex-1.0.2.jar;C:\Users\SouthSystem\.m2\repository\dk\brics\automaton\automaton\1.11-8\automaton-1.11-8.jar;C:\Users\SouthSystem\.m2\repository\io\rest-assured\json-path\4.2.0\json-path-4.2.0.jar;C:\Users\SouthSystem\.m2\repository\org\codehaus\groovy\groovy-json\2.5.8\groovy-json-2.5.8.jar;C:\Users\SouthSystem\.m2\repository\io\rest-assured\rest-assured-common\4.2.0\rest-assured-common-4.2.0.jar;C:\Users\SouthSystem\.m2\repository\io\qameta\allure\allure-junit4\2.9.0\allure-junit4-2.9.0.jar;C:\Users\SouthSystem\.m2\repository\io\qameta\allure\allure-java-commons\2.9.0\allure-java-commons-2.9.0.jar;C:\Users\SouthSystem\.m2\repository\io\qameta\allure\allure-model\2.9.0\allure-model-2.9.0.jar;C:\Users\SouthSystem\.m2\repository\com\fasterxml\jackson\core\jackson-databind\2.9.7\jackson-databind-2.9.7.jar;C:\Users\SouthSystem\.m2\repository\com\fasterxml\jackson\core\jackson-annotations\2.9.0\jackson-annotations-2.9.0.jar;C:\Users\SouthSystem\.m2\repository\com\fasterxml\jackson\core\jackson-core\2.9.7\jackson-core-2.9.7.jar;C:\Users\SouthSystem\.m2\repository\org\apache\tika\tika-core\1.19.1\tika-core-1.19.1.jar;C:\Users\SouthSystem\.m2\repository\org\aspectj\aspectjrt\1.9.1\aspectjrt-1.9.1.jar;C:\Users\SouthSystem\.m2\repository\org\jooq\joor-java-8\0.9.9\joor-java-8-0.9.9.jar;C:\Users\SouthSystem\.m2\repository\org\slf4j\slf4j-api\1.7.25\slf4j-api-1.7.25.jar;C:\Users\SouthSystem\.m2\repository\com\google\code\gson\gson\2.8.6\gson-2.8.6.jar;C:\Users\SouthSystem\.m2\repository\com\sun\xml\ws\jaxws-rt\2.1.4\jaxws-rt-2.1.4.jar;C:\Users\SouthSystem\.m2\repository\javax\xml\ws\jaxws-api\2.1\jaxws-api-2.1.jar;C:\Users\SouthSystem\.m2\repository\javax\xml\bind\jaxb-api\2.1\jaxb-api-2.1.jar;C:\Users\SouthSystem\.m2\repository\com\sun\xml\bind\jaxb-impl\2.1.7\jaxb-impl-2.1.7.jar;C:\Users\SouthSystem\.m2\repository\com\sun\xml\messaging\saaj\saaj-impl\1.3.1\saaj-impl-1.3.1.jar;C:\Users\SouthSystem\.m2\repository\javax\xml\soap\saaj-api\1.3\saaj-api-1.3.jar;C:\Users\SouthSystem\.m2\repository\com\sun\xml\stream\buffer\streambuffer\0.7\streambuffer-0.7.jar;C:\Users\SouthSystem\.m2\repository\javax\activation\activation\1.1\activation-1.1.jar;C:\Users\SouthSystem\.m2\repository\com\sun\xml\stream\sjsxp\1.0.1\sjsxp-1.0.1.jar;C:\Users\SouthSystem\.m2\repository\javax\xml\stream\stax-api\1.0\stax-api-1.0.jar;C:\Users\SouthSystem\.m2\repository\org\jvnet\staxex\stax-ex\1.2\stax-ex-1.2.jar;C:\Users\SouthSystem\.m2\repository\com\sun\org\apache\xml\internal\resolver\20050927\resolver-20050927.jar;C:\Users\SouthSystem\.m2\repository\org\jvnet\mimepull\1.2\mimepull-1.2.jar;C:\Users\SouthSystem\.m2\repository\org\junit\platform\junit-platform-launcher\1.6.2\junit-platform-launcher-1.6.2.jar;C:\Users\SouthSystem\.m2\repository\org\apiguardian\apiguardian-api\1.1.0\apiguardian-api-1.1.0.jar;C:\Users\SouthSystem\.m2\repository\org\junit\platform\junit-platform-engine\1.6.0\junit-platform-engine-1.6.0.jar;C:\Users\SouthSystem\.m2\repository\org\opentest4j\opentest4j\1.2.0\opentest4j-1.2.0.jar;C:\Users\SouthSystem\.m2\repository\org\junit\platform\junit-platform-commons\1.6.0\junit-platform-commons-1.6.0.jar;"/>
    <property name="sun.cpu.endian" value="little"/>
    <property name="allure.results.directory" value="C:\Projetos\openbanking\target/allure-results"/>
    <property name="user.home" value="C:\Users\SouthSystem"/>
    <property name="user.language" value="pt"/>
    <property name="java.specification.vendor" value="Oracle Corporation"/>
    <property name="java.home" value="C:\Program Files\Java\jdk1.8.0_281\jre"/>
    <property name="basedir" value="C:\Projetos\openbanking"/>
    <property name="file.separator" value="\"/>
    <property name="line.separator" value="&#10;"/>
    <property name="java.vm.specification.vendor" value="Oracle Corporation"/>
    <property name="java.specification.name" value="Java Platform API Specification"/>
    <property name="java.awt.graphicsenv" value="sun.awt.Win32GraphicsEnvironment"/>
    <property name="surefire.real.class.path" value="C:\Users\SOUTHS~1\AppData\Local\Temp\surefire4241218306831495172\surefirebooter117342377939753929.jar;C:\Users\SouthSystem\.m2\repository/org/aspectj/aspectjweaver/1.9.1/aspectjweaver-1.9.1.jar"/>
    <property name="sun.boot.class.path" value="C:\Program Files\Java\jdk1.8.0_281\jre\lib\resources.jar;C:\Program Files\Java\jdk1.8.0_281\jre\lib\rt.jar;C:\Program Files\Java\jdk1.8.0_281\jre\lib\sunrsasign.jar;C:\Program Files\Java\jdk1.8.0_281\jre\lib\jsse.jar;C:\Program Files\Java\jdk1.8.0_281\jre\lib\jce.jar;C:\Program Files\Java\jdk1.8.0_281\jre\lib\charsets.jar;C:\Program Files\Java\jdk1.8.0_281\jre\lib\jfr.jar;C:\Program Files\Java\jdk1.8.0_281\jre\classes"/>
    <property name="user.script" value=""/>
    <property name="sun.management.compiler" value="HotSpot 64-Bit Tiered Compilers"/>
    <property name="java.runtime.version" value="1.8.0_281-b09"/>
    <property name="user.name" value="SouthSystem"/>
    <property name="path.separator" value=";"/>
    <property name="os.version" value="10.0"/>
    <property name="java.endorsed.dirs" value="C:\Program Files\Java\jdk1.8.0_281\jre\lib\endorsed"/>
    <property name="java.runtime.name" value="Java(TM) SE Runtime Environment"/>
    <property name="file.encoding" value="Cp1252"/>
    <property name="java.vm.name" value="Java HotSpot(TM) 64-Bit Server VM"/>
    <property name="localRepository" value="C:\Users\SouthSystem\.m2\repository"/>
    <property name="java.vendor.url.bug" value="http://bugreport.sun.com/bugreport/"/>
    <property name="java.io.tmpdir" value="C:\Users\SOUTHS~1\AppData\Local\Temp\"/>
    <property name="java.version" value="1.8.0_281"/>
    <property name="user.dir" value="C:\Projetos\openbanking"/>
    <property name="os.arch" value="amd64"/>
    <property name="java.vm.specification.name" value="Java Virtual Machine Specification"/>
    <property name="java.awt.printerjob" value="sun.awt.windows.WPrinterJob"/>
    <property name="sun.os.patch.level" value=""/>
    <property name="java.library.path" value="C:\Program Files\Java\jdk1.8.0_281\jre\bin;C:\Windows\Sun\Java\bin;C:\Windows\system32;C:\Windows;C:\Cmder\vendor\conemu-maximus5\ConEmu\Scripts;C:\Cmder\vendor\conemu-maximus5;C:\Cmder\vendor\conemu-maximus5\ConEmu;C:\Program Files (x86)\Common Files\Oracle\Java\javapath;C:\Windows\system32;C:\Windows;C:\Windows\System32\Wbem;C:\Windows\System32\WindowsPowerShell\v1.0\;C:\Windows\System32\OpenSSH\;C:\Program Files\NVIDIA Corporation\NVIDIA NvDLISR;C:\Program Files\nodejs\;C:\Maven\bin;C:\Program Files\Git\cmd;C:\Program Files\Microsoft SQL Server\Client SDK\ODBC\170\Tools\Binn\;C:\Program Files (x86)\Microsoft SQL Server\150\Tools\Binn\;C:\Program Files\Microsoft SQL Server\150\Tools\Binn\;C:\Program Files\Microsoft SQL Server\150\DTS\Binn\;C:\Program Files (x86)\Microsoft SQL Server\150\DTS\Binn\;C:\Program Files\Azure Data Studio\bin;C:\Users\SouthSystem\scoop\shims;C:\Users\SouthSystem\AppData\Local\Microsoft\WindowsApps;C:\Users\SouthSystem\AppData\Roaming\npm;C:\Users\SouthSystem\AppData\Local\Programs\Microsoft VS Code\bin;C:\Program Files\Azure Data Studio\bin;C:\Program Files\allure-2.13.9\bin;C:\Program Files\Git\mingw64\bin;C:\Program Files\Git\usr\bin;C:\Cmder\vendor\bin;C:\Cmder;."/>
    <property name="java.vm.info" value="mixed mode"/>
    <property name="java.vendor" value="Oracle Corporation"/>
    <property name="java.vm.version" value="25.281-b09"/>
    <property name="java.ext.dirs" value="C:\Program Files\Java\jdk1.8.0_281\jre\lib\ext;C:\Windows\Sun\Java\lib\ext"/>
    <property name="sun.io.unicode.encoding" value="UnicodeLittle"/>
    <property name="java.class.version" value="52.0"/>
  </properties>
  <testcase name="testNumeroPaginaInvalido" classname="br.com.realize.tests.fase01.CanaisAtendimento.CorrespondentesBancarios.tests.GetCorrespondentesBancariosTest" time="0"/>
  <testcase name="testNavegarProximaPagina" classname="br.com.realize.tests.fase01.CanaisAtendimento.CorrespondentesBancarios.tests.GetCorrespondentesBancariosTest" time="0"/>
  <testcase name="testNavegarPaginaAnterior" classname="br.com.realize.tests.fase01.CanaisAtendimento.CorrespondentesBancarios.tests.GetCorrespondentesBancariosTest" time="0"/>
  <testcase name="testTamanhoPaginaSuperior" classname="br.com.realize.tests.fase01.CanaisAtendimento.CorrespondentesBancarios.tests.GetCorrespondentesBancariosTest" time="0.082"/>
  <testcase name="testNumeroPaginaZero" classname="br.com.realize.tests.fase01.CanaisAtendimento.CorrespondentesBancarios.tests.GetCorrespondentesBancariosTest" time="0.084"/>
  <testcase name="testNavegarPrimeiraPagina" classname="br.com.realize.tests.fase01.CanaisAtendimento.CorrespondentesBancarios.tests.GetCorrespondentesBancariosTest" time="0.31"/>
  <testcase name="testMetodoNaoSuportado" classname="br.com.realize.tests.fase01.CanaisAtendimento.CorrespondentesBancarios.tests.GetCorrespondentesBancariosTest" time="0.084"/>
  <testcase name="testPathInvalido" classname="br.com.realize.tests.fase01.CanaisAtendimento.CorrespondentesBancarios.tests.GetCorrespondentesBancariosTest" time="0.076"/>
  <testcase name="testTamanhoPaginaInvalido" classname="br.com.realize.tests.fase01.CanaisAtendimento.CorrespondentesBancarios.tests.GetCorrespondentesBancariosTest" time="0.09"/>
  <testcase name="testTamanhoPaginaZero" classname="br.com.realize.tests.fase01.CanaisAtendimento.CorrespondentesBancarios.tests.GetCorrespondentesBancariosTest" time="0.074"/>
  <testcase name="testGarantirContratosCorrespondentesBancarios" classname="br.com.realize.tests.fase01.CanaisAtendimento.CorrespondentesBancarios.tests.GetCorrespondentesBancariosTest" time="6.271">
    <failure message="1 expectation failed.&#10;Response body doesn&apos;t match expectation.&#10;Expected: The content to match the given JSON schema.&#10;error: object has missing required properties ([&quot;brand&quot;])&#10;    level: &quot;error&quot;&#10;    schema: {&quot;loadingURI&quot;:&quot;#&quot;,&quot;pointer&quot;:&quot;/properties/data&quot;}&#10;    instance: {&quot;pointer&quot;:&quot;/data&quot;}&#10;    domain: &quot;validation&quot;&#10;    keyword: &quot;required&quot;&#10;    required: [&quot;brand&quot;]&#10;    missing: [&quot;brand&quot;]&#10;&#10;  Actual: {&quot;data&quot;:{&quot;name&quot;:&quot;REALIZE CFI S.A.&quot;,&quot;companies&quot;:[{&quot;name&quot;:&quot;REALIZE CRÉDITO, FINANCIAMENTO E INVESTIMENTO S.A.&quot;,&quot;cnpjNumber&quot;:&quot;27351731&quot;,&quot;contractors&quot;:[{&quot;name&quot;:&quot;REALIZE CRÉDITO, FINANCIAMENTO E INVESTIMENTO S.A.&quot;,&quot;cnpjNumber&quot;:&quot;27351731000138&quot;,&quot;bankingAgents&quot;:[{&quot;identification&quot;:{&quot;corporationName&quot;:&quot;LOJAS RENNER S.A.-LOJA NATAL SHOPPING&quot;,&quot;groupName&quot;:&quot;LOJAS RENNER S.A.&quot;,&quot;cnpjNumber&quot;:&quot;92754738025904&quot;,&quot;isUnderestablishment&quot;:false},&quot;locations&quot;:[{&quot;postalAddress&quot;:{&quot;address&quot;:&quot;AVENIDA SENADOR SALGADO FILHO, 2234, (ESPAÇO COMERCIAL Nº 368)&quot;,&quot;districtName&quot;:&quot;NATAL SHOPPING&quot;,&quot;townName&quot;:&quot;NATAL&quot;,&quot;countrySubDivision&quot;:&quot;RN&quot;,&quot;postCode&quot;:&quot;59064900&quot;,&quot;country&quot;:&quot;Brasil&quot;,&quot;countryCode&quot;:&quot;BRA&quot;},&quot;phones&quot;:[{&quot;type&quot;:&quot;FIXO&quot;,&quot;countryCallingCode&quot;:&quot;55&quot;,&quot;areaCode&quot;:&quot;85&quot;,&quot;number&quot;:&quot;33043847&quot;}],&quot;availability&quot;:{&quot;standards&quot;:[{&quot;weekday&quot;:&quot;DOMINGO&quot;},{&quot;weekday&quot;:&quot;SEGUNDA_FEIRA&quot;},{&quot;weekday&quot;:&quot;TERCA_FEIRA&quot;},{&quot;weekday&quot;:&quot;QUARTA_FEIRA&quot;},{&quot;weekday&quot;:&quot;QUINTA_FEIRA&quot;},{&quot;weekday&quot;:&quot;SEXTA_FEIRA&quot;},{&quot;weekday&quot;:&quot;SABADO&quot;}],&quot;exception&quot;:&quot;Exceto em datas festivas de Ano Novo, Dia das Mães, Dia dos Pais e Natal&quot;}}],&quot;services&quot;:[{&quot;name&quot;:&quot;RECEBIMENTOS_PAGAMENTOS_QUALQUER_NATUREZA_OUTRAS_ATIVIDADES_DECORRENTES_EXECUCAO_CONTRATOS_CONVENIOS_PRESTACAO_SERVICOS&quot;,&quot;code&quot;:&quot;RECEBIMENTOS_PAGAMENTOS_QUALQUER_NATUREZA_EXECUCAO_CONTRATOS_CONVENIO&quot;},{&quot;name&quot;:&quot;EXECUCAO_ATIVA_PASSIVA_ORDENS_PAGAMENTO_CURSADAS_INTERMEDIO_INSTITUICAO_CONTRATANTE_SOLICITACAO_CLIENTES_USUARIOS&quot;,&quot;code&quot;:&quot;EXECUCAO_ATIVA_PASSIVA_ORDENS_PAGAMENTO&quot;},{&quot;name&quot;:&quot;RECEPCAO_ENCAMINHAMENTO_PROPOSTAS_FORNECIMENTO_CARTAO_CREDITO_RESPONSABILIDADE_INSTITUICAO_CONTRATANTE&quot;,&quot;code&quot;:&quot;RECEBE_ENCAMINHA_PROPOSTAS_FORNECIMENTO_CARTAO_CREDITO&quot;},{&quot;name&quot;:&quot;RECEPCAO_ENCAMINHAMENTO_PROPOSTAS_OPERACAO_CREDITO_ARRENDAMENTO_MERCANTIL_CONCESSAO_INSTITUICAO_CONTRATANTE&quot;,&quot;code&quot;:&quot;RECEBE_ENCAMINHA_PROPOSTAS_CREDITO_ARRENDAMENTO_MERCANTIL&quot;}]},{&quot;identification&quot;:{&quot;corporationName&quot;:&quot;LOJAS RENNER S.A.-LOJA SHOPPING MONTSERRAT&quot;,&quot;groupName&quot;:&quot;LOJAS RENNER S.A.&quot;,&quot;cnpjNumber&quot;:&quot;92754738027605&quot;,&quot;isUnderestablishment&quot;:false},&quot;locations&quot;:[{&quot;postalAddress&quot;:{&quot;address&quot;:&quot;AVENIDA ELDES SCHERRER SOUZA, Nº 2162, (SUC Nº 103M – PISO L-1)&quot;,&quot;districtName&quot;:&quot;PLANALTO DE CARAPINA&quot;,&quot;townName&quot;:&quot;SERRA&quot;,&quot;countrySubDivision&quot;:&quot;ES&quot;,&quot;postCode&quot;:&quot;29162741&quot;,&quot;country&quot;:&quot;Brasil&quot;,&quot;countryCode&quot;:&quot;BRA&quot;},&quot;phones&quot;:[{&quot;type&quot;:&quot;FIXO&quot;,&quot;countryCallingCode&quot;:&quot;55&quot;,&quot;areaCode&quot;:&quot;85&quot;,&quot;number&quot;:&quot;33043848&quot;}],&quot;availability&quot;:{&quot;standards&quot;:[{&quot;weekday&quot;:&quot;DOMINGO&quot;},{&quot;weekday&quot;:&quot;SEGUNDA_FEIRA&quot;},{&quot;weekday&quot;:&quot;TERCA_FEIRA&quot;},{&quot;weekday&quot;:&quot;QUARTA_FEIRA&quot;},{&quot;weekday&quot;:&quot;QUINTA_FEIRA&quot;},{&quot;weekday&quot;:&quot;SEXTA_FEIRA&quot;},{&quot;weekday&quot;:&quot;SABADO&quot;}],&quot;exception&quot;:&quot;Exceto em datas festivas de Ano Novo, Dia das Mães, Dia dos Pais e Natal&quot;}}],&quot;services&quot;:[{&quot;name&quot;:&quot;RECEBIMENTOS_PAGAMENTOS_QUALQUER_NATUREZA_OUTRAS_ATIVIDADES_DECORRENTES_EXECUCAO_CONTRATOS_CONVENIOS_PRESTACAO_SERVICOS&quot;,&quot;code&quot;:&quot;RECEBIMENTOS_PAGAMENTOS_QUALQUER_NATUREZA_EXECUCAO_CONTRATOS_CONVENIO&quot;},{&quot;name&quot;:&quot;EXECUCAO_ATIVA_PASSIVA_ORDENS_PAGAMENTO_CURSADAS_INTERMEDIO_INSTITUICAO_CONTRATANTE_SOLICITACAO_CLIENTES_USUARIOS&quot;,&quot;code&quot;:&quot;EXECUCAO_ATIVA_PASSIVA_ORDENS_PAGAMENTO&quot;},{&quot;name&quot;:&quot;RECEPCAO_ENCAMINHAMENTO_PROPOSTAS_FORNECIMENTO_CARTAO_CREDITO_RESPONSABILIDADE_INSTITUICAO_CONTRATANTE&quot;,&quot;code&quot;:&quot;RECEBE_ENCAMINHA_PROPOSTAS_FORNECIMENTO_CARTAO_CREDITO&quot;},{&quot;name&quot;:&quot;RECEPCAO_ENCAMINHAMENTO_PROPOSTAS_OPERACAO_CREDITO_ARRENDAMENTO_MERCANTIL_CONCESSAO_INSTITUICAO_CONTRATANTE&quot;,&quot;code&quot;:&quot;RECEBE_ENCAMINHA_PROPOSTAS_CREDITO_ARRENDAMENTO_MERCANTIL&quot;}]},{&quot;identification&quot;:{&quot;corporationName&quot;:&quot;LOJAS RENNER S.A.-LOJA SHOPPING VALE DO AÇO&quot;,&quot;groupName&quot;:&quot;LOJAS RENNER S.A.&quot;,&quot;cnpjNumber&quot;:&quot;92754738030070&quot;,&quot;isUnderestablishment&quot;:false},&quot;locations&quot;:[{&quot;postalAddress&quot;:{&quot;address&quot;:&quot;AVENIDA PEDRO LINHARES GOMES, Nº 3900, (LOJA Nº 153 NO 1º PISO E Nº 262 NO 2º PISO)&quot;,&quot;districtName&quot;:&quot;INDUSTRIAL&quot;,&quot;townName&quot;:&quot;IPATINGA&quot;,&quot;countrySubDivision&quot;:&quot;MG&quot;,&quot;postCode&quot;:&quot;35160290&quot;,&quot;country&quot;:&quot;Brasil&quot;,&quot;countryCode&quot;:&quot;BRA&quot;},&quot;phones&quot;:[{&quot;type&quot;:&quot;FIXO&quot;,&quot;countryCallingCode&quot;:&quot;55&quot;,&quot;areaCode&quot;:&quot;85&quot;,&quot;number&quot;:&quot;33043849&quot;}],&quot;availability&quot;:{&quot;standards&quot;:[{&quot;weekday&quot;:&quot;DOMINGO&quot;},{&quot;weekday&quot;:&quot;SEGUNDA_FEIRA&quot;},{&quot;weekday&quot;:&quot;TERCA_FEIRA&quot;},{&quot;weekday&quot;:&quot;QUARTA_FEIRA&quot;},{&quot;weekday&quot;:&quot;QUINTA_FEIRA&quot;},{&quot;weekday&quot;:&quot;SEXTA_FEIRA&quot;},{&quot;weekday&quot;:&quot;SABADO&quot;}],&quot;exception&quot;:&quot;Exceto em datas festivas de Ano Novo, Dia das Mães, Dia dos Pais e Natal&quot;}}],&quot;services&quot;:[{&quot;name&quot;:&quot;RECEBIMENTOS_PAGAMENTOS_QUALQUER_NATUREZA_OUTRAS_ATIVIDADES_DECORRENTES_EXECUCAO_CONTRATOS_CONVENIOS_PRESTACAO_SERVICOS&quot;,&quot;code&quot;:&quot;RECEBIMENTOS_PAGAMENTOS_QUALQUER_NATUREZA_EXECUCAO_CONTRATOS_CONVENIO&quot;},{&quot;name&quot;:&quot;EXECUCAO_ATIVA_PASSIVA_ORDENS_PAGAMENTO_CURSADAS_INTERMEDIO_INSTITUICAO_CONTRATANTE_SOLICITACAO_CLIENTES_USUARIOS&quot;,&quot;code&quot;:&quot;EXECUCAO_ATIVA_PASSIVA_ORDENS_PAGAMENTO&quot;},{&quot;name&quot;:&quot;RECEPCAO_ENCAMINHAMENTO_PROPOSTAS_FORNECIMENTO_CARTAO_CREDITO_RESPONSABILIDADE_INSTITUICAO_CONTRATANTE&quot;,&quot;code&quot;:&quot;RECEBE_ENCAMINHA_PROPOSTAS_FORNECIMENTO_CARTAO_CREDITO&quot;},{&quot;name&quot;:&quot;RECEPCAO_ENCAMINHAMENTO_PROPOSTAS_OPERACAO_CREDITO_ARRENDAMENTO_MERCANTIL_CONCESSAO_INSTITUICAO_CONTRATANTE&quot;,&quot;code&quot;:&quot;RECEBE_ENCAMINHA_PROPOSTAS_CREDITO_ARRENDAMENTO_MERCANTIL&quot;}]},{&quot;identification&quot;:{&quot;corporationName&quot;:&quot;LOJAS RENNER S.A.-LOJA SHOPPING PRAÇA NOVA ARAÇATUBA&quot;,&quot;groupName&quot;:&quot;LOJAS RENNER S.A.&quot;,&quot;cnpjNumber&quot;:&quot;92754738027796&quot;,&quot;isUnderestablishment&quot;:false},&quot;locations&quot;:[{&quot;postalAddress&quot;:{&quot;address&quot;:&quot;AVENIDA GOVERNADOR MARIO COVAS, Nº 6001, (EUC Nº51 - PISO TÉRREO)&quot;,&quot;districtName&quot;:&quot;SHOPPING PRAÇA NOVA ARAÇATUBA&quot;,&quot;townName&quot;:&quot;ARACATUBA&quot;,&quot;countrySubDivision&quot;:&quot;SP&quot;,&quot;postCode&quot;:&quot;16071245&quot;,&quot;country&quot;:&quot;Brasil&quot;,&quot;countryCode&quot;:&quot;BRA&quot;},&quot;phones&quot;:[{&quot;type&quot;:&quot;FIXO&quot;,&quot;countryCallingCode&quot;:&quot;55&quot;,&quot;areaCode&quot;:&quot;85&quot;,&quot;number&quot;:&quot;33043850&quot;}],&quot;availability&quot;:{&quot;standards&quot;:[{&quot;weekday&quot;:&quot;DOMINGO&quot;},{&quot;weekday&quot;:&quot;SEGUNDA_FEIRA&quot;},{&quot;weekday&quot;:&quot;TERCA_FEIRA&quot;},{&quot;weekday&quot;:&quot;QUARTA_FEIRA&quot;},{&quot;weekday&quot;:&quot;QUINTA_FEIRA&quot;},{&quot;weekday&quot;:&quot;SEXTA_FEIRA&quot;},{&quot;weekday&quot;:&quot;SABADO&quot;}],&quot;exception&quot;:&quot;Exceto em datas festivas de Ano Novo, Dia das Mães, Dia dos Pais e Natal&quot;}}],&quot;services&quot;:[{&quot;name&quot;:&quot;RECEBIMENTOS_PAGAMENTOS_QUALQUER_NATUREZA_OUTRAS_ATIVIDADES_DECORRENTES_EXECUCAO_CONTRATOS_CONVENIOS_PRESTACAO_SERVICOS&quot;,&quot;code&quot;:&quot;RECEBIMENTOS_PAGAMENTOS_QUALQUER_NATUREZA_EXECUCAO_CONTRATOS_CONVENIO&quot;},{&quot;name&quot;:&quot;EXECUCAO_ATIVA_PASSIVA_ORDENS_PAGAMENTO_CURSADAS_INTERMEDIO_INSTITUICAO_CONTRATANTE_SOLICITACAO_CLIENTES_USUARIOS&quot;,&quot;code&quot;:&quot;EXECUCAO_ATIVA_PASSIVA_ORDENS_PAGAMENTO&quot;},{&quot;name&quot;:&quot;RECEPCAO_ENCAMINHAMENTO_PROPOSTAS_FORNECIMENTO_CARTAO_CREDITO_RESPONSABILIDADE_INSTITUICAO_CONTRATANTE&quot;,&quot;code&quot;:&quot;RECEBE_ENCAMINHA_PROPOSTAS_FORNECIMENTO_CARTAO_CREDITO&quot;},{&quot;name&quot;:&quot;RECEPCAO_ENCAMINHAMENTO_PROPOSTAS_OPERACAO_CREDITO_ARRENDAMENTO_MERCANTIL_CONCESSAO_INSTITUICAO_CONTRATANTE&quot;,&quot;code&quot;:&quot;RECEBE_ENCAMINHA_PROPOSTAS_CREDITO_ARRENDAMENTO_MERCANTIL&quot;}]},{&quot;identification&quot;:{&quot;corporationName&quot;:&quot;LOJAS RENNER S.A.-LOJA BURITÍ SHOPPING RIO VERDE&quot;,&quot;groupName&quot;:&quot;LOJAS RENNER S.A.&quot;,&quot;cnpjNumber&quot;:&quot;92754738029306&quot;,&quot;isUnderestablishment&quot;:false},&quot;locations&quot;:[{&quot;postalAddress&quot;:{&quot;address&quot;:&quot;RUA O, S/N, QUADRA 14, LOTE 6, LUC&apos;S Nº 156/157/158/159&quot;,&quot;districtName&quot;:&quot;SETOR JARDIM CAMPESTRE&quot;,&quot;townName&quot;:&quot;RIO VERDE&quot;,&quot;countrySubDivision&quot;:&quot;GO&quot;,&quot;postCode&quot;:&quot;75907681&quot;,&quot;country&quot;:&quot;Brasil&quot;,&quot;countryCode&quot;:&quot;BRA&quot;},&quot;phones&quot;:[{&quot;type&quot;:&quot;FIXO&quot;,&quot;countryCallingCode&quot;:&quot;55&quot;,&quot;areaCode&quot;:&quot;85&quot;,&quot;number&quot;:&quot;33043851&quot;}],&quot;availability&quot;:{&quot;standards&quot;:[{&quot;weekday&quot;:&quot;DOMINGO&quot;},{&quot;weekday&quot;:&quot;SEGUNDA_FEIRA&quot;},{&quot;weekday&quot;:&quot;TERCA_FEIRA&quot;},{&quot;weekday&quot;:&quot;QUARTA_FEIRA&quot;},{&quot;weekday&quot;:&quot;QUINTA_FEIRA&quot;},{&quot;weekday&quot;:&quot;SEXTA_FEIRA&quot;},{&quot;weekday&quot;:&quot;SABADO&quot;}],&quot;exception&quot;:&quot;Exceto em datas festivas de Ano Novo, Dia das Mães, Dia dos Pais e Natal&quot;}}],&quot;services&quot;:[{&quot;name&quot;:&quot;RECEBIMENTOS_PAGAMENTOS_QUALQUER_NATUREZA_OUTRAS_ATIVIDADES_DECORRENTES_EXECUCAO_CONTRATOS_CONVENIOS_PRESTACAO_SERVICOS&quot;,&quot;code&quot;:&quot;RECEBIMENTOS_PAGAMENTOS_QUALQUER_NATUREZA_EXECUCAO_CONTRATOS_CONVENIO&quot;},{&quot;name&quot;:&quot;EXECUCAO_ATIVA_PASSIVA_ORDENS_PAGAMENTO_CURSADAS_INTERMEDIO_INSTITUICAO_CONTRATANTE_SOLICITACAO_CLIENTES_USUARIOS&quot;,&quot;code&quot;:&quot;EXECUCAO_ATIVA_PASSIVA_ORDENS_PAGAMENTO&quot;},{&quot;name&quot;:&quot;RECEPCAO_ENCAMINHAMENTO_PROPOSTAS_FORNECIMENTO_CARTAO_CREDITO_RESPONSABILIDADE_INSTITUICAO_CONTRATANTE&quot;,&quot;code&quot;:&quot;RECEBE_ENCAMINHA_PROPOSTAS_FORNECIMENTO_CARTAO_CREDITO&quot;},{&quot;name&quot;:&quot;RECEPCAO_ENCAMINHAMENTO_PROPOSTAS_OPERACAO_CREDITO_ARRENDAMENTO_MERCANTIL_CONCESSAO_INSTITUICAO_CONTRATANTE&quot;,&quot;code&quot;:&quot;RECEBE_ENCAMINHA_PROPOSTAS_CREDITO_ARRENDAMENTO_MERCANTIL&quot;}]},{&quot;identification&quot;:{&quot;corporationName&quot;:&quot;LOJAS RENNER S.A.-LOJA SÃO LUÍS SHOPPING&quot;,&quot;groupName&quot;:&quot;LOJAS RENNER S.A.&quot;,&quot;cnpjNumber&quot;:&quot;92754738028920&quot;,&quot;isUnderestablishment&quot;:false},&quot;locations&quot;:[{&quot;postalAddress&quot;:{&quot;address&quot;:&quot;AVENIDA PROFESSOR CARLOS CUNHA, Nº 1.000 (LUC 301 ÂNCORA - 1 - PISO L1)&quot;,&quot;districtName&quot;:&quot;JARACATY&quot;,&quot;townName&quot;:&quot;SAO LUIS&quot;,&quot;countrySubDivision&quot;:&quot;MA&quot;,&quot;postCode&quot;:&quot;65076820&quot;,&quot;country&quot;:&quot;Brasil&quot;,&quot;countryCode&quot;:&quot;BRA&quot;},&quot;phones&quot;:[{&quot;type&quot;:&quot;FIXO&quot;,&quot;countryCallingCode&quot;:&quot;55&quot;,&quot;areaCode&quot;:&quot;85&quot;,&quot;number&quot;:&quot;33043852&quot;}],&quot;availability&quot;:{&quot;standards&quot;:[{&quot;weekday&quot;:&quot;DOMINGO&quot;},{&quot;weekday&quot;:&quot;SEGUNDA_FEIRA&quot;},{&quot;weekday&quot;:&quot;TERCA_FEIRA&quot;},{&quot;weekday&quot;:&quot;QUARTA_FEIRA&quot;},{&quot;weekday&quot;:&quot;QUINTA_FEIRA&quot;},{&quot;weekday&quot;:&quot;SEXTA_FEIRA&quot;},{&quot;weekday&quot;:&quot;SABADO&quot;}],&quot;exception&quot;:&quot;Exceto em datas festivas de Ano Novo, Dia das Mães, Dia dos Pais e Natal&quot;}}],&quot;services&quot;:[{&quot;name&quot;:&quot;RECEBIMENTOS_PAGAMENTOS_QUALQUER_NATUREZA_OUTRAS_ATIVIDADES_DECORRENTES_EXECUCAO_CONTRATOS_CONVENIOS_PRESTACAO_SERVICOS&quot;,&quot;code&quot;:&quot;RECEBIMENTOS_PAGAMENTOS_QUALQUER_NATUREZA_EXECUCAO_CONTRATOS_CONVENIO&quot;},{&quot;name&quot;:&quot;EXECUCAO_ATIVA_PASSIVA_ORDENS_PAGAMENTO_CURSADAS_INTERMEDIO_INSTITUICAO_CONTRATANTE_SOLICITACAO_CLIENTES_USUARIOS&quot;,&quot;code&quot;:&quot;EXECUCAO_ATIVA_PASSIVA_ORDENS_PAGAMENTO&quot;},{&quot;name&quot;:&quot;RECEPCAO_ENCAMINHAMENTO_PROPOSTAS_FORNECIMENTO_CARTAO_CREDITO_RESPONSABILIDADE_INSTITUICAO_CONTRATANTE&quot;,&quot;code&quot;:&quot;RECEBE_ENCAMINHA_PROPOSTAS_FORNECIMENTO_CARTAO_CREDITO&quot;},{&quot;name&quot;:&quot;RECEPCAO_ENCAMINHAMENTO_PROPOSTAS_OPERACAO_CREDITO_ARRENDAMENTO_MERCANTIL_CONCESSAO_INSTITUICAO_CONTRATANTE&quot;,&quot;code&quot;:&quot;RECEBE_ENCAMINHA_PROPOSTAS_CREDITO_ARRENDAMENTO_MERCANTIL&quot;}]},{&quot;identification&quot;:{&quot;corporationName&quot;:&quot;LOJAS RENNER S.A.-LOJA MOXUARA SHOPPING&quot;,&quot;groupName&quot;:&quot;LOJAS RENNER S.A.&quot;,&quot;cnpjNumber&quot;:&quot;92754738025661&quot;,&quot;isUnderestablishment&quot;:false},&quot;locations&quot;:[{&quot;postalAddress&quot;:{&quot;address&quot;:&quot;AVENIDA MARIO GURGEL, N° 5353, LOJA 307JKLMQ, PISO L3&quot;,&quot;districtName&quot;:&quot;SÃO FRANCISCO&quot;,&quot;townName&quot;:&quot;CARIACICA&quot;,&quot;countrySubDivision&quot;:&quot;ES&quot;,&quot;postCode&quot;:&quot;29145910&quot;,&quot;country&quot;:&quot;Brasil&quot;,&quot;countryCode&quot;:&quot;BRA&quot;},&quot;phones&quot;:[{&quot;type&quot;:&quot;FIXO&quot;,&quot;countryCallingCode&quot;:&quot;55&quot;,&quot;areaCode&quot;:&quot;85&quot;,&quot;number&quot;:&quot;33043853&quot;}],&quot;availability&quot;:{&quot;standards&quot;:[{&quot;weekday&quot;:&quot;DOMINGO&quot;},{&quot;weekday&quot;:&quot;SEGUNDA_FEIRA&quot;},{&quot;weekday&quot;:&quot;TERCA_FEIRA&quot;},{&quot;weekday&quot;:&quot;QUARTA_FEIRA&quot;},{&quot;weekday&quot;:&quot;QUINTA_FEIRA&quot;},{&quot;weekday&quot;:&quot;SEXTA_FEIRA&quot;},{&quot;weekday&quot;:&quot;SABADO&quot;}],&quot;exception&quot;:&quot;Exceto em datas festivas de Ano Novo, Dia das Mães, Dia dos Pais e Natal&quot;}}],&quot;services&quot;:[{&quot;name&quot;:&quot;RECEBIMENTOS_PAGAMENTOS_QUALQUER_NATUREZA_OUTRAS_ATIVIDADES_DECORRENTES_EXECUCAO_CONTRATOS_CONVENIOS_PRESTACAO_SERVICOS&quot;,&quot;code&quot;:&quot;RECEBIMENTOS_PAGAMENTOS_QUALQUER_NATUREZA_EXECUCAO_CONTRATOS_CONVENIO&quot;},{&quot;name&quot;:&quot;EXECUCAO_ATIVA_PASSIVA_ORDENS_PAGAMENTO_CURSADAS_INTERMEDIO_INSTITUICAO_CONTRATANTE_SOLICITACAO_CLIENTES_USUARIOS&quot;,&quot;code&quot;:&quot;EXECUCAO_ATIVA_PASSIVA_ORDENS_PAGAMENTO&quot;},{&quot;name&quot;:&quot;RECEPCAO_ENCAMINHAMENTO_PROPOSTAS_FORNECIMENTO_CARTAO_CREDITO_RESPONSABILIDADE_INSTITUICAO_CONTRATANTE&quot;,&quot;code&quot;:&quot;RECEBE_ENCAMINHA_PROPOSTAS_FORNECIMENTO_CARTAO_CREDITO&quot;},{&quot;name&quot;:&quot;RECEPCAO_ENCAMINHAMENTO_PROPOSTAS_OPERACAO_CREDITO_ARRENDAMENTO_MERCANTIL_CONCESSAO_INSTITUICAO_CONTRATANTE&quot;,&quot;code&quot;:&quot;RECEBE_ENCAMINHA_PROPOSTAS_CREDITO_ARRENDAMENTO_MERCANTIL&quot;}]},{&quot;identification&quot;:{&quot;corporationName&quot;:&quot;LOJAS RENNER S.A.-LOJA MOSSORÓ WEST SHOPPING&quot;,&quot;groupName&quot;:&quot;LOJAS RENNER S.A.&quot;,&quot;cnpjNumber&quot;:&quot;92754738028504&quot;,&quot;isUnderestablishment&quot;:false},&quot;locations&quot;:[{&quot;postalAddress&quot;:{&quot;address&quot;:&quot;AVENIDA JOÃO DA ESCOSSIA, Nº 1515 (EUC N° 001C – ÂNCORA 02 – PISO TÉRREO)&quot;,&quot;districtName&quot;:&quot;NOVA BETÂNIA&quot;,&quot;townName&quot;:&quot;MOSSORO&quot;,&quot;countrySubDivision&quot;:&quot;RN&quot;,&quot;postCode&quot;:&quot;59607330&quot;,&quot;country&quot;:&quot;Brasil&quot;,&quot;countryCode&quot;:&quot;BRA&quot;},&quot;phones&quot;:[{&quot;type&quot;:&quot;FIXO&quot;,&quot;countryCallingCode&quot;:&quot;55&quot;,&quot;areaCode&quot;:&quot;85&quot;,&quot;number&quot;:&quot;33043854&quot;}],&quot;availability&quot;:{&quot;standards&quot;:[{&quot;weekday&quot;:&quot;DOMINGO&quot;},{&quot;weekday&quot;:&quot;SEGUNDA_FEIRA&quot;},{&quot;weekday&quot;:&quot;TERCA_FEIRA&quot;},{&quot;weekday&quot;:&quot;QUARTA_FEIRA&quot;},{&quot;weekday&quot;:&quot;QUINTA_FEIRA&quot;},{&quot;weekday&quot;:&quot;SEXTA_FEIRA&quot;},{&quot;weekday&quot;:&quot;SABADO&quot;}],&quot;exception&quot;:&quot;Exceto em datas festivas de Ano Novo, Dia das Mães, Dia dos Pais e Natal&quot;}}],&quot;services&quot;:[{&quot;name&quot;:&quot;RECEBIMENTOS_PAGAMENTOS_QUALQUER_NATUREZA_OUTRAS_ATIVIDADES_DECORRENTES_EXECUCAO_CONTRATOS_CONVENIOS_PRESTACAO_SERVICOS&quot;,&quot;code&quot;:&quot;RECEBIMENTOS_PAGAMENTOS_QUALQUER_NATUREZA_EXECUCAO_CONTRATOS_CONVENIO&quot;},{&quot;name&quot;:&quot;EXECUCAO_ATIVA_PASSIVA_ORDENS_PAGAMENTO_CURSADAS_INTERMEDIO_INSTITUICAO_CONTRATANTE_SOLICITACAO_CLIENTES_USUARIOS&quot;,&quot;code&quot;:&quot;EXECUCAO_ATIVA_PASSIVA_ORDENS_PAGAMENTO&quot;},{&quot;name&quot;:&quot;RECEPCAO_ENCAMINHAMENTO_PROPOSTAS_FORNECIMENTO_CARTAO_CREDITO_RESPONSABILIDADE_INSTITUICAO_CONTRATANTE&quot;,&quot;code&quot;:&quot;RECEBE_ENCAMINHA_PROPOSTAS_FORNECIMENTO_CARTAO_CREDITO&quot;},{&quot;name&quot;:&quot;RECEPCAO_ENCAMINHAMENTO_PROPOSTAS_OPERACAO_CREDITO_ARRENDAMENTO_MERCANTIL_CONCESSAO_INSTITUICAO_CONTRATANTE&quot;,&quot;code&quot;:&quot;RECEBE_ENCAMINHA_PROPOSTAS_CREDITO_ARRENDAMENTO_MERCANTIL&quot;}]},{&quot;identification&quot;:{&quot;corporationName&quot;:&quot;LOJAS RENNER S.A.-LOJA SHOPPING VILA VELHA&quot;,&quot;groupName&quot;:&quot;LOJAS RENNER S.A.&quot;,&quot;cnpjNumber&quot;:&quot;92754738029497&quot;,&quot;isUnderestablishment&quot;:false},&quot;locations&quot;:[{&quot;postalAddress&quot;:{&quot;address&quot;:&quot;RUA LUCIANO DAS NEVES, Nº 2418 (LUC 1001 - PISO L1)&quot;,&quot;districtName&quot;:&quot;DIVINO ESPÍRITO SANTO&quot;,&quot;townName&quot;:&quot;VILA VELHA&quot;,&quot;countrySubDivision&quot;:&quot;ES&quot;,&quot;postCode&quot;:&quot;29107900&quot;,&quot;country&quot;:&quot;Brasil&quot;,&quot;countryCode&quot;:&quot;BRA&quot;},&quot;phones&quot;:[{&quot;type&quot;:&quot;FIXO&quot;,&quot;countryCallingCode&quot;:&quot;55&quot;,&quot;areaCode&quot;:&quot;85&quot;,&quot;number&quot;:&quot;33043855&quot;}],&quot;availability&quot;:{&quot;standards&quot;:[{&quot;weekday&quot;:&quot;DOMINGO&quot;},{&quot;weekday&quot;:&quot;SEGUNDA_FEIRA&quot;},{&quot;weekday&quot;:&quot;TERCA_FEIRA&quot;},{&quot;weekday&quot;:&quot;QUARTA_FEIRA&quot;},{&quot;weekday&quot;:&quot;QUINTA_FEIRA&quot;},{&quot;weekday&quot;:&quot;SEXTA_FEIRA&quot;},{&quot;weekday&quot;:&quot;SABADO&quot;}],&quot;exception&quot;:&quot;Exceto em datas festivas de Ano Novo, Dia das Mães, Dia dos Pais e Natal&quot;}}],&quot;services&quot;:[{&quot;name&quot;:&quot;RECEBIMENTOS_PAGAMENTOS_QUALQUER_NATUREZA_OUTRAS_ATIVIDADES_DECORRENTES_EXECUCAO_CONTRATOS_CONVENIOS_PRESTACAO_SERVICOS&quot;,&quot;code&quot;:&quot;RECEBIMENTOS_PAGAMENTOS_QUALQUER_NATUREZA_EXECUCAO_CONTRATOS_CONVENIO&quot;},{&quot;name&quot;:&quot;EXECUCAO_ATIVA_PASSIVA_ORDENS_PAGAMENTO_CURSADAS_INTERMEDIO_INSTITUICAO_CONTRATANTE_SOLICITACAO_CLIENTES_USUARIOS&quot;,&quot;code&quot;:&quot;EXECUCAO_ATIVA_PASSIVA_ORDENS_PAGAMENTO&quot;},{&quot;name&quot;:&quot;RECEPCAO_ENCAMINHAMENTO_PROPOSTAS_FORNECIMENTO_CARTAO_CREDITO_RESPONSABILIDADE_INSTITUICAO_CONTRATANTE&quot;,&quot;code&quot;:&quot;RECEBE_ENCAMINHA_PROPOSTAS_FORNECIMENTO_CARTAO_CREDITO&quot;},{&quot;name&quot;:&quot;RECEPCAO_ENCAMINHAMENTO_PROPOSTAS_OPERACAO_CREDITO_ARRENDAMENTO_MERCANTIL_CONCESSAO_INSTITUICAO_CONTRATANTE&quot;,&quot;code&quot;:&quot;RECEBE_ENCAMINHA_PROPOSTAS_CREDITO_ARRENDAMENTO_MERCANTIL&quot;}]},{&quot;identification&quot;:{&quot;corporationName&quot;:&quot;LOJAS RENNER S.A.-LOJA PARQUE SHOPPING MAIA&quot;,&quot;groupName&quot;:&quot;LOJAS RENNER S.A.&quot;,&quot;cnpjNumber&quot;:&quot;92754738028334&quot;,&quot;isUnderestablishment&quot;:false},&quot;locations&quot;:[{&quot;postalAddress&quot;:{&quot;address&quot;:&quot;BARTHOLOMEU DE CARLOS, 0, (LUC 2033), SÍTIO TABATINGA&quot;,&quot;districtName&quot;:&quot;JARDIM FLOR DA MONTANHA&quot;,&quot;townName&quot;:&quot;GUARULHOS&quot;,&quot;countrySubDivision&quot;:&quot;SP&quot;,&quot;postCode&quot;:&quot;07097420&quot;,&quot;country&quot;:&quot;Brasil&quot;,&quot;countryCode&quot;:&quot;BRA&quot;},&quot;phones&quot;:[{&quot;type&quot;:&quot;FIXO&quot;,&quot;countryCallingCode&quot;:&quot;55&quot;,&quot;areaCode&quot;:&quot;85&quot;,&quot;number&quot;:&quot;33043856&quot;}],&quot;availability&quot;:{&quot;standards&quot;:[{&quot;weekday&quot;:&quot;DOMINGO&quot;},{&quot;weekday&quot;:&quot;SEGUNDA_FEIRA&quot;},{&quot;weekday&quot;:&quot;TERCA_FEIRA&quot;},{&quot;weekday&quot;:&quot;QUARTA_FEIRA&quot;},{&quot;weekday&quot;:&quot;QUINTA_FEIRA&quot;},{&quot;weekday&quot;:&quot;SEXTA_FEIRA&quot;},{&quot;weekday&quot;:&quot;SABADO&quot;}],&quot;exception&quot;:&quot;Exceto em datas festivas de Ano Novo, Dia das Mães, Dia dos Pais e Natal&quot;}}],&quot;services&quot;:[{&quot;name&quot;:&quot;RECEBIMENTOS_PAGAMENTOS_QUALQUER_NATUREZA_OUTRAS_ATIVIDADES_DECORRENTES_EXECUCAO_CONTRATOS_CONVENIOS_PRESTACAO_SERVICOS&quot;,&quot;code&quot;:&quot;RECEBIMENTOS_PAGAMENTOS_QUALQUER_NATUREZA_EXECUCAO_CONTRATOS_CONVENIO&quot;},{&quot;name&quot;:&quot;EXECUCAO_ATIVA_PASSIVA_ORDENS_PAGAMENTO_CURSADAS_INTERMEDIO_INSTITUICAO_CONTRATANTE_SOLICITACAO_CLIENTES_USUARIOS&quot;,&quot;code&quot;:&quot;EXECUCAO_ATIVA_PASSIVA_ORDENS_PAGAMENTO&quot;},{&quot;name&quot;:&quot;RECEPCAO_ENCAMINHAMENTO_PROPOSTAS_FORNECIMENTO_CARTAO_CREDITO_RESPONSABILIDADE_INSTITUICAO_CONTRATANTE&quot;,&quot;code&quot;:&quot;RECEBE_ENCAMINHA_PROPOSTAS_FORNECIMENTO_CARTAO_CREDITO&quot;},{&quot;name&quot;:&quot;RECEPCAO_ENCAMINHAMENTO_PROPOSTAS_OPERACAO_CREDITO_ARRENDAMENTO_MERCANTIL_CONCESSAO_INSTITUICAO_CONTRATANTE&quot;,&quot;code&quot;:&quot;RECEBE_ENCAMINHA_PROPOSTAS_CREDITO_ARRENDAMENTO_MERCANTIL&quot;}]},{&quot;identification&quot;:{&quot;corporationName&quot;:&quot;LOJAS RENNER S.A.-LOJA SHOPPING PÁTIO RORAIMA&quot;,&quot;groupName&quot;:&quot;LOJAS RENNER S.A.&quot;,&quot;cnpjNumber&quot;:&quot;92754738029225&quot;,&quot;isUnderestablishment&quot;:false},&quot;locations&quot;:[{&quot;postalAddress&quot;:{&quot;address&quot;:&quot;AVENIDA JOÃO ALENCAR, Nº 2181, ESPAÇO COMERCIAL Nº 201 - O&quot;,&quot;districtName&quot;:&quot;AEROPORTO&quot;,&quot;townName&quot;:&quot;BOA VISTA&quot;,&quot;countrySubDivision&quot;:&quot;RR&quot;,&quot;postCode&quot;:&quot;69310065&quot;,&quot;country&quot;:&quot;Brasil&quot;,&quot;countryCode&quot;:&quot;BRA&quot;},&quot;phones&quot;:[{&quot;type&quot;:&quot;FIXO&quot;,&quot;countryCallingCode&quot;:&quot;55&quot;,&quot;areaCode&quot;:&quot;85&quot;,&quot;number&quot;:&quot;33043857&quot;}],&quot;availability&quot;:{&quot;standards&quot;:[{&quot;weekday&quot;:&quot;DOMINGO&quot;},{&quot;weekday&quot;:&quot;SEGUNDA_FEIRA&quot;},{&quot;weekday&quot;:&quot;TERCA_FEIRA&quot;},{&quot;weekday&quot;:&quot;QUARTA_FEIRA&quot;},{&quot;weekday&quot;:&quot;QUINTA_FEIRA&quot;},{&quot;weekday&quot;:&quot;SEXTA_FEIRA&quot;},{&quot;weekday&quot;:&quot;SABADO&quot;}],&quot;exception&quot;:&quot;Exceto em datas festivas de Ano Novo, Dia das Mães, Dia dos Pais e Natal&quot;}}],&quot;services&quot;:[{&quot;name&quot;:&quot;RECEBIMENTOS_PAGAMENTOS_QUALQUER_NATUREZA_OUTRAS_ATIVIDADES_DECORRENTES_EXECUCAO_CONTRATOS_CONVENIOS_PRESTACAO_SERVICOS&quot;,&quot;code&quot;:&quot;RECEBIMENTOS_PAGAMENTOS_QUALQUER_NATUREZA_EXECUCAO_CONTRATOS_CONVENIO&quot;},{&quot;name&quot;:&quot;EXECUCAO_ATIVA_PASSIVA_ORDENS_PAGAMENTO_CURSADAS_INTERMEDIO_INSTITUICAO_CONTRATANTE_SOLICITACAO_CLIENTES_USUARIOS&quot;,&quot;code&quot;:&quot;EXECUCAO_ATIVA_PASSIVA_ORDENS_PAGAMENTO&quot;},{&quot;name&quot;:&quot;RECEPCAO_ENCAMINHAMENTO_PROPOSTAS_FORNECIMENTO_CARTAO_CREDITO_RESPONSABILIDADE_INSTITUICAO_CONTRATANTE&quot;,&quot;code&quot;:&quot;RECEBE_ENCAMINHA_PROPOSTAS_FORNECIMENTO_CARTAO_CREDITO&quot;},{&quot;name&quot;:&quot;RECEPCAO_ENCAMINHAMENTO_PROPOSTAS_OPERACAO_CREDITO_ARRENDAMENTO_MERCANTIL_CONCESSAO_INSTITUICAO_CONTRATANTE&quot;,&quot;code&quot;:&quot;RECEBE_ENCAMINHA_PROPOSTAS_CREDITO_ARRENDAMENTO_MERCANTIL&quot;}]},{&quot;identification&quot;:{&quot;corporationName&quot;:&quot;LOJAS RENNER S.A.-LOJA 7 DE SETEMBRO&quot;,&quot;groupName&quot;:&quot;LOJAS RENNER S.A.&quot;,&quot;cnpjNumber&quot;:&quot;92754738028091&quot;,&quot;isUnderestablishment&quot;:false},&quot;locations&quot;:[{&quot;postalAddress&quot;:{&quot;address&quot;:&quot;RUA SETE DE SETEMBRO, 111 (LOJA 111-A)&apos;&quot;,&quot;districtName&quot;:&quot;CENTRO&quot;,&quot;townName&quot;:&quot;RIO DE JANEIRO&quot;,&quot;countrySubDivision&quot;:&quot;RJ&quot;,&quot;postCode&quot;:&quot;20050006&quot;,&quot;country&quot;:&quot;Brasil&quot;,&quot;countryCode&quot;:&quot;BRA&quot;},&quot;phones&quot;:[{&quot;type&quot;:&quot;FIXO&quot;,&quot;countryCallingCode&quot;:&quot;55&quot;,&quot;areaCode&quot;:&quot;85&quot;,&quot;number&quot;:&quot;33043858&quot;}],&quot;availability&quot;:{&quot;standards&quot;:[{&quot;weekday&quot;:&quot;SEGUNDA_FEIRA&quot;},{&quot;weekday&quot;:&quot;TERCA_FEIRA&quot;},{&quot;weekday&quot;:&quot;QUARTA_FEIRA&quot;},{&quot;weekday&quot;:&quot;QUINTA_FEIRA&quot;},{&quot;weekday&quot;:&quot;SEXTA_FEIRA&quot;},{&quot;weekday&quot;:&quot;SABADO&quot;}],&quot;exception&quot;:&quot;Exceto feriados municipais, estaduais e nacionais&quot;}}],&quot;services&quot;:[{&quot;name&quot;:&quot;RECEBIMENTOS_PAGAMENTOS_QUALQUER_NATUREZA_OUTRAS_ATIVIDADES_DECORRENTES_EXECUCAO_CONTRATOS_CONVENIOS_PRESTACAO_SERVICOS&quot;,&quot;code&quot;:&quot;RECEBIMENTOS_PAGAMENTOS_QUALQUER_NATUREZA_EXECUCAO_CONTRATOS_CONVENIO&quot;},{&quot;name&quot;:&quot;EXECUCAO_ATIVA_PASSIVA_ORDENS_PAGAMENTO_CURSADAS_INTERMEDIO_INSTITUICAO_CONTRATANTE_SOLICITACAO_CLIENTES_USUARIOS&quot;,&quot;code&quot;:&quot;EXECUCAO_ATIVA_PASSIVA_ORDENS_PAGAMENTO&quot;},{&quot;name&quot;:&quot;RECEPCAO_ENCAMINHAMENTO_PROPOSTAS_FORNECIMENTO_CARTAO_CREDITO_RESPONSABILIDADE_INSTITUICAO_CONTRATANTE&quot;,&quot;code&quot;:&quot;RECEBE_ENCAMINHA_PROPOSTAS_FORNECIMENTO_CARTAO_CREDITO&quot;},{&quot;name&quot;:&quot;RECEPCAO_ENCAMINHAMENTO_PROPOSTAS_OPERACAO_CREDITO_ARRENDAMENTO_MERCANTIL_CONCESSAO_INSTITUICAO_CONTRATANTE&quot;,&quot;code&quot;:&quot;RECEBE_ENCAMINHA_PROPOSTAS_CREDITO_ARRENDAMENTO_MERCANTIL&quot;}]},{&quot;identification&quot;:{&quot;corporationName&quot;:&quot;LOJAS RENNER S.A.-LOJA SHOPPING JARAGUA ARARAQUARA&quot;,&quot;groupName&quot;:&quot;LOJAS RENNER S.A.&quot;,&quot;cnpjNumber&quot;:&quot;92754738031041&quot;,&quot;isUnderestablishment&quot;:false},&quot;locations&quot;:[{&quot;postalAddress&quot;:{&quot;address&quot;:&quot;AVENIDA ALBERTO BENASSI, Nº 2270, LOJA 100, PISO TÉRREO&quot;,&quot;districtName&quot;:&quot;JARDIM BANDEIRANTES&quot;,&quot;townName&quot;:&quot;ARARAQUARA&quot;,&quot;countrySubDivision&quot;:&quot;SP&quot;,&quot;postCode&quot;:&quot;14804300&quot;,&quot;country&quot;:&quot;Brasil&quot;,&quot;countryCode&quot;:&quot;BRA&quot;},&quot;phones&quot;:[{&quot;type&quot;:&quot;FIXO&quot;,&quot;countryCallingCode&quot;:&quot;55&quot;,&quot;areaCode&quot;:&quot;85&quot;,&quot;number&quot;:&quot;33043859&quot;}],&quot;availability&quot;:{&quot;standards&quot;:[{&quot;weekday&quot;:&quot;DOMINGO&quot;},{&quot;weekday&quot;:&quot;SEGUNDA_FEIRA&quot;},{&quot;weekday&quot;:&quot;TERCA_FEIRA&quot;},{&quot;weekday&quot;:&quot;QUARTA_FEIRA&quot;},{&quot;weekday&quot;:&quot;QUINTA_FEIRA&quot;},{&quot;weekday&quot;:&quot;SEXTA_FEIRA&quot;},{&quot;weekday&quot;:&quot;SABADO&quot;}],&quot;exception&quot;:&quot;Exceto em datas festivas de Ano Novo, Dia das Mães, Dia dos Pais e Natal&quot;}}],&quot;services&quot;:[{&quot;name&quot;:&quot;RECEBIMENTOS_PAGAMENTOS_QUALQUER_NATUREZA_OUTRAS_ATIVIDADES_DECORRENTES_EXECUCAO_CONTRATOS_CONVENIOS_PRESTACAO_SERVICOS&quot;,&quot;code&quot;:&quot;RECEBIMENTOS_PAGAMENTOS_QUALQUER_NATUREZA_EXECUCAO_CONTRATOS_CONVENIO&quot;},{&quot;name&quot;:&quot;EXECUCAO_ATIVA_PASSIVA_ORDENS_PAGAMENTO_CURSADAS_INTERMEDIO_INSTITUICAO_CONTRATANTE_SOLICITACAO_CLIENTES_USUARIOS&quot;,&quot;code&quot;:&quot;EXECUCAO_ATIVA_PASSIVA_ORDENS_PAGAMENTO&quot;},{&quot;name&quot;:&quot;RECEPCAO_ENCAMINHAMENTO_PROPOSTAS_FORNECIMENTO_CARTAO_CREDITO_RESPONSABILIDADE_INSTITUICAO_CONTRATANTE&quot;,&quot;code&quot;:&quot;RECEBE_ENCAMINHA_PROPOSTAS_FORNECIMENTO_CARTAO_CREDITO&quot;},{&quot;name&quot;:&quot;RECEPCAO_ENCAMINHAMENTO_PROPOSTAS_OPERACAO_CREDITO_ARRENDAMENTO_MERCANTIL_CONCESSAO_INSTITUICAO_CONTRATANTE&quot;,&quot;code&quot;:&quot;RECEBE_ENCAMINHA_PROPOSTAS_CREDITO_ARRENDAMENTO_MERCANTIL&quot;}]},{&quot;identification&quot;:{&quot;corporationName&quot;:&quot;LOJAS RENNER S.A.-LOJA SHOPPING RIO CLARO&quot;,&quot;groupName&quot;:&quot;LOJAS RENNER S.A.&quot;,&quot;cnpjNumber&quot;:&quot;92754738028849&quot;,&quot;isUnderestablishment&quot;:false},&quot;locations&quot;:[{&quot;postalAddress&quot;:{&quot;address&quot;:&quot;AVENIDA CONDE FRANCISCO MATARAZZO JUNIOR, Nº 205 (LUC NºS A, 90, 91 E 92)&quot;,&quot;districtName&quot;:&quot;VILA PAULISTA&quot;,&quot;townName&quot;:&quot;RIO CLARO&quot;,&quot;countrySubDivision&quot;:&quot;SP&quot;,&quot;postCode&quot;:&quot;13506845&quot;,&quot;country&quot;:&quot;Brasil&quot;,&quot;countryCode&quot;:&quot;BRA&quot;},&quot;phones&quot;:[{&quot;type&quot;:&quot;FIXO&quot;,&quot;countryCallingCode&quot;:&quot;55&quot;,&quot;areaCode&quot;:&quot;85&quot;,&quot;number&quot;:&quot;33043860&quot;}],&quot;availability&quot;:{&quot;standards&quot;:[{&quot;weekday&quot;:&quot;DOMINGO&quot;},{&quot;weekday&quot;:&quot;SEGUNDA_FEIRA&quot;},{&quot;weekday&quot;:&quot;TERCA_FEIRA&quot;},{&quot;weekday&quot;:&quot;QUARTA_FEIRA&quot;},{&quot;weekday&quot;:&quot;QUINTA_FEIRA&quot;},{&quot;weekday&quot;:&quot;SEXTA_FEIRA&quot;},{&quot;weekday&quot;:&quot;SABADO&quot;}],&quot;exception&quot;:&quot;Exceto em datas festivas de Ano Novo, Dia das Mães, Dia dos Pais e Natal&quot;}}],&quot;services&quot;:[{&quot;name&quot;:&quot;RECEBIMENTOS_PAGAMENTOS_QUALQUER_NATUREZA_OUTRAS_ATIVIDADES_DECORRENTES_EXECUCAO_CONTRATOS_CONVENIOS_PRESTACAO_SERVICOS&quot;,&quot;code&quot;:&quot;RECEBIMENTOS_PAGAMENTOS_QUALQUER_NATUREZA_EXECUCAO_CONTRATOS_CONVENIO&quot;},{&quot;name&quot;:&quot;EXECUCAO_ATIVA_PASSIVA_ORDENS_PAGAMENTO_CURSADAS_INTERMEDIO_INSTITUICAO_CONTRATANTE_SOLICITACAO_CLIENTES_USUARIOS&quot;,&quot;code&quot;:&quot;EXECUCAO_ATIVA_PASSIVA_ORDENS_PAGAMENTO&quot;},{&quot;name&quot;:&quot;RECEPCAO_ENCAMINHAMENTO_PROPOSTAS_FORNECIMENTO_CARTAO_CREDITO_RESPONSABILIDADE_INSTITUICAO_CONTRATANTE&quot;,&quot;code&quot;:&quot;RECEBE_ENCAMINHA_PROPOSTAS_FORNECIMENTO_CARTAO_CREDITO&quot;},{&quot;name&quot;:&quot;RECEPCAO_ENCAMINHAMENTO_PROPOSTAS_OPERACAO_CREDITO_ARRENDAMENTO_MERCANTIL_CONCESSAO_INSTITUICAO_CONTRATANTE&quot;,&quot;code&quot;:&quot;RECEBE_ENCAMINHA_PROPOSTAS_CREDITO_ARRENDAMENTO_MERCANTIL&quot;}]},{&quot;identification&quot;:{&quot;corporationName&quot;:&quot;LOJAS RENNER S.A.-LOJA SHOPPING MANAUS VIA NORTE&quot;,&quot;groupName&quot;:&quot;LOJAS RENNER S.A.&quot;,&quot;cnpjNumber&quot;:&quot;92754738029144&quot;,&quot;isUnderestablishment&quot;:false},&quot;locations&quot;:[{&quot;postalAddress&quot;:{&quot;address&quot;:&quot;AVENIDA ARQUITETO JOSÉ HENRIQUE BENTO RODRIGUES, Nº 3760, ESPAÇO COMERCIAL Nº 202J&quot;,&quot;districtName&quot;:&quot;MONTE DAS OLIVEIRAS&quot;,&quot;townName&quot;:&quot;MANAUS&quot;,&quot;countrySubDivision&quot;:&quot;AM&quot;,&quot;postCode&quot;:&quot;69093149&quot;,&quot;country&quot;:&quot;Brasil&quot;,&quot;countryCode&quot;:&quot;BRA&quot;},&quot;phones&quot;:[{&quot;type&quot;:&quot;FIXO&quot;,&quot;countryCallingCode&quot;:&quot;55&quot;,&quot;areaCode&quot;:&quot;85&quot;,&quot;number&quot;:&quot;33043861&quot;}],&quot;availability&quot;:{&quot;standards&quot;:[{&quot;weekday&quot;:&quot;DOMINGO&quot;},{&quot;weekday&quot;:&quot;SEGUNDA_FEIRA&quot;},{&quot;weekday&quot;:&quot;TERCA_FEIRA&quot;},{&quot;weekday&quot;:&quot;QUARTA_FEIRA&quot;},{&quot;weekday&quot;:&quot;QUINTA_FEIRA&quot;},{&quot;weekday&quot;:&quot;SEXTA_FEIRA&quot;},{&quot;weekday&quot;:&quot;SABADO&quot;}],&quot;exception&quot;:&quot;Exceto em datas festivas de Ano Novo, Dia das Mães, Dia dos Pais e Natal&quot;}}],&quot;services&quot;:[{&quot;name&quot;:&quot;RECEBIMENTOS_PAGAMENTOS_QUALQUER_NATUREZA_OUTRAS_ATIVIDADES_DECORRENTES_EXECUCAO_CONTRATOS_CONVENIOS_PRESTACAO_SERVICOS&quot;,&quot;code&quot;:&quot;RECEBIMENTOS_PAGAMENTOS_QUALQUER_NATUREZA_EXECUCAO_CONTRATOS_CONVENIO&quot;},{&quot;name&quot;:&quot;EXECUCAO_ATIVA_PASSIVA_ORDENS_PAGAMENTO_CURSADAS_INTERMEDIO_INSTITUICAO_CONTRATANTE_SOLICITACAO_CLIENTES_USUARIOS&quot;,&quot;code&quot;:&quot;EXECUCAO_ATIVA_PASSIVA_ORDENS_PAGAMENTO&quot;},{&quot;name&quot;:&quot;RECEPCAO_ENCAMINHAMENTO_PROPOSTAS_FORNECIMENTO_CARTAO_CREDITO_RESPONSABILIDADE_INSTITUICAO_CONTRATANTE&quot;,&quot;code&quot;:&quot;RECEBE_ENCAMINHA_PROPOSTAS_FORNECIMENTO_CARTAO_CREDITO&quot;},{&quot;name&quot;:&quot;RECEPCAO_ENCAMINHAMENTO_PROPOSTAS_OPERACAO_CREDITO_ARRENDAMENTO_MERCANTIL_CONCESSAO_INSTITUICAO_CONTRATANTE&quot;,&quot;code&quot;:&quot;RECEBE_ENCAMINHA_PROPOSTAS_CREDITO_ARRENDAMENTO_MERCANTIL&quot;}]},{&quot;identification&quot;:{&quot;corporationName&quot;:&quot;LOJAS RENNER S.A.-LOJA AV. IBIRAPUERA&quot;,&quot;groupName&quot;:&quot;LOJAS RENNER S.A.&quot;,&quot;cnpjNumber&quot;:&quot;92754738029578&quot;,&quot;isUnderestablishment&quot;:false},&quot;locations&quot;:[{&quot;postalAddress&quot;:{&quot;address&quot;:&quot;AVENIDA IBIRAPUERA, Nº 2.601&quot;,&quot;districtName&quot;:&quot;INDIANÓPOLIS&quot;,&quot;townName&quot;:&quot;SAO PAULO&quot;,&quot;countrySubDivision&quot;:&quot;SP&quot;,&quot;postCode&quot;:&quot;04029200&quot;,&quot;country&quot;:&quot;Brasil&quot;,&quot;countryCode&quot;:&quot;BRA&quot;},&quot;phones&quot;:[{&quot;type&quot;:&quot;FIXO&quot;,&quot;countryCallingCode&quot;:&quot;55&quot;,&quot;areaCode&quot;:&quot;85&quot;,&quot;number&quot;:&quot;33043862&quot;}],&quot;availability&quot;:{&quot;standards&quot;:[{&quot;weekday&quot;:&quot;SEGUNDA_FEIRA&quot;},{&quot;weekday&quot;:&quot;TERCA_FEIRA&quot;},{&quot;weekday&quot;:&quot;QUARTA_FEIRA&quot;},{&quot;weekday&quot;:&quot;QUINTA_FEIRA&quot;},{&quot;weekday&quot;:&quot;SEXTA_FEIRA&quot;},{&quot;weekday&quot;:&quot;SABADO&quot;}],&quot;exception&quot;:&quot;Exceto feriados municipais, estaduais e nacionais&quot;}}],&quot;services&quot;:[{&quot;name&quot;:&quot;RECEBIMENTOS_PAGAMENTOS_QUALQUER_NATUREZA_OUTRAS_ATIVIDADES_DECORRENTES_EXECUCAO_CONTRATOS_CONVENIOS_PRESTACAO_SERVICOS&quot;,&quot;code&quot;:&quot;RECEBIMENTOS_PAGAMENTOS_QUALQUER_NATUREZA_EXECUCAO_CONTRATOS_CONVENIO&quot;},{&quot;name&quot;:&quot;EXECUCAO_ATIVA_PASSIVA_ORDENS_PAGAMENTO_CURSADAS_INTERMEDIO_INSTITUICAO_CONTRATANTE_SOLICITACAO_CLIENTES_USUARIOS&quot;,&quot;code&quot;:&quot;EXECUCAO_ATIVA_PASSIVA_ORDENS_PAGAMENTO&quot;},{&quot;name&quot;:&quot;RECEPCAO_ENCAMINHAMENTO_PROPOSTAS_FORNECIMENTO_CARTAO_CREDITO_RESPONSABILIDADE_INSTITUICAO_CONTRATANTE&quot;,&quot;code&quot;:&quot;RECEBE_ENCAMINHA_PROPOSTAS_FORNECIMENTO_CARTAO_CREDITO&quot;},{&quot;name&quot;:&quot;RECEPCAO_ENCAMINHAMENTO_PROPOSTAS_OPERACAO_CREDITO_ARRENDAMENTO_MERCANTIL_CONCESSAO_INSTITUICAO_CONTRATANTE&quot;,&quot;code&quot;:&quot;RECEBE_ENCAMINHA_PROPOSTAS_CREDITO_ARRENDAMENTO_MERCANTIL&quot;}]},{&quot;identification&quot;:{&quot;corporationName&quot;:&quot;LOJAS RENNER S.A.-LOJA SHOPPING TERRAÇO&quot;,&quot;groupName&quot;:&quot;LOJAS RENNER S.A.&quot;,&quot;cnpjNumber&quot;:&quot;92754738029810&quot;,&quot;isUnderestablishment&quot;:false},&quot;locations&quot;:[{&quot;postalAddress&quot;:{&quot;address&quot;:&quot;SHC/AOS EA 02/08, LOTE 05, LOJAS 107, 108, 109, 110 E 111 TÉRREO&quot;,&quot;districtName&quot;:&quot;OCTOGONAL&quot;,&quot;townName&quot;:&quot;BRASILIA&quot;,&quot;countrySubDivision&quot;:&quot;DF&quot;,&quot;postCode&quot;:&quot;70660090&quot;,&quot;country&quot;:&quot;Brasil&quot;,&quot;countryCode&quot;:&quot;BRA&quot;},&quot;phones&quot;:[{&quot;type&quot;:&quot;FIXO&quot;,&quot;countryCallingCode&quot;:&quot;55&quot;,&quot;areaCode&quot;:&quot;85&quot;,&quot;number&quot;:&quot;33043864&quot;}],&quot;availability&quot;:{&quot;standards&quot;:[{&quot;weekday&quot;:&quot;DOMINGO&quot;},{&quot;weekday&quot;:&quot;SEGUNDA_FEIRA&quot;},{&quot;weekday&quot;:&quot;TERCA_FEIRA&quot;},{&quot;weekday&quot;:&quot;QUARTA_FEIRA&quot;},{&quot;weekday&quot;:&quot;QUINTA_FEIRA&quot;},{&quot;weekday&quot;:&quot;SEXTA_FEIRA&quot;},{&quot;weekday&quot;:&quot;SABADO&quot;}],&quot;exception&quot;:&quot;Exceto em datas festivas de Ano Novo, Dia das Mães, Dia dos Pais e Natal&quot;}}],&quot;services&quot;:[{&quot;name&quot;:&quot;RECEBIMENTOS_PAGAMENTOS_QUALQUER_NATUREZA_OUTRAS_ATIVIDADES_DECORRENTES_EXECUCAO_CONTRATOS_CONVENIOS_PRESTACAO_SERVICOS&quot;,&quot;code&quot;:&quot;RECEBIMENTOS_PAGAMENTOS_QUALQUER_NATUREZA_EXECUCAO_CONTRATOS_CONVENIO&quot;},{&quot;name&quot;:&quot;EXECUCAO_ATIVA_PASSIVA_ORDENS_PAGAMENTO_CURSADAS_INTERMEDIO_INSTITUICAO_CONTRATANTE_SOLICITACAO_CLIENTES_USUARIOS&quot;,&quot;code&quot;:&quot;EXECUCAO_ATIVA_PASSIVA_ORDENS_PAGAMENTO&quot;},{&quot;name&quot;:&quot;RECEPCAO_ENCAMINHAMENTO_PROPOSTAS_FORNECIMENTO_CARTAO_CREDITO_RESPONSABILIDADE_INSTITUICAO_CONTRATANTE&quot;,&quot;code&quot;:&quot;RECEBE_ENCAMINHA_PROPOSTAS_FORNECIMENTO_CARTAO_CREDITO&quot;},{&quot;name&quot;:&quot;RECEPCAO_ENCAMINHAMENTO_PROPOSTAS_OPERACAO_CREDITO_ARRENDAMENTO_MERCANTIL_CONCESSAO_INSTITUICAO_CONTRATANTE&quot;,&quot;code&quot;:&quot;RECEBE_ENCAMINHA_PROPOSTAS_CREDITO_ARRENDAMENTO_MERCANTIL&quot;}]},{&quot;identification&quot;:{&quot;corporationName&quot;:&quot;LOJAS RENNER S.A.-LOJA LARGO DO MACHADO&quot;,&quot;groupName&quot;:&quot;LOJAS RENNER S.A.&quot;,&quot;cnpjNumber&quot;:&quot;92754738030150&quot;,&quot;isUnderestablishment&quot;:false},&quot;locations&quot;:[{&quot;postalAddress&quot;:{&quot;address&quot;:&quot;RUA DO CATETE, Nº 359&quot;,&quot;districtName&quot;:&quot;CETETE&quot;,&quot;townName&quot;:&quot;RIO DE JANEIRO&quot;,&quot;countrySubDivision&quot;:&quot;RJ&quot;,&quot;postCode&quot;:&quot;22220001&quot;,&quot;country&quot;:&quot;Brasil&quot;,&quot;countryCode&quot;:&quot;BRA&quot;},&quot;phones&quot;:[{&quot;type&quot;:&quot;FIXO&quot;,&quot;countryCallingCode&quot;:&quot;55&quot;,&quot;areaCode&quot;:&quot;85&quot;,&quot;number&quot;:&quot;33043865&quot;}],&quot;availability&quot;:{&quot;standards&quot;:[{&quot;weekday&quot;:&quot;SEGUNDA_FEIRA&quot;},{&quot;weekday&quot;:&quot;TERCA_FEIRA&quot;},{&quot;weekday&quot;:&quot;QUARTA_FEIRA&quot;},{&quot;weekday&quot;:&quot;QUINTA_FEIRA&quot;},{&quot;weekday&quot;:&quot;SEXTA_FEIRA&quot;},{&quot;weekday&quot;:&quot;SABADO&quot;}],&quot;exception&quot;:&quot;Exceto feriados municipais, estaduais e nacionais&quot;}}],&quot;services&quot;:[{&quot;name&quot;:&quot;RECEBIMENTOS_PAGAMENTOS_QUALQUER_NATUREZA_OUTRAS_ATIVIDADES_DECORRENTES_EXECUCAO_CONTRATOS_CONVENIOS_PRESTACAO_SERVICOS&quot;,&quot;code&quot;:&quot;RECEBIMENTOS_PAGAMENTOS_QUALQUER_NATUREZA_EXECUCAO_CONTRATOS_CONVENIO&quot;},{&quot;name&quot;:&quot;EXECUCAO_ATIVA_PASSIVA_ORDENS_PAGAMENTO_CURSADAS_INTERMEDIO_INSTITUICAO_CONTRATANTE_SOLICITACAO_CLIENTES_USUARIOS&quot;,&quot;code&quot;:&quot;EXECUCAO_ATIVA_PASSIVA_ORDENS_PAGAMENTO&quot;},{&quot;name&quot;:&quot;RECEPCAO_ENCAMINHAMENTO_PROPOSTAS_FORNECIMENTO_CARTAO_CREDITO_RESPONSABILIDADE_INSTITUICAO_CONTRATANTE&quot;,&quot;code&quot;:&quot;RECEBE_ENCAMINHA_PROPOSTAS_FORNECIMENTO_CARTAO_CREDITO&quot;},{&quot;name&quot;:&quot;RECEPCAO_ENCAMINHAMENTO_PROPOSTAS_OPERACAO_CREDITO_ARRENDAMENTO_MERCANTIL_CONCESSAO_INSTITUICAO_CONTRATANTE&quot;,&quot;code&quot;:&quot;RECEBE_ENCAMINHA_PROPOSTAS_CREDITO_ARRENDAMENTO_MERCANTIL&quot;}]},{&quot;identification&quot;:{&quot;corporationName&quot;:&quot;LOJAS RENNER S.A.-LOJA BOSQUE GRÃO PARÁ&quot;,&quot;groupName&quot;:&quot;LOJAS RENNER S.A.&quot;,&quot;cnpjNumber&quot;:&quot;92754738032285&quot;,&quot;isUnderestablishment&quot;:false},&quot;locations&quot;:[{&quot;postalAddress&quot;:{&quot;address&quot;:&quot;RODOVIA DOS TRABALHADORES, S/N, LOJAS 0001A, 0008A, 0008B - PISO TÉRREO&quot;,&quot;districtName&quot;:&quot;PARQUE VERDE&quot;,&quot;townName&quot;:&quot;BELEM&quot;,&quot;countrySubDivision&quot;:&quot;PA&quot;,&quot;postCode&quot;:&quot;66635894&quot;,&quot;country&quot;:&quot;Brasil&quot;,&quot;countryCode&quot;:&quot;BRA&quot;},&quot;phones&quot;:[{&quot;type&quot;:&quot;FIXO&quot;,&quot;countryCallingCode&quot;:&quot;55&quot;,&quot;areaCode&quot;:&quot;85&quot;,&quot;number&quot;:&quot;33043866&quot;}],&quot;availability&quot;:{&quot;standards&quot;:[{&quot;weekday&quot;:&quot;SEGUNDA_FEIRA&quot;},{&quot;weekday&quot;:&quot;TERCA_FEIRA&quot;},{&quot;weekday&quot;:&quot;QUARTA_FEIRA&quot;},{&quot;weekday&quot;:&quot;QUINTA_FEIRA&quot;},{&quot;weekday&quot;:&quot;SEXTA_FEIRA&quot;},{&quot;weekday&quot;:&quot;SABADO&quot;}],&quot;exception&quot;:&quot;Exceto feriados municipais, estaduais e nacionais&quot;}}],&quot;services&quot;:[{&quot;name&quot;:&quot;RECEBIMENTOS_PAGAMENTOS_QUALQUER_NATUREZA_OUTRAS_ATIVIDADES_DECORRENTES_EXECUCAO_CONTRATOS_CONVENIOS_PRESTACAO_SERVICOS&quot;,&quot;code&quot;:&quot;RECEBIMENTOS_PAGAMENTOS_QUALQUER_NATUREZA_EXECUCAO_CONTRATOS_CONVENIO&quot;},{&quot;name&quot;:&quot;EXECUCAO_ATIVA_PASSIVA_ORDENS_PAGAMENTO_CURSADAS_INTERMEDIO_INSTITUICAO_CONTRATANTE_SOLICITACAO_CLIENTES_USUARIOS&quot;,&quot;code&quot;:&quot;EXECUCAO_ATIVA_PASSIVA_ORDENS_PAGAMENTO&quot;},{&quot;name&quot;:&quot;RECEPCAO_ENCAMINHAMENTO_PROPOSTAS_FORNECIMENTO_CARTAO_CREDITO_RESPONSABILIDADE_INSTITUICAO_CONTRATANTE&quot;,&quot;code&quot;:&quot;RECEBE_ENCAMINHA_PROPOSTAS_FORNECIMENTO_CARTAO_CREDITO&quot;},{&quot;name&quot;:&quot;RECEPCAO_ENCAMINHAMENTO_PROPOSTAS_OPERACAO_CREDITO_ARRENDAMENTO_MERCANTIL_CONCESSAO_INSTITUICAO_CONTRATANTE&quot;,&quot;code&quot;:&quot;RECEBE_ENCAMINHA_PROPOSTAS_CREDITO_ARRENDAMENTO_MERCANTIL&quot;}]},{&quot;identification&quot;:{&quot;corporationName&quot;:&quot;LOJAS RENNER S.A.-LOJA SHOPPING SUL&quot;,&quot;groupName&quot;:&quot;LOJAS RENNER S.A.&quot;,&quot;cnpjNumber&quot;:&quot;92754738033419&quot;,&quot;isUnderestablishment&quot;:false},&quot;locations&quot;:[{&quot;postalAddress&quot;:{&quot;address&quot;:&quot;QUADRA 1, S/N, BR 040, KM 12, GLEBA F, LOTE 1, LOJA 270&quot;,&quot;districtName&quot;:&quot;PARQUE ESPLANADA III&quot;,&quot;townName&quot;:&quot;VALPARAISO DE GOIAS&quot;,&quot;countrySubDivision&quot;:&quot;GO&quot;,&quot;postCode&quot;:&quot;72876902&quot;,&quot;country&quot;:&quot;Brasil&quot;,&quot;countryCode&quot;:&quot;BRA&quot;},&quot;phones&quot;:[{&quot;type&quot;:&quot;FIXO&quot;,&quot;countryCallingCode&quot;:&quot;55&quot;,&quot;areaCode&quot;:&quot;85&quot;,&quot;number&quot;:&quot;33043867&quot;}],&quot;availability&quot;:{&quot;standards&quot;:[{&quot;weekday&quot;:&quot;DOMINGO&quot;},{&quot;weekday&quot;:&quot;SEGUNDA_FEIRA&quot;},{&quot;weekday&quot;:&quot;TERCA_FEIRA&quot;},{&quot;weekday&quot;:&quot;QUARTA_FEIRA&quot;},{&quot;weekday&quot;:&quot;QUINTA_FEIRA&quot;},{&quot;weekday&quot;:&quot;SEXTA_FEIRA&quot;},{&quot;weekday&quot;:&quot;SABADO&quot;}],&quot;exception&quot;:&quot;Exceto em datas festivas de Ano Novo, Dia das Mães, Dia dos Pais e Natal&quot;}}],&quot;services&quot;:[{&quot;name&quot;:&quot;RECEBIMENTOS_PAGAMENTOS_QUALQUER_NATUREZA_OUTRAS_ATIVIDADES_DECORRENTES_EXECUCAO_CONTRATOS_CONVENIOS_PRESTACAO_SERVICOS&quot;,&quot;code&quot;:&quot;RECEBIMENTOS_PAGAMENTOS_QUALQUER_NATUREZA_EXECUCAO_CONTRATOS_CONVENIO&quot;},{&quot;name&quot;:&quot;EXECUCAO_ATIVA_PASSIVA_ORDENS_PAGAMENTO_CURSADAS_INTERMEDIO_INSTITUICAO_CONTRATANTE_SOLICITACAO_CLIENTES_USUARIOS&quot;,&quot;code&quot;:&quot;EXECUCAO_ATIVA_PASSIVA_ORDENS_PAGAMENTO&quot;},{&quot;name&quot;:&quot;RECEPCAO_ENCAMINHAMENTO_PROPOSTAS_FORNECIMENTO_CARTAO_CREDITO_RESPONSABILIDADE_INSTITUICAO_CONTRATANTE&quot;,&quot;code&quot;:&quot;RECEBE_ENCAMINHA_PROPOSTAS_FORNECIMENTO_CARTAO_CREDITO&quot;},{&quot;name&quot;:&quot;RECEPCAO_ENCAMINHAMENTO_PROPOSTAS_OPERACAO_CREDITO_ARRENDAMENTO_MERCANTIL_CONCESSAO_INSTITUICAO_CONTRATANTE&quot;,&quot;code&quot;:&quot;RECEBE_ENCAMINHA_PROPOSTAS_CREDITO_ARRENDAMENTO_MERCANTIL&quot;}]},{&quot;identification&quot;:{&quot;corporationName&quot;:&quot;LOJAS RENNER S.A.-LOJA SHOPPING RIO POTY&quot;,&quot;groupName&quot;:&quot;LOJAS RENNER S.A.&quot;,&quot;cnpjNumber&quot;:&quot;92754738029659&quot;,&quot;isUnderestablishment&quot;:false},&quot;locations&quot;:[{&quot;postalAddress&quot;:{&quot;address&quot;:&quot;AVENIDA MARECHAL CASTELO BRANCO, Nº 911 (SUC Nº 204AB - PISO L2)&quot;,&quot;districtName&quot;:&quot;PORENQUANTO&quot;,&quot;townName&quot;:&quot;TERESINA&quot;,&quot;countrySubDivision&quot;:&quot;PI&quot;,&quot;postCode&quot;:&quot;64000810&quot;,&quot;country&quot;:&quot;Brasil&quot;,&quot;countryCode&quot;:&quot;BRA&quot;},&quot;phones&quot;:[{&quot;type&quot;:&quot;FIXO&quot;,&quot;countryCallingCode&quot;:&quot;55&quot;,&quot;areaCode&quot;:&quot;85&quot;,&quot;number&quot;:&quot;33043868&quot;}],&quot;availability&quot;:{&quot;standards&quot;:[{&quot;weekday&quot;:&quot;DOMINGO&quot;},{&quot;weekday&quot;:&quot;SEGUNDA_FEIRA&quot;},{&quot;weekday&quot;:&quot;TERCA_FEIRA&quot;},{&quot;weekday&quot;:&quot;QUARTA_FEIRA&quot;},{&quot;weekday&quot;:&quot;QUINTA_FEIRA&quot;},{&quot;weekday&quot;:&quot;SEXTA_FEIRA&quot;},{&quot;weekday&quot;:&quot;SABADO&quot;}],&quot;exception&quot;:&quot;Exceto em datas festivas de Ano Novo, Dia das Mães, Dia dos Pais e Natal&quot;}}],&quot;services&quot;:[{&quot;name&quot;:&quot;RECEBIMENTOS_PAGAMENTOS_QUALQUER_NATUREZA_OUTRAS_ATIVIDADES_DECORRENTES_EXECUCAO_CONTRATOS_CONVENIOS_PRESTACAO_SERVICOS&quot;,&quot;code&quot;:&quot;RECEBIMENTOS_PAGAMENTOS_QUALQUER_NATUREZA_EXECUCAO_CONTRATOS_CONVENIO&quot;},{&quot;name&quot;:&quot;EXECUCAO_ATIVA_PASSIVA_ORDENS_PAGAMENTO_CURSADAS_INTERMEDIO_INSTITUICAO_CONTRATANTE_SOLICITACAO_CLIENTES_USUARIOS&quot;,&quot;code&quot;:&quot;EXECUCAO_ATIVA_PASSIVA_ORDENS_PAGAMENTO&quot;},{&quot;name&quot;:&quot;RECEPCAO_ENCAMINHAMENTO_PROPOSTAS_FORNECIMENTO_CARTAO_CREDITO_RESPONSABILIDADE_INSTITUICAO_CONTRATANTE&quot;,&quot;code&quot;:&quot;RECEBE_ENCAMINHA_PROPOSTAS_FORNECIMENTO_CARTAO_CREDITO&quot;},{&quot;name&quot;:&quot;RECEPCAO_ENCAMINHAMENTO_PROPOSTAS_OPERACAO_CREDITO_ARRENDAMENTO_MERCANTIL_CONCESSAO_INSTITUICAO_CONTRATANTE&quot;,&quot;code&quot;:&quot;RECEBE_ENCAMINHA_PROPOSTAS_CREDITO_ARRENDAMENTO_MERCANTIL&quot;}]},{&quot;identification&quot;:{&quot;corporationName&quot;:&quot;LOJAS RENNER S.A.-LOJA VÁRZEA GRANDE SHOPPING&quot;,&quot;groupName&quot;:&quot;LOJAS RENNER S.A.&quot;,&quot;cnpjNumber&quot;:&quot;92754738029063&quot;,&quot;isUnderestablishment&quot;:false},&quot;locations&quot;:[{&quot;postalAddress&quot;:{&quot;address&quot;:&quot;RUA PRESIDENTE ARTHUR BERNARDES, ESQUINA COM  A RUA FILINTO MULLER, S/Nº, (AN03 - 1º PAVIMENTO)&quot;,&quot;districtName&quot;:&quot;JARDIM AEROPORTO&quot;,&quot;townName&quot;:&quot;VARZEA GRANDE&quot;,&quot;countrySubDivision&quot;:&quot;MT&quot;,&quot;postCode&quot;:&quot;78125100&quot;,&quot;country&quot;:&quot;Brasil&quot;,&quot;countryCode&quot;:&quot;BRA&quot;},&quot;phones&quot;:[{&quot;type&quot;:&quot;FIXO&quot;,&quot;countryCallingCode&quot;:&quot;55&quot;,&quot;areaCode&quot;:&quot;85&quot;,&quot;number&quot;:&quot;33043869&quot;}],&quot;availability&quot;:{&quot;standards&quot;:[{&quot;weekday&quot;:&quot;DOMINGO&quot;},{&quot;weekday&quot;:&quot;SEGUNDA_FEIRA&quot;},{&quot;weekday&quot;:&quot;TERCA_FEIRA&quot;},{&quot;weekday&quot;:&quot;QUARTA_FEIRA&quot;},{&quot;weekday&quot;:&quot;QUINTA_FEIRA&quot;},{&quot;weekday&quot;:&quot;SEXTA_FEIRA&quot;},{&quot;weekday&quot;:&quot;SABADO&quot;}],&quot;exception&quot;:&quot;Exceto em datas festivas de Ano Novo, Dia das Mães, Dia dos Pais e Natal&quot;}}],&quot;services&quot;:[{&quot;name&quot;:&quot;RECEBIMENTOS_PAGAMENTOS_QUALQUER_NATUREZA_OUTRAS_ATIVIDADES_DECORRENTES_EXECUCAO_CONTRATOS_CONVENIOS_PRESTACAO_SERVICOS&quot;,&quot;code&quot;:&quot;RECEBIMENTOS_PAGAMENTOS_QUALQUER_NATUREZA_EXECUCAO_CONTRATOS_CONVENIO&quot;},{&quot;name&quot;:&quot;EXECUCAO_ATIVA_PASSIVA_ORDENS_PAGAMENTO_CURSADAS_INTERMEDIO_INSTITUICAO_CONTRATANTE_SOLICITACAO_CLIENTES_USUARIOS&quot;,&quot;code&quot;:&quot;EXECUCAO_ATIVA_PASSIVA_ORDENS_PAGAMENTO&quot;},{&quot;name&quot;:&quot;RECEPCAO_ENCAMINHAMENTO_PROPOSTAS_FORNECIMENTO_CARTAO_CREDITO_RESPONSABILIDADE_INSTITUICAO_CONTRATANTE&quot;,&quot;code&quot;:&quot;RECEBE_ENCAMINHA_PROPOSTAS_FORNECIMENTO_CARTAO_CREDITO&quot;},{&quot;name&quot;:&quot;RECEPCAO_ENCAMINHAMENTO_PROPOSTAS_OPERACAO_CREDITO_ARRENDAMENTO_MERCANTIL_CONCESSAO_INSTITUICAO_CONTRATANTE&quot;,&quot;code&quot;:&quot;RECEBE_ENCAMINHA_PROPOSTAS_CREDITO_ARRENDAMENTO_MERCANTIL&quot;}]},{&quot;identification&quot;:{&quot;corporationName&quot;:&quot;LOJAS RENNER S.A.-LOJA RIOMAR SHOPPING FORTALEZA&quot;,&quot;groupName&quot;:&quot;LOJAS RENNER S.A.&quot;,&quot;cnpjNumber&quot;:&quot;92754738028415&quot;,&quot;isUnderestablishment&quot;:false},&quot;locations&quot;:[{&quot;postalAddress&quot;:{&quot;address&quot;:&quot;RUA DESEMBARGADOR LAURO NOGUEIRA, Nº 1355 (SALÃO COMERCIAL Nº 2007 - PISO L2)&quot;,&quot;districtName&quot;:&quot;RIOMAR SHOPPING FORTALEZA&quot;,&quot;townName&quot;:&quot;FORTALEZA&quot;,&quot;countrySubDivision&quot;:&quot;CE&quot;,&quot;postCode&quot;:&quot;60175055&quot;,&quot;country&quot;:&quot;Brasil&quot;,&quot;countryCode&quot;:&quot;BRA&quot;},&quot;phones&quot;:[{&quot;type&quot;:&quot;FIXO&quot;,&quot;countryCallingCode&quot;:&quot;55&quot;,&quot;areaCode&quot;:&quot;85&quot;,&quot;number&quot;:&quot;33043870&quot;}],&quot;availability&quot;:{&quot;standards&quot;:[{&quot;weekday&quot;:&quot;DOMINGO&quot;},{&quot;weekday&quot;:&quot;SEGUNDA_FEIRA&quot;},{&quot;weekday&quot;:&quot;TERCA_FEIRA&quot;},{&quot;weekday&quot;:&quot;QUARTA_FEIRA&quot;},{&quot;weekday&quot;:&quot;QUINTA_FEIRA&quot;},{&quot;weekday&quot;:&quot;SEXTA_FEIRA&quot;},{&quot;weekday&quot;:&quot;SABADO&quot;}],&quot;exception&quot;:&quot;Exceto em datas festivas de Ano Novo, Dia das Mães, Dia dos Pais e Natal&quot;}}],&quot;services&quot;:[{&quot;name&quot;:&quot;RECEBIMENTOS_PAGAMENTOS_QUALQUER_NATUREZA_OUTRAS_ATIVIDADES_DECORRENTES_EXECUCAO_CONTRATOS_CONVENIOS_PRESTACAO_SERVICOS&quot;,&quot;code&quot;:&quot;RECEBIMENTOS_PAGAMENTOS_QUALQUER_NATUREZA_EXECUCAO_CONTRATOS_CONVENIO&quot;},{&quot;name&quot;:&quot;EXECUCAO_ATIVA_PASSIVA_ORDENS_PAGAMENTO_CURSADAS_INTERMEDIO_INSTITUICAO_CONTRATANTE_SOLICITACAO_CLIENTES_USUARIOS&quot;,&quot;code&quot;:&quot;EXECUCAO_ATIVA_PASSIVA_ORDENS_PAGAMENTO&quot;},{&quot;name&quot;:&quot;RECEPCAO_ENCAMINHAMENTO_PROPOSTAS_FORNECIMENTO_CARTAO_CREDITO_RESPONSABILIDADE_INSTITUICAO_CONTRATANTE&quot;,&quot;code&quot;:&quot;RECEBE_ENCAMINHA_PROPOSTAS_FORNECIMENTO_CARTAO_CREDITO&quot;},{&quot;name&quot;:&quot;RECEPCAO_ENCAMINHAMENTO_PROPOSTAS_OPERACAO_CREDITO_ARRENDAMENTO_MERCANTIL_CONCESSAO_INSTITUICAO_CONTRATANTE&quot;,&quot;code&quot;:&quot;RECEBE_ENCAMINHA_PROPOSTAS_CREDITO_ARRENDAMENTO_MERCANTIL&quot;}]},{&quot;identification&quot;:{&quot;corporationName&quot;:&quot;LOJAS RENNER S.A.-LOJA SHOPPING JARDIM NORTE JUIZ DE FORA&quot;,&quot;groupName&quot;:&quot;LOJAS RENNER S.A.&quot;,&quot;cnpjNumber&quot;:&quot;92754738032528&quot;,&quot;isUnderestablishment&quot;:false},&quot;locations&quot;:[{&quot;postalAddress&quot;:{&quot;address&quot;:&quot;AVENIDA BRASIL, Nº 6345, LOJAS 1024 / 2012, PISOS 1 E 2&quot;,&quot;districtName&quot;:&quot;MARIANO PROCÓPIO&quot;,&quot;townName&quot;:&quot;JUIZ DE FORA&quot;,&quot;countrySubDivision&quot;:&quot;MG&quot;,&quot;postCode&quot;:&quot;36080060&quot;,&quot;country&quot;:&quot;Brasil&quot;,&quot;countryCode&quot;:&quot;BRA&quot;},&quot;phones&quot;:[{&quot;type&quot;:&quot;FIXO&quot;,&quot;countryCallingCode&quot;:&quot;55&quot;,&quot;areaCode&quot;:&quot;85&quot;,&quot;number&quot;:&quot;33043871&quot;}],&quot;availability&quot;:{&quot;standards&quot;:[{&quot;weekday&quot;:&quot;DOMINGO&quot;},{&quot;weekday&quot;:&quot;SEGUNDA_FEIRA&quot;},{&quot;weekday&quot;:&quot;TERCA_FEIRA&quot;},{&quot;weekday&quot;:&quot;QUARTA_FEIRA&quot;},{&quot;weekday&quot;:&quot;QUINTA_FEIRA&quot;},{&quot;weekday&quot;:&quot;SEXTA_FEIRA&quot;},{&quot;weekday&quot;:&quot;SABADO&quot;}],&quot;exception&quot;:&quot;Exceto em datas festivas de Ano Novo, Dia das Mães, Dia dos Pais e Natal&quot;}}],&quot;services&quot;:[{&quot;name&quot;:&quot;RECEBIMENTOS_PAGAMENTOS_QUALQUER_NATUREZA_OUTRAS_ATIVIDADES_DECORRENTES_EXECUCAO_CONTRATOS_CONVENIOS_PRESTACAO_SERVICOS&quot;,&quot;code&quot;:&quot;RECEBIMENTOS_PAGAMENTOS_QUALQUER_NATUREZA_EXECUCAO_CONTRATOS_CONVENIO&quot;},{&quot;name&quot;:&quot;EXECUCAO_ATIVA_PASSIVA_ORDENS_PAGAMENTO_CURSADAS_INTERMEDIO_INSTITUICAO_CONTRATANTE_SOLICITACAO_CLIENTES_USUARIOS&quot;,&quot;code&quot;:&quot;EXECUCAO_ATIVA_PASSIVA_ORDENS_PAGAMENTO&quot;},{&quot;name&quot;:&quot;RECEPCAO_ENCAMINHAMENTO_PROPOSTAS_FORNECIMENTO_CARTAO_CREDITO_RESPONSABILIDADE_INSTITUICAO_CONTRATANTE&quot;,&quot;code&quot;:&quot;RECEBE_ENCAMINHA_PROPOSTAS_FORNECIMENTO_CARTAO_CREDITO&quot;},{&quot;name&quot;:&quot;RECEPCAO_ENCAMINHAMENTO_PROPOSTAS_OPERACAO_CREDITO_ARRENDAMENTO_MERCANTIL_CONCESSAO_INSTITUICAO_CONTRATANTE&quot;,&quot;code&quot;:&quot;RECEBE_ENCAMINHA_PROPOSTAS_CREDITO_ARRENDAMENTO_MERCANTIL&quot;}]},{&quot;identification&quot;:{&quot;corporationName&quot;:&quot;LOJAS RENNER S.A.-LOJA PLAZA SHOPPING AVENIDA&quot;,&quot;groupName&quot;:&quot;LOJAS RENNER S.A.&quot;,&quot;cnpjNumber&quot;:&quot;92754738030231&quot;,&quot;isUnderestablishment&quot;:false},&quot;locations&quot;:[{&quot;postalAddress&quot;:{&quot;address&quot;:&quot;AVENIDA JOSÉ MUNIA, Nº 4775, PISO TÉRREO, LOJAS T012/L141&quot;,&quot;districtName&quot;:&quot;JARDIM REDENTOR&quot;,&quot;townName&quot;:&quot;SAO JOSE DO RIO PRETO&quot;,&quot;countrySubDivision&quot;:&quot;SP&quot;,&quot;postCode&quot;:&quot;15085350&quot;,&quot;country&quot;:&quot;Brasil&quot;,&quot;countryCode&quot;:&quot;BRA&quot;},&quot;phones&quot;:[{&quot;type&quot;:&quot;FIXO&quot;,&quot;countryCallingCode&quot;:&quot;55&quot;,&quot;areaCode&quot;:&quot;85&quot;,&quot;number&quot;:&quot;33043872&quot;}],&quot;availability&quot;:{&quot;standards&quot;:[{&quot;weekday&quot;:&quot;DOMINGO&quot;},{&quot;weekday&quot;:&quot;SEGUNDA_FEIRA&quot;},{&quot;weekday&quot;:&quot;TERCA_FEIRA&quot;},{&quot;weekday&quot;:&quot;QUARTA_FEIRA&quot;},{&quot;weekday&quot;:&quot;QUINTA_FEIRA&quot;},{&quot;weekday&quot;:&quot;SEXTA_FEIRA&quot;},{&quot;weekday&quot;:&quot;SABADO&quot;}],&quot;exception&quot;:&quot;Exceto em datas festivas de Ano Novo, Dia das Mães, Dia dos Pais e Natal&quot;}}],&quot;services&quot;:[{&quot;name&quot;:&quot;RECEBIMENTOS_PAGAMENTOS_QUALQUER_NATUREZA_OUTRAS_ATIVIDADES_DECORRENTES_EXECUCAO_CONTRATOS_CONVENIOS_PRESTACAO_SERVICOS&quot;,&quot;code&quot;:&quot;RECEBIMENTOS_PAGAMENTOS_QUALQUER_NATUREZA_EXECUCAO_CONTRATOS_CONVENIO&quot;},{&quot;name&quot;:&quot;EXECUCAO_ATIVA_PASSIVA_ORDENS_PAGAMENTO_CURSADAS_INTERMEDIO_INSTITUICAO_CONTRATANTE_SOLICITACAO_CLIENTES_USUARIOS&quot;,&quot;code&quot;:&quot;EXECUCAO_ATIVA_PASSIVA_ORDENS_PAGAMENTO&quot;},{&quot;name&quot;:&quot;RECEPCAO_ENCAMINHAMENTO_PROPOSTAS_FORNECIMENTO_CARTAO_CREDITO_RESPONSABILIDADE_INSTITUICAO_CONTRATANTE&quot;,&quot;code&quot;:&quot;RECEBE_ENCAMINHA_PROPOSTAS_FORNECIMENTO_CARTAO_CREDITO&quot;},{&quot;name&quot;:&quot;RECEPCAO_ENCAMINHAMENTO_PROPOSTAS_OPERACAO_CREDITO_ARRENDAMENTO_MERCANTIL_CONCESSAO_INSTITUICAO_CONTRATANTE&quot;,&quot;code&quot;:&quot;RECEBE_ENCAMINHA_PROPOSTAS_CREDITO_ARRENDAMENTO_MERCANTIL&quot;}]}]}]}]},&quot;links&quot;:{&quot;self&quot;:&quot;http://10.120.192.16/open-banking/channels/v1/banking-agents?page=10&amp;page-size=25&quot;,&quot;first&quot;:&quot;http://10.120.192.16/open-banking/channels/v1/banking-agents?page=1&amp;page-size=25&quot;,&quot;prev&quot;:&quot;http://10.120.192.16/open-banking/channels/v1/banking-agents?page=9&amp;page-size=25&quot;,&quot;next&quot;:&quot;http://10.120.192.16/open-banking/channels/v1/banking-agents?page=11&amp;page-size=25&quot;,&quot;last&quot;:&quot;http://10.120.192.16/open-banking/channels/v1/banking-agents?page=15&amp;page-size=25&quot;},&quot;meta&quot;:{&quot;totalRecords&quot;:366,&quot;totalPages&quot;:15}}&#10;" type="java.lang.AssertionError"><![CDATA[java.lang.AssertionError: 
1 expectation failed.
Response body doesn't match expectation.
Expected: The content to match the given JSON schema.
error: object has missing required properties (["brand"])
    level: "error"
    schema: {"loadingURI":"#","pointer":"/properties/data"}
    instance: {"pointer":"/data"}
    domain: "validation"
    keyword: "required"
    required: ["brand"]
    missing: ["brand"]

  Actual: {"data":{"name":"REALIZE CFI S.A.","companies":[{"name":"REALIZE CRÉDITO, FINANCIAMENTO E INVESTIMENTO S.A.","cnpjNumber":"27351731","contractors":[{"name":"REALIZE CRÉDITO, FINANCIAMENTO E INVESTIMENTO S.A.","cnpjNumber":"27351731000138","bankingAgents":[{"identification":{"corporationName":"LOJAS RENNER S.A.-LOJA NATAL SHOPPING","groupName":"LOJAS RENNER S.A.","cnpjNumber":"92754738025904","isUnderestablishment":false},"locations":[{"postalAddress":{"address":"AVENIDA SENADOR SALGADO FILHO, 2234, (ESPAÇO COMERCIAL Nº 368)","districtName":"NATAL SHOPPING","townName":"NATAL","countrySubDivision":"RN","postCode":"59064900","country":"Brasil","countryCode":"BRA"},"phones":[{"type":"FIXO","countryCallingCode":"55","areaCode":"85","number":"33043847"}],"availability":{"standards":[{"weekday":"DOMINGO"},{"weekday":"SEGUNDA_FEIRA"},{"weekday":"TERCA_FEIRA"},{"weekday":"QUARTA_FEIRA"},{"weekday":"QUINTA_FEIRA"},{"weekday":"SEXTA_FEIRA"},{"weekday":"SABADO"}],"exception":"Exceto em datas festivas de Ano Novo, Dia das Mães, Dia dos Pais e Natal"}}],"services":[{"name":"RECEBIMENTOS_PAGAMENTOS_QUALQUER_NATUREZA_OUTRAS_ATIVIDADES_DECORRENTES_EXECUCAO_CONTRATOS_CONVENIOS_PRESTACAO_SERVICOS","code":"RECEBIMENTOS_PAGAMENTOS_QUALQUER_NATUREZA_EXECUCAO_CONTRATOS_CONVENIO"},{"name":"EXECUCAO_ATIVA_PASSIVA_ORDENS_PAGAMENTO_CURSADAS_INTERMEDIO_INSTITUICAO_CONTRATANTE_SOLICITACAO_CLIENTES_USUARIOS","code":"EXECUCAO_ATIVA_PASSIVA_ORDENS_PAGAMENTO"},{"name":"RECEPCAO_ENCAMINHAMENTO_PROPOSTAS_FORNECIMENTO_CARTAO_CREDITO_RESPONSABILIDADE_INSTITUICAO_CONTRATANTE","code":"RECEBE_ENCAMINHA_PROPOSTAS_FORNECIMENTO_CARTAO_CREDITO"},{"name":"RECEPCAO_ENCAMINHAMENTO_PROPOSTAS_OPERACAO_CREDITO_ARRENDAMENTO_MERCANTIL_CONCESSAO_INSTITUICAO_CONTRATANTE","code":"RECEBE_ENCAMINHA_PROPOSTAS_CREDITO_ARRENDAMENTO_MERCANTIL"}]},{"identification":{"corporationName":"LOJAS RENNER S.A.-LOJA SHOPPING MONTSERRAT","groupName":"LOJAS RENNER S.A.","cnpjNumber":"92754738027605","isUnderestablishment":false},"locations":[{"postalAddress":{"address":"AVENIDA ELDES SCHERRER SOUZA, Nº 2162, (SUC Nº 103M – PISO L-1)","districtName":"PLANALTO DE CARAPINA","townName":"SERRA","countrySubDivision":"ES","postCode":"29162741","country":"Brasil","countryCode":"BRA"},"phones":[{"type":"FIXO","countryCallingCode":"55","areaCode":"85","number":"33043848"}],"availability":{"standards":[{"weekday":"DOMINGO"},{"weekday":"SEGUNDA_FEIRA"},{"weekday":"TERCA_FEIRA"},{"weekday":"QUARTA_FEIRA"},{"weekday":"QUINTA_FEIRA"},{"weekday":"SEXTA_FEIRA"},{"weekday":"SABADO"}],"exception":"Exceto em datas festivas de Ano Novo, Dia das Mães, Dia dos Pais e Natal"}}],"services":[{"name":"RECEBIMENTOS_PAGAMENTOS_QUALQUER_NATUREZA_OUTRAS_ATIVIDADES_DECORRENTES_EXECUCAO_CONTRATOS_CONVENIOS_PRESTACAO_SERVICOS","code":"RECEBIMENTOS_PAGAMENTOS_QUALQUER_NATUREZA_EXECUCAO_CONTRATOS_CONVENIO"},{"name":"EXECUCAO_ATIVA_PASSIVA_ORDENS_PAGAMENTO_CURSADAS_INTERMEDIO_INSTITUICAO_CONTRATANTE_SOLICITACAO_CLIENTES_USUARIOS","code":"EXECUCAO_ATIVA_PASSIVA_ORDENS_PAGAMENTO"},{"name":"RECEPCAO_ENCAMINHAMENTO_PROPOSTAS_FORNECIMENTO_CARTAO_CREDITO_RESPONSABILIDADE_INSTITUICAO_CONTRATANTE","code":"RECEBE_ENCAMINHA_PROPOSTAS_FORNECIMENTO_CARTAO_CREDITO"},{"name":"RECEPCAO_ENCAMINHAMENTO_PROPOSTAS_OPERACAO_CREDITO_ARRENDAMENTO_MERCANTIL_CONCESSAO_INSTITUICAO_CONTRATANTE","code":"RECEBE_ENCAMINHA_PROPOSTAS_CREDITO_ARRENDAMENTO_MERCANTIL"}]},{"identification":{"corporationName":"LOJAS RENNER S.A.-LOJA SHOPPING VALE DO AÇO","groupName":"LOJAS RENNER S.A.","cnpjNumber":"92754738030070","isUnderestablishment":false},"locations":[{"postalAddress":{"address":"AVENIDA PEDRO LINHARES GOMES, Nº 3900, (LOJA Nº 153 NO 1º PISO E Nº 262 NO 2º PISO)","districtName":"INDUSTRIAL","townName":"IPATINGA","countrySubDivision":"MG","postCode":"35160290","country":"Brasil","countryCode":"BRA"},"phones":[{"type":"FIXO","countryCallingCode":"55","areaCode":"85","number":"33043849"}],"availability":{"standards":[{"weekday":"DOMINGO"},{"weekday":"SEGUNDA_FEIRA"},{"weekday":"TERCA_FEIRA"},{"weekday":"QUARTA_FEIRA"},{"weekday":"QUINTA_FEIRA"},{"weekday":"SEXTA_FEIRA"},{"weekday":"SABADO"}],"exception":"Exceto em datas festivas de Ano Novo, Dia das Mães, Dia dos Pais e Natal"}}],"services":[{"name":"RECEBIMENTOS_PAGAMENTOS_QUALQUER_NATUREZA_OUTRAS_ATIVIDADES_DECORRENTES_EXECUCAO_CONTRATOS_CONVENIOS_PRESTACAO_SERVICOS","code":"RECEBIMENTOS_PAGAMENTOS_QUALQUER_NATUREZA_EXECUCAO_CONTRATOS_CONVENIO"},{"name":"EXECUCAO_ATIVA_PASSIVA_ORDENS_PAGAMENTO_CURSADAS_INTERMEDIO_INSTITUICAO_CONTRATANTE_SOLICITACAO_CLIENTES_USUARIOS","code":"EXECUCAO_ATIVA_PASSIVA_ORDENS_PAGAMENTO"},{"name":"RECEPCAO_ENCAMINHAMENTO_PROPOSTAS_FORNECIMENTO_CARTAO_CREDITO_RESPONSABILIDADE_INSTITUICAO_CONTRATANTE","code":"RECEBE_ENCAMINHA_PROPOSTAS_FORNECIMENTO_CARTAO_CREDITO"},{"name":"RECEPCAO_ENCAMINHAMENTO_PROPOSTAS_OPERACAO_CREDITO_ARRENDAMENTO_MERCANTIL_CONCESSAO_INSTITUICAO_CONTRATANTE","code":"RECEBE_ENCAMINHA_PROPOSTAS_CREDITO_ARRENDAMENTO_MERCANTIL"}]},{"identification":{"corporationName":"LOJAS RENNER S.A.-LOJA SHOPPING PRAÇA NOVA ARAÇATUBA","groupName":"LOJAS RENNER S.A.","cnpjNumber":"92754738027796","isUnderestablishment":false},"locations":[{"postalAddress":{"address":"AVENIDA GOVERNADOR MARIO COVAS, Nº 6001, (EUC Nº51 - PISO TÉRREO)","districtName":"SHOPPING PRAÇA NOVA ARAÇATUBA","townName":"ARACATUBA","countrySubDivision":"SP","postCode":"16071245","country":"Brasil","countryCode":"BRA"},"phones":[{"type":"FIXO","countryCallingCode":"55","areaCode":"85","number":"33043850"}],"availability":{"standards":[{"weekday":"DOMINGO"},{"weekday":"SEGUNDA_FEIRA"},{"weekday":"TERCA_FEIRA"},{"weekday":"QUARTA_FEIRA"},{"weekday":"QUINTA_FEIRA"},{"weekday":"SEXTA_FEIRA"},{"weekday":"SABADO"}],"exception":"Exceto em datas festivas de Ano Novo, Dia das Mães, Dia dos Pais e Natal"}}],"services":[{"name":"RECEBIMENTOS_PAGAMENTOS_QUALQUER_NATUREZA_OUTRAS_ATIVIDADES_DECORRENTES_EXECUCAO_CONTRATOS_CONVENIOS_PRESTACAO_SERVICOS","code":"RECEBIMENTOS_PAGAMENTOS_QUALQUER_NATUREZA_EXECUCAO_CONTRATOS_CONVENIO"},{"name":"EXECUCAO_ATIVA_PASSIVA_ORDENS_PAGAMENTO_CURSADAS_INTERMEDIO_INSTITUICAO_CONTRATANTE_SOLICITACAO_CLIENTES_USUARIOS","code":"EXECUCAO_ATIVA_PASSIVA_ORDENS_PAGAMENTO"},{"name":"RECEPCAO_ENCAMINHAMENTO_PROPOSTAS_FORNECIMENTO_CARTAO_CREDITO_RESPONSABILIDADE_INSTITUICAO_CONTRATANTE","code":"RECEBE_ENCAMINHA_PROPOSTAS_FORNECIMENTO_CARTAO_CREDITO"},{"name":"RECEPCAO_ENCAMINHAMENTO_PROPOSTAS_OPERACAO_CREDITO_ARRENDAMENTO_MERCANTIL_CONCESSAO_INSTITUICAO_CONTRATANTE","code":"RECEBE_ENCAMINHA_PROPOSTAS_CREDITO_ARRENDAMENTO_MERCANTIL"}]},{"identification":{"corporationName":"LOJAS RENNER S.A.-LOJA BURITÍ SHOPPING RIO VERDE","groupName":"LOJAS RENNER S.A.","cnpjNumber":"92754738029306","isUnderestablishment":false},"locations":[{"postalAddress":{"address":"RUA O, S/N, QUADRA 14, LOTE 6, LUC'S Nº 156/157/158/159","districtName":"SETOR JARDIM CAMPESTRE","townName":"RIO VERDE","countrySubDivision":"GO","postCode":"75907681","country":"Brasil","countryCode":"BRA"},"phones":[{"type":"FIXO","countryCallingCode":"55","areaCode":"85","number":"33043851"}],"availability":{"standards":[{"weekday":"DOMINGO"},{"weekday":"SEGUNDA_FEIRA"},{"weekday":"TERCA_FEIRA"},{"weekday":"QUARTA_FEIRA"},{"weekday":"QUINTA_FEIRA"},{"weekday":"SEXTA_FEIRA"},{"weekday":"SABADO"}],"exception":"Exceto em datas festivas de Ano Novo, Dia das Mães, Dia dos Pais e Natal"}}],"services":[{"name":"RECEBIMENTOS_PAGAMENTOS_QUALQUER_NATUREZA_OUTRAS_ATIVIDADES_DECORRENTES_EXECUCAO_CONTRATOS_CONVENIOS_PRESTACAO_SERVICOS","code":"RECEBIMENTOS_PAGAMENTOS_QUALQUER_NATUREZA_EXECUCAO_CONTRATOS_CONVENIO"},{"name":"EXECUCAO_ATIVA_PASSIVA_ORDENS_PAGAMENTO_CURSADAS_INTERMEDIO_INSTITUICAO_CONTRATANTE_SOLICITACAO_CLIENTES_USUARIOS","code":"EXECUCAO_ATIVA_PASSIVA_ORDENS_PAGAMENTO"},{"name":"RECEPCAO_ENCAMINHAMENTO_PROPOSTAS_FORNECIMENTO_CARTAO_CREDITO_RESPONSABILIDADE_INSTITUICAO_CONTRATANTE","code":"RECEBE_ENCAMINHA_PROPOSTAS_FORNECIMENTO_CARTAO_CREDITO"},{"name":"RECEPCAO_ENCAMINHAMENTO_PROPOSTAS_OPERACAO_CREDITO_ARRENDAMENTO_MERCANTIL_CONCESSAO_INSTITUICAO_CONTRATANTE","code":"RECEBE_ENCAMINHA_PROPOSTAS_CREDITO_ARRENDAMENTO_MERCANTIL"}]},{"identification":{"corporationName":"LOJAS RENNER S.A.-LOJA SÃO LUÍS SHOPPING","groupName":"LOJAS RENNER S.A.","cnpjNumber":"92754738028920","isUnderestablishment":false},"locations":[{"postalAddress":{"address":"AVENIDA PROFESSOR CARLOS CUNHA, Nº 1.000 (LUC 301 ÂNCORA - 1 - PISO L1)","districtName":"JARACATY","townName":"SAO LUIS","countrySubDivision":"MA","postCode":"65076820","country":"Brasil","countryCode":"BRA"},"phones":[{"type":"FIXO","countryCallingCode":"55","areaCode":"85","number":"33043852"}],"availability":{"standards":[{"weekday":"DOMINGO"},{"weekday":"SEGUNDA_FEIRA"},{"weekday":"TERCA_FEIRA"},{"weekday":"QUARTA_FEIRA"},{"weekday":"QUINTA_FEIRA"},{"weekday":"SEXTA_FEIRA"},{"weekday":"SABADO"}],"exception":"Exceto em datas festivas de Ano Novo, Dia das Mães, Dia dos Pais e Natal"}}],"services":[{"name":"RECEBIMENTOS_PAGAMENTOS_QUALQUER_NATUREZA_OUTRAS_ATIVIDADES_DECORRENTES_EXECUCAO_CONTRATOS_CONVENIOS_PRESTACAO_SERVICOS","code":"RECEBIMENTOS_PAGAMENTOS_QUALQUER_NATUREZA_EXECUCAO_CONTRATOS_CONVENIO"},{"name":"EXECUCAO_ATIVA_PASSIVA_ORDENS_PAGAMENTO_CURSADAS_INTERMEDIO_INSTITUICAO_CONTRATANTE_SOLICITACAO_CLIENTES_USUARIOS","code":"EXECUCAO_ATIVA_PASSIVA_ORDENS_PAGAMENTO"},{"name":"RECEPCAO_ENCAMINHAMENTO_PROPOSTAS_FORNECIMENTO_CARTAO_CREDITO_RESPONSABILIDADE_INSTITUICAO_CONTRATANTE","code":"RECEBE_ENCAMINHA_PROPOSTAS_FORNECIMENTO_CARTAO_CREDITO"},{"name":"RECEPCAO_ENCAMINHAMENTO_PROPOSTAS_OPERACAO_CREDITO_ARRENDAMENTO_MERCANTIL_CONCESSAO_INSTITUICAO_CONTRATANTE","code":"RECEBE_ENCAMINHA_PROPOSTAS_CREDITO_ARRENDAMENTO_MERCANTIL"}]},{"identification":{"corporationName":"LOJAS RENNER S.A.-LOJA MOXUARA SHOPPING","groupName":"LOJAS RENNER S.A.","cnpjNumber":"92754738025661","isUnderestablishment":false},"locations":[{"postalAddress":{"address":"AVENIDA MARIO GURGEL, N° 5353, LOJA 307JKLMQ, PISO L3","districtName":"SÃO FRANCISCO","townName":"CARIACICA","countrySubDivision":"ES","postCode":"29145910","country":"Brasil","countryCode":"BRA"},"phones":[{"type":"FIXO","countryCallingCode":"55","areaCode":"85","number":"33043853"}],"availability":{"standards":[{"weekday":"DOMINGO"},{"weekday":"SEGUNDA_FEIRA"},{"weekday":"TERCA_FEIRA"},{"weekday":"QUARTA_FEIRA"},{"weekday":"QUINTA_FEIRA"},{"weekday":"SEXTA_FEIRA"},{"weekday":"SABADO"}],"exception":"Exceto em datas festivas de Ano Novo, Dia das Mães, Dia dos Pais e Natal"}}],"services":[{"name":"RECEBIMENTOS_PAGAMENTOS_QUALQUER_NATUREZA_OUTRAS_ATIVIDADES_DECORRENTES_EXECUCAO_CONTRATOS_CONVENIOS_PRESTACAO_SERVICOS","code":"RECEBIMENTOS_PAGAMENTOS_QUALQUER_NATUREZA_EXECUCAO_CONTRATOS_CONVENIO"},{"name":"EXECUCAO_ATIVA_PASSIVA_ORDENS_PAGAMENTO_CURSADAS_INTERMEDIO_INSTITUICAO_CONTRATANTE_SOLICITACAO_CLIENTES_USUARIOS","code":"EXECUCAO_ATIVA_PASSIVA_ORDENS_PAGAMENTO"},{"name":"RECEPCAO_ENCAMINHAMENTO_PROPOSTAS_FORNECIMENTO_CARTAO_CREDITO_RESPONSABILIDADE_INSTITUICAO_CONTRATANTE","code":"RECEBE_ENCAMINHA_PROPOSTAS_FORNECIMENTO_CARTAO_CREDITO"},{"name":"RECEPCAO_ENCAMINHAMENTO_PROPOSTAS_OPERACAO_CREDITO_ARRENDAMENTO_MERCANTIL_CONCESSAO_INSTITUICAO_CONTRATANTE","code":"RECEBE_ENCAMINHA_PROPOSTAS_CREDITO_ARRENDAMENTO_MERCANTIL"}]},{"identification":{"corporationName":"LOJAS RENNER S.A.-LOJA MOSSORÓ WEST SHOPPING","groupName":"LOJAS RENNER S.A.","cnpjNumber":"92754738028504","isUnderestablishment":false},"locations":[{"postalAddress":{"address":"AVENIDA JOÃO DA ESCOSSIA, Nº 1515 (EUC N° 001C – ÂNCORA 02 – PISO TÉRREO)","districtName":"NOVA BETÂNIA","townName":"MOSSORO","countrySubDivision":"RN","postCode":"59607330","country":"Brasil","countryCode":"BRA"},"phones":[{"type":"FIXO","countryCallingCode":"55","areaCode":"85","number":"33043854"}],"availability":{"standards":[{"weekday":"DOMINGO"},{"weekday":"SEGUNDA_FEIRA"},{"weekday":"TERCA_FEIRA"},{"weekday":"QUARTA_FEIRA"},{"weekday":"QUINTA_FEIRA"},{"weekday":"SEXTA_FEIRA"},{"weekday":"SABADO"}],"exception":"Exceto em datas festivas de Ano Novo, Dia das Mães, Dia dos Pais e Natal"}}],"services":[{"name":"RECEBIMENTOS_PAGAMENTOS_QUALQUER_NATUREZA_OUTRAS_ATIVIDADES_DECORRENTES_EXECUCAO_CONTRATOS_CONVENIOS_PRESTACAO_SERVICOS","code":"RECEBIMENTOS_PAGAMENTOS_QUALQUER_NATUREZA_EXECUCAO_CONTRATOS_CONVENIO"},{"name":"EXECUCAO_ATIVA_PASSIVA_ORDENS_PAGAMENTO_CURSADAS_INTERMEDIO_INSTITUICAO_CONTRATANTE_SOLICITACAO_CLIENTES_USUARIOS","code":"EXECUCAO_ATIVA_PASSIVA_ORDENS_PAGAMENTO"},{"name":"RECEPCAO_ENCAMINHAMENTO_PROPOSTAS_FORNECIMENTO_CARTAO_CREDITO_RESPONSABILIDADE_INSTITUICAO_CONTRATANTE","code":"RECEBE_ENCAMINHA_PROPOSTAS_FORNECIMENTO_CARTAO_CREDITO"},{"name":"RECEPCAO_ENCAMINHAMENTO_PROPOSTAS_OPERACAO_CREDITO_ARRENDAMENTO_MERCANTIL_CONCESSAO_INSTITUICAO_CONTRATANTE","code":"RECEBE_ENCAMINHA_PROPOSTAS_CREDITO_ARRENDAMENTO_MERCANTIL"}]},{"identification":{"corporationName":"LOJAS RENNER S.A.-LOJA SHOPPING VILA VELHA","groupName":"LOJAS RENNER S.A.","cnpjNumber":"92754738029497","isUnderestablishment":false},"locations":[{"postalAddress":{"address":"RUA LUCIANO DAS NEVES, Nº 2418 (LUC 1001 - PISO L1)","districtName":"DIVINO ESPÍRITO SANTO","townName":"VILA VELHA","countrySubDivision":"ES","postCode":"29107900","country":"Brasil","countryCode":"BRA"},"phones":[{"type":"FIXO","countryCallingCode":"55","areaCode":"85","number":"33043855"}],"availability":{"standards":[{"weekday":"DOMINGO"},{"weekday":"SEGUNDA_FEIRA"},{"weekday":"TERCA_FEIRA"},{"weekday":"QUARTA_FEIRA"},{"weekday":"QUINTA_FEIRA"},{"weekday":"SEXTA_FEIRA"},{"weekday":"SABADO"}],"exception":"Exceto em datas festivas de Ano Novo, Dia das Mães, Dia dos Pais e Natal"}}],"services":[{"name":"RECEBIMENTOS_PAGAMENTOS_QUALQUER_NATUREZA_OUTRAS_ATIVIDADES_DECORRENTES_EXECUCAO_CONTRATOS_CONVENIOS_PRESTACAO_SERVICOS","code":"RECEBIMENTOS_PAGAMENTOS_QUALQUER_NATUREZA_EXECUCAO_CONTRATOS_CONVENIO"},{"name":"EXECUCAO_ATIVA_PASSIVA_ORDENS_PAGAMENTO_CURSADAS_INTERMEDIO_INSTITUICAO_CONTRATANTE_SOLICITACAO_CLIENTES_USUARIOS","code":"EXECUCAO_ATIVA_PASSIVA_ORDENS_PAGAMENTO"},{"name":"RECEPCAO_ENCAMINHAMENTO_PROPOSTAS_FORNECIMENTO_CARTAO_CREDITO_RESPONSABILIDADE_INSTITUICAO_CONTRATANTE","code":"RECEBE_ENCAMINHA_PROPOSTAS_FORNECIMENTO_CARTAO_CREDITO"},{"name":"RECEPCAO_ENCAMINHAMENTO_PROPOSTAS_OPERACAO_CREDITO_ARRENDAMENTO_MERCANTIL_CONCESSAO_INSTITUICAO_CONTRATANTE","code":"RECEBE_ENCAMINHA_PROPOSTAS_CREDITO_ARRENDAMENTO_MERCANTIL"}]},{"identification":{"corporationName":"LOJAS RENNER S.A.-LOJA PARQUE SHOPPING MAIA","groupName":"LOJAS RENNER S.A.","cnpjNumber":"92754738028334","isUnderestablishment":false},"locations":[{"postalAddress":{"address":"BARTHOLOMEU DE CARLOS, 0, (LUC 2033), SÍTIO TABATINGA","districtName":"JARDIM FLOR DA MONTANHA","townName":"GUARULHOS","countrySubDivision":"SP","postCode":"07097420","country":"Brasil","countryCode":"BRA"},"phones":[{"type":"FIXO","countryCallingCode":"55","areaCode":"85","number":"33043856"}],"availability":{"standards":[{"weekday":"DOMINGO"},{"weekday":"SEGUNDA_FEIRA"},{"weekday":"TERCA_FEIRA"},{"weekday":"QUARTA_FEIRA"},{"weekday":"QUINTA_FEIRA"},{"weekday":"SEXTA_FEIRA"},{"weekday":"SABADO"}],"exception":"Exceto em datas festivas de Ano Novo, Dia das Mães, Dia dos Pais e Natal"}}],"services":[{"name":"RECEBIMENTOS_PAGAMENTOS_QUALQUER_NATUREZA_OUTRAS_ATIVIDADES_DECORRENTES_EXECUCAO_CONTRATOS_CONVENIOS_PRESTACAO_SERVICOS","code":"RECEBIMENTOS_PAGAMENTOS_QUALQUER_NATUREZA_EXECUCAO_CONTRATOS_CONVENIO"},{"name":"EXECUCAO_ATIVA_PASSIVA_ORDENS_PAGAMENTO_CURSADAS_INTERMEDIO_INSTITUICAO_CONTRATANTE_SOLICITACAO_CLIENTES_USUARIOS","code":"EXECUCAO_ATIVA_PASSIVA_ORDENS_PAGAMENTO"},{"name":"RECEPCAO_ENCAMINHAMENTO_PROPOSTAS_FORNECIMENTO_CARTAO_CREDITO_RESPONSABILIDADE_INSTITUICAO_CONTRATANTE","code":"RECEBE_ENCAMINHA_PROPOSTAS_FORNECIMENTO_CARTAO_CREDITO"},{"name":"RECEPCAO_ENCAMINHAMENTO_PROPOSTAS_OPERACAO_CREDITO_ARRENDAMENTO_MERCANTIL_CONCESSAO_INSTITUICAO_CONTRATANTE","code":"RECEBE_ENCAMINHA_PROPOSTAS_CREDITO_ARRENDAMENTO_MERCANTIL"}]},{"identification":{"corporationName":"LOJAS RENNER S.A.-LOJA SHOPPING PÁTIO RORAIMA","groupName":"LOJAS RENNER S.A.","cnpjNumber":"92754738029225","isUnderestablishment":false},"locations":[{"postalAddress":{"address":"AVENIDA JOÃO ALENCAR, Nº 2181, ESPAÇO COMERCIAL Nº 201 - O","districtName":"AEROPORTO","townName":"BOA VISTA","countrySubDivision":"RR","postCode":"69310065","country":"Brasil","countryCode":"BRA"},"phones":[{"type":"FIXO","countryCallingCode":"55","areaCode":"85","number":"33043857"}],"availability":{"standards":[{"weekday":"DOMINGO"},{"weekday":"SEGUNDA_FEIRA"},{"weekday":"TERCA_FEIRA"},{"weekday":"QUARTA_FEIRA"},{"weekday":"QUINTA_FEIRA"},{"weekday":"SEXTA_FEIRA"},{"weekday":"SABADO"}],"exception":"Exceto em datas festivas de Ano Novo, Dia das Mães, Dia dos Pais e Natal"}}],"services":[{"name":"RECEBIMENTOS_PAGAMENTOS_QUALQUER_NATUREZA_OUTRAS_ATIVIDADES_DECORRENTES_EXECUCAO_CONTRATOS_CONVENIOS_PRESTACAO_SERVICOS","code":"RECEBIMENTOS_PAGAMENTOS_QUALQUER_NATUREZA_EXECUCAO_CONTRATOS_CONVENIO"},{"name":"EXECUCAO_ATIVA_PASSIVA_ORDENS_PAGAMENTO_CURSADAS_INTERMEDIO_INSTITUICAO_CONTRATANTE_SOLICITACAO_CLIENTES_USUARIOS","code":"EXECUCAO_ATIVA_PASSIVA_ORDENS_PAGAMENTO"},{"name":"RECEPCAO_ENCAMINHAMENTO_PROPOSTAS_FORNECIMENTO_CARTAO_CREDITO_RESPONSABILIDADE_INSTITUICAO_CONTRATANTE","code":"RECEBE_ENCAMINHA_PROPOSTAS_FORNECIMENTO_CARTAO_CREDITO"},{"name":"RECEPCAO_ENCAMINHAMENTO_PROPOSTAS_OPERACAO_CREDITO_ARRENDAMENTO_MERCANTIL_CONCESSAO_INSTITUICAO_CONTRATANTE","code":"RECEBE_ENCAMINHA_PROPOSTAS_CREDITO_ARRENDAMENTO_MERCANTIL"}]},{"identification":{"corporationName":"LOJAS RENNER S.A.-LOJA 7 DE SETEMBRO","groupName":"LOJAS RENNER S.A.","cnpjNumber":"92754738028091","isUnderestablishment":false},"locations":[{"postalAddress":{"address":"RUA SETE DE SETEMBRO, 111 (LOJA 111-A)'","districtName":"CENTRO","townName":"RIO DE JANEIRO","countrySubDivision":"RJ","postCode":"20050006","country":"Brasil","countryCode":"BRA"},"phones":[{"type":"FIXO","countryCallingCode":"55","areaCode":"85","number":"33043858"}],"availability":{"standards":[{"weekday":"SEGUNDA_FEIRA"},{"weekday":"TERCA_FEIRA"},{"weekday":"QUARTA_FEIRA"},{"weekday":"QUINTA_FEIRA"},{"weekday":"SEXTA_FEIRA"},{"weekday":"SABADO"}],"exception":"Exceto feriados municipais, estaduais e nacionais"}}],"services":[{"name":"RECEBIMENTOS_PAGAMENTOS_QUALQUER_NATUREZA_OUTRAS_ATIVIDADES_DECORRENTES_EXECUCAO_CONTRATOS_CONVENIOS_PRESTACAO_SERVICOS","code":"RECEBIMENTOS_PAGAMENTOS_QUALQUER_NATUREZA_EXECUCAO_CONTRATOS_CONVENIO"},{"name":"EXECUCAO_ATIVA_PASSIVA_ORDENS_PAGAMENTO_CURSADAS_INTERMEDIO_INSTITUICAO_CONTRATANTE_SOLICITACAO_CLIENTES_USUARIOS","code":"EXECUCAO_ATIVA_PASSIVA_ORDENS_PAGAMENTO"},{"name":"RECEPCAO_ENCAMINHAMENTO_PROPOSTAS_FORNECIMENTO_CARTAO_CREDITO_RESPONSABILIDADE_INSTITUICAO_CONTRATANTE","code":"RECEBE_ENCAMINHA_PROPOSTAS_FORNECIMENTO_CARTAO_CREDITO"},{"name":"RECEPCAO_ENCAMINHAMENTO_PROPOSTAS_OPERACAO_CREDITO_ARRENDAMENTO_MERCANTIL_CONCESSAO_INSTITUICAO_CONTRATANTE","code":"RECEBE_ENCAMINHA_PROPOSTAS_CREDITO_ARRENDAMENTO_MERCANTIL"}]},{"identification":{"corporationName":"LOJAS RENNER S.A.-LOJA SHOPPING JARAGUA ARARAQUARA","groupName":"LOJAS RENNER S.A.","cnpjNumber":"92754738031041","isUnderestablishment":false},"locations":[{"postalAddress":{"address":"AVENIDA ALBERTO BENASSI, Nº 2270, LOJA 100, PISO TÉRREO","districtName":"JARDIM BANDEIRANTES","townName":"ARARAQUARA","countrySubDivision":"SP","postCode":"14804300","country":"Brasil","countryCode":"BRA"},"phones":[{"type":"FIXO","countryCallingCode":"55","areaCode":"85","number":"33043859"}],"availability":{"standards":[{"weekday":"DOMINGO"},{"weekday":"SEGUNDA_FEIRA"},{"weekday":"TERCA_FEIRA"},{"weekday":"QUARTA_FEIRA"},{"weekday":"QUINTA_FEIRA"},{"weekday":"SEXTA_FEIRA"},{"weekday":"SABADO"}],"exception":"Exceto em datas festivas de Ano Novo, Dia das Mães, Dia dos Pais e Natal"}}],"services":[{"name":"RECEBIMENTOS_PAGAMENTOS_QUALQUER_NATUREZA_OUTRAS_ATIVIDADES_DECORRENTES_EXECUCAO_CONTRATOS_CONVENIOS_PRESTACAO_SERVICOS","code":"RECEBIMENTOS_PAGAMENTOS_QUALQUER_NATUREZA_EXECUCAO_CONTRATOS_CONVENIO"},{"name":"EXECUCAO_ATIVA_PASSIVA_ORDENS_PAGAMENTO_CURSADAS_INTERMEDIO_INSTITUICAO_CONTRATANTE_SOLICITACAO_CLIENTES_USUARIOS","code":"EXECUCAO_ATIVA_PASSIVA_ORDENS_PAGAMENTO"},{"name":"RECEPCAO_ENCAMINHAMENTO_PROPOSTAS_FORNECIMENTO_CARTAO_CREDITO_RESPONSABILIDADE_INSTITUICAO_CONTRATANTE","code":"RECEBE_ENCAMINHA_PROPOSTAS_FORNECIMENTO_CARTAO_CREDITO"},{"name":"RECEPCAO_ENCAMINHAMENTO_PROPOSTAS_OPERACAO_CREDITO_ARRENDAMENTO_MERCANTIL_CONCESSAO_INSTITUICAO_CONTRATANTE","code":"RECEBE_ENCAMINHA_PROPOSTAS_CREDITO_ARRENDAMENTO_MERCANTIL"}]},{"identification":{"corporationName":"LOJAS RENNER S.A.-LOJA SHOPPING RIO CLARO","groupName":"LOJAS RENNER S.A.","cnpjNumber":"92754738028849","isUnderestablishment":false},"locations":[{"postalAddress":{"address":"AVENIDA CONDE FRANCISCO MATARAZZO JUNIOR, Nº 205 (LUC NºS A, 90, 91 E 92)","districtName":"VILA PAULISTA","townName":"RIO CLARO","countrySubDivision":"SP","postCode":"13506845","country":"Brasil","countryCode":"BRA"},"phones":[{"type":"FIXO","countryCallingCode":"55","areaCode":"85","number":"33043860"}],"availability":{"standards":[{"weekday":"DOMINGO"},{"weekday":"SEGUNDA_FEIRA"},{"weekday":"TERCA_FEIRA"},{"weekday":"QUARTA_FEIRA"},{"weekday":"QUINTA_FEIRA"},{"weekday":"SEXTA_FEIRA"},{"weekday":"SABADO"}],"exception":"Exceto em datas festivas de Ano Novo, Dia das Mães, Dia dos Pais e Natal"}}],"services":[{"name":"RECEBIMENTOS_PAGAMENTOS_QUALQUER_NATUREZA_OUTRAS_ATIVIDADES_DECORRENTES_EXECUCAO_CONTRATOS_CONVENIOS_PRESTACAO_SERVICOS","code":"RECEBIMENTOS_PAGAMENTOS_QUALQUER_NATUREZA_EXECUCAO_CONTRATOS_CONVENIO"},{"name":"EXECUCAO_ATIVA_PASSIVA_ORDENS_PAGAMENTO_CURSADAS_INTERMEDIO_INSTITUICAO_CONTRATANTE_SOLICITACAO_CLIENTES_USUARIOS","code":"EXECUCAO_ATIVA_PASSIVA_ORDENS_PAGAMENTO"},{"name":"RECEPCAO_ENCAMINHAMENTO_PROPOSTAS_FORNECIMENTO_CARTAO_CREDITO_RESPONSABILIDADE_INSTITUICAO_CONTRATANTE","code":"RECEBE_ENCAMINHA_PROPOSTAS_FORNECIMENTO_CARTAO_CREDITO"},{"name":"RECEPCAO_ENCAMINHAMENTO_PROPOSTAS_OPERACAO_CREDITO_ARRENDAMENTO_MERCANTIL_CONCESSAO_INSTITUICAO_CONTRATANTE","code":"RECEBE_ENCAMINHA_PROPOSTAS_CREDITO_ARRENDAMENTO_MERCANTIL"}]},{"identification":{"corporationName":"LOJAS RENNER S.A.-LOJA SHOPPING MANAUS VIA NORTE","groupName":"LOJAS RENNER S.A.","cnpjNumber":"92754738029144","isUnderestablishment":false},"locations":[{"postalAddress":{"address":"AVENIDA ARQUITETO JOSÉ HENRIQUE BENTO RODRIGUES, Nº 3760, ESPAÇO COMERCIAL Nº 202J","districtName":"MONTE DAS OLIVEIRAS","townName":"MANAUS","countrySubDivision":"AM","postCode":"69093149","country":"Brasil","countryCode":"BRA"},"phones":[{"type":"FIXO","countryCallingCode":"55","areaCode":"85","number":"33043861"}],"availability":{"standards":[{"weekday":"DOMINGO"},{"weekday":"SEGUNDA_FEIRA"},{"weekday":"TERCA_FEIRA"},{"weekday":"QUARTA_FEIRA"},{"weekday":"QUINTA_FEIRA"},{"weekday":"SEXTA_FEIRA"},{"weekday":"SABADO"}],"exception":"Exceto em datas festivas de Ano Novo, Dia das Mães, Dia dos Pais e Natal"}}],"services":[{"name":"RECEBIMENTOS_PAGAMENTOS_QUALQUER_NATUREZA_OUTRAS_ATIVIDADES_DECORRENTES_EXECUCAO_CONTRATOS_CONVENIOS_PRESTACAO_SERVICOS","code":"RECEBIMENTOS_PAGAMENTOS_QUALQUER_NATUREZA_EXECUCAO_CONTRATOS_CONVENIO"},{"name":"EXECUCAO_ATIVA_PASSIVA_ORDENS_PAGAMENTO_CURSADAS_INTERMEDIO_INSTITUICAO_CONTRATANTE_SOLICITACAO_CLIENTES_USUARIOS","code":"EXECUCAO_ATIVA_PASSIVA_ORDENS_PAGAMENTO"},{"name":"RECEPCAO_ENCAMINHAMENTO_PROPOSTAS_FORNECIMENTO_CARTAO_CREDITO_RESPONSABILIDADE_INSTITUICAO_CONTRATANTE","code":"RECEBE_ENCAMINHA_PROPOSTAS_FORNECIMENTO_CARTAO_CREDITO"},{"name":"RECEPCAO_ENCAMINHAMENTO_PROPOSTAS_OPERACAO_CREDITO_ARRENDAMENTO_MERCANTIL_CONCESSAO_INSTITUICAO_CONTRATANTE","code":"RECEBE_ENCAMINHA_PROPOSTAS_CREDITO_ARRENDAMENTO_MERCANTIL"}]},{"identification":{"corporationName":"LOJAS RENNER S.A.-LOJA AV. IBIRAPUERA","groupName":"LOJAS RENNER S.A.","cnpjNumber":"92754738029578","isUnderestablishment":false},"locations":[{"postalAddress":{"address":"AVENIDA IBIRAPUERA, Nº 2.601","districtName":"INDIANÓPOLIS","townName":"SAO PAULO","countrySubDivision":"SP","postCode":"04029200","country":"Brasil","countryCode":"BRA"},"phones":[{"type":"FIXO","countryCallingCode":"55","areaCode":"85","number":"33043862"}],"availability":{"standards":[{"weekday":"SEGUNDA_FEIRA"},{"weekday":"TERCA_FEIRA"},{"weekday":"QUARTA_FEIRA"},{"weekday":"QUINTA_FEIRA"},{"weekday":"SEXTA_FEIRA"},{"weekday":"SABADO"}],"exception":"Exceto feriados municipais, estaduais e nacionais"}}],"services":[{"name":"RECEBIMENTOS_PAGAMENTOS_QUALQUER_NATUREZA_OUTRAS_ATIVIDADES_DECORRENTES_EXECUCAO_CONTRATOS_CONVENIOS_PRESTACAO_SERVICOS","code":"RECEBIMENTOS_PAGAMENTOS_QUALQUER_NATUREZA_EXECUCAO_CONTRATOS_CONVENIO"},{"name":"EXECUCAO_ATIVA_PASSIVA_ORDENS_PAGAMENTO_CURSADAS_INTERMEDIO_INSTITUICAO_CONTRATANTE_SOLICITACAO_CLIENTES_USUARIOS","code":"EXECUCAO_ATIVA_PASSIVA_ORDENS_PAGAMENTO"},{"name":"RECEPCAO_ENCAMINHAMENTO_PROPOSTAS_FORNECIMENTO_CARTAO_CREDITO_RESPONSABILIDADE_INSTITUICAO_CONTRATANTE","code":"RECEBE_ENCAMINHA_PROPOSTAS_FORNECIMENTO_CARTAO_CREDITO"},{"name":"RECEPCAO_ENCAMINHAMENTO_PROPOSTAS_OPERACAO_CREDITO_ARRENDAMENTO_MERCANTIL_CONCESSAO_INSTITUICAO_CONTRATANTE","code":"RECEBE_ENCAMINHA_PROPOSTAS_CREDITO_ARRENDAMENTO_MERCANTIL"}]},{"identification":{"corporationName":"LOJAS RENNER S.A.-LOJA SHOPPING TERRAÇO","groupName":"LOJAS RENNER S.A.","cnpjNumber":"92754738029810","isUnderestablishment":false},"locations":[{"postalAddress":{"address":"SHC/AOS EA 02/08, LOTE 05, LOJAS 107, 108, 109, 110 E 111 TÉRREO","districtName":"OCTOGONAL","townName":"BRASILIA","countrySubDivision":"DF","postCode":"70660090","country":"Brasil","countryCode":"BRA"},"phones":[{"type":"FIXO","countryCallingCode":"55","areaCode":"85","number":"33043864"}],"availability":{"standards":[{"weekday":"DOMINGO"},{"weekday":"SEGUNDA_FEIRA"},{"weekday":"TERCA_FEIRA"},{"weekday":"QUARTA_FEIRA"},{"weekday":"QUINTA_FEIRA"},{"weekday":"SEXTA_FEIRA"},{"weekday":"SABADO"}],"exception":"Exceto em datas festivas de Ano Novo, Dia das Mães, Dia dos Pais e Natal"}}],"services":[{"name":"RECEBIMENTOS_PAGAMENTOS_QUALQUER_NATUREZA_OUTRAS_ATIVIDADES_DECORRENTES_EXECUCAO_CONTRATOS_CONVENIOS_PRESTACAO_SERVICOS","code":"RECEBIMENTOS_PAGAMENTOS_QUALQUER_NATUREZA_EXECUCAO_CONTRATOS_CONVENIO"},{"name":"EXECUCAO_ATIVA_PASSIVA_ORDENS_PAGAMENTO_CURSADAS_INTERMEDIO_INSTITUICAO_CONTRATANTE_SOLICITACAO_CLIENTES_USUARIOS","code":"EXECUCAO_ATIVA_PASSIVA_ORDENS_PAGAMENTO"},{"name":"RECEPCAO_ENCAMINHAMENTO_PROPOSTAS_FORNECIMENTO_CARTAO_CREDITO_RESPONSABILIDADE_INSTITUICAO_CONTRATANTE","code":"RECEBE_ENCAMINHA_PROPOSTAS_FORNECIMENTO_CARTAO_CREDITO"},{"name":"RECEPCAO_ENCAMINHAMENTO_PROPOSTAS_OPERACAO_CREDITO_ARRENDAMENTO_MERCANTIL_CONCESSAO_INSTITUICAO_CONTRATANTE","code":"RECEBE_ENCAMINHA_PROPOSTAS_CREDITO_ARRENDAMENTO_MERCANTIL"}]},{"identification":{"corporationName":"LOJAS RENNER S.A.-LOJA LARGO DO MACHADO","groupName":"LOJAS RENNER S.A.","cnpjNumber":"92754738030150","isUnderestablishment":false},"locations":[{"postalAddress":{"address":"RUA DO CATETE, Nº 359","districtName":"CETETE","townName":"RIO DE JANEIRO","countrySubDivision":"RJ","postCode":"22220001","country":"Brasil","countryCode":"BRA"},"phones":[{"type":"FIXO","countryCallingCode":"55","areaCode":"85","number":"33043865"}],"availability":{"standards":[{"weekday":"SEGUNDA_FEIRA"},{"weekday":"TERCA_FEIRA"},{"weekday":"QUARTA_FEIRA"},{"weekday":"QUINTA_FEIRA"},{"weekday":"SEXTA_FEIRA"},{"weekday":"SABADO"}],"exception":"Exceto feriados municipais, estaduais e nacionais"}}],"services":[{"name":"RECEBIMENTOS_PAGAMENTOS_QUALQUER_NATUREZA_OUTRAS_ATIVIDADES_DECORRENTES_EXECUCAO_CONTRATOS_CONVENIOS_PRESTACAO_SERVICOS","code":"RECEBIMENTOS_PAGAMENTOS_QUALQUER_NATUREZA_EXECUCAO_CONTRATOS_CONVENIO"},{"name":"EXECUCAO_ATIVA_PASSIVA_ORDENS_PAGAMENTO_CURSADAS_INTERMEDIO_INSTITUICAO_CONTRATANTE_SOLICITACAO_CLIENTES_USUARIOS","code":"EXECUCAO_ATIVA_PASSIVA_ORDENS_PAGAMENTO"},{"name":"RECEPCAO_ENCAMINHAMENTO_PROPOSTAS_FORNECIMENTO_CARTAO_CREDITO_RESPONSABILIDADE_INSTITUICAO_CONTRATANTE","code":"RECEBE_ENCAMINHA_PROPOSTAS_FORNECIMENTO_CARTAO_CREDITO"},{"name":"RECEPCAO_ENCAMINHAMENTO_PROPOSTAS_OPERACAO_CREDITO_ARRENDAMENTO_MERCANTIL_CONCESSAO_INSTITUICAO_CONTRATANTE","code":"RECEBE_ENCAMINHA_PROPOSTAS_CREDITO_ARRENDAMENTO_MERCANTIL"}]},{"identification":{"corporationName":"LOJAS RENNER S.A.-LOJA BOSQUE GRÃO PARÁ","groupName":"LOJAS RENNER S.A.","cnpjNumber":"92754738032285","isUnderestablishment":false},"locations":[{"postalAddress":{"address":"RODOVIA DOS TRABALHADORES, S/N, LOJAS 0001A, 0008A, 0008B - PISO TÉRREO","districtName":"PARQUE VERDE","townName":"BELEM","countrySubDivision":"PA","postCode":"66635894","country":"Brasil","countryCode":"BRA"},"phones":[{"type":"FIXO","countryCallingCode":"55","areaCode":"85","number":"33043866"}],"availability":{"standards":[{"weekday":"SEGUNDA_FEIRA"},{"weekday":"TERCA_FEIRA"},{"weekday":"QUARTA_FEIRA"},{"weekday":"QUINTA_FEIRA"},{"weekday":"SEXTA_FEIRA"},{"weekday":"SABADO"}],"exception":"Exceto feriados municipais, estaduais e nacionais"}}],"services":[{"name":"RECEBIMENTOS_PAGAMENTOS_QUALQUER_NATUREZA_OUTRAS_ATIVIDADES_DECORRENTES_EXECUCAO_CONTRATOS_CONVENIOS_PRESTACAO_SERVICOS","code":"RECEBIMENTOS_PAGAMENTOS_QUALQUER_NATUREZA_EXECUCAO_CONTRATOS_CONVENIO"},{"name":"EXECUCAO_ATIVA_PASSIVA_ORDENS_PAGAMENTO_CURSADAS_INTERMEDIO_INSTITUICAO_CONTRATANTE_SOLICITACAO_CLIENTES_USUARIOS","code":"EXECUCAO_ATIVA_PASSIVA_ORDENS_PAGAMENTO"},{"name":"RECEPCAO_ENCAMINHAMENTO_PROPOSTAS_FORNECIMENTO_CARTAO_CREDITO_RESPONSABILIDADE_INSTITUICAO_CONTRATANTE","code":"RECEBE_ENCAMINHA_PROPOSTAS_FORNECIMENTO_CARTAO_CREDITO"},{"name":"RECEPCAO_ENCAMINHAMENTO_PROPOSTAS_OPERACAO_CREDITO_ARRENDAMENTO_MERCANTIL_CONCESSAO_INSTITUICAO_CONTRATANTE","code":"RECEBE_ENCAMINHA_PROPOSTAS_CREDITO_ARRENDAMENTO_MERCANTIL"}]},{"identification":{"corporationName":"LOJAS RENNER S.A.-LOJA SHOPPING SUL","groupName":"LOJAS RENNER S.A.","cnpjNumber":"92754738033419","isUnderestablishment":false},"locations":[{"postalAddress":{"address":"QUADRA 1, S/N, BR 040, KM 12, GLEBA F, LOTE 1, LOJA 270","districtName":"PARQUE ESPLANADA III","townName":"VALPARAISO DE GOIAS","countrySubDivision":"GO","postCode":"72876902","country":"Brasil","countryCode":"BRA"},"phones":[{"type":"FIXO","countryCallingCode":"55","areaCode":"85","number":"33043867"}],"availability":{"standards":[{"weekday":"DOMINGO"},{"weekday":"SEGUNDA_FEIRA"},{"weekday":"TERCA_FEIRA"},{"weekday":"QUARTA_FEIRA"},{"weekday":"QUINTA_FEIRA"},{"weekday":"SEXTA_FEIRA"},{"weekday":"SABADO"}],"exception":"Exceto em datas festivas de Ano Novo, Dia das Mães, Dia dos Pais e Natal"}}],"services":[{"name":"RECEBIMENTOS_PAGAMENTOS_QUALQUER_NATUREZA_OUTRAS_ATIVIDADES_DECORRENTES_EXECUCAO_CONTRATOS_CONVENIOS_PRESTACAO_SERVICOS","code":"RECEBIMENTOS_PAGAMENTOS_QUALQUER_NATUREZA_EXECUCAO_CONTRATOS_CONVENIO"},{"name":"EXECUCAO_ATIVA_PASSIVA_ORDENS_PAGAMENTO_CURSADAS_INTERMEDIO_INSTITUICAO_CONTRATANTE_SOLICITACAO_CLIENTES_USUARIOS","code":"EXECUCAO_ATIVA_PASSIVA_ORDENS_PAGAMENTO"},{"name":"RECEPCAO_ENCAMINHAMENTO_PROPOSTAS_FORNECIMENTO_CARTAO_CREDITO_RESPONSABILIDADE_INSTITUICAO_CONTRATANTE","code":"RECEBE_ENCAMINHA_PROPOSTAS_FORNECIMENTO_CARTAO_CREDITO"},{"name":"RECEPCAO_ENCAMINHAMENTO_PROPOSTAS_OPERACAO_CREDITO_ARRENDAMENTO_MERCANTIL_CONCESSAO_INSTITUICAO_CONTRATANTE","code":"RECEBE_ENCAMINHA_PROPOSTAS_CREDITO_ARRENDAMENTO_MERCANTIL"}]},{"identification":{"corporationName":"LOJAS RENNER S.A.-LOJA SHOPPING RIO POTY","groupName":"LOJAS RENNER S.A.","cnpjNumber":"92754738029659","isUnderestablishment":false},"locations":[{"postalAddress":{"address":"AVENIDA MARECHAL CASTELO BRANCO, Nº 911 (SUC Nº 204AB - PISO L2)","districtName":"PORENQUANTO","townName":"TERESINA","countrySubDivision":"PI","postCode":"64000810","country":"Brasil","countryCode":"BRA"},"phones":[{"type":"FIXO","countryCallingCode":"55","areaCode":"85","number":"33043868"}],"availability":{"standards":[{"weekday":"DOMINGO"},{"weekday":"SEGUNDA_FEIRA"},{"weekday":"TERCA_FEIRA"},{"weekday":"QUARTA_FEIRA"},{"weekday":"QUINTA_FEIRA"},{"weekday":"SEXTA_FEIRA"},{"weekday":"SABADO"}],"exception":"Exceto em datas festivas de Ano Novo, Dia das Mães, Dia dos Pais e Natal"}}],"services":[{"name":"RECEBIMENTOS_PAGAMENTOS_QUALQUER_NATUREZA_OUTRAS_ATIVIDADES_DECORRENTES_EXECUCAO_CONTRATOS_CONVENIOS_PRESTACAO_SERVICOS","code":"RECEBIMENTOS_PAGAMENTOS_QUALQUER_NATUREZA_EXECUCAO_CONTRATOS_CONVENIO"},{"name":"EXECUCAO_ATIVA_PASSIVA_ORDENS_PAGAMENTO_CURSADAS_INTERMEDIO_INSTITUICAO_CONTRATANTE_SOLICITACAO_CLIENTES_USUARIOS","code":"EXECUCAO_ATIVA_PASSIVA_ORDENS_PAGAMENTO"},{"name":"RECEPCAO_ENCAMINHAMENTO_PROPOSTAS_FORNECIMENTO_CARTAO_CREDITO_RESPONSABILIDADE_INSTITUICAO_CONTRATANTE","code":"RECEBE_ENCAMINHA_PROPOSTAS_FORNECIMENTO_CARTAO_CREDITO"},{"name":"RECEPCAO_ENCAMINHAMENTO_PROPOSTAS_OPERACAO_CREDITO_ARRENDAMENTO_MERCANTIL_CONCESSAO_INSTITUICAO_CONTRATANTE","code":"RECEBE_ENCAMINHA_PROPOSTAS_CREDITO_ARRENDAMENTO_MERCANTIL"}]},{"identification":{"corporationName":"LOJAS RENNER S.A.-LOJA VÁRZEA GRANDE SHOPPING","groupName":"LOJAS RENNER S.A.","cnpjNumber":"92754738029063","isUnderestablishment":false},"locations":[{"postalAddress":{"address":"RUA PRESIDENTE ARTHUR BERNARDES, ESQUINA COM  A RUA FILINTO MULLER, S/Nº, (AN03 - 1º PAVIMENTO)","districtName":"JARDIM AEROPORTO","townName":"VARZEA GRANDE","countrySubDivision":"MT","postCode":"78125100","country":"Brasil","countryCode":"BRA"},"phones":[{"type":"FIXO","countryCallingCode":"55","areaCode":"85","number":"33043869"}],"availability":{"standards":[{"weekday":"DOMINGO"},{"weekday":"SEGUNDA_FEIRA"},{"weekday":"TERCA_FEIRA"},{"weekday":"QUARTA_FEIRA"},{"weekday":"QUINTA_FEIRA"},{"weekday":"SEXTA_FEIRA"},{"weekday":"SABADO"}],"exception":"Exceto em datas festivas de Ano Novo, Dia das Mães, Dia dos Pais e Natal"}}],"services":[{"name":"RECEBIMENTOS_PAGAMENTOS_QUALQUER_NATUREZA_OUTRAS_ATIVIDADES_DECORRENTES_EXECUCAO_CONTRATOS_CONVENIOS_PRESTACAO_SERVICOS","code":"RECEBIMENTOS_PAGAMENTOS_QUALQUER_NATUREZA_EXECUCAO_CONTRATOS_CONVENIO"},{"name":"EXECUCAO_ATIVA_PASSIVA_ORDENS_PAGAMENTO_CURSADAS_INTERMEDIO_INSTITUICAO_CONTRATANTE_SOLICITACAO_CLIENTES_USUARIOS","code":"EXECUCAO_ATIVA_PASSIVA_ORDENS_PAGAMENTO"},{"name":"RECEPCAO_ENCAMINHAMENTO_PROPOSTAS_FORNECIMENTO_CARTAO_CREDITO_RESPONSABILIDADE_INSTITUICAO_CONTRATANTE","code":"RECEBE_ENCAMINHA_PROPOSTAS_FORNECIMENTO_CARTAO_CREDITO"},{"name":"RECEPCAO_ENCAMINHAMENTO_PROPOSTAS_OPERACAO_CREDITO_ARRENDAMENTO_MERCANTIL_CONCESSAO_INSTITUICAO_CONTRATANTE","code":"RECEBE_ENCAMINHA_PROPOSTAS_CREDITO_ARRENDAMENTO_MERCANTIL"}]},{"identification":{"corporationName":"LOJAS RENNER S.A.-LOJA RIOMAR SHOPPING FORTALEZA","groupName":"LOJAS RENNER S.A.","cnpjNumber":"92754738028415","isUnderestablishment":false},"locations":[{"postalAddress":{"address":"RUA DESEMBARGADOR LAURO NOGUEIRA, Nº 1355 (SALÃO COMERCIAL Nº 2007 - PISO L2)","districtName":"RIOMAR SHOPPING FORTALEZA","townName":"FORTALEZA","countrySubDivision":"CE","postCode":"60175055","country":"Brasil","countryCode":"BRA"},"phones":[{"type":"FIXO","countryCallingCode":"55","areaCode":"85","number":"33043870"}],"availability":{"standards":[{"weekday":"DOMINGO"},{"weekday":"SEGUNDA_FEIRA"},{"weekday":"TERCA_FEIRA"},{"weekday":"QUARTA_FEIRA"},{"weekday":"QUINTA_FEIRA"},{"weekday":"SEXTA_FEIRA"},{"weekday":"SABADO"}],"exception":"Exceto em datas festivas de Ano Novo, Dia das Mães, Dia dos Pais e Natal"}}],"services":[{"name":"RECEBIMENTOS_PAGAMENTOS_QUALQUER_NATUREZA_OUTRAS_ATIVIDADES_DECORRENTES_EXECUCAO_CONTRATOS_CONVENIOS_PRESTACAO_SERVICOS","code":"RECEBIMENTOS_PAGAMENTOS_QUALQUER_NATUREZA_EXECUCAO_CONTRATOS_CONVENIO"},{"name":"EXECUCAO_ATIVA_PASSIVA_ORDENS_PAGAMENTO_CURSADAS_INTERMEDIO_INSTITUICAO_CONTRATANTE_SOLICITACAO_CLIENTES_USUARIOS","code":"EXECUCAO_ATIVA_PASSIVA_ORDENS_PAGAMENTO"},{"name":"RECEPCAO_ENCAMINHAMENTO_PROPOSTAS_FORNECIMENTO_CARTAO_CREDITO_RESPONSABILIDADE_INSTITUICAO_CONTRATANTE","code":"RECEBE_ENCAMINHA_PROPOSTAS_FORNECIMENTO_CARTAO_CREDITO"},{"name":"RECEPCAO_ENCAMINHAMENTO_PROPOSTAS_OPERACAO_CREDITO_ARRENDAMENTO_MERCANTIL_CONCESSAO_INSTITUICAO_CONTRATANTE","code":"RECEBE_ENCAMINHA_PROPOSTAS_CREDITO_ARRENDAMENTO_MERCANTIL"}]},{"identification":{"corporationName":"LOJAS RENNER S.A.-LOJA SHOPPING JARDIM NORTE JUIZ DE FORA","groupName":"LOJAS RENNER S.A.","cnpjNumber":"92754738032528","isUnderestablishment":false},"locations":[{"postalAddress":{"address":"AVENIDA BRASIL, Nº 6345, LOJAS 1024 / 2012, PISOS 1 E 2","districtName":"MARIANO PROCÓPIO","townName":"JUIZ DE FORA","countrySubDivision":"MG","postCode":"36080060","country":"Brasil","countryCode":"BRA"},"phones":[{"type":"FIXO","countryCallingCode":"55","areaCode":"85","number":"33043871"}],"availability":{"standards":[{"weekday":"DOMINGO"},{"weekday":"SEGUNDA_FEIRA"},{"weekday":"TERCA_FEIRA"},{"weekday":"QUARTA_FEIRA"},{"weekday":"QUINTA_FEIRA"},{"weekday":"SEXTA_FEIRA"},{"weekday":"SABADO"}],"exception":"Exceto em datas festivas de Ano Novo, Dia das Mães, Dia dos Pais e Natal"}}],"services":[{"name":"RECEBIMENTOS_PAGAMENTOS_QUALQUER_NATUREZA_OUTRAS_ATIVIDADES_DECORRENTES_EXECUCAO_CONTRATOS_CONVENIOS_PRESTACAO_SERVICOS","code":"RECEBIMENTOS_PAGAMENTOS_QUALQUER_NATUREZA_EXECUCAO_CONTRATOS_CONVENIO"},{"name":"EXECUCAO_ATIVA_PASSIVA_ORDENS_PAGAMENTO_CURSADAS_INTERMEDIO_INSTITUICAO_CONTRATANTE_SOLICITACAO_CLIENTES_USUARIOS","code":"EXECUCAO_ATIVA_PASSIVA_ORDENS_PAGAMENTO"},{"name":"RECEPCAO_ENCAMINHAMENTO_PROPOSTAS_FORNECIMENTO_CARTAO_CREDITO_RESPONSABILIDADE_INSTITUICAO_CONTRATANTE","code":"RECEBE_ENCAMINHA_PROPOSTAS_FORNECIMENTO_CARTAO_CREDITO"},{"name":"RECEPCAO_ENCAMINHAMENTO_PROPOSTAS_OPERACAO_CREDITO_ARRENDAMENTO_MERCANTIL_CONCESSAO_INSTITUICAO_CONTRATANTE","code":"RECEBE_ENCAMINHA_PROPOSTAS_CREDITO_ARRENDAMENTO_MERCANTIL"}]},{"identification":{"corporationName":"LOJAS RENNER S.A.-LOJA PLAZA SHOPPING AVENIDA","groupName":"LOJAS RENNER S.A.","cnpjNumber":"92754738030231","isUnderestablishment":false},"locations":[{"postalAddress":{"address":"AVENIDA JOSÉ MUNIA, Nº 4775, PISO TÉRREO, LOJAS T012/L141","districtName":"JARDIM REDENTOR","townName":"SAO JOSE DO RIO PRETO","countrySubDivision":"SP","postCode":"15085350","country":"Brasil","countryCode":"BRA"},"phones":[{"type":"FIXO","countryCallingCode":"55","areaCode":"85","number":"33043872"}],"availability":{"standards":[{"weekday":"DOMINGO"},{"weekday":"SEGUNDA_FEIRA"},{"weekday":"TERCA_FEIRA"},{"weekday":"QUARTA_FEIRA"},{"weekday":"QUINTA_FEIRA"},{"weekday":"SEXTA_FEIRA"},{"weekday":"SABADO"}],"exception":"Exceto em datas festivas de Ano Novo, Dia das Mães, Dia dos Pais e Natal"}}],"services":[{"name":"RECEBIMENTOS_PAGAMENTOS_QUALQUER_NATUREZA_OUTRAS_ATIVIDADES_DECORRENTES_EXECUCAO_CONTRATOS_CONVENIOS_PRESTACAO_SERVICOS","code":"RECEBIMENTOS_PAGAMENTOS_QUALQUER_NATUREZA_EXECUCAO_CONTRATOS_CONVENIO"},{"name":"EXECUCAO_ATIVA_PASSIVA_ORDENS_PAGAMENTO_CURSADAS_INTERMEDIO_INSTITUICAO_CONTRATANTE_SOLICITACAO_CLIENTES_USUARIOS","code":"EXECUCAO_ATIVA_PASSIVA_ORDENS_PAGAMENTO"},{"name":"RECEPCAO_ENCAMINHAMENTO_PROPOSTAS_FORNECIMENTO_CARTAO_CREDITO_RESPONSABILIDADE_INSTITUICAO_CONTRATANTE","code":"RECEBE_ENCAMINHA_PROPOSTAS_FORNECIMENTO_CARTAO_CREDITO"},{"name":"RECEPCAO_ENCAMINHAMENTO_PROPOSTAS_OPERACAO_CREDITO_ARRENDAMENTO_MERCANTIL_CONCESSAO_INSTITUICAO_CONTRATANTE","code":"RECEBE_ENCAMINHA_PROPOSTAS_CREDITO_ARRENDAMENTO_MERCANTIL"}]}]}]}]},"links":{"self":"http://10.120.192.16/open-banking/channels/v1/banking-agents?page=10&page-size=25","first":"http://10.120.192.16/open-banking/channels/v1/banking-agents?page=1&page-size=25","prev":"http://10.120.192.16/open-banking/channels/v1/banking-agents?page=9&page-size=25","next":"http://10.120.192.16/open-banking/channels/v1/banking-agents?page=11&page-size=25","last":"http://10.120.192.16/open-banking/channels/v1/banking-agents?page=15&page-size=25"},"meta":{"totalRecords":366,"totalPages":15}}

	at br.com.realize.tests.fase01.CanaisAtendimento.CorrespondentesBancarios.tests.GetCorrespondentesBancariosTest.testGarantirContratosCorrespondentesBancarios(GetCorrespondentesBancariosTest.java:108)
]]></failure>
    <system-out><![CDATA[Request method:	GET
Request URI:	http://10.120.192.16/open-banking/channels/v1/banking-agents?page=10&page-size=25
Proxy:			<none>
Request params:	<none>
Query params:	page=10
				page-size=25
Form params:	<none>
Path params:	<none>
Headers:		Accept=*/*
				Content-Type=application/json; charset=UTF-8
Cookies:		<none>
Multiparts:		<none>
Body:			<none>

HTTP/1.1 200 OK
Date: Sat, 19 Jun 2021 02:39:31 GMT
Content-Type: application/json
Transfer-Encoding: chunked
Connection: keep-alive
Content-Encoding: gzip

{
    "data": {
        "name": "REALIZE CFI S.A.",
        "companies": [
            {
                "name": "REALIZE CRÉDITO, FINANCIAMENTO E INVESTIMENTO S.A.",
                "cnpjNumber": "27351731",
                "contractors": [
                    {
                        "name": "REALIZE CRÉDITO, FINANCIAMENTO E INVESTIMENTO S.A.",
                        "cnpjNumber": "27351731000138",
                        "bankingAgents": [
                            {
                                "identification": {
                                    "corporationName": "LOJAS RENNER S.A.-LOJA NATAL SHOPPING",
                                    "groupName": "LOJAS RENNER S.A.",
                                    "cnpjNumber": "92754738025904",
                                    "isUnderestablishment": false
                                },
                                "locations": [
                                    {
                                        "postalAddress": {
                                            "address": "AVENIDA SENADOR SALGADO FILHO, 2234, (ESPAÇO COMERCIAL Nº 368)",
                                            "districtName": "NATAL SHOPPING",
                                            "townName": "NATAL",
                                            "countrySubDivision": "RN",
                                            "postCode": "59064900",
                                            "country": "Brasil",
                                            "countryCode": "BRA"
                                        },
                                        "phones": [
                                            {
                                                "type": "FIXO",
                                                "countryCallingCode": "55",
                                                "areaCode": "85",
                                                "number": "33043847"
                                            }
                                        ],
                                        "availability": {
                                            "standards": [
                                                {
                                                    "weekday": "DOMINGO"
                                                },
                                                {
                                                    "weekday": "SEGUNDA_FEIRA"
                                                },
                                                {
                                                    "weekday": "TERCA_FEIRA"
                                                },
                                                {
                                                    "weekday": "QUARTA_FEIRA"
                                                },
                                                {
                                                    "weekday": "QUINTA_FEIRA"
                                                },
                                                {
                                                    "weekday": "SEXTA_FEIRA"
                                                },
                                                {
                                                    "weekday": "SABADO"
                                                }
                                            ],
                                            "exception": "Exceto em datas festivas de Ano Novo, Dia das Mães, Dia dos Pais e Natal"
                                        }
                                    }
                                ],
                                "services": [
                                    {
                                        "name": "RECEBIMENTOS_PAGAMENTOS_QUALQUER_NATUREZA_OUTRAS_ATIVIDADES_DECORRENTES_EXECUCAO_CONTRATOS_CONVENIOS_PRESTACAO_SERVICOS",
                                        "code": "RECEBIMENTOS_PAGAMENTOS_QUALQUER_NATUREZA_EXECUCAO_CONTRATOS_CONVENIO"
                                    },
                                    {
                                        "name": "EXECUCAO_ATIVA_PASSIVA_ORDENS_PAGAMENTO_CURSADAS_INTERMEDIO_INSTITUICAO_CONTRATANTE_SOLICITACAO_CLIENTES_USUARIOS",
                                        "code": "EXECUCAO_ATIVA_PASSIVA_ORDENS_PAGAMENTO"
                                    },
                                    {
                                        "name": "RECEPCAO_ENCAMINHAMENTO_PROPOSTAS_FORNECIMENTO_CARTAO_CREDITO_RESPONSABILIDADE_INSTITUICAO_CONTRATANTE",
                                        "code": "RECEBE_ENCAMINHA_PROPOSTAS_FORNECIMENTO_CARTAO_CREDITO"
                                    },
                                    {
                                        "name": "RECEPCAO_ENCAMINHAMENTO_PROPOSTAS_OPERACAO_CREDITO_ARRENDAMENTO_MERCANTIL_CONCESSAO_INSTITUICAO_CONTRATANTE",
                                        "code": "RECEBE_ENCAMINHA_PROPOSTAS_CREDITO_ARRENDAMENTO_MERCANTIL"
                                    }
                                ]
                            },
                            {
                                "identification": {
                                    "corporationName": "LOJAS RENNER S.A.-LOJA SHOPPING MONTSERRAT",
                                    "groupName": "LOJAS RENNER S.A.",
                                    "cnpjNumber": "92754738027605",
                                    "isUnderestablishment": false
                                },
                                "locations": [
                                    {
                                        "postalAddress": {
                                            "address": "AVENIDA ELDES SCHERRER SOUZA, Nº 2162, (SUC Nº 103M – PISO L-1)",
                                            "districtName": "PLANALTO DE CARAPINA",
                                            "townName": "SERRA",
                                            "countrySubDivision": "ES",
                                            "postCode": "29162741",
                                            "country": "Brasil",
                                            "countryCode": "BRA"
                                        },
                                        "phones": [
                                            {
                                                "type": "FIXO",
                                                "countryCallingCode": "55",
                                                "areaCode": "85",
                                                "number": "33043848"
                                            }
                                        ],
                                        "availability": {
                                            "standards": [
                                                {
                                                    "weekday": "DOMINGO"
                                                },
                                                {
                                                    "weekday": "SEGUNDA_FEIRA"
                                                },
                                                {
                                                    "weekday": "TERCA_FEIRA"
                                                },
                                                {
                                                    "weekday": "QUARTA_FEIRA"
                                                },
                                                {
                                                    "weekday": "QUINTA_FEIRA"
                                                },
                                                {
                                                    "weekday": "SEXTA_FEIRA"
                                                },
                                                {
                                                    "weekday": "SABADO"
                                                }
                                            ],
                                            "exception": "Exceto em datas festivas de Ano Novo, Dia das Mães, Dia dos Pais e Natal"
                                        }
                                    }
                                ],
                                "services": [
                                    {
                                        "name": "RECEBIMENTOS_PAGAMENTOS_QUALQUER_NATUREZA_OUTRAS_ATIVIDADES_DECORRENTES_EXECUCAO_CONTRATOS_CONVENIOS_PRESTACAO_SERVICOS",
                                        "code": "RECEBIMENTOS_PAGAMENTOS_QUALQUER_NATUREZA_EXECUCAO_CONTRATOS_CONVENIO"
                                    },
                                    {
                                        "name": "EXECUCAO_ATIVA_PASSIVA_ORDENS_PAGAMENTO_CURSADAS_INTERMEDIO_INSTITUICAO_CONTRATANTE_SOLICITACAO_CLIENTES_USUARIOS",
                                        "code": "EXECUCAO_ATIVA_PASSIVA_ORDENS_PAGAMENTO"
                                    },
                                    {
                                        "name": "RECEPCAO_ENCAMINHAMENTO_PROPOSTAS_FORNECIMENTO_CARTAO_CREDITO_RESPONSABILIDADE_INSTITUICAO_CONTRATANTE",
                                        "code": "RECEBE_ENCAMINHA_PROPOSTAS_FORNECIMENTO_CARTAO_CREDITO"
                                    },
                                    {
                                        "name": "RECEPCAO_ENCAMINHAMENTO_PROPOSTAS_OPERACAO_CREDITO_ARRENDAMENTO_MERCANTIL_CONCESSAO_INSTITUICAO_CONTRATANTE",
                                        "code": "RECEBE_ENCAMINHA_PROPOSTAS_CREDITO_ARRENDAMENTO_MERCANTIL"
                                    }
                                ]
                            },
                            {
                                "identification": {
                                    "corporationName": "LOJAS RENNER S.A.-LOJA SHOPPING VALE DO AÇO",
                                    "groupName": "LOJAS RENNER S.A.",
                                    "cnpjNumber": "92754738030070",
                                    "isUnderestablishment": false
                                },
                                "locations": [
                                    {
                                        "postalAddress": {
                                            "address": "AVENIDA PEDRO LINHARES GOMES, Nº 3900, (LOJA Nº 153 NO 1º PISO E Nº 262 NO 2º PISO)",
                                            "districtName": "INDUSTRIAL",
                                            "townName": "IPATINGA",
                                            "countrySubDivision": "MG",
                                            "postCode": "35160290",
                                            "country": "Brasil",
                                            "countryCode": "BRA"
                                        },
                                        "phones": [
                                            {
                                                "type": "FIXO",
                                                "countryCallingCode": "55",
                                                "areaCode": "85",
                                                "number": "33043849"
                                            }
                                        ],
                                        "availability": {
                                            "standards": [
                                                {
                                                    "weekday": "DOMINGO"
                                                },
                                                {
                                                    "weekday": "SEGUNDA_FEIRA"
                                                },
                                                {
                                                    "weekday": "TERCA_FEIRA"
                                                },
                                                {
                                                    "weekday": "QUARTA_FEIRA"
                                                },
                                                {
                                                    "weekday": "QUINTA_FEIRA"
                                                },
                                                {
                                                    "weekday": "SEXTA_FEIRA"
                                                },
                                                {
                                                    "weekday": "SABADO"
                                                }
                                            ],
                                            "exception": "Exceto em datas festivas de Ano Novo, Dia das Mães, Dia dos Pais e Natal"
                                        }
                                    }
                                ],
                                "services": [
                                    {
                                        "name": "RECEBIMENTOS_PAGAMENTOS_QUALQUER_NATUREZA_OUTRAS_ATIVIDADES_DECORRENTES_EXECUCAO_CONTRATOS_CONVENIOS_PRESTACAO_SERVICOS",
                                        "code": "RECEBIMENTOS_PAGAMENTOS_QUALQUER_NATUREZA_EXECUCAO_CONTRATOS_CONVENIO"
                                    },
                                    {
                                        "name": "EXECUCAO_ATIVA_PASSIVA_ORDENS_PAGAMENTO_CURSADAS_INTERMEDIO_INSTITUICAO_CONTRATANTE_SOLICITACAO_CLIENTES_USUARIOS",
                                        "code": "EXECUCAO_ATIVA_PASSIVA_ORDENS_PAGAMENTO"
                                    },
                                    {
                                        "name": "RECEPCAO_ENCAMINHAMENTO_PROPOSTAS_FORNECIMENTO_CARTAO_CREDITO_RESPONSABILIDADE_INSTITUICAO_CONTRATANTE",
                                        "code": "RECEBE_ENCAMINHA_PROPOSTAS_FORNECIMENTO_CARTAO_CREDITO"
                                    },
                                    {
                                        "name": "RECEPCAO_ENCAMINHAMENTO_PROPOSTAS_OPERACAO_CREDITO_ARRENDAMENTO_MERCANTIL_CONCESSAO_INSTITUICAO_CONTRATANTE",
                                        "code": "RECEBE_ENCAMINHA_PROPOSTAS_CREDITO_ARRENDAMENTO_MERCANTIL"
                                    }
                                ]
                            },
                            {
                                "identification": {
                                    "corporationName": "LOJAS RENNER S.A.-LOJA SHOPPING PRAÇA NOVA ARAÇATUBA",
                                    "groupName": "LOJAS RENNER S.A.",
                                    "cnpjNumber": "92754738027796",
                                    "isUnderestablishment": false
                                },
                                "locations": [
                                    {
                                        "postalAddress": {
                                            "address": "AVENIDA GOVERNADOR MARIO COVAS, Nº 6001, (EUC Nº51 - PISO TÉRREO)",
                                            "districtName": "SHOPPING PRAÇA NOVA ARAÇATUBA",
                                            "townName": "ARACATUBA",
                                            "countrySubDivision": "SP",
                                            "postCode": "16071245",
                                            "country": "Brasil",
                                            "countryCode": "BRA"
                                        },
                                        "phones": [
                                            {
                                                "type": "FIXO",
                                                "countryCallingCode": "55",
                                                "areaCode": "85",
                                                "number": "33043850"
                                            }
                                        ],
                                        "availability": {
                                            "standards": [
                                                {
                                                    "weekday": "DOMINGO"
                                                },
                                                {
                                                    "weekday": "SEGUNDA_FEIRA"
                                                },
                                                {
                                                    "weekday": "TERCA_FEIRA"
                                                },
                                                {
                                                    "weekday": "QUARTA_FEIRA"
                                                },
                                                {
                                                    "weekday": "QUINTA_FEIRA"
                                                },
                                                {
                                                    "weekday": "SEXTA_FEIRA"
                                                },
                                                {
                                                    "weekday": "SABADO"
                                                }
                                            ],
                                            "exception": "Exceto em datas festivas de Ano Novo, Dia das Mães, Dia dos Pais e Natal"
                                        }
                                    }
                                ],
                                "services": [
                                    {
                                        "name": "RECEBIMENTOS_PAGAMENTOS_QUALQUER_NATUREZA_OUTRAS_ATIVIDADES_DECORRENTES_EXECUCAO_CONTRATOS_CONVENIOS_PRESTACAO_SERVICOS",
                                        "code": "RECEBIMENTOS_PAGAMENTOS_QUALQUER_NATUREZA_EXECUCAO_CONTRATOS_CONVENIO"
                                    },
                                    {
                                        "name": "EXECUCAO_ATIVA_PASSIVA_ORDENS_PAGAMENTO_CURSADAS_INTERMEDIO_INSTITUICAO_CONTRATANTE_SOLICITACAO_CLIENTES_USUARIOS",
                                        "code": "EXECUCAO_ATIVA_PASSIVA_ORDENS_PAGAMENTO"
                                    },
                                    {
                                        "name": "RECEPCAO_ENCAMINHAMENTO_PROPOSTAS_FORNECIMENTO_CARTAO_CREDITO_RESPONSABILIDADE_INSTITUICAO_CONTRATANTE",
                                        "code": "RECEBE_ENCAMINHA_PROPOSTAS_FORNECIMENTO_CARTAO_CREDITO"
                                    },
                                    {
                                        "name": "RECEPCAO_ENCAMINHAMENTO_PROPOSTAS_OPERACAO_CREDITO_ARRENDAMENTO_MERCANTIL_CONCESSAO_INSTITUICAO_CONTRATANTE",
                                        "code": "RECEBE_ENCAMINHA_PROPOSTAS_CREDITO_ARRENDAMENTO_MERCANTIL"
                                    }
                                ]
                            },
                            {
                                "identification": {
                                    "corporationName": "LOJAS RENNER S.A.-LOJA BURITÍ SHOPPING RIO VERDE",
                                    "groupName": "LOJAS RENNER S.A.",
                                    "cnpjNumber": "92754738029306",
                                    "isUnderestablishment": false
                                },
                                "locations": [
                                    {
                                        "postalAddress": {
                                            "address": "RUA O, S/N, QUADRA 14, LOTE 6, LUC'S Nº 156/157/158/159",
                                            "districtName": "SETOR JARDIM CAMPESTRE",
                                            "townName": "RIO VERDE",
                                            "countrySubDivision": "GO",
                                            "postCode": "75907681",
                                            "country": "Brasil",
                                            "countryCode": "BRA"
                                        },
                                        "phones": [
                                            {
                                                "type": "FIXO",
                                                "countryCallingCode": "55",
                                                "areaCode": "85",
                                                "number": "33043851"
                                            }
                                        ],
                                        "availability": {
                                            "standards": [
                                                {
                                                    "weekday": "DOMINGO"
                                                },
                                                {
                                                    "weekday": "SEGUNDA_FEIRA"
                                                },
                                                {
                                                    "weekday": "TERCA_FEIRA"
                                                },
                                                {
                                                    "weekday": "QUARTA_FEIRA"
                                                },
                                                {
                                                    "weekday": "QUINTA_FEIRA"
                                                },
                                                {
                                                    "weekday": "SEXTA_FEIRA"
                                                },
                                                {
                                                    "weekday": "SABADO"
                                                }
                                            ],
                                            "exception": "Exceto em datas festivas de Ano Novo, Dia das Mães, Dia dos Pais e Natal"
                                        }
                                    }
                                ],
                                "services": [
                                    {
                                        "name": "RECEBIMENTOS_PAGAMENTOS_QUALQUER_NATUREZA_OUTRAS_ATIVIDADES_DECORRENTES_EXECUCAO_CONTRATOS_CONVENIOS_PRESTACAO_SERVICOS",
                                        "code": "RECEBIMENTOS_PAGAMENTOS_QUALQUER_NATUREZA_EXECUCAO_CONTRATOS_CONVENIO"
                                    },
                                    {
                                        "name": "EXECUCAO_ATIVA_PASSIVA_ORDENS_PAGAMENTO_CURSADAS_INTERMEDIO_INSTITUICAO_CONTRATANTE_SOLICITACAO_CLIENTES_USUARIOS",
                                        "code": "EXECUCAO_ATIVA_PASSIVA_ORDENS_PAGAMENTO"
                                    },
                                    {
                                        "name": "RECEPCAO_ENCAMINHAMENTO_PROPOSTAS_FORNECIMENTO_CARTAO_CREDITO_RESPONSABILIDADE_INSTITUICAO_CONTRATANTE",
                                        "code": "RECEBE_ENCAMINHA_PROPOSTAS_FORNECIMENTO_CARTAO_CREDITO"
                                    },
                                    {
                                        "name": "RECEPCAO_ENCAMINHAMENTO_PROPOSTAS_OPERACAO_CREDITO_ARRENDAMENTO_MERCANTIL_CONCESSAO_INSTITUICAO_CONTRATANTE",
                                        "code": "RECEBE_ENCAMINHA_PROPOSTAS_CREDITO_ARRENDAMENTO_MERCANTIL"
                                    }
                                ]
                            },
                            {
                                "identification": {
                                    "corporationName": "LOJAS RENNER S.A.-LOJA SÃO LUÍS SHOPPING",
                                    "groupName": "LOJAS RENNER S.A.",
                                    "cnpjNumber": "92754738028920",
                                    "isUnderestablishment": false
                                },
                                "locations": [
                                    {
                                        "postalAddress": {
                                            "address": "AVENIDA PROFESSOR CARLOS CUNHA, Nº 1.000 (LUC 301 ÂNCORA - 1 - PISO L1)",
                                            "districtName": "JARACATY",
                                            "townName": "SAO LUIS",
                                            "countrySubDivision": "MA",
                                            "postCode": "65076820",
                                            "country": "Brasil",
                                            "countryCode": "BRA"
                                        },
                                        "phones": [
                                            {
                                                "type": "FIXO",
                                                "countryCallingCode": "55",
                                                "areaCode": "85",
                                                "number": "33043852"
                                            }
                                        ],
                                        "availability": {
                                            "standards": [
                                                {
                                                    "weekday": "DOMINGO"
                                                },
                                                {
                                                    "weekday": "SEGUNDA_FEIRA"
                                                },
                                                {
                                                    "weekday": "TERCA_FEIRA"
                                                },
                                                {
                                                    "weekday": "QUARTA_FEIRA"
                                                },
                                                {
                                                    "weekday": "QUINTA_FEIRA"
                                                },
                                                {
                                                    "weekday": "SEXTA_FEIRA"
                                                },
                                                {
                                                    "weekday": "SABADO"
                                                }
                                            ],
                                            "exception": "Exceto em datas festivas de Ano Novo, Dia das Mães, Dia dos Pais e Natal"
                                        }
                                    }
                                ],
                                "services": [
                                    {
                                        "name": "RECEBIMENTOS_PAGAMENTOS_QUALQUER_NATUREZA_OUTRAS_ATIVIDADES_DECORRENTES_EXECUCAO_CONTRATOS_CONVENIOS_PRESTACAO_SERVICOS",
                                        "code": "RECEBIMENTOS_PAGAMENTOS_QUALQUER_NATUREZA_EXECUCAO_CONTRATOS_CONVENIO"
                                    },
                                    {
                                        "name": "EXECUCAO_ATIVA_PASSIVA_ORDENS_PAGAMENTO_CURSADAS_INTERMEDIO_INSTITUICAO_CONTRATANTE_SOLICITACAO_CLIENTES_USUARIOS",
                                        "code": "EXECUCAO_ATIVA_PASSIVA_ORDENS_PAGAMENTO"
                                    },
                                    {
                                        "name": "RECEPCAO_ENCAMINHAMENTO_PROPOSTAS_FORNECIMENTO_CARTAO_CREDITO_RESPONSABILIDADE_INSTITUICAO_CONTRATANTE",
                                        "code": "RECEBE_ENCAMINHA_PROPOSTAS_FORNECIMENTO_CARTAO_CREDITO"
                                    },
                                    {
                                        "name": "RECEPCAO_ENCAMINHAMENTO_PROPOSTAS_OPERACAO_CREDITO_ARRENDAMENTO_MERCANTIL_CONCESSAO_INSTITUICAO_CONTRATANTE",
                                        "code": "RECEBE_ENCAMINHA_PROPOSTAS_CREDITO_ARRENDAMENTO_MERCANTIL"
                                    }
                                ]
                            },
                            {
                                "identification": {
                                    "corporationName": "LOJAS RENNER S.A.-LOJA MOXUARA SHOPPING",
                                    "groupName": "LOJAS RENNER S.A.",
                                    "cnpjNumber": "92754738025661",
                                    "isUnderestablishment": false
                                },
                                "locations": [
                                    {
                                        "postalAddress": {
                                            "address": "AVENIDA MARIO GURGEL, N° 5353, LOJA 307JKLMQ, PISO L3",
                                            "districtName": "SÃO FRANCISCO",
                                            "townName": "CARIACICA",
                                            "countrySubDivision": "ES",
                                            "postCode": "29145910",
                                            "country": "Brasil",
                                            "countryCode": "BRA"
                                        },
                                        "phones": [
                                            {
                                                "type": "FIXO",
                                                "countryCallingCode": "55",
                                                "areaCode": "85",
                                                "number": "33043853"
                                            }
                                        ],
                                        "availability": {
                                            "standards": [
                                                {
                                                    "weekday": "DOMINGO"
                                                },
                                                {
                                                    "weekday": "SEGUNDA_FEIRA"
                                                },
                                                {
                                                    "weekday": "TERCA_FEIRA"
                                                },
                                                {
                                                    "weekday": "QUARTA_FEIRA"
                                                },
                                                {
                                                    "weekday": "QUINTA_FEIRA"
                                                },
                                                {
                                                    "weekday": "SEXTA_FEIRA"
                                                },
                                                {
                                                    "weekday": "SABADO"
                                                }
                                            ],
                                            "exception": "Exceto em datas festivas de Ano Novo, Dia das Mães, Dia dos Pais e Natal"
                                        }
                                    }
                                ],
                                "services": [
                                    {
                                        "name": "RECEBIMENTOS_PAGAMENTOS_QUALQUER_NATUREZA_OUTRAS_ATIVIDADES_DECORRENTES_EXECUCAO_CONTRATOS_CONVENIOS_PRESTACAO_SERVICOS",
                                        "code": "RECEBIMENTOS_PAGAMENTOS_QUALQUER_NATUREZA_EXECUCAO_CONTRATOS_CONVENIO"
                                    },
                                    {
                                        "name": "EXECUCAO_ATIVA_PASSIVA_ORDENS_PAGAMENTO_CURSADAS_INTERMEDIO_INSTITUICAO_CONTRATANTE_SOLICITACAO_CLIENTES_USUARIOS",
                                        "code": "EXECUCAO_ATIVA_PASSIVA_ORDENS_PAGAMENTO"
                                    },
                                    {
                                        "name": "RECEPCAO_ENCAMINHAMENTO_PROPOSTAS_FORNECIMENTO_CARTAO_CREDITO_RESPONSABILIDADE_INSTITUICAO_CONTRATANTE",
                                        "code": "RECEBE_ENCAMINHA_PROPOSTAS_FORNECIMENTO_CARTAO_CREDITO"
                                    },
                                    {
                                        "name": "RECEPCAO_ENCAMINHAMENTO_PROPOSTAS_OPERACAO_CREDITO_ARRENDAMENTO_MERCANTIL_CONCESSAO_INSTITUICAO_CONTRATANTE",
                                        "code": "RECEBE_ENCAMINHA_PROPOSTAS_CREDITO_ARRENDAMENTO_MERCANTIL"
                                    }
                                ]
                            },
                            {
                                "identification": {
                                    "corporationName": "LOJAS RENNER S.A.-LOJA MOSSORÓ WEST SHOPPING",
                                    "groupName": "LOJAS RENNER S.A.",
                                    "cnpjNumber": "92754738028504",
                                    "isUnderestablishment": false
                                },
                                "locations": [
                                    {
                                        "postalAddress": {
                                            "address": "AVENIDA JOÃO DA ESCOSSIA, Nº 1515 (EUC N° 001C – ÂNCORA 02 – PISO TÉRREO)",
                                            "districtName": "NOVA BETÂNIA",
                                            "townName": "MOSSORO",
                                            "countrySubDivision": "RN",
                                            "postCode": "59607330",
                                            "country": "Brasil",
                                            "countryCode": "BRA"
                                        },
                                        "phones": [
                                            {
                                                "type": "FIXO",
                                                "countryCallingCode": "55",
                                                "areaCode": "85",
                                                "number": "33043854"
                                            }
                                        ],
                                        "availability": {
                                            "standards": [
                                                {
                                                    "weekday": "DOMINGO"
                                                },
                                                {
                                                    "weekday": "SEGUNDA_FEIRA"
                                                },
                                                {
                                                    "weekday": "TERCA_FEIRA"
                                                },
                                                {
                                                    "weekday": "QUARTA_FEIRA"
                                                },
                                                {
                                                    "weekday": "QUINTA_FEIRA"
                                                },
                                                {
                                                    "weekday": "SEXTA_FEIRA"
                                                },
                                                {
                                                    "weekday": "SABADO"
                                                }
                                            ],
                                            "exception": "Exceto em datas festivas de Ano Novo, Dia das Mães, Dia dos Pais e Natal"
                                        }
                                    }
                                ],
                                "services": [
                                    {
                                        "name": "RECEBIMENTOS_PAGAMENTOS_QUALQUER_NATUREZA_OUTRAS_ATIVIDADES_DECORRENTES_EXECUCAO_CONTRATOS_CONVENIOS_PRESTACAO_SERVICOS",
                                        "code": "RECEBIMENTOS_PAGAMENTOS_QUALQUER_NATUREZA_EXECUCAO_CONTRATOS_CONVENIO"
                                    },
                                    {
                                        "name": "EXECUCAO_ATIVA_PASSIVA_ORDENS_PAGAMENTO_CURSADAS_INTERMEDIO_INSTITUICAO_CONTRATANTE_SOLICITACAO_CLIENTES_USUARIOS",
                                        "code": "EXECUCAO_ATIVA_PASSIVA_ORDENS_PAGAMENTO"
                                    },
                                    {
                                        "name": "RECEPCAO_ENCAMINHAMENTO_PROPOSTAS_FORNECIMENTO_CARTAO_CREDITO_RESPONSABILIDADE_INSTITUICAO_CONTRATANTE",
                                        "code": "RECEBE_ENCAMINHA_PROPOSTAS_FORNECIMENTO_CARTAO_CREDITO"
                                    },
                                    {
                                        "name": "RECEPCAO_ENCAMINHAMENTO_PROPOSTAS_OPERACAO_CREDITO_ARRENDAMENTO_MERCANTIL_CONCESSAO_INSTITUICAO_CONTRATANTE",
                                        "code": "RECEBE_ENCAMINHA_PROPOSTAS_CREDITO_ARRENDAMENTO_MERCANTIL"
                                    }
                                ]
                            },
                            {
                                "identification": {
                                    "corporationName": "LOJAS RENNER S.A.-LOJA SHOPPING VILA VELHA",
                                    "groupName": "LOJAS RENNER S.A.",
                                    "cnpjNumber": "92754738029497",
                                    "isUnderestablishment": false
                                },
                                "locations": [
                                    {
                                        "postalAddress": {
                                            "address": "RUA LUCIANO DAS NEVES, Nº 2418 (LUC 1001 - PISO L1)",
                                            "districtName": "DIVINO ESPÍRITO SANTO",
                                            "townName": "VILA VELHA",
                                            "countrySubDivision": "ES",
                                            "postCode": "29107900",
                                            "country": "Brasil",
                                            "countryCode": "BRA"
                                        },
                                        "phones": [
                                            {
                                                "type": "FIXO",
                                                "countryCallingCode": "55",
                                                "areaCode": "85",
                                                "number": "33043855"
                                            }
                                        ],
                                        "availability": {
                                            "standards": [
                                                {
                                                    "weekday": "DOMINGO"
                                                },
                                                {
                                                    "weekday": "SEGUNDA_FEIRA"
                                                },
                                                {
                                                    "weekday": "TERCA_FEIRA"
                                                },
                                                {
                                                    "weekday": "QUARTA_FEIRA"
                                                },
                                                {
                                                    "weekday": "QUINTA_FEIRA"
                                                },
                                                {
                                                    "weekday": "SEXTA_FEIRA"
                                                },
                                                {
                                                    "weekday": "SABADO"
                                                }
                                            ],
                                            "exception": "Exceto em datas festivas de Ano Novo, Dia das Mães, Dia dos Pais e Natal"
                                        }
                                    }
                                ],
                                "services": [
                                    {
                                        "name": "RECEBIMENTOS_PAGAMENTOS_QUALQUER_NATUREZA_OUTRAS_ATIVIDADES_DECORRENTES_EXECUCAO_CONTRATOS_CONVENIOS_PRESTACAO_SERVICOS",
                                        "code": "RECEBIMENTOS_PAGAMENTOS_QUALQUER_NATUREZA_EXECUCAO_CONTRATOS_CONVENIO"
                                    },
                                    {
                                        "name": "EXECUCAO_ATIVA_PASSIVA_ORDENS_PAGAMENTO_CURSADAS_INTERMEDIO_INSTITUICAO_CONTRATANTE_SOLICITACAO_CLIENTES_USUARIOS",
                                        "code": "EXECUCAO_ATIVA_PASSIVA_ORDENS_PAGAMENTO"
                                    },
                                    {
                                        "name": "RECEPCAO_ENCAMINHAMENTO_PROPOSTAS_FORNECIMENTO_CARTAO_CREDITO_RESPONSABILIDADE_INSTITUICAO_CONTRATANTE",
                                        "code": "RECEBE_ENCAMINHA_PROPOSTAS_FORNECIMENTO_CARTAO_CREDITO"
                                    },
                                    {
                                        "name": "RECEPCAO_ENCAMINHAMENTO_PROPOSTAS_OPERACAO_CREDITO_ARRENDAMENTO_MERCANTIL_CONCESSAO_INSTITUICAO_CONTRATANTE",
                                        "code": "RECEBE_ENCAMINHA_PROPOSTAS_CREDITO_ARRENDAMENTO_MERCANTIL"
                                    }
                                ]
                            },
                            {
                                "identification": {
                                    "corporationName": "LOJAS RENNER S.A.-LOJA PARQUE SHOPPING MAIA",
                                    "groupName": "LOJAS RENNER S.A.",
                                    "cnpjNumber": "92754738028334",
                                    "isUnderestablishment": false
                                },
                                "locations": [
                                    {
                                        "postalAddress": {
                                            "address": "BARTHOLOMEU DE CARLOS, 0, (LUC 2033), SÍTIO TABATINGA",
                                            "districtName": "JARDIM FLOR DA MONTANHA",
                                            "townName": "GUARULHOS",
                                            "countrySubDivision": "SP",
                                            "postCode": "07097420",
                                            "country": "Brasil",
                                            "countryCode": "BRA"
                                        },
                                        "phones": [
                                            {
                                                "type": "FIXO",
                                                "countryCallingCode": "55",
                                                "areaCode": "85",
                                                "number": "33043856"
                                            }
                                        ],
                                        "availability": {
                                            "standards": [
                                                {
                                                    "weekday": "DOMINGO"
                                                },
                                                {
                                                    "weekday": "SEGUNDA_FEIRA"
                                                },
                                                {
                                                    "weekday": "TERCA_FEIRA"
                                                },
                                                {
                                                    "weekday": "QUARTA_FEIRA"
                                                },
                                                {
                                                    "weekday": "QUINTA_FEIRA"
                                                },
                                                {
                                                    "weekday": "SEXTA_FEIRA"
                                                },
                                                {
                                                    "weekday": "SABADO"
                                                }
                                            ],
                                            "exception": "Exceto em datas festivas de Ano Novo, Dia das Mães, Dia dos Pais e Natal"
                                        }
                                    }
                                ],
                                "services": [
                                    {
                                        "name": "RECEBIMENTOS_PAGAMENTOS_QUALQUER_NATUREZA_OUTRAS_ATIVIDADES_DECORRENTES_EXECUCAO_CONTRATOS_CONVENIOS_PRESTACAO_SERVICOS",
                                        "code": "RECEBIMENTOS_PAGAMENTOS_QUALQUER_NATUREZA_EXECUCAO_CONTRATOS_CONVENIO"
                                    },
                                    {
                                        "name": "EXECUCAO_ATIVA_PASSIVA_ORDENS_PAGAMENTO_CURSADAS_INTERMEDIO_INSTITUICAO_CONTRATANTE_SOLICITACAO_CLIENTES_USUARIOS",
                                        "code": "EXECUCAO_ATIVA_PASSIVA_ORDENS_PAGAMENTO"
                                    },
                                    {
                                        "name": "RECEPCAO_ENCAMINHAMENTO_PROPOSTAS_FORNECIMENTO_CARTAO_CREDITO_RESPONSABILIDADE_INSTITUICAO_CONTRATANTE",
                                        "code": "RECEBE_ENCAMINHA_PROPOSTAS_FORNECIMENTO_CARTAO_CREDITO"
                                    },
                                    {
                                        "name": "RECEPCAO_ENCAMINHAMENTO_PROPOSTAS_OPERACAO_CREDITO_ARRENDAMENTO_MERCANTIL_CONCESSAO_INSTITUICAO_CONTRATANTE",
                                        "code": "RECEBE_ENCAMINHA_PROPOSTAS_CREDITO_ARRENDAMENTO_MERCANTIL"
                                    }
                                ]
                            },
                            {
                                "identification": {
                                    "corporationName": "LOJAS RENNER S.A.-LOJA SHOPPING PÁTIO RORAIMA",
                                    "groupName": "LOJAS RENNER S.A.",
                                    "cnpjNumber": "92754738029225",
                                    "isUnderestablishment": false
                                },
                                "locations": [
                                    {
                                        "postalAddress": {
                                            "address": "AVENIDA JOÃO ALENCAR, Nº 2181, ESPAÇO COMERCIAL Nº 201 - O",
                                            "districtName": "AEROPORTO",
                                            "townName": "BOA VISTA",
                                            "countrySubDivision": "RR",
                                            "postCode": "69310065",
                                            "country": "Brasil",
                                            "countryCode": "BRA"
                                        },
                                        "phones": [
                                            {
                                                "type": "FIXO",
                                                "countryCallingCode": "55",
                                                "areaCode": "85",
                                                "number": "33043857"
                                            }
                                        ],
                                        "availability": {
                                            "standards": [
                                                {
                                                    "weekday": "DOMINGO"
                                                },
                                                {
                                                    "weekday": "SEGUNDA_FEIRA"
                                                },
                                                {
                                                    "weekday": "TERCA_FEIRA"
                                                },
                                                {
                                                    "weekday": "QUARTA_FEIRA"
                                                },
                                                {
                                                    "weekday": "QUINTA_FEIRA"
                                                },
                                                {
                                                    "weekday": "SEXTA_FEIRA"
                                                },
                                                {
                                                    "weekday": "SABADO"
                                                }
                                            ],
                                            "exception": "Exceto em datas festivas de Ano Novo, Dia das Mães, Dia dos Pais e Natal"
                                        }
                                    }
                                ],
                                "services": [
                                    {
                                        "name": "RECEBIMENTOS_PAGAMENTOS_QUALQUER_NATUREZA_OUTRAS_ATIVIDADES_DECORRENTES_EXECUCAO_CONTRATOS_CONVENIOS_PRESTACAO_SERVICOS",
                                        "code": "RECEBIMENTOS_PAGAMENTOS_QUALQUER_NATUREZA_EXECUCAO_CONTRATOS_CONVENIO"
                                    },
                                    {
                                        "name": "EXECUCAO_ATIVA_PASSIVA_ORDENS_PAGAMENTO_CURSADAS_INTERMEDIO_INSTITUICAO_CONTRATANTE_SOLICITACAO_CLIENTES_USUARIOS",
                                        "code": "EXECUCAO_ATIVA_PASSIVA_ORDENS_PAGAMENTO"
                                    },
                                    {
                                        "name": "RECEPCAO_ENCAMINHAMENTO_PROPOSTAS_FORNECIMENTO_CARTAO_CREDITO_RESPONSABILIDADE_INSTITUICAO_CONTRATANTE",
                                        "code": "RECEBE_ENCAMINHA_PROPOSTAS_FORNECIMENTO_CARTAO_CREDITO"
                                    },
                                    {
                                        "name": "RECEPCAO_ENCAMINHAMENTO_PROPOSTAS_OPERACAO_CREDITO_ARRENDAMENTO_MERCANTIL_CONCESSAO_INSTITUICAO_CONTRATANTE",
                                        "code": "RECEBE_ENCAMINHA_PROPOSTAS_CREDITO_ARRENDAMENTO_MERCANTIL"
                                    }
                                ]
                            },
                            {
                                "identification": {
                                    "corporationName": "LOJAS RENNER S.A.-LOJA 7 DE SETEMBRO",
                                    "groupName": "LOJAS RENNER S.A.",
                                    "cnpjNumber": "92754738028091",
                                    "isUnderestablishment": false
                                },
                                "locations": [
                                    {
                                        "postalAddress": {
                                            "address": "RUA SETE DE SETEMBRO, 111 (LOJA 111-A)'",
                                            "districtName": "CENTRO",
                                            "townName": "RIO DE JANEIRO",
                                            "countrySubDivision": "RJ",
                                            "postCode": "20050006",
                                            "country": "Brasil",
                                            "countryCode": "BRA"
                                        },
                                        "phones": [
                                            {
                                                "type": "FIXO",
                                                "countryCallingCode": "55",
                                                "areaCode": "85",
                                                "number": "33043858"
                                            }
                                        ],
                                        "availability": {
                                            "standards": [
                                                {
                                                    "weekday": "SEGUNDA_FEIRA"
                                                },
                                                {
                                                    "weekday": "TERCA_FEIRA"
                                                },
                                                {
                                                    "weekday": "QUARTA_FEIRA"
                                                },
                                                {
                                                    "weekday": "QUINTA_FEIRA"
                                                },
                                                {
                                                    "weekday": "SEXTA_FEIRA"
                                                },
                                                {
                                                    "weekday": "SABADO"
                                                }
                                            ],
                                            "exception": "Exceto feriados municipais, estaduais e nacionais"
                                        }
                                    }
                                ],
                                "services": [
                                    {
                                        "name": "RECEBIMENTOS_PAGAMENTOS_QUALQUER_NATUREZA_OUTRAS_ATIVIDADES_DECORRENTES_EXECUCAO_CONTRATOS_CONVENIOS_PRESTACAO_SERVICOS",
                                        "code": "RECEBIMENTOS_PAGAMENTOS_QUALQUER_NATUREZA_EXECUCAO_CONTRATOS_CONVENIO"
                                    },
                                    {
                                        "name": "EXECUCAO_ATIVA_PASSIVA_ORDENS_PAGAMENTO_CURSADAS_INTERMEDIO_INSTITUICAO_CONTRATANTE_SOLICITACAO_CLIENTES_USUARIOS",
                                        "code": "EXECUCAO_ATIVA_PASSIVA_ORDENS_PAGAMENTO"
                                    },
                                    {
                                        "name": "RECEPCAO_ENCAMINHAMENTO_PROPOSTAS_FORNECIMENTO_CARTAO_CREDITO_RESPONSABILIDADE_INSTITUICAO_CONTRATANTE",
                                        "code": "RECEBE_ENCAMINHA_PROPOSTAS_FORNECIMENTO_CARTAO_CREDITO"
                                    },
                                    {
                                        "name": "RECEPCAO_ENCAMINHAMENTO_PROPOSTAS_OPERACAO_CREDITO_ARRENDAMENTO_MERCANTIL_CONCESSAO_INSTITUICAO_CONTRATANTE",
                                        "code": "RECEBE_ENCAMINHA_PROPOSTAS_CREDITO_ARRENDAMENTO_MERCANTIL"
                                    }
                                ]
                            },
                            {
                                "identification": {
                                    "corporationName": "LOJAS RENNER S.A.-LOJA SHOPPING JARAGUA ARARAQUARA",
                                    "groupName": "LOJAS RENNER S.A.",
                                    "cnpjNumber": "92754738031041",
                                    "isUnderestablishment": false
                                },
                                "locations": [
                                    {
                                        "postalAddress": {
                                            "address": "AVENIDA ALBERTO BENASSI, Nº 2270, LOJA 100, PISO TÉRREO",
                                            "districtName": "JARDIM BANDEIRANTES",
                                            "townName": "ARARAQUARA",
                                            "countrySubDivision": "SP",
                                            "postCode": "14804300",
                                            "country": "Brasil",
                                            "countryCode": "BRA"
                                        },
                                        "phones": [
                                            {
                                                "type": "FIXO",
                                                "countryCallingCode": "55",
                                                "areaCode": "85",
                                                "number": "33043859"
                                            }
                                        ],
                                        "availability": {
                                            "standards": [
                                                {
                                                    "weekday": "DOMINGO"
                                                },
                                                {
                                                    "weekday": "SEGUNDA_FEIRA"
                                                },
                                                {
                                                    "weekday": "TERCA_FEIRA"
                                                },
                                                {
                                                    "weekday": "QUARTA_FEIRA"
                                                },
                                                {
                                                    "weekday": "QUINTA_FEIRA"
                                                },
                                                {
                                                    "weekday": "SEXTA_FEIRA"
                                                },
                                                {
                                                    "weekday": "SABADO"
                                                }
                                            ],
                                            "exception": "Exceto em datas festivas de Ano Novo, Dia das Mães, Dia dos Pais e Natal"
                                        }
                                    }
                                ],
                                "services": [
                                    {
                                        "name": "RECEBIMENTOS_PAGAMENTOS_QUALQUER_NATUREZA_OUTRAS_ATIVIDADES_DECORRENTES_EXECUCAO_CONTRATOS_CONVENIOS_PRESTACAO_SERVICOS",
                                        "code": "RECEBIMENTOS_PAGAMENTOS_QUALQUER_NATUREZA_EXECUCAO_CONTRATOS_CONVENIO"
                                    },
                                    {
                                        "name": "EXECUCAO_ATIVA_PASSIVA_ORDENS_PAGAMENTO_CURSADAS_INTERMEDIO_INSTITUICAO_CONTRATANTE_SOLICITACAO_CLIENTES_USUARIOS",
                                        "code": "EXECUCAO_ATIVA_PASSIVA_ORDENS_PAGAMENTO"
                                    },
                                    {
                                        "name": "RECEPCAO_ENCAMINHAMENTO_PROPOSTAS_FORNECIMENTO_CARTAO_CREDITO_RESPONSABILIDADE_INSTITUICAO_CONTRATANTE",
                                        "code": "RECEBE_ENCAMINHA_PROPOSTAS_FORNECIMENTO_CARTAO_CREDITO"
                                    },
                                    {
                                        "name": "RECEPCAO_ENCAMINHAMENTO_PROPOSTAS_OPERACAO_CREDITO_ARRENDAMENTO_MERCANTIL_CONCESSAO_INSTITUICAO_CONTRATANTE",
                                        "code": "RECEBE_ENCAMINHA_PROPOSTAS_CREDITO_ARRENDAMENTO_MERCANTIL"
                                    }
                                ]
                            },
                            {
                                "identification": {
                                    "corporationName": "LOJAS RENNER S.A.-LOJA SHOPPING RIO CLARO",
                                    "groupName": "LOJAS RENNER S.A.",
                                    "cnpjNumber": "92754738028849",
                                    "isUnderestablishment": false
                                },
                                "locations": [
                                    {
                                        "postalAddress": {
                                            "address": "AVENIDA CONDE FRANCISCO MATARAZZO JUNIOR, Nº 205 (LUC NºS A, 90, 91 E 92)",
                                            "districtName": "VILA PAULISTA",
                                            "townName": "RIO CLARO",
                                            "countrySubDivision": "SP",
                                            "postCode": "13506845",
                                            "country": "Brasil",
                                            "countryCode": "BRA"
                                        },
                                        "phones": [
                                            {
                                                "type": "FIXO",
                                                "countryCallingCode": "55",
                                                "areaCode": "85",
                                                "number": "33043860"
                                            }
                                        ],
                                        "availability": {
                                            "standards": [
                                                {
                                                    "weekday": "DOMINGO"
                                                },
                                                {
                                                    "weekday": "SEGUNDA_FEIRA"
                                                },
                                                {
                                                    "weekday": "TERCA_FEIRA"
                                                },
                                                {
                                                    "weekday": "QUARTA_FEIRA"
                                                },
                                                {
                                                    "weekday": "QUINTA_FEIRA"
                                                },
                                                {
                                                    "weekday": "SEXTA_FEIRA"
                                                },
                                                {
                                                    "weekday": "SABADO"
                                                }
                                            ],
                                            "exception": "Exceto em datas festivas de Ano Novo, Dia das Mães, Dia dos Pais e Natal"
                                        }
                                    }
                                ],
                                "services": [
                                    {
                                        "name": "RECEBIMENTOS_PAGAMENTOS_QUALQUER_NATUREZA_OUTRAS_ATIVIDADES_DECORRENTES_EXECUCAO_CONTRATOS_CONVENIOS_PRESTACAO_SERVICOS",
                                        "code": "RECEBIMENTOS_PAGAMENTOS_QUALQUER_NATUREZA_EXECUCAO_CONTRATOS_CONVENIO"
                                    },
                                    {
                                        "name": "EXECUCAO_ATIVA_PASSIVA_ORDENS_PAGAMENTO_CURSADAS_INTERMEDIO_INSTITUICAO_CONTRATANTE_SOLICITACAO_CLIENTES_USUARIOS",
                                        "code": "EXECUCAO_ATIVA_PASSIVA_ORDENS_PAGAMENTO"
                                    },
                                    {
                                        "name": "RECEPCAO_ENCAMINHAMENTO_PROPOSTAS_FORNECIMENTO_CARTAO_CREDITO_RESPONSABILIDADE_INSTITUICAO_CONTRATANTE",
                                        "code": "RECEBE_ENCAMINHA_PROPOSTAS_FORNECIMENTO_CARTAO_CREDITO"
                                    },
                                    {
                                        "name": "RECEPCAO_ENCAMINHAMENTO_PROPOSTAS_OPERACAO_CREDITO_ARRENDAMENTO_MERCANTIL_CONCESSAO_INSTITUICAO_CONTRATANTE",
                                        "code": "RECEBE_ENCAMINHA_PROPOSTAS_CREDITO_ARRENDAMENTO_MERCANTIL"
                                    }
                                ]
                            },
                            {
                                "identification": {
                                    "corporationName": "LOJAS RENNER S.A.-LOJA SHOPPING MANAUS VIA NORTE",
                                    "groupName": "LOJAS RENNER S.A.",
                                    "cnpjNumber": "92754738029144",
                                    "isUnderestablishment": false
                                },
                                "locations": [
                                    {
                                        "postalAddress": {
                                            "address": "AVENIDA ARQUITETO JOSÉ HENRIQUE BENTO RODRIGUES, Nº 3760, ESPAÇO COMERCIAL Nº 202J",
                                            "districtName": "MONTE DAS OLIVEIRAS",
                                            "townName": "MANAUS",
                                            "countrySubDivision": "AM",
                                            "postCode": "69093149",
                                            "country": "Brasil",
                                            "countryCode": "BRA"
                                        },
                                        "phones": [
                                            {
                                                "type": "FIXO",
                                                "countryCallingCode": "55",
                                                "areaCode": "85",
                                                "number": "33043861"
                                            }
                                        ],
                                        "availability": {
                                            "standards": [
                                                {
                                                    "weekday": "DOMINGO"
                                                },
                                                {
                                                    "weekday": "SEGUNDA_FEIRA"
                                                },
                                                {
                                                    "weekday": "TERCA_FEIRA"
                                                },
                                                {
                                                    "weekday": "QUARTA_FEIRA"
                                                },
                                                {
                                                    "weekday": "QUINTA_FEIRA"
                                                },
                                                {
                                                    "weekday": "SEXTA_FEIRA"
                                                },
                                                {
                                                    "weekday": "SABADO"
                                                }
                                            ],
                                            "exception": "Exceto em datas festivas de Ano Novo, Dia das Mães, Dia dos Pais e Natal"
                                        }
                                    }
                                ],
                                "services": [
                                    {
                                        "name": "RECEBIMENTOS_PAGAMENTOS_QUALQUER_NATUREZA_OUTRAS_ATIVIDADES_DECORRENTES_EXECUCAO_CONTRATOS_CONVENIOS_PRESTACAO_SERVICOS",
                                        "code": "RECEBIMENTOS_PAGAMENTOS_QUALQUER_NATUREZA_EXECUCAO_CONTRATOS_CONVENIO"
                                    },
                                    {
                                        "name": "EXECUCAO_ATIVA_PASSIVA_ORDENS_PAGAMENTO_CURSADAS_INTERMEDIO_INSTITUICAO_CONTRATANTE_SOLICITACAO_CLIENTES_USUARIOS",
                                        "code": "EXECUCAO_ATIVA_PASSIVA_ORDENS_PAGAMENTO"
                                    },
                                    {
                                        "name": "RECEPCAO_ENCAMINHAMENTO_PROPOSTAS_FORNECIMENTO_CARTAO_CREDITO_RESPONSABILIDADE_INSTITUICAO_CONTRATANTE",
                                        "code": "RECEBE_ENCAMINHA_PROPOSTAS_FORNECIMENTO_CARTAO_CREDITO"
                                    },
                                    {
                                        "name": "RECEPCAO_ENCAMINHAMENTO_PROPOSTAS_OPERACAO_CREDITO_ARRENDAMENTO_MERCANTIL_CONCESSAO_INSTITUICAO_CONTRATANTE",
                                        "code": "RECEBE_ENCAMINHA_PROPOSTAS_CREDITO_ARRENDAMENTO_MERCANTIL"
                                    }
                                ]
                            },
                            {
                                "identification": {
                                    "corporationName": "LOJAS RENNER S.A.-LOJA AV. IBIRAPUERA",
                                    "groupName": "LOJAS RENNER S.A.",
                                    "cnpjNumber": "92754738029578",
                                    "isUnderestablishment": false
                                },
                                "locations": [
                                    {
                                        "postalAddress": {
                                            "address": "AVENIDA IBIRAPUERA, Nº 2.601",
                                            "districtName": "INDIANÓPOLIS",
                                            "townName": "SAO PAULO",
                                            "countrySubDivision": "SP",
                                            "postCode": "04029200",
                                            "country": "Brasil",
                                            "countryCode": "BRA"
                                        },
                                        "phones": [
                                            {
                                                "type": "FIXO",
                                                "countryCallingCode": "55",
                                                "areaCode": "85",
                                                "number": "33043862"
                                            }
                                        ],
                                        "availability": {
                                            "standards": [
                                                {
                                                    "weekday": "SEGUNDA_FEIRA"
                                                },
                                                {
                                                    "weekday": "TERCA_FEIRA"
                                                },
                                                {
                                                    "weekday": "QUARTA_FEIRA"
                                                },
                                                {
                                                    "weekday": "QUINTA_FEIRA"
                                                },
                                                {
                                                    "weekday": "SEXTA_FEIRA"
                                                },
                                                {
                                                    "weekday": "SABADO"
                                                }
                                            ],
                                            "exception": "Exceto feriados municipais, estaduais e nacionais"
                                        }
                                    }
                                ],
                                "services": [
                                    {
                                        "name": "RECEBIMENTOS_PAGAMENTOS_QUALQUER_NATUREZA_OUTRAS_ATIVIDADES_DECORRENTES_EXECUCAO_CONTRATOS_CONVENIOS_PRESTACAO_SERVICOS",
                                        "code": "RECEBIMENTOS_PAGAMENTOS_QUALQUER_NATUREZA_EXECUCAO_CONTRATOS_CONVENIO"
                                    },
                                    {
                                        "name": "EXECUCAO_ATIVA_PASSIVA_ORDENS_PAGAMENTO_CURSADAS_INTERMEDIO_INSTITUICAO_CONTRATANTE_SOLICITACAO_CLIENTES_USUARIOS",
                                        "code": "EXECUCAO_ATIVA_PASSIVA_ORDENS_PAGAMENTO"
                                    },
                                    {
                                        "name": "RECEPCAO_ENCAMINHAMENTO_PROPOSTAS_FORNECIMENTO_CARTAO_CREDITO_RESPONSABILIDADE_INSTITUICAO_CONTRATANTE",
                                        "code": "RECEBE_ENCAMINHA_PROPOSTAS_FORNECIMENTO_CARTAO_CREDITO"
                                    },
                                    {
                                        "name": "RECEPCAO_ENCAMINHAMENTO_PROPOSTAS_OPERACAO_CREDITO_ARRENDAMENTO_MERCANTIL_CONCESSAO_INSTITUICAO_CONTRATANTE",
                                        "code": "RECEBE_ENCAMINHA_PROPOSTAS_CREDITO_ARRENDAMENTO_MERCANTIL"
                                    }
                                ]
                            },
                            {
                                "identification": {
                                    "corporationName": "LOJAS RENNER S.A.-LOJA SHOPPING TERRAÇO",
                                    "groupName": "LOJAS RENNER S.A.",
                                    "cnpjNumber": "92754738029810",
                                    "isUnderestablishment": false
                                },
                                "locations": [
                                    {
                                        "postalAddress": {
                                            "address": "SHC/AOS EA 02/08, LOTE 05, LOJAS 107, 108, 109, 110 E 111 TÉRREO",
                                            "districtName": "OCTOGONAL",
                                            "townName": "BRASILIA",
                                            "countrySubDivision": "DF",
                                            "postCode": "70660090",
                                            "country": "Brasil",
                                            "countryCode": "BRA"
                                        },
                                        "phones": [
                                            {
                                                "type": "FIXO",
                                                "countryCallingCode": "55",
                                                "areaCode": "85",
                                                "number": "33043864"
                                            }
                                        ],
                                        "availability": {
                                            "standards": [
                                                {
                                                    "weekday": "DOMINGO"
                                                },
                                                {
                                                    "weekday": "SEGUNDA_FEIRA"
                                                },
                                                {
                                                    "weekday": "TERCA_FEIRA"
                                                },
                                                {
                                                    "weekday": "QUARTA_FEIRA"
                                                },
                                                {
                                                    "weekday": "QUINTA_FEIRA"
                                                },
                                                {
                                                    "weekday": "SEXTA_FEIRA"
                                                },
                                                {
                                                    "weekday": "SABADO"
                                                }
                                            ],
                                            "exception": "Exceto em datas festivas de Ano Novo, Dia das Mães, Dia dos Pais e Natal"
                                        }
                                    }
                                ],
                                "services": [
                                    {
                                        "name": "RECEBIMENTOS_PAGAMENTOS_QUALQUER_NATUREZA_OUTRAS_ATIVIDADES_DECORRENTES_EXECUCAO_CONTRATOS_CONVENIOS_PRESTACAO_SERVICOS",
                                        "code": "RECEBIMENTOS_PAGAMENTOS_QUALQUER_NATUREZA_EXECUCAO_CONTRATOS_CONVENIO"
                                    },
                                    {
                                        "name": "EXECUCAO_ATIVA_PASSIVA_ORDENS_PAGAMENTO_CURSADAS_INTERMEDIO_INSTITUICAO_CONTRATANTE_SOLICITACAO_CLIENTES_USUARIOS",
                                        "code": "EXECUCAO_ATIVA_PASSIVA_ORDENS_PAGAMENTO"
                                    },
                                    {
                                        "name": "RECEPCAO_ENCAMINHAMENTO_PROPOSTAS_FORNECIMENTO_CARTAO_CREDITO_RESPONSABILIDADE_INSTITUICAO_CONTRATANTE",
                                        "code": "RECEBE_ENCAMINHA_PROPOSTAS_FORNECIMENTO_CARTAO_CREDITO"
                                    },
                                    {
                                        "name": "RECEPCAO_ENCAMINHAMENTO_PROPOSTAS_OPERACAO_CREDITO_ARRENDAMENTO_MERCANTIL_CONCESSAO_INSTITUICAO_CONTRATANTE",
                                        "code": "RECEBE_ENCAMINHA_PROPOSTAS_CREDITO_ARRENDAMENTO_MERCANTIL"
                                    }
                                ]
                            },
                            {
                                "identification": {
                                    "corporationName": "LOJAS RENNER S.A.-LOJA LARGO DO MACHADO",
                                    "groupName": "LOJAS RENNER S.A.",
                                    "cnpjNumber": "92754738030150",
                                    "isUnderestablishment": false
                                },
                                "locations": [
                                    {
                                        "postalAddress": {
                                            "address": "RUA DO CATETE, Nº 359",
                                            "districtName": "CETETE",
                                            "townName": "RIO DE JANEIRO",
                                            "countrySubDivision": "RJ",
                                            "postCode": "22220001",
                                            "country": "Brasil",
                                            "countryCode": "BRA"
                                        },
                                        "phones": [
                                            {
                                                "type": "FIXO",
                                                "countryCallingCode": "55",
                                                "areaCode": "85",
                                                "number": "33043865"
                                            }
                                        ],
                                        "availability": {
                                            "standards": [
                                                {
                                                    "weekday": "SEGUNDA_FEIRA"
                                                },
                                                {
                                                    "weekday": "TERCA_FEIRA"
                                                },
                                                {
                                                    "weekday": "QUARTA_FEIRA"
                                                },
                                                {
                                                    "weekday": "QUINTA_FEIRA"
                                                },
                                                {
                                                    "weekday": "SEXTA_FEIRA"
                                                },
                                                {
                                                    "weekday": "SABADO"
                                                }
                                            ],
                                            "exception": "Exceto feriados municipais, estaduais e nacionais"
                                        }
                                    }
                                ],
                                "services": [
                                    {
                                        "name": "RECEBIMENTOS_PAGAMENTOS_QUALQUER_NATUREZA_OUTRAS_ATIVIDADES_DECORRENTES_EXECUCAO_CONTRATOS_CONVENIOS_PRESTACAO_SERVICOS",
                                        "code": "RECEBIMENTOS_PAGAMENTOS_QUALQUER_NATUREZA_EXECUCAO_CONTRATOS_CONVENIO"
                                    },
                                    {
                                        "name": "EXECUCAO_ATIVA_PASSIVA_ORDENS_PAGAMENTO_CURSADAS_INTERMEDIO_INSTITUICAO_CONTRATANTE_SOLICITACAO_CLIENTES_USUARIOS",
                                        "code": "EXECUCAO_ATIVA_PASSIVA_ORDENS_PAGAMENTO"
                                    },
                                    {
                                        "name": "RECEPCAO_ENCAMINHAMENTO_PROPOSTAS_FORNECIMENTO_CARTAO_CREDITO_RESPONSABILIDADE_INSTITUICAO_CONTRATANTE",
                                        "code": "RECEBE_ENCAMINHA_PROPOSTAS_FORNECIMENTO_CARTAO_CREDITO"
                                    },
                                    {
                                        "name": "RECEPCAO_ENCAMINHAMENTO_PROPOSTAS_OPERACAO_CREDITO_ARRENDAMENTO_MERCANTIL_CONCESSAO_INSTITUICAO_CONTRATANTE",
                                        "code": "RECEBE_ENCAMINHA_PROPOSTAS_CREDITO_ARRENDAMENTO_MERCANTIL"
                                    }
                                ]
                            },
                            {
                                "identification": {
                                    "corporationName": "LOJAS RENNER S.A.-LOJA BOSQUE GRÃO PARÁ",
                                    "groupName": "LOJAS RENNER S.A.",
                                    "cnpjNumber": "92754738032285",
                                    "isUnderestablishment": false
                                },
                                "locations": [
                                    {
                                        "postalAddress": {
                                            "address": "RODOVIA DOS TRABALHADORES, S/N, LOJAS 0001A, 0008A, 0008B - PISO TÉRREO",
                                            "districtName": "PARQUE VERDE",
                                            "townName": "BELEM",
                                            "countrySubDivision": "PA",
                                            "postCode": "66635894",
                                            "country": "Brasil",
                                            "countryCode": "BRA"
                                        },
                                        "phones": [
                                            {
                                                "type": "FIXO",
                                                "countryCallingCode": "55",
                                                "areaCode": "85",
                                                "number": "33043866"
                                            }
                                        ],
                                        "availability": {
                                            "standards": [
                                                {
                                                    "weekday": "SEGUNDA_FEIRA"
                                                },
                                                {
                                                    "weekday": "TERCA_FEIRA"
                                                },
                                                {
                                                    "weekday": "QUARTA_FEIRA"
                                                },
                                                {
                                                    "weekday": "QUINTA_FEIRA"
                                                },
                                                {
                                                    "weekday": "SEXTA_FEIRA"
                                                },
                                                {
                                                    "weekday": "SABADO"
                                                }
                                            ],
                                            "exception": "Exceto feriados municipais, estaduais e nacionais"
                                        }
                                    }
                                ],
                                "services": [
                                    {
                                        "name": "RECEBIMENTOS_PAGAMENTOS_QUALQUER_NATUREZA_OUTRAS_ATIVIDADES_DECORRENTES_EXECUCAO_CONTRATOS_CONVENIOS_PRESTACAO_SERVICOS",
                                        "code": "RECEBIMENTOS_PAGAMENTOS_QUALQUER_NATUREZA_EXECUCAO_CONTRATOS_CONVENIO"
                                    },
                                    {
                                        "name": "EXECUCAO_ATIVA_PASSIVA_ORDENS_PAGAMENTO_CURSADAS_INTERMEDIO_INSTITUICAO_CONTRATANTE_SOLICITACAO_CLIENTES_USUARIOS",
                                        "code": "EXECUCAO_ATIVA_PASSIVA_ORDENS_PAGAMENTO"
                                    },
                                    {
                                        "name": "RECEPCAO_ENCAMINHAMENTO_PROPOSTAS_FORNECIMENTO_CARTAO_CREDITO_RESPONSABILIDADE_INSTITUICAO_CONTRATANTE",
                                        "code": "RECEBE_ENCAMINHA_PROPOSTAS_FORNECIMENTO_CARTAO_CREDITO"
                                    },
                                    {
                                        "name": "RECEPCAO_ENCAMINHAMENTO_PROPOSTAS_OPERACAO_CREDITO_ARRENDAMENTO_MERCANTIL_CONCESSAO_INSTITUICAO_CONTRATANTE",
                                        "code": "RECEBE_ENCAMINHA_PROPOSTAS_CREDITO_ARRENDAMENTO_MERCANTIL"
                                    }
                                ]
                            },
                            {
                                "identification": {
                                    "corporationName": "LOJAS RENNER S.A.-LOJA SHOPPING SUL",
                                    "groupName": "LOJAS RENNER S.A.",
                                    "cnpjNumber": "92754738033419",
                                    "isUnderestablishment": false
                                },
                                "locations": [
                                    {
                                        "postalAddress": {
                                            "address": "QUADRA 1, S/N, BR 040, KM 12, GLEBA F, LOTE 1, LOJA 270",
                                            "districtName": "PARQUE ESPLANADA III",
                                            "townName": "VALPARAISO DE GOIAS",
                                            "countrySubDivision": "GO",
                                            "postCode": "72876902",
                                            "country": "Brasil",
                                            "countryCode": "BRA"
                                        },
                                        "phones": [
                                            {
                                                "type": "FIXO",
                                                "countryCallingCode": "55",
                                                "areaCode": "85",
                                                "number": "33043867"
                                            }
                                        ],
                                        "availability": {
                                            "standards": [
                                                {
                                                    "weekday": "DOMINGO"
                                                },
                                                {
                                                    "weekday": "SEGUNDA_FEIRA"
                                                },
                                                {
                                                    "weekday": "TERCA_FEIRA"
                                                },
                                                {
                                                    "weekday": "QUARTA_FEIRA"
                                                },
                                                {
                                                    "weekday": "QUINTA_FEIRA"
                                                },
                                                {
                                                    "weekday": "SEXTA_FEIRA"
                                                },
                                                {
                                                    "weekday": "SABADO"
                                                }
                                            ],
                                            "exception": "Exceto em datas festivas de Ano Novo, Dia das Mães, Dia dos Pais e Natal"
                                        }
                                    }
                                ],
                                "services": [
                                    {
                                        "name": "RECEBIMENTOS_PAGAMENTOS_QUALQUER_NATUREZA_OUTRAS_ATIVIDADES_DECORRENTES_EXECUCAO_CONTRATOS_CONVENIOS_PRESTACAO_SERVICOS",
                                        "code": "RECEBIMENTOS_PAGAMENTOS_QUALQUER_NATUREZA_EXECUCAO_CONTRATOS_CONVENIO"
                                    },
                                    {
                                        "name": "EXECUCAO_ATIVA_PASSIVA_ORDENS_PAGAMENTO_CURSADAS_INTERMEDIO_INSTITUICAO_CONTRATANTE_SOLICITACAO_CLIENTES_USUARIOS",
                                        "code": "EXECUCAO_ATIVA_PASSIVA_ORDENS_PAGAMENTO"
                                    },
                                    {
                                        "name": "RECEPCAO_ENCAMINHAMENTO_PROPOSTAS_FORNECIMENTO_CARTAO_CREDITO_RESPONSABILIDADE_INSTITUICAO_CONTRATANTE",
                                        "code": "RECEBE_ENCAMINHA_PROPOSTAS_FORNECIMENTO_CARTAO_CREDITO"
                                    },
                                    {
                                        "name": "RECEPCAO_ENCAMINHAMENTO_PROPOSTAS_OPERACAO_CREDITO_ARRENDAMENTO_MERCANTIL_CONCESSAO_INSTITUICAO_CONTRATANTE",
                                        "code": "RECEBE_ENCAMINHA_PROPOSTAS_CREDITO_ARRENDAMENTO_MERCANTIL"
                                    }
                                ]
                            },
                            {
                                "identification": {
                                    "corporationName": "LOJAS RENNER S.A.-LOJA SHOPPING RIO POTY",
                                    "groupName": "LOJAS RENNER S.A.",
                                    "cnpjNumber": "92754738029659",
                                    "isUnderestablishment": false
                                },
                                "locations": [
                                    {
                                        "postalAddress": {
                                            "address": "AVENIDA MARECHAL CASTELO BRANCO, Nº 911 (SUC Nº 204AB - PISO L2)",
                                            "districtName": "PORENQUANTO",
                                            "townName": "TERESINA",
                                            "countrySubDivision": "PI",
                                            "postCode": "64000810",
                                            "country": "Brasil",
                                            "countryCode": "BRA"
                                        },
                                        "phones": [
                                            {
                                                "type": "FIXO",
                                                "countryCallingCode": "55",
                                                "areaCode": "85",
                                                "number": "33043868"
                                            }
                                        ],
                                        "availability": {
                                            "standards": [
                                                {
                                                    "weekday": "DOMINGO"
                                                },
                                                {
                                                    "weekday": "SEGUNDA_FEIRA"
                                                },
                                                {
                                                    "weekday": "TERCA_FEIRA"
                                                },
                                                {
                                                    "weekday": "QUARTA_FEIRA"
                                                },
                                                {
                                                    "weekday": "QUINTA_FEIRA"
                                                },
                                                {
                                                    "weekday": "SEXTA_FEIRA"
                                                },
                                                {
                                                    "weekday": "SABADO"
                                                }
                                            ],
                                            "exception": "Exceto em datas festivas de Ano Novo, Dia das Mães, Dia dos Pais e Natal"
                                        }
                                    }
                                ],
                                "services": [
                                    {
                                        "name": "RECEBIMENTOS_PAGAMENTOS_QUALQUER_NATUREZA_OUTRAS_ATIVIDADES_DECORRENTES_EXECUCAO_CONTRATOS_CONVENIOS_PRESTACAO_SERVICOS",
                                        "code": "RECEBIMENTOS_PAGAMENTOS_QUALQUER_NATUREZA_EXECUCAO_CONTRATOS_CONVENIO"
                                    },
                                    {
                                        "name": "EXECUCAO_ATIVA_PASSIVA_ORDENS_PAGAMENTO_CURSADAS_INTERMEDIO_INSTITUICAO_CONTRATANTE_SOLICITACAO_CLIENTES_USUARIOS",
                                        "code": "EXECUCAO_ATIVA_PASSIVA_ORDENS_PAGAMENTO"
                                    },
                                    {
                                        "name": "RECEPCAO_ENCAMINHAMENTO_PROPOSTAS_FORNECIMENTO_CARTAO_CREDITO_RESPONSABILIDADE_INSTITUICAO_CONTRATANTE",
                                        "code": "RECEBE_ENCAMINHA_PROPOSTAS_FORNECIMENTO_CARTAO_CREDITO"
                                    },
                                    {
                                        "name": "RECEPCAO_ENCAMINHAMENTO_PROPOSTAS_OPERACAO_CREDITO_ARRENDAMENTO_MERCANTIL_CONCESSAO_INSTITUICAO_CONTRATANTE",
                                        "code": "RECEBE_ENCAMINHA_PROPOSTAS_CREDITO_ARRENDAMENTO_MERCANTIL"
                                    }
                                ]
                            },
                            {
                                "identification": {
                                    "corporationName": "LOJAS RENNER S.A.-LOJA VÁRZEA GRANDE SHOPPING",
                                    "groupName": "LOJAS RENNER S.A.",
                                    "cnpjNumber": "92754738029063",
                                    "isUnderestablishment": false
                                },
                                "locations": [
                                    {
                                        "postalAddress": {
                                            "address": "RUA PRESIDENTE ARTHUR BERNARDES, ESQUINA COM  A RUA FILINTO MULLER, S/Nº, (AN03 - 1º PAVIMENTO)",
                                            "districtName": "JARDIM AEROPORTO",
                                            "townName": "VARZEA GRANDE",
                                            "countrySubDivision": "MT",
                                            "postCode": "78125100",
                                            "country": "Brasil",
                                            "countryCode": "BRA"
                                        },
                                        "phones": [
                                            {
                                                "type": "FIXO",
                                                "countryCallingCode": "55",
                                                "areaCode": "85",
                                                "number": "33043869"
                                            }
                                        ],
                                        "availability": {
                                            "standards": [
                                                {
                                                    "weekday": "DOMINGO"
                                                },
                                                {
                                                    "weekday": "SEGUNDA_FEIRA"
                                                },
                                                {
                                                    "weekday": "TERCA_FEIRA"
                                                },
                                                {
                                                    "weekday": "QUARTA_FEIRA"
                                                },
                                                {
                                                    "weekday": "QUINTA_FEIRA"
                                                },
                                                {
                                                    "weekday": "SEXTA_FEIRA"
                                                },
                                                {
                                                    "weekday": "SABADO"
                                                }
                                            ],
                                            "exception": "Exceto em datas festivas de Ano Novo, Dia das Mães, Dia dos Pais e Natal"
                                        }
                                    }
                                ],
                                "services": [
                                    {
                                        "name": "RECEBIMENTOS_PAGAMENTOS_QUALQUER_NATUREZA_OUTRAS_ATIVIDADES_DECORRENTES_EXECUCAO_CONTRATOS_CONVENIOS_PRESTACAO_SERVICOS",
                                        "code": "RECEBIMENTOS_PAGAMENTOS_QUALQUER_NATUREZA_EXECUCAO_CONTRATOS_CONVENIO"
                                    },
                                    {
                                        "name": "EXECUCAO_ATIVA_PASSIVA_ORDENS_PAGAMENTO_CURSADAS_INTERMEDIO_INSTITUICAO_CONTRATANTE_SOLICITACAO_CLIENTES_USUARIOS",
                                        "code": "EXECUCAO_ATIVA_PASSIVA_ORDENS_PAGAMENTO"
                                    },
                                    {
                                        "name": "RECEPCAO_ENCAMINHAMENTO_PROPOSTAS_FORNECIMENTO_CARTAO_CREDITO_RESPONSABILIDADE_INSTITUICAO_CONTRATANTE",
                                        "code": "RECEBE_ENCAMINHA_PROPOSTAS_FORNECIMENTO_CARTAO_CREDITO"
                                    },
                                    {
                                        "name": "RECEPCAO_ENCAMINHAMENTO_PROPOSTAS_OPERACAO_CREDITO_ARRENDAMENTO_MERCANTIL_CONCESSAO_INSTITUICAO_CONTRATANTE",
                                        "code": "RECEBE_ENCAMINHA_PROPOSTAS_CREDITO_ARRENDAMENTO_MERCANTIL"
                                    }
                                ]
                            },
                            {
                                "identification": {
                                    "corporationName": "LOJAS RENNER S.A.-LOJA RIOMAR SHOPPING FORTALEZA",
                                    "groupName": "LOJAS RENNER S.A.",
                                    "cnpjNumber": "92754738028415",
                                    "isUnderestablishment": false
                                },
                                "locations": [
                                    {
                                        "postalAddress": {
                                            "address": "RUA DESEMBARGADOR LAURO NOGUEIRA, Nº 1355 (SALÃO COMERCIAL Nº 2007 - PISO L2)",
                                            "districtName": "RIOMAR SHOPPING FORTALEZA",
                                            "townName": "FORTALEZA",
                                            "countrySubDivision": "CE",
                                            "postCode": "60175055",
                                            "country": "Brasil",
                                            "countryCode": "BRA"
                                        },
                                        "phones": [
                                            {
                                                "type": "FIXO",
                                                "countryCallingCode": "55",
                                                "areaCode": "85",
                                                "number": "33043870"
                                            }
                                        ],
                                        "availability": {
                                            "standards": [
                                                {
                                                    "weekday": "DOMINGO"
                                                },
                                                {
                                                    "weekday": "SEGUNDA_FEIRA"
                                                },
                                                {
                                                    "weekday": "TERCA_FEIRA"
                                                },
                                                {
                                                    "weekday": "QUARTA_FEIRA"
                                                },
                                                {
                                                    "weekday": "QUINTA_FEIRA"
                                                },
                                                {
                                                    "weekday": "SEXTA_FEIRA"
                                                },
                                                {
                                                    "weekday": "SABADO"
                                                }
                                            ],
                                            "exception": "Exceto em datas festivas de Ano Novo, Dia das Mães, Dia dos Pais e Natal"
                                        }
                                    }
                                ],
                                "services": [
                                    {
                                        "name": "RECEBIMENTOS_PAGAMENTOS_QUALQUER_NATUREZA_OUTRAS_ATIVIDADES_DECORRENTES_EXECUCAO_CONTRATOS_CONVENIOS_PRESTACAO_SERVICOS",
                                        "code": "RECEBIMENTOS_PAGAMENTOS_QUALQUER_NATUREZA_EXECUCAO_CONTRATOS_CONVENIO"
                                    },
                                    {
                                        "name": "EXECUCAO_ATIVA_PASSIVA_ORDENS_PAGAMENTO_CURSADAS_INTERMEDIO_INSTITUICAO_CONTRATANTE_SOLICITACAO_CLIENTES_USUARIOS",
                                        "code": "EXECUCAO_ATIVA_PASSIVA_ORDENS_PAGAMENTO"
                                    },
                                    {
                                        "name": "RECEPCAO_ENCAMINHAMENTO_PROPOSTAS_FORNECIMENTO_CARTAO_CREDITO_RESPONSABILIDADE_INSTITUICAO_CONTRATANTE",
                                        "code": "RECEBE_ENCAMINHA_PROPOSTAS_FORNECIMENTO_CARTAO_CREDITO"
                                    },
                                    {
                                        "name": "RECEPCAO_ENCAMINHAMENTO_PROPOSTAS_OPERACAO_CREDITO_ARRENDAMENTO_MERCANTIL_CONCESSAO_INSTITUICAO_CONTRATANTE",
                                        "code": "RECEBE_ENCAMINHA_PROPOSTAS_CREDITO_ARRENDAMENTO_MERCANTIL"
                                    }
                                ]
                            },
                            {
                                "identification": {
                                    "corporationName": "LOJAS RENNER S.A.-LOJA SHOPPING JARDIM NORTE JUIZ DE FORA",
                                    "groupName": "LOJAS RENNER S.A.",
                                    "cnpjNumber": "92754738032528",
                                    "isUnderestablishment": false
                                },
                                "locations": [
                                    {
                                        "postalAddress": {
                                            "address": "AVENIDA BRASIL, Nº 6345, LOJAS 1024 / 2012, PISOS 1 E 2",
                                            "districtName": "MARIANO PROCÓPIO",
                                            "townName": "JUIZ DE FORA",
                                            "countrySubDivision": "MG",
                                            "postCode": "36080060",
                                            "country": "Brasil",
                                            "countryCode": "BRA"
                                        },
                                        "phones": [
                                            {
                                                "type": "FIXO",
                                                "countryCallingCode": "55",
                                                "areaCode": "85",
                                                "number": "33043871"
                                            }
                                        ],
                                        "availability": {
                                            "standards": [
                                                {
                                                    "weekday": "DOMINGO"
                                                },
                                                {
                                                    "weekday": "SEGUNDA_FEIRA"
                                                },
                                                {
                                                    "weekday": "TERCA_FEIRA"
                                                },
                                                {
                                                    "weekday": "QUARTA_FEIRA"
                                                },
                                                {
                                                    "weekday": "QUINTA_FEIRA"
                                                },
                                                {
                                                    "weekday": "SEXTA_FEIRA"
                                                },
                                                {
                                                    "weekday": "SABADO"
                                                }
                                            ],
                                            "exception": "Exceto em datas festivas de Ano Novo, Dia das Mães, Dia dos Pais e Natal"
                                        }
                                    }
                                ],
                                "services": [
                                    {
                                        "name": "RECEBIMENTOS_PAGAMENTOS_QUALQUER_NATUREZA_OUTRAS_ATIVIDADES_DECORRENTES_EXECUCAO_CONTRATOS_CONVENIOS_PRESTACAO_SERVICOS",
                                        "code": "RECEBIMENTOS_PAGAMENTOS_QUALQUER_NATUREZA_EXECUCAO_CONTRATOS_CONVENIO"
                                    },
                                    {
                                        "name": "EXECUCAO_ATIVA_PASSIVA_ORDENS_PAGAMENTO_CURSADAS_INTERMEDIO_INSTITUICAO_CONTRATANTE_SOLICITACAO_CLIENTES_USUARIOS",
                                        "code": "EXECUCAO_ATIVA_PASSIVA_ORDENS_PAGAMENTO"
                                    },
                                    {
                                        "name": "RECEPCAO_ENCAMINHAMENTO_PROPOSTAS_FORNECIMENTO_CARTAO_CREDITO_RESPONSABILIDADE_INSTITUICAO_CONTRATANTE",
                                        "code": "RECEBE_ENCAMINHA_PROPOSTAS_FORNECIMENTO_CARTAO_CREDITO"
                                    },
                                    {
                                        "name": "RECEPCAO_ENCAMINHAMENTO_PROPOSTAS_OPERACAO_CREDITO_ARRENDAMENTO_MERCANTIL_CONCESSAO_INSTITUICAO_CONTRATANTE",
                                        "code": "RECEBE_ENCAMINHA_PROPOSTAS_CREDITO_ARRENDAMENTO_MERCANTIL"
                                    }
                                ]
                            },
                            {
                                "identification": {
                                    "corporationName": "LOJAS RENNER S.A.-LOJA PLAZA SHOPPING AVENIDA",
                                    "groupName": "LOJAS RENNER S.A.",
                                    "cnpjNumber": "92754738030231",
                                    "isUnderestablishment": false
                                },
                                "locations": [
                                    {
                                        "postalAddress": {
                                            "address": "AVENIDA JOSÉ MUNIA, Nº 4775, PISO TÉRREO, LOJAS T012/L141",
                                            "districtName": "JARDIM REDENTOR",
                                            "townName": "SAO JOSE DO RIO PRETO",
                                            "countrySubDivision": "SP",
                                            "postCode": "15085350",
                                            "country": "Brasil",
                                            "countryCode": "BRA"
                                        },
                                        "phones": [
                                            {
                                                "type": "FIXO",
                                                "countryCallingCode": "55",
                                                "areaCode": "85",
                                                "number": "33043872"
                                            }
                                        ],
                                        "availability": {
                                            "standards": [
                                                {
                                                    "weekday": "DOMINGO"
                                                },
                                                {
                                                    "weekday": "SEGUNDA_FEIRA"
                                                },
                                                {
                                                    "weekday": "TERCA_FEIRA"
                                                },
                                                {
                                                    "weekday": "QUARTA_FEIRA"
                                                },
                                                {
                                                    "weekday": "QUINTA_FEIRA"
                                                },
                                                {
                                                    "weekday": "SEXTA_FEIRA"
                                                },
                                                {
                                                    "weekday": "SABADO"
                                                }
                                            ],
                                            "exception": "Exceto em datas festivas de Ano Novo, Dia das Mães, Dia dos Pais e Natal"
                                        }
                                    }
                                ],
                                "services": [
                                    {
                                        "name": "RECEBIMENTOS_PAGAMENTOS_QUALQUER_NATUREZA_OUTRAS_ATIVIDADES_DECORRENTES_EXECUCAO_CONTRATOS_CONVENIOS_PRESTACAO_SERVICOS",
                                        "code": "RECEBIMENTOS_PAGAMENTOS_QUALQUER_NATUREZA_EXECUCAO_CONTRATOS_CONVENIO"
                                    },
                                    {
                                        "name": "EXECUCAO_ATIVA_PASSIVA_ORDENS_PAGAMENTO_CURSADAS_INTERMEDIO_INSTITUICAO_CONTRATANTE_SOLICITACAO_CLIENTES_USUARIOS",
                                        "code": "EXECUCAO_ATIVA_PASSIVA_ORDENS_PAGAMENTO"
                                    },
                                    {
                                        "name": "RECEPCAO_ENCAMINHAMENTO_PROPOSTAS_FORNECIMENTO_CARTAO_CREDITO_RESPONSABILIDADE_INSTITUICAO_CONTRATANTE",
                                        "code": "RECEBE_ENCAMINHA_PROPOSTAS_FORNECIMENTO_CARTAO_CREDITO"
                                    },
                                    {
                                        "name": "RECEPCAO_ENCAMINHAMENTO_PROPOSTAS_OPERACAO_CREDITO_ARRENDAMENTO_MERCANTIL_CONCESSAO_INSTITUICAO_CONTRATANTE",
                                        "code": "RECEBE_ENCAMINHA_PROPOSTAS_CREDITO_ARRENDAMENTO_MERCANTIL"
                                    }
                                ]
                            }
                        ]
                    }
                ]
            }
        ]
    },
    "links": {
        "self": "http://10.120.192.16/open-banking/channels/v1/banking-agents?page=10&page-size=25",
        "first": "http://10.120.192.16/open-banking/channels/v1/banking-agents?page=1&page-size=25",
        "prev": "http://10.120.192.16/open-banking/channels/v1/banking-agents?page=9&page-size=25",
        "next": "http://10.120.192.16/open-banking/channels/v1/banking-agents?page=11&page-size=25",
        "last": "http://10.120.192.16/open-banking/channels/v1/banking-agents?page=15&page-size=25"
    },
    "meta": {
        "totalRecords": 366,
        "totalPages": 15
    }
}
]]></system-out>
  </testcase>
  <testcase name="testNavegarUltimaPagina" classname="br.com.realize.tests.fase01.CanaisAtendimento.CorrespondentesBancarios.tests.GetCorrespondentesBancariosTest" time="0"/>
  <testcase name="testNumeroPaginaNaoLocalizado" classname="br.com.realize.tests.fase01.CanaisAtendimento.CorrespondentesBancarios.tests.GetCorrespondentesBancariosTest" time="0"/>
  <testcase name="testCorrespondentesBancarios" classname="br.com.realize.tests.fase01.CanaisAtendimento.CorrespondentesBancarios.tests.GetCorrespondentesBancariosTest" time="0"/>
</testsuite>