<?xml version="1.0" encoding="UTF-8"?>
<testsuite xmlns:xsi="http://www.w3.org/2001/XMLSchema-instance" xsi:noNamespaceSchemaLocation="https://maven.apache.org/surefire/maven-surefire-plugin/xsd/surefire-test-report.xsd" name="br.com.realize.tests.fase01.ProdutosServicos.EmprestimoPessoaJuridica.tests.GetEmprestimoPessoaJuridicaTest" time="1.694" tests="10" errors="0" skipped="0" failures="1">
  <properties>
    <property name="sun.desktop" value="windows"/>
    <property name="awt.toolkit" value="sun.awt.windows.WToolkit"/>
    <property name="file.encoding.pkg" value="sun.io"/>
    <property name="java.specification.version" value="1.8"/>
    <property name="sun.cpu.isalist" value="amd64"/>
    <property name="sun.jnu.encoding" value="Cp1252"/>
    <property name="java.class.path" value="C:\Projetos\openbanking\target\test-classes;C:\Projetos\openbanking\target\classes;C:\Users\SouthSystem\.m2\repository\org\projectlombok\lombok\1.18.6\lombok-1.18.6.jar;C:\Users\SouthSystem\.m2\repository\com\googlecode\json-simple\json-simple\1.1.1\json-simple-1.1.1.jar;C:\Users\SouthSystem\.m2\repository\junit\junit\4.12\junit-4.12.jar;C:\Users\SouthSystem\.m2\repository\org\hamcrest\hamcrest-core\1.3\hamcrest-core-1.3.jar;C:\Users\SouthSystem\.m2\repository\io\rest-assured\rest-assured\4.2.0\rest-assured-4.2.0.jar;C:\Users\SouthSystem\.m2\repository\org\codehaus\groovy\groovy\2.5.8\groovy-2.5.8.jar;C:\Users\SouthSystem\.m2\repository\org\codehaus\groovy\groovy-xml\2.5.8\groovy-xml-2.5.8.jar;C:\Users\SouthSystem\.m2\repository\org\apache\httpcomponents\httpclient\4.5.3\httpclient-4.5.3.jar;C:\Users\SouthSystem\.m2\repository\org\apache\httpcomponents\httpcore\4.4.6\httpcore-4.4.6.jar;C:\Users\SouthSystem\.m2\repository\commons-logging\commons-logging\1.2\commons-logging-1.2.jar;C:\Users\SouthSystem\.m2\repository\commons-codec\commons-codec\1.9\commons-codec-1.9.jar;C:\Users\SouthSystem\.m2\repository\org\apache\httpcomponents\httpmime\4.5.3\httpmime-4.5.3.jar;C:\Users\SouthSystem\.m2\repository\org\hamcrest\hamcrest\2.1\hamcrest-2.1.jar;C:\Users\SouthSystem\.m2\repository\org\ccil\cowan\tagsoup\tagsoup\1.2.1\tagsoup-1.2.1.jar;C:\Users\SouthSystem\.m2\repository\io\rest-assured\xml-path\4.2.0\xml-path-4.2.0.jar;C:\Users\SouthSystem\.m2\repository\jakarta\xml\bind\jakarta.xml.bind-api\2.3.2\jakarta.xml.bind-api-2.3.2.jar;C:\Users\SouthSystem\.m2\repository\jakarta\activation\jakarta.activation-api\1.2.1\jakarta.activation-api-1.2.1.jar;C:\Users\SouthSystem\.m2\repository\com\sun\xml\bind\jaxb-osgi\2.3.0.1\jaxb-osgi-2.3.0.1.jar;C:\Users\SouthSystem\.m2\repository\org\apache\sling\org.apache.sling.javax.activation\0.1.0\org.apache.sling.javax.activation-0.1.0.jar;C:\Users\SouthSystem\.m2\repository\io\rest-assured\json-schema-validator\4.2.0\json-schema-validator-4.2.0.jar;C:\Users\SouthSystem\.m2\repository\com\github\java-json-tools\json-schema-validator\2.2.10\json-schema-validator-2.2.10.jar;C:\Users\SouthSystem\.m2\repository\com\github\java-json-tools\json-schema-core\1.2.10\json-schema-core-1.2.10.jar;C:\Users\SouthSystem\.m2\repository\com\github\java-json-tools\jackson-coreutils\1.9\jackson-coreutils-1.9.jar;C:\Users\SouthSystem\.m2\repository\com\google\guava\guava\16.0.1\guava-16.0.1.jar;C:\Users\SouthSystem\.m2\repository\com\github\fge\msg-simple\1.1\msg-simple-1.1.jar;C:\Users\SouthSystem\.m2\repository\com\github\fge\btf\1.2\btf-1.2.jar;C:\Users\SouthSystem\.m2\repository\com\github\fge\uri-template\0.9\uri-template-0.9.jar;C:\Users\SouthSystem\.m2\repository\org\mozilla\rhino\1.7.7.1\rhino-1.7.7.1.jar;C:\Users\SouthSystem\.m2\repository\javax\mail\mailapi\1.4.3\mailapi-1.4.3.jar;C:\Users\SouthSystem\.m2\repository\joda-time\joda-time\2.9.7\joda-time-2.9.7.jar;C:\Users\SouthSystem\.m2\repository\com\googlecode\libphonenumber\libphonenumber\8.0.0\libphonenumber-8.0.0.jar;C:\Users\SouthSystem\.m2\repository\com\google\code\findbugs\jsr305\3.0.1\jsr305-3.0.1.jar;C:\Users\SouthSystem\.m2\repository\net\sf\jopt-simple\jopt-simple\5.0.3\jopt-simple-5.0.3.jar;C:\Users\SouthSystem\.m2\repository\com\github\javafaker\javafaker\1.0.1\javafaker-1.0.1.jar;C:\Users\SouthSystem\.m2\repository\org\apache\commons\commons-lang3\3.5\commons-lang3-3.5.jar;C:\Users\SouthSystem\.m2\repository\org\yaml\snakeyaml\1.23\snakeyaml-1.23-android.jar;C:\Users\SouthSystem\.m2\repository\com\github\mifmif\generex\1.0.2\generex-1.0.2.jar;C:\Users\SouthSystem\.m2\repository\dk\brics\automaton\automaton\1.11-8\automaton-1.11-8.jar;C:\Users\SouthSystem\.m2\repository\io\rest-assured\json-path\4.2.0\json-path-4.2.0.jar;C:\Users\SouthSystem\.m2\repository\org\codehaus\groovy\groovy-json\2.5.8\groovy-json-2.5.8.jar;C:\Users\SouthSystem\.m2\repository\io\rest-assured\rest-assured-common\4.2.0\rest-assured-common-4.2.0.jar;C:\Users\SouthSystem\.m2\repository\io\qameta\allure\allure-junit4\2.9.0\allure-junit4-2.9.0.jar;C:\Users\SouthSystem\.m2\repository\io\qameta\allure\allure-java-commons\2.9.0\allure-java-commons-2.9.0.jar;C:\Users\SouthSystem\.m2\repository\io\qameta\allure\allure-model\2.9.0\allure-model-2.9.0.jar;C:\Users\SouthSystem\.m2\repository\com\fasterxml\jackson\core\jackson-databind\2.9.7\jackson-databind-2.9.7.jar;C:\Users\SouthSystem\.m2\repository\com\fasterxml\jackson\core\jackson-annotations\2.9.0\jackson-annotations-2.9.0.jar;C:\Users\SouthSystem\.m2\repository\com\fasterxml\jackson\core\jackson-core\2.9.7\jackson-core-2.9.7.jar;C:\Users\SouthSystem\.m2\repository\org\apache\tika\tika-core\1.19.1\tika-core-1.19.1.jar;C:\Users\SouthSystem\.m2\repository\org\aspectj\aspectjrt\1.9.1\aspectjrt-1.9.1.jar;C:\Users\SouthSystem\.m2\repository\org\jooq\joor-java-8\0.9.9\joor-java-8-0.9.9.jar;C:\Users\SouthSystem\.m2\repository\org\slf4j\slf4j-api\1.7.25\slf4j-api-1.7.25.jar;C:\Users\SouthSystem\.m2\repository\com\google\code\gson\gson\2.8.6\gson-2.8.6.jar;C:\Users\SouthSystem\.m2\repository\com\sun\xml\ws\jaxws-rt\2.1.4\jaxws-rt-2.1.4.jar;C:\Users\SouthSystem\.m2\repository\javax\xml\ws\jaxws-api\2.1\jaxws-api-2.1.jar;C:\Users\SouthSystem\.m2\repository\javax\xml\bind\jaxb-api\2.1\jaxb-api-2.1.jar;C:\Users\SouthSystem\.m2\repository\com\sun\xml\bind\jaxb-impl\2.1.7\jaxb-impl-2.1.7.jar;C:\Users\SouthSystem\.m2\repository\com\sun\xml\messaging\saaj\saaj-impl\1.3.1\saaj-impl-1.3.1.jar;C:\Users\SouthSystem\.m2\repository\javax\xml\soap\saaj-api\1.3\saaj-api-1.3.jar;C:\Users\SouthSystem\.m2\repository\com\sun\xml\stream\buffer\streambuffer\0.7\streambuffer-0.7.jar;C:\Users\SouthSystem\.m2\repository\javax\activation\activation\1.1\activation-1.1.jar;C:\Users\SouthSystem\.m2\repository\com\sun\xml\stream\sjsxp\1.0.1\sjsxp-1.0.1.jar;C:\Users\SouthSystem\.m2\repository\javax\xml\stream\stax-api\1.0\stax-api-1.0.jar;C:\Users\SouthSystem\.m2\repository\org\jvnet\staxex\stax-ex\1.2\stax-ex-1.2.jar;C:\Users\SouthSystem\.m2\repository\com\sun\org\apache\xml\internal\resolver\20050927\resolver-20050927.jar;C:\Users\SouthSystem\.m2\repository\org\jvnet\mimepull\1.2\mimepull-1.2.jar;C:\Users\SouthSystem\.m2\repository\org\junit\platform\junit-platform-launcher\1.6.2\junit-platform-launcher-1.6.2.jar;C:\Users\SouthSystem\.m2\repository\org\apiguardian\apiguardian-api\1.1.0\apiguardian-api-1.1.0.jar;C:\Users\SouthSystem\.m2\repository\org\junit\platform\junit-platform-engine\1.6.0\junit-platform-engine-1.6.0.jar;C:\Users\SouthSystem\.m2\repository\org\opentest4j\opentest4j\1.2.0\opentest4j-1.2.0.jar;C:\Users\SouthSystem\.m2\repository\org\junit\platform\junit-platform-commons\1.6.0\junit-platform-commons-1.6.0.jar;"/>
    <property name="java.vm.vendor" value="Oracle Corporation"/>
    <property name="sun.arch.data.model" value="64"/>
    <property name="user.variant" value=""/>
    <property name="java.vendor.url" value="http://java.oracle.com/"/>
    <property name="user.timezone" value=""/>
    <property name="java.vm.specification.version" value="1.8"/>
    <property name="os.name" value="Windows 10"/>
    <property name="user.country" value="BR"/>
    <property name="sun.java.launcher" value="SUN_STANDARD"/>
    <property name="sun.boot.library.path" value="C:\Program Files\Java\jdk1.8.0_281\jre\bin"/>
    <property name="sun.java.command" value="C:\Users\SOUTHS~1\AppData\Local\Temp\surefire4241218306831495172\surefirebooter117342377939753929.jar C:\Users\SouthSystem\AppData\Local\Temp\surefire4241218306831495172 2021-06-18T23-35-28_970-jvmRun1 surefire3514388897125047794tmp surefire_08968527019921638390tmp"/>
    <property name="surefire.test.class.path" value="C:\Projetos\openbanking\target\test-classes;C:\Projetos\openbanking\target\classes;C:\Users\SouthSystem\.m2\repository\org\projectlombok\lombok\1.18.6\lombok-1.18.6.jar;C:\Users\SouthSystem\.m2\repository\com\googlecode\json-simple\json-simple\1.1.1\json-simple-1.1.1.jar;C:\Users\SouthSystem\.m2\repository\junit\junit\4.12\junit-4.12.jar;C:\Users\SouthSystem\.m2\repository\org\hamcrest\hamcrest-core\1.3\hamcrest-core-1.3.jar;C:\Users\SouthSystem\.m2\repository\io\rest-assured\rest-assured\4.2.0\rest-assured-4.2.0.jar;C:\Users\SouthSystem\.m2\repository\org\codehaus\groovy\groovy\2.5.8\groovy-2.5.8.jar;C:\Users\SouthSystem\.m2\repository\org\codehaus\groovy\groovy-xml\2.5.8\groovy-xml-2.5.8.jar;C:\Users\SouthSystem\.m2\repository\org\apache\httpcomponents\httpclient\4.5.3\httpclient-4.5.3.jar;C:\Users\SouthSystem\.m2\repository\org\apache\httpcomponents\httpcore\4.4.6\httpcore-4.4.6.jar;C:\Users\SouthSystem\.m2\repository\commons-logging\commons-logging\1.2\commons-logging-1.2.jar;C:\Users\SouthSystem\.m2\repository\commons-codec\commons-codec\1.9\commons-codec-1.9.jar;C:\Users\SouthSystem\.m2\repository\org\apache\httpcomponents\httpmime\4.5.3\httpmime-4.5.3.jar;C:\Users\SouthSystem\.m2\repository\org\hamcrest\hamcrest\2.1\hamcrest-2.1.jar;C:\Users\SouthSystem\.m2\repository\org\ccil\cowan\tagsoup\tagsoup\1.2.1\tagsoup-1.2.1.jar;C:\Users\SouthSystem\.m2\repository\io\rest-assured\xml-path\4.2.0\xml-path-4.2.0.jar;C:\Users\SouthSystem\.m2\repository\jakarta\xml\bind\jakarta.xml.bind-api\2.3.2\jakarta.xml.bind-api-2.3.2.jar;C:\Users\SouthSystem\.m2\repository\jakarta\activation\jakarta.activation-api\1.2.1\jakarta.activation-api-1.2.1.jar;C:\Users\SouthSystem\.m2\repository\com\sun\xml\bind\jaxb-osgi\2.3.0.1\jaxb-osgi-2.3.0.1.jar;C:\Users\SouthSystem\.m2\repository\org\apache\sling\org.apache.sling.javax.activation\0.1.0\org.apache.sling.javax.activation-0.1.0.jar;C:\Users\SouthSystem\.m2\repository\io\rest-assured\json-schema-validator\4.2.0\json-schema-validator-4.2.0.jar;C:\Users\SouthSystem\.m2\repository\com\github\java-json-tools\json-schema-validator\2.2.10\json-schema-validator-2.2.10.jar;C:\Users\SouthSystem\.m2\repository\com\github\java-json-tools\json-schema-core\1.2.10\json-schema-core-1.2.10.jar;C:\Users\SouthSystem\.m2\repository\com\github\java-json-tools\jackson-coreutils\1.9\jackson-coreutils-1.9.jar;C:\Users\SouthSystem\.m2\repository\com\google\guava\guava\16.0.1\guava-16.0.1.jar;C:\Users\SouthSystem\.m2\repository\com\github\fge\msg-simple\1.1\msg-simple-1.1.jar;C:\Users\SouthSystem\.m2\repository\com\github\fge\btf\1.2\btf-1.2.jar;C:\Users\SouthSystem\.m2\repository\com\github\fge\uri-template\0.9\uri-template-0.9.jar;C:\Users\SouthSystem\.m2\repository\org\mozilla\rhino\1.7.7.1\rhino-1.7.7.1.jar;C:\Users\SouthSystem\.m2\repository\javax\mail\mailapi\1.4.3\mailapi-1.4.3.jar;C:\Users\SouthSystem\.m2\repository\joda-time\joda-time\2.9.7\joda-time-2.9.7.jar;C:\Users\SouthSystem\.m2\repository\com\googlecode\libphonenumber\libphonenumber\8.0.0\libphonenumber-8.0.0.jar;C:\Users\SouthSystem\.m2\repository\com\google\code\findbugs\jsr305\3.0.1\jsr305-3.0.1.jar;C:\Users\SouthSystem\.m2\repository\net\sf\jopt-simple\jopt-simple\5.0.3\jopt-simple-5.0.3.jar;C:\Users\SouthSystem\.m2\repository\com\github\javafaker\javafaker\1.0.1\javafaker-1.0.1.jar;C:\Users\SouthSystem\.m2\repository\org\apache\commons\commons-lang3\3.5\commons-lang3-3.5.jar;C:\Users\SouthSystem\.m2\repository\org\yaml\snakeyaml\1.23\snakeyaml-1.23-android.jar;C:\Users\SouthSystem\.m2\repository\com\github\mifmif\generex\1.0.2\generex-1.0.2.jar;C:\Users\SouthSystem\.m2\repository\dk\brics\automaton\automaton\1.11-8\automaton-1.11-8.jar;C:\Users\SouthSystem\.m2\repository\io\rest-assured\json-path\4.2.0\json-path-4.2.0.jar;C:\Users\SouthSystem\.m2\repository\org\codehaus\groovy\groovy-json\2.5.8\groovy-json-2.5.8.jar;C:\Users\SouthSystem\.m2\repository\io\rest-assured\rest-assured-common\4.2.0\rest-assured-common-4.2.0.jar;C:\Users\SouthSystem\.m2\repository\io\qameta\allure\allure-junit4\2.9.0\allure-junit4-2.9.0.jar;C:\Users\SouthSystem\.m2\repository\io\qameta\allure\allure-java-commons\2.9.0\allure-java-commons-2.9.0.jar;C:\Users\SouthSystem\.m2\repository\io\qameta\allure\allure-model\2.9.0\allure-model-2.9.0.jar;C:\Users\SouthSystem\.m2\repository\com\fasterxml\jackson\core\jackson-databind\2.9.7\jackson-databind-2.9.7.jar;C:\Users\SouthSystem\.m2\repository\com\fasterxml\jackson\core\jackson-annotations\2.9.0\jackson-annotations-2.9.0.jar;C:\Users\SouthSystem\.m2\repository\com\fasterxml\jackson\core\jackson-core\2.9.7\jackson-core-2.9.7.jar;C:\Users\SouthSystem\.m2\repository\org\apache\tika\tika-core\1.19.1\tika-core-1.19.1.jar;C:\Users\SouthSystem\.m2\repository\org\aspectj\aspectjrt\1.9.1\aspectjrt-1.9.1.jar;C:\Users\SouthSystem\.m2\repository\org\jooq\joor-java-8\0.9.9\joor-java-8-0.9.9.jar;C:\Users\SouthSystem\.m2\repository\org\slf4j\slf4j-api\1.7.25\slf4j-api-1.7.25.jar;C:\Users\SouthSystem\.m2\repository\com\google\code\gson\gson\2.8.6\gson-2.8.6.jar;C:\Users\SouthSystem\.m2\repository\com\sun\xml\ws\jaxws-rt\2.1.4\jaxws-rt-2.1.4.jar;C:\Users\SouthSystem\.m2\repository\javax\xml\ws\jaxws-api\2.1\jaxws-api-2.1.jar;C:\Users\SouthSystem\.m2\repository\javax\xml\bind\jaxb-api\2.1\jaxb-api-2.1.jar;C:\Users\SouthSystem\.m2\repository\com\sun\xml\bind\jaxb-impl\2.1.7\jaxb-impl-2.1.7.jar;C:\Users\SouthSystem\.m2\repository\com\sun\xml\messaging\saaj\saaj-impl\1.3.1\saaj-impl-1.3.1.jar;C:\Users\SouthSystem\.m2\repository\javax\xml\soap\saaj-api\1.3\saaj-api-1.3.jar;C:\Users\SouthSystem\.m2\repository\com\sun\xml\stream\buffer\streambuffer\0.7\streambuffer-0.7.jar;C:\Users\SouthSystem\.m2\repository\javax\activation\activation\1.1\activation-1.1.jar;C:\Users\SouthSystem\.m2\repository\com\sun\xml\stream\sjsxp\1.0.1\sjsxp-1.0.1.jar;C:\Users\SouthSystem\.m2\repository\javax\xml\stream\stax-api\1.0\stax-api-1.0.jar;C:\Users\SouthSystem\.m2\repository\org\jvnet\staxex\stax-ex\1.2\stax-ex-1.2.jar;C:\Users\SouthSystem\.m2\repository\com\sun\org\apache\xml\internal\resolver\20050927\resolver-20050927.jar;C:\Users\SouthSystem\.m2\repository\org\jvnet\mimepull\1.2\mimepull-1.2.jar;C:\Users\SouthSystem\.m2\repository\org\junit\platform\junit-platform-launcher\1.6.2\junit-platform-launcher-1.6.2.jar;C:\Users\SouthSystem\.m2\repository\org\apiguardian\apiguardian-api\1.1.0\apiguardian-api-1.1.0.jar;C:\Users\SouthSystem\.m2\repository\org\junit\platform\junit-platform-engine\1.6.0\junit-platform-engine-1.6.0.jar;C:\Users\SouthSystem\.m2\repository\org\opentest4j\opentest4j\1.2.0\opentest4j-1.2.0.jar;C:\Users\SouthSystem\.m2\repository\org\junit\platform\junit-platform-commons\1.6.0\junit-platform-commons-1.6.0.jar;"/>
    <property name="sun.cpu.endian" value="little"/>
    <property name="allure.results.directory" value="C:\Projetos\openbanking\target/allure-results"/>
    <property name="user.home" value="C:\Users\SouthSystem"/>
    <property name="user.language" value="pt"/>
    <property name="java.specification.vendor" value="Oracle Corporation"/>
    <property name="java.home" value="C:\Program Files\Java\jdk1.8.0_281\jre"/>
    <property name="basedir" value="C:\Projetos\openbanking"/>
    <property name="file.separator" value="\"/>
    <property name="line.separator" value="&#10;"/>
    <property name="java.vm.specification.vendor" value="Oracle Corporation"/>
    <property name="java.specification.name" value="Java Platform API Specification"/>
    <property name="java.awt.graphicsenv" value="sun.awt.Win32GraphicsEnvironment"/>
    <property name="surefire.real.class.path" value="C:\Users\SOUTHS~1\AppData\Local\Temp\surefire4241218306831495172\surefirebooter117342377939753929.jar;C:\Users\SouthSystem\.m2\repository/org/aspectj/aspectjweaver/1.9.1/aspectjweaver-1.9.1.jar"/>
    <property name="sun.boot.class.path" value="C:\Program Files\Java\jdk1.8.0_281\jre\lib\resources.jar;C:\Program Files\Java\jdk1.8.0_281\jre\lib\rt.jar;C:\Program Files\Java\jdk1.8.0_281\jre\lib\sunrsasign.jar;C:\Program Files\Java\jdk1.8.0_281\jre\lib\jsse.jar;C:\Program Files\Java\jdk1.8.0_281\jre\lib\jce.jar;C:\Program Files\Java\jdk1.8.0_281\jre\lib\charsets.jar;C:\Program Files\Java\jdk1.8.0_281\jre\lib\jfr.jar;C:\Program Files\Java\jdk1.8.0_281\jre\classes"/>
    <property name="user.script" value=""/>
    <property name="sun.management.compiler" value="HotSpot 64-Bit Tiered Compilers"/>
    <property name="java.runtime.version" value="1.8.0_281-b09"/>
    <property name="user.name" value="SouthSystem"/>
    <property name="path.separator" value=";"/>
    <property name="os.version" value="10.0"/>
    <property name="java.endorsed.dirs" value="C:\Program Files\Java\jdk1.8.0_281\jre\lib\endorsed"/>
    <property name="java.runtime.name" value="Java(TM) SE Runtime Environment"/>
    <property name="file.encoding" value="Cp1252"/>
    <property name="java.vm.name" value="Java HotSpot(TM) 64-Bit Server VM"/>
    <property name="localRepository" value="C:\Users\SouthSystem\.m2\repository"/>
    <property name="java.vendor.url.bug" value="http://bugreport.sun.com/bugreport/"/>
    <property name="java.io.tmpdir" value="C:\Users\SOUTHS~1\AppData\Local\Temp\"/>
    <property name="java.version" value="1.8.0_281"/>
    <property name="user.dir" value="C:\Projetos\openbanking"/>
    <property name="os.arch" value="amd64"/>
    <property name="java.vm.specification.name" value="Java Virtual Machine Specification"/>
    <property name="java.awt.printerjob" value="sun.awt.windows.WPrinterJob"/>
    <property name="sun.os.patch.level" value=""/>
    <property name="java.library.path" value="C:\Program Files\Java\jdk1.8.0_281\jre\bin;C:\Windows\Sun\Java\bin;C:\Windows\system32;C:\Windows;C:\Cmder\vendor\conemu-maximus5\ConEmu\Scripts;C:\Cmder\vendor\conemu-maximus5;C:\Cmder\vendor\conemu-maximus5\ConEmu;C:\Program Files (x86)\Common Files\Oracle\Java\javapath;C:\Windows\system32;C:\Windows;C:\Windows\System32\Wbem;C:\Windows\System32\WindowsPowerShell\v1.0\;C:\Windows\System32\OpenSSH\;C:\Program Files\NVIDIA Corporation\NVIDIA NvDLISR;C:\Program Files\nodejs\;C:\Maven\bin;C:\Program Files\Git\cmd;C:\Program Files\Microsoft SQL Server\Client SDK\ODBC\170\Tools\Binn\;C:\Program Files (x86)\Microsoft SQL Server\150\Tools\Binn\;C:\Program Files\Microsoft SQL Server\150\Tools\Binn\;C:\Program Files\Microsoft SQL Server\150\DTS\Binn\;C:\Program Files (x86)\Microsoft SQL Server\150\DTS\Binn\;C:\Program Files\Azure Data Studio\bin;C:\Users\SouthSystem\scoop\shims;C:\Users\SouthSystem\AppData\Local\Microsoft\WindowsApps;C:\Users\SouthSystem\AppData\Roaming\npm;C:\Users\SouthSystem\AppData\Local\Programs\Microsoft VS Code\bin;C:\Program Files\Azure Data Studio\bin;C:\Program Files\allure-2.13.9\bin;C:\Program Files\Git\mingw64\bin;C:\Program Files\Git\usr\bin;C:\Cmder\vendor\bin;C:\Cmder;."/>
    <property name="java.vm.info" value="mixed mode"/>
    <property name="java.vendor" value="Oracle Corporation"/>
    <property name="java.vm.version" value="25.281-b09"/>
    <property name="java.ext.dirs" value="C:\Program Files\Java\jdk1.8.0_281\jre\lib\ext;C:\Windows\Sun\Java\lib\ext"/>
    <property name="sun.io.unicode.encoding" value="UnicodeLittle"/>
    <property name="java.class.version" value="52.0"/>
  </properties>
  <testcase name="testNumeroPaginaInvalido" classname="br.com.realize.tests.fase01.ProdutosServicos.EmprestimoPessoaJuridica.tests.GetEmprestimoPessoaJuridicaTest" time="0"/>
  <testcase name="testTamanhoPaginaSuperior" classname="br.com.realize.tests.fase01.ProdutosServicos.EmprestimoPessoaJuridica.tests.GetEmprestimoPessoaJuridicaTest" time="0"/>
  <testcase name="testNumeroPaginaZero" classname="br.com.realize.tests.fase01.ProdutosServicos.EmprestimoPessoaJuridica.tests.GetEmprestimoPessoaJuridicaTest" time="0"/>
  <testcase name="testEmprestimoMicrocreditoPessoaJuridica" classname="br.com.realize.tests.fase01.ProdutosServicos.EmprestimoPessoaJuridica.tests.GetEmprestimoPessoaJuridicaTest" time="0"/>
  <testcase name="testMetodoNaoSuportado" classname="br.com.realize.tests.fase01.ProdutosServicos.EmprestimoPessoaJuridica.tests.GetEmprestimoPessoaJuridicaTest" time="0"/>
  <testcase name="testPathInvalido" classname="br.com.realize.tests.fase01.ProdutosServicos.EmprestimoPessoaJuridica.tests.GetEmprestimoPessoaJuridicaTest" time="0"/>
  <testcase name="testTamanhoPaginaInvalido" classname="br.com.realize.tests.fase01.ProdutosServicos.EmprestimoPessoaJuridica.tests.GetEmprestimoPessoaJuridicaTest" time="0"/>
  <testcase name="testTamanhoPaginaZero" classname="br.com.realize.tests.fase01.ProdutosServicos.EmprestimoPessoaJuridica.tests.GetEmprestimoPessoaJuridicaTest" time="0"/>
  <testcase name="testNumeroPaginaNaoLocalizado" classname="br.com.realize.tests.fase01.ProdutosServicos.EmprestimoPessoaJuridica.tests.GetEmprestimoPessoaJuridicaTest" time="0"/>
  <testcase name="testGarantirEmprestimoPessoaJuridica" classname="br.com.realize.tests.fase01.ProdutosServicos.EmprestimoPessoaJuridica.tests.GetEmprestimoPessoaJuridicaTest" time="1.689">
    <failure message="1 expectation failed.&#10;Response body doesn&apos;t match expectation.&#10;Expected: The content to match the given JSON schema.&#10;error: object has missing required properties ([&quot;brand&quot;])&#10;    level: &quot;error&quot;&#10;    schema: {&quot;loadingURI&quot;:&quot;#&quot;,&quot;pointer&quot;:&quot;/properties/data&quot;}&#10;    instance: {&quot;pointer&quot;:&quot;/data&quot;}&#10;    domain: &quot;validation&quot;&#10;    keyword: &quot;required&quot;&#10;    required: [&quot;brand&quot;]&#10;    missing: [&quot;brand&quot;]&#10;&#10;  Actual: {&quot;data&quot;:{&quot;name&quot;:&quot;REALIZE CFI S.A.&quot;,&quot;companies&quot;:[{&quot;name&quot;:&quot;REALIZE CRÉDITO, FINANCIAMENTO E INVESTIMENTO S.A.&quot;,&quot;cnpjNumber&quot;:&quot;27351731&quot;,&quot;businessLoans&quot;:[{&quot;type&quot;:&quot;EMPRESTIMO_MICROCREDITO_PRODUTIVO_ORIENTADO&quot;,&quot;fees&quot;:{&quot;services&quot;:[{&quot;name&quot;:&quot;Taxa de Abertura de Crédito - Microcrédito Produtivo Orientado&quot;,&quot;code&quot;:&quot;NA&quot;,&quot;chargingTriggerInfo&quot;:&quot;3% do valor do contrato&quot;,&quot;prices&quot;:[{&quot;interval&quot;:&quot;1_FAIXA&quot;,&quot;value&quot;:&quot;2000.00&quot;,&quot;currency&quot;:&quot;BRL&quot;,&quot;customers&quot;:{&quot;rate&quot;:&quot;0.1500&quot;}},{&quot;interval&quot;:&quot;2_FAIXA&quot;,&quot;value&quot;:&quot;3200.00&quot;,&quot;currency&quot;:&quot;BRL&quot;,&quot;customers&quot;:{&quot;rate&quot;:&quot;0.3500&quot;}},{&quot;interval&quot;:&quot;3_FAIXA&quot;,&quot;value&quot;:&quot;5072.00&quot;,&quot;currency&quot;:&quot;BRL&quot;,&quot;customers&quot;:{&quot;rate&quot;:&quot;0.2000&quot;}},{&quot;interval&quot;:&quot;4_FAIXA&quot;,&quot;value&quot;:&quot;7006.00&quot;,&quot;currency&quot;:&quot;BRL&quot;,&quot;customers&quot;:{&quot;rate&quot;:&quot;0.3000&quot;}}],&quot;minimum&quot;:{&quot;value&quot;:&quot;1350.00&quot;,&quot;currency&quot;:&quot;BRL&quot;},&quot;maximum&quot;:{&quot;value&quot;:&quot;8800.00&quot;,&quot;currency&quot;:&quot;BRL&quot;}}]},&quot;interestRates&quot;:[{&quot;referentialRateIndexer&quot;:&quot;POS_FIXADO_TR_TBF&quot;,&quot;rate&quot;:&quot;0.15&quot;,&quot;applications&quot;:[{&quot;interval&quot;:&quot;1_FAIXA&quot;,&quot;indexer&quot;:{&quot;rate&quot;:&quot;0.0987&quot;},&quot;customers&quot;:{&quot;rate&quot;:&quot;0.1500&quot;}},{&quot;interval&quot;:&quot;2_FAIXA&quot;,&quot;indexer&quot;:{&quot;rate&quot;:&quot;0.1600&quot;},&quot;customers&quot;:{&quot;rate&quot;:&quot;0.3500&quot;}},{&quot;interval&quot;:&quot;3_FAIXA&quot;,&quot;indexer&quot;:{&quot;rate&quot;:&quot;0.3600&quot;},&quot;customers&quot;:{&quot;rate&quot;:&quot;0.2000&quot;}},{&quot;interval&quot;:&quot;4_FAIXA&quot;,&quot;indexer&quot;:{&quot;rate&quot;:&quot;0.5890&quot;},&quot;customers&quot;:{&quot;rate&quot;:&quot;0.3000&quot;}}],&quot;minimumRate&quot;:&quot;0.0889&quot;,&quot;maximumRate&quot;:&quot;0.6865&quot;}],&quot;requiredWarranties&quot;:[&quot;OUTRAS_GARANTIAS_NAO_FIDEJUSSORIAS&quot;],&quot;termsConditions&quot;:&quot;https://empresaa1.com/personal_loans&quot;},{&quot;type&quot;:&quot;EMPRESTIMO_CHEQUE_ESPECIAL&quot;,&quot;fees&quot;:{&quot;services&quot;:[{&quot;name&quot;:&quot;Cheque Especial&quot;,&quot;code&quot;:&quot;NA&quot;,&quot;chargingTriggerInfo&quot;:&quot;0,25% sobre o excente do limite acima de R$500,00&quot;,&quot;prices&quot;:[{&quot;interval&quot;:&quot;1_FAIXA&quot;,&quot;value&quot;:&quot;2000.00&quot;,&quot;currency&quot;:&quot;BRL&quot;,&quot;customers&quot;:{&quot;rate&quot;:&quot;0.1500&quot;}},{&quot;interval&quot;:&quot;2_FAIXA&quot;,&quot;value&quot;:&quot;3200.00&quot;,&quot;currency&quot;:&quot;BRL&quot;,&quot;customers&quot;:{&quot;rate&quot;:&quot;0.3500&quot;}},{&quot;interval&quot;:&quot;3_FAIXA&quot;,&quot;value&quot;:&quot;5072.00&quot;,&quot;currency&quot;:&quot;BRL&quot;,&quot;customers&quot;:{&quot;rate&quot;:&quot;0.2000&quot;}},{&quot;interval&quot;:&quot;4_FAIXA&quot;,&quot;value&quot;:&quot;6006.00&quot;,&quot;currency&quot;:&quot;BRL&quot;,&quot;customers&quot;:{&quot;rate&quot;:&quot;0.3000&quot;}}],&quot;minimum&quot;:{&quot;value&quot;:&quot;1300.00&quot;,&quot;currency&quot;:&quot;BRL&quot;},&quot;maximum&quot;:{&quot;value&quot;:&quot;6800.00&quot;,&quot;currency&quot;:&quot;BRL&quot;}}]},&quot;interestRates&quot;:[{&quot;referentialRateIndexer&quot;:&quot;POS_FIXADO_TR_TBF&quot;,&quot;rate&quot;:&quot;0.10&quot;,&quot;applications&quot;:[{&quot;interval&quot;:&quot;1_FAIXA&quot;,&quot;indexer&quot;:{&quot;rate&quot;:&quot;0.0987&quot;},&quot;customers&quot;:{&quot;rate&quot;:&quot;0.1500&quot;}},{&quot;interval&quot;:&quot;2_FAIXA&quot;,&quot;indexer&quot;:{&quot;rate&quot;:&quot;0.1600&quot;},&quot;customers&quot;:{&quot;rate&quot;:&quot;0.3500&quot;}},{&quot;interval&quot;:&quot;3_FAIXA&quot;,&quot;indexer&quot;:{&quot;rate&quot;:&quot;0.3600&quot;},&quot;customers&quot;:{&quot;rate&quot;:&quot;0.2000&quot;}},{&quot;interval&quot;:&quot;4_FAIXA&quot;,&quot;indexer&quot;:{&quot;rate&quot;:&quot;0.7680&quot;},&quot;customers&quot;:{&quot;rate&quot;:&quot;0.3000&quot;}}],&quot;minimumRate&quot;:&quot;0.0889&quot;,&quot;maximumRate&quot;:&quot;0.6865&quot;}],&quot;requiredWarranties&quot;:[&quot;GARANTIA_FIDEJUSSORIA&quot;],&quot;termsConditions&quot;:&quot;https://empresaa1.com/personal_loans&quot;},{&quot;type&quot;:&quot;EMPRESTIMO_CONTA_GARANTIDA&quot;,&quot;fees&quot;:{&quot;services&quot;:[{&quot;name&quot;:&quot;Descoberto em C/C, Conta garantida&quot;,&quot;code&quot;:&quot;NA&quot;,&quot;chargingTriggerInfo&quot;:&quot;Tarifa R$63,00&quot;,&quot;prices&quot;:[{&quot;interval&quot;:&quot;1_FAIXA&quot;,&quot;value&quot;:&quot;1500.00&quot;,&quot;currency&quot;:&quot;BRL&quot;,&quot;customers&quot;:{&quot;rate&quot;:&quot;0.1500&quot;}},{&quot;interval&quot;:&quot;2_FAIXA&quot;,&quot;value&quot;:&quot;3800.00&quot;,&quot;currency&quot;:&quot;BRL&quot;,&quot;customers&quot;:{&quot;rate&quot;:&quot;0.3500&quot;}},{&quot;interval&quot;:&quot;3_FAIXA&quot;,&quot;value&quot;:&quot;4090.00&quot;,&quot;currency&quot;:&quot;BRL&quot;,&quot;customers&quot;:{&quot;rate&quot;:&quot;0.2000&quot;}},{&quot;interval&quot;:&quot;4_FAIXA&quot;,&quot;value&quot;:&quot;7786.00&quot;,&quot;currency&quot;:&quot;BRL&quot;,&quot;customers&quot;:{&quot;rate&quot;:&quot;0.3000&quot;}}],&quot;minimum&quot;:{&quot;value&quot;:&quot;830.00&quot;,&quot;currency&quot;:&quot;BRL&quot;},&quot;maximum&quot;:{&quot;value&quot;:&quot;8800.00&quot;,&quot;currency&quot;:&quot;BRL&quot;}}]},&quot;interestRates&quot;:[{&quot;referentialRateIndexer&quot;:&quot;POS_FIXADO_TR_TBF&quot;,&quot;rate&quot;:&quot;0.10&quot;,&quot;applications&quot;:[{&quot;interval&quot;:&quot;1_FAIXA&quot;,&quot;indexer&quot;:{&quot;rate&quot;:&quot;0.0987&quot;},&quot;customers&quot;:{&quot;rate&quot;:&quot;0.1500&quot;}},{&quot;interval&quot;:&quot;2_FAIXA&quot;,&quot;indexer&quot;:{&quot;rate&quot;:&quot;0.3600&quot;},&quot;customers&quot;:{&quot;rate&quot;:&quot;0.3500&quot;}},{&quot;interval&quot;:&quot;3_FAIXA&quot;,&quot;indexer&quot;:{&quot;rate&quot;:&quot;0.3600&quot;},&quot;customers&quot;:{&quot;rate&quot;:&quot;0.2000&quot;}},{&quot;interval&quot;:&quot;4_FAIXA&quot;,&quot;indexer&quot;:{&quot;rate&quot;:&quot;0.7680&quot;},&quot;customers&quot;:{&quot;rate&quot;:&quot;0.3000&quot;}}],&quot;minimumRate&quot;:&quot;0.0889&quot;,&quot;maximumRate&quot;:&quot;0.6865&quot;}],&quot;requiredWarranties&quot;:[&quot;GARANTIA_FIDEJUSSORIA&quot;],&quot;termsConditions&quot;:&quot;https://empresaa1.com/personal_loans&quot;},{&quot;type&quot;:&quot;EMPRESTIMO_CAPITAL_GIRO_PRAZO_VENCIMENTO_ATE_365_DIAS&quot;,&quot;fees&quot;:{&quot;services&quot;:[{&quot;name&quot;:&quot;Contratação&quot;,&quot;code&quot;:&quot;NA&quot;,&quot;chargingTriggerInfo&quot;:&quot;(mín. R$ 100,00 máx. R$ 3.000), tarifa 3% do Contrato&quot;,&quot;prices&quot;:[{&quot;interval&quot;:&quot;1_FAIXA&quot;,&quot;value&quot;:&quot;1700.00&quot;,&quot;currency&quot;:&quot;BRL&quot;,&quot;customers&quot;:{&quot;rate&quot;:&quot;0.1500&quot;}},{&quot;interval&quot;:&quot;2_FAIXA&quot;,&quot;value&quot;:&quot;2200.00&quot;,&quot;currency&quot;:&quot;BRL&quot;,&quot;customers&quot;:{&quot;rate&quot;:&quot;0.3500&quot;}},{&quot;interval&quot;:&quot;3_FAIXA&quot;,&quot;value&quot;:&quot;4030.00&quot;,&quot;currency&quot;:&quot;BRL&quot;,&quot;customers&quot;:{&quot;rate&quot;:&quot;0.2000&quot;}},{&quot;interval&quot;:&quot;4_FAIXA&quot;,&quot;value&quot;:&quot;5030.00&quot;,&quot;currency&quot;:&quot;BRL&quot;,&quot;customers&quot;:{&quot;rate&quot;:&quot;0.3000&quot;}}],&quot;minimum&quot;:{&quot;value&quot;:&quot;770.00&quot;,&quot;currency&quot;:&quot;BRL&quot;},&quot;maximum&quot;:{&quot;value&quot;:&quot;5800.00&quot;,&quot;currency&quot;:&quot;BRL&quot;}},{&quot;name&quot;:&quot;Alteração Contratual&quot;,&quot;code&quot;:&quot;NA&quot;,&quot;chargingTriggerInfo&quot;:&quot;(mín. R$ 100,00 máx. R$ 3.000), tarifa 3% do Contrato&quot;,&quot;prices&quot;:[{&quot;interval&quot;:&quot;1_FAIXA&quot;,&quot;value&quot;:&quot;55.40&quot;,&quot;currency&quot;:&quot;BRL&quot;,&quot;customers&quot;:{&quot;rate&quot;:&quot;0.1500&quot;}},{&quot;interval&quot;:&quot;2_FAIXA&quot;,&quot;value&quot;:&quot;62.00&quot;,&quot;currency&quot;:&quot;BRL&quot;,&quot;customers&quot;:{&quot;rate&quot;:&quot;0.3500&quot;}},{&quot;interval&quot;:&quot;3_FAIXA&quot;,&quot;value&quot;:&quot;75.00&quot;,&quot;currency&quot;:&quot;BRL&quot;,&quot;customers&quot;:{&quot;rate&quot;:&quot;0.2000&quot;}},{&quot;interval&quot;:&quot;4_FAIXA&quot;,&quot;value&quot;:&quot;86.00&quot;,&quot;currency&quot;:&quot;BRL&quot;,&quot;customers&quot;:{&quot;rate&quot;:&quot;0.3000&quot;}}],&quot;minimum&quot;:{&quot;value&quot;:&quot;49.00&quot;,&quot;currency&quot;:&quot;BRL&quot;},&quot;maximum&quot;:{&quot;value&quot;:&quot;90.00&quot;,&quot;currency&quot;:&quot;BRL&quot;}}]},&quot;interestRates&quot;:[{&quot;referentialRateIndexer&quot;:&quot;OUTRAS_TAXAS_POS_FIXADAS&quot;,&quot;rate&quot;:&quot;0.15&quot;,&quot;applications&quot;:[{&quot;interval&quot;:&quot;1_FAIXA&quot;,&quot;indexer&quot;:{&quot;rate&quot;:&quot;0.0150&quot;},&quot;customers&quot;:{&quot;rate&quot;:&quot;0.1500&quot;}},{&quot;interval&quot;:&quot;2_FAIXA&quot;,&quot;indexer&quot;:{&quot;rate&quot;:&quot;0.2240&quot;},&quot;customers&quot;:{&quot;rate&quot;:&quot;0.3500&quot;}},{&quot;interval&quot;:&quot;3_FAIXA&quot;,&quot;indexer&quot;:{&quot;rate&quot;:&quot;0.3090&quot;},&quot;customers&quot;:{&quot;rate&quot;:&quot;0.2000&quot;}},{&quot;interval&quot;:&quot;4_FAIXA&quot;,&quot;indexer&quot;:{&quot;rate&quot;:&quot;0.6223&quot;},&quot;customers&quot;:{&quot;rate&quot;:&quot;0.3000&quot;}}],&quot;minimumRate&quot;:&quot;0.0100&quot;,&quot;maximumRate&quot;:&quot;0.7100&quot;}],&quot;requiredWarranties&quot;:[&quot;NAO_APLICAVEL&quot;],&quot;termsConditions&quot;:&quot;https://empresaa1.com/personal_loans&quot;},{&quot;type&quot;:&quot;EMPRESTIMO_CAPITAL_GIRO_PRAZO_VENCIMENTO_SUPERIOR_365_DIAS&quot;,&quot;fees&quot;:{&quot;services&quot;:null},&quot;interestRates&quot;:[{&quot;referentialRateIndexer&quot;:&quot;OUTRAS_TAXAS_POS_FIXADAS&quot;,&quot;rate&quot;:&quot;0.09&quot;,&quot;applications&quot;:[{&quot;interval&quot;:&quot;1_FAIXA&quot;,&quot;indexer&quot;:{&quot;rate&quot;:&quot;0.0987&quot;},&quot;customers&quot;:{&quot;rate&quot;:&quot;0.1500&quot;}},{&quot;interval&quot;:&quot;2_FAIXA&quot;,&quot;indexer&quot;:{&quot;rate&quot;:&quot;0.1600&quot;},&quot;customers&quot;:{&quot;rate&quot;:&quot;0.3500&quot;}},{&quot;interval&quot;:&quot;3_FAIXA&quot;,&quot;indexer&quot;:{&quot;rate&quot;:&quot;0.3600&quot;},&quot;customers&quot;:{&quot;rate&quot;:&quot;0.2000&quot;}},{&quot;interval&quot;:&quot;4_FAIXA&quot;,&quot;indexer&quot;:{&quot;rate&quot;:&quot;0.5890&quot;},&quot;customers&quot;:{&quot;rate&quot;:&quot;0.3000&quot;}}],&quot;minimumRate&quot;:&quot;0.0889&quot;,&quot;maximumRate&quot;:&quot;0.6865&quot;}],&quot;requiredWarranties&quot;:[&quot;NAO_APLICAVEL&quot;],&quot;termsConditions&quot;:&quot;https://empresaa1.com/personal_loans&quot;},{&quot;type&quot;:&quot;EMPRESTIMO_CAPITAL_GIRO_ROTATIVO&quot;,&quot;fees&quot;:{&quot;services&quot;:[{&quot;name&quot;:&quot;Renovação&quot;,&quot;code&quot;:&quot;NA&quot;,&quot;chargingTriggerInfo&quot;:&quot;(mín. R$ 100 máx. R$ 1.100,00), tarifa 3% do Contrato&quot;,&quot;prices&quot;:[{&quot;interval&quot;:&quot;1_FAIXA&quot;,&quot;value&quot;:&quot;1000.00&quot;,&quot;currency&quot;:&quot;BRL&quot;,&quot;customers&quot;:{&quot;rate&quot;:&quot;0.1500&quot;}},{&quot;interval&quot;:&quot;2_FAIXA&quot;,&quot;value&quot;:&quot;3800.00&quot;,&quot;currency&quot;:&quot;BRL&quot;,&quot;customers&quot;:{&quot;rate&quot;:&quot;0.3500&quot;}},{&quot;interval&quot;:&quot;3_FAIXA&quot;,&quot;value&quot;:&quot;5072.00&quot;,&quot;currency&quot;:&quot;BRL&quot;,&quot;customers&quot;:{&quot;rate&quot;:&quot;0.2000&quot;}},{&quot;interval&quot;:&quot;4_FAIXA&quot;,&quot;value&quot;:&quot;7826.00&quot;,&quot;currency&quot;:&quot;BRL&quot;,&quot;customers&quot;:{&quot;rate&quot;:&quot;0.3000&quot;}}],&quot;minimum&quot;:{&quot;value&quot;:&quot;610.00&quot;,&quot;currency&quot;:&quot;BRL&quot;},&quot;maximum&quot;:{&quot;value&quot;:&quot;8580.00&quot;,&quot;currency&quot;:&quot;BRL&quot;}}]},&quot;interestRates&quot;:[{&quot;referentialRateIndexer&quot;:&quot;OUTRAS_TAXAS_POS_FIXADAS&quot;,&quot;rate&quot;:&quot;0.18&quot;,&quot;applications&quot;:[{&quot;interval&quot;:&quot;1_FAIXA&quot;,&quot;indexer&quot;:{&quot;rate&quot;:&quot;0.0987&quot;},&quot;customers&quot;:{&quot;rate&quot;:&quot;0.1500&quot;}},{&quot;interval&quot;:&quot;2_FAIXA&quot;,&quot;indexer&quot;:{&quot;rate&quot;:&quot;0.1600&quot;},&quot;customers&quot;:{&quot;rate&quot;:&quot;0.3500&quot;}},{&quot;interval&quot;:&quot;3_FAIXA&quot;,&quot;indexer&quot;:{&quot;rate&quot;:&quot;0.3600&quot;},&quot;customers&quot;:{&quot;rate&quot;:&quot;0.2000&quot;}},{&quot;interval&quot;:&quot;4_FAIXA&quot;,&quot;indexer&quot;:{&quot;rate&quot;:&quot;0.7680&quot;},&quot;customers&quot;:{&quot;rate&quot;:&quot;0.3000&quot;}}],&quot;minimumRate&quot;:&quot;0.0456&quot;,&quot;maximumRate&quot;:&quot;0.8100&quot;}],&quot;requiredWarranties&quot;:[&quot;NAO_APLICAVEL&quot;],&quot;termsConditions&quot;:&quot;https://empresaa1.com/personal_loans&quot;}]}]},&quot;links&quot;:{&quot;self&quot;:&quot;http://10.120.192.16/open-banking/products-services/v1/business-loans?page=1&amp;page-size=25&quot;,&quot;first&quot;:null,&quot;prev&quot;:null,&quot;next&quot;:null,&quot;last&quot;:null},&quot;meta&quot;:{&quot;totalRecords&quot;:6,&quot;totalPages&quot;:1}}&#10;" type="java.lang.AssertionError"><![CDATA[java.lang.AssertionError: 
1 expectation failed.
Response body doesn't match expectation.
Expected: The content to match the given JSON schema.
error: object has missing required properties (["brand"])
    level: "error"
    schema: {"loadingURI":"#","pointer":"/properties/data"}
    instance: {"pointer":"/data"}
    domain: "validation"
    keyword: "required"
    required: ["brand"]
    missing: ["brand"]

  Actual: {"data":{"name":"REALIZE CFI S.A.","companies":[{"name":"REALIZE CRÉDITO, FINANCIAMENTO E INVESTIMENTO S.A.","cnpjNumber":"27351731","businessLoans":[{"type":"EMPRESTIMO_MICROCREDITO_PRODUTIVO_ORIENTADO","fees":{"services":[{"name":"Taxa de Abertura de Crédito - Microcrédito Produtivo Orientado","code":"NA","chargingTriggerInfo":"3% do valor do contrato","prices":[{"interval":"1_FAIXA","value":"2000.00","currency":"BRL","customers":{"rate":"0.1500"}},{"interval":"2_FAIXA","value":"3200.00","currency":"BRL","customers":{"rate":"0.3500"}},{"interval":"3_FAIXA","value":"5072.00","currency":"BRL","customers":{"rate":"0.2000"}},{"interval":"4_FAIXA","value":"7006.00","currency":"BRL","customers":{"rate":"0.3000"}}],"minimum":{"value":"1350.00","currency":"BRL"},"maximum":{"value":"8800.00","currency":"BRL"}}]},"interestRates":[{"referentialRateIndexer":"POS_FIXADO_TR_TBF","rate":"0.15","applications":[{"interval":"1_FAIXA","indexer":{"rate":"0.0987"},"customers":{"rate":"0.1500"}},{"interval":"2_FAIXA","indexer":{"rate":"0.1600"},"customers":{"rate":"0.3500"}},{"interval":"3_FAIXA","indexer":{"rate":"0.3600"},"customers":{"rate":"0.2000"}},{"interval":"4_FAIXA","indexer":{"rate":"0.5890"},"customers":{"rate":"0.3000"}}],"minimumRate":"0.0889","maximumRate":"0.6865"}],"requiredWarranties":["OUTRAS_GARANTIAS_NAO_FIDEJUSSORIAS"],"termsConditions":"https://empresaa1.com/personal_loans"},{"type":"EMPRESTIMO_CHEQUE_ESPECIAL","fees":{"services":[{"name":"Cheque Especial","code":"NA","chargingTriggerInfo":"0,25% sobre o excente do limite acima de R$500,00","prices":[{"interval":"1_FAIXA","value":"2000.00","currency":"BRL","customers":{"rate":"0.1500"}},{"interval":"2_FAIXA","value":"3200.00","currency":"BRL","customers":{"rate":"0.3500"}},{"interval":"3_FAIXA","value":"5072.00","currency":"BRL","customers":{"rate":"0.2000"}},{"interval":"4_FAIXA","value":"6006.00","currency":"BRL","customers":{"rate":"0.3000"}}],"minimum":{"value":"1300.00","currency":"BRL"},"maximum":{"value":"6800.00","currency":"BRL"}}]},"interestRates":[{"referentialRateIndexer":"POS_FIXADO_TR_TBF","rate":"0.10","applications":[{"interval":"1_FAIXA","indexer":{"rate":"0.0987"},"customers":{"rate":"0.1500"}},{"interval":"2_FAIXA","indexer":{"rate":"0.1600"},"customers":{"rate":"0.3500"}},{"interval":"3_FAIXA","indexer":{"rate":"0.3600"},"customers":{"rate":"0.2000"}},{"interval":"4_FAIXA","indexer":{"rate":"0.7680"},"customers":{"rate":"0.3000"}}],"minimumRate":"0.0889","maximumRate":"0.6865"}],"requiredWarranties":["GARANTIA_FIDEJUSSORIA"],"termsConditions":"https://empresaa1.com/personal_loans"},{"type":"EMPRESTIMO_CONTA_GARANTIDA","fees":{"services":[{"name":"Descoberto em C/C, Conta garantida","code":"NA","chargingTriggerInfo":"Tarifa R$63,00","prices":[{"interval":"1_FAIXA","value":"1500.00","currency":"BRL","customers":{"rate":"0.1500"}},{"interval":"2_FAIXA","value":"3800.00","currency":"BRL","customers":{"rate":"0.3500"}},{"interval":"3_FAIXA","value":"4090.00","currency":"BRL","customers":{"rate":"0.2000"}},{"interval":"4_FAIXA","value":"7786.00","currency":"BRL","customers":{"rate":"0.3000"}}],"minimum":{"value":"830.00","currency":"BRL"},"maximum":{"value":"8800.00","currency":"BRL"}}]},"interestRates":[{"referentialRateIndexer":"POS_FIXADO_TR_TBF","rate":"0.10","applications":[{"interval":"1_FAIXA","indexer":{"rate":"0.0987"},"customers":{"rate":"0.1500"}},{"interval":"2_FAIXA","indexer":{"rate":"0.3600"},"customers":{"rate":"0.3500"}},{"interval":"3_FAIXA","indexer":{"rate":"0.3600"},"customers":{"rate":"0.2000"}},{"interval":"4_FAIXA","indexer":{"rate":"0.7680"},"customers":{"rate":"0.3000"}}],"minimumRate":"0.0889","maximumRate":"0.6865"}],"requiredWarranties":["GARANTIA_FIDEJUSSORIA"],"termsConditions":"https://empresaa1.com/personal_loans"},{"type":"EMPRESTIMO_CAPITAL_GIRO_PRAZO_VENCIMENTO_ATE_365_DIAS","fees":{"services":[{"name":"Contratação","code":"NA","chargingTriggerInfo":"(mín. R$ 100,00 máx. R$ 3.000), tarifa 3% do Contrato","prices":[{"interval":"1_FAIXA","value":"1700.00","currency":"BRL","customers":{"rate":"0.1500"}},{"interval":"2_FAIXA","value":"2200.00","currency":"BRL","customers":{"rate":"0.3500"}},{"interval":"3_FAIXA","value":"4030.00","currency":"BRL","customers":{"rate":"0.2000"}},{"interval":"4_FAIXA","value":"5030.00","currency":"BRL","customers":{"rate":"0.3000"}}],"minimum":{"value":"770.00","currency":"BRL"},"maximum":{"value":"5800.00","currency":"BRL"}},{"name":"Alteração Contratual","code":"NA","chargingTriggerInfo":"(mín. R$ 100,00 máx. R$ 3.000), tarifa 3% do Contrato","prices":[{"interval":"1_FAIXA","value":"55.40","currency":"BRL","customers":{"rate":"0.1500"}},{"interval":"2_FAIXA","value":"62.00","currency":"BRL","customers":{"rate":"0.3500"}},{"interval":"3_FAIXA","value":"75.00","currency":"BRL","customers":{"rate":"0.2000"}},{"interval":"4_FAIXA","value":"86.00","currency":"BRL","customers":{"rate":"0.3000"}}],"minimum":{"value":"49.00","currency":"BRL"},"maximum":{"value":"90.00","currency":"BRL"}}]},"interestRates":[{"referentialRateIndexer":"OUTRAS_TAXAS_POS_FIXADAS","rate":"0.15","applications":[{"interval":"1_FAIXA","indexer":{"rate":"0.0150"},"customers":{"rate":"0.1500"}},{"interval":"2_FAIXA","indexer":{"rate":"0.2240"},"customers":{"rate":"0.3500"}},{"interval":"3_FAIXA","indexer":{"rate":"0.3090"},"customers":{"rate":"0.2000"}},{"interval":"4_FAIXA","indexer":{"rate":"0.6223"},"customers":{"rate":"0.3000"}}],"minimumRate":"0.0100","maximumRate":"0.7100"}],"requiredWarranties":["NAO_APLICAVEL"],"termsConditions":"https://empresaa1.com/personal_loans"},{"type":"EMPRESTIMO_CAPITAL_GIRO_PRAZO_VENCIMENTO_SUPERIOR_365_DIAS","fees":{"services":null},"interestRates":[{"referentialRateIndexer":"OUTRAS_TAXAS_POS_FIXADAS","rate":"0.09","applications":[{"interval":"1_FAIXA","indexer":{"rate":"0.0987"},"customers":{"rate":"0.1500"}},{"interval":"2_FAIXA","indexer":{"rate":"0.1600"},"customers":{"rate":"0.3500"}},{"interval":"3_FAIXA","indexer":{"rate":"0.3600"},"customers":{"rate":"0.2000"}},{"interval":"4_FAIXA","indexer":{"rate":"0.5890"},"customers":{"rate":"0.3000"}}],"minimumRate":"0.0889","maximumRate":"0.6865"}],"requiredWarranties":["NAO_APLICAVEL"],"termsConditions":"https://empresaa1.com/personal_loans"},{"type":"EMPRESTIMO_CAPITAL_GIRO_ROTATIVO","fees":{"services":[{"name":"Renovação","code":"NA","chargingTriggerInfo":"(mín. R$ 100 máx. R$ 1.100,00), tarifa 3% do Contrato","prices":[{"interval":"1_FAIXA","value":"1000.00","currency":"BRL","customers":{"rate":"0.1500"}},{"interval":"2_FAIXA","value":"3800.00","currency":"BRL","customers":{"rate":"0.3500"}},{"interval":"3_FAIXA","value":"5072.00","currency":"BRL","customers":{"rate":"0.2000"}},{"interval":"4_FAIXA","value":"7826.00","currency":"BRL","customers":{"rate":"0.3000"}}],"minimum":{"value":"610.00","currency":"BRL"},"maximum":{"value":"8580.00","currency":"BRL"}}]},"interestRates":[{"referentialRateIndexer":"OUTRAS_TAXAS_POS_FIXADAS","rate":"0.18","applications":[{"interval":"1_FAIXA","indexer":{"rate":"0.0987"},"customers":{"rate":"0.1500"}},{"interval":"2_FAIXA","indexer":{"rate":"0.1600"},"customers":{"rate":"0.3500"}},{"interval":"3_FAIXA","indexer":{"rate":"0.3600"},"customers":{"rate":"0.2000"}},{"interval":"4_FAIXA","indexer":{"rate":"0.7680"},"customers":{"rate":"0.3000"}}],"minimumRate":"0.0456","maximumRate":"0.8100"}],"requiredWarranties":["NAO_APLICAVEL"],"termsConditions":"https://empresaa1.com/personal_loans"}]}]},"links":{"self":"http://10.120.192.16/open-banking/products-services/v1/business-loans?page=1&page-size=25","first":null,"prev":null,"next":null,"last":null},"meta":{"totalRecords":6,"totalPages":1}}

	at br.com.realize.tests.fase01.ProdutosServicos.EmprestimoPessoaJuridica.tests.GetEmprestimoPessoaJuridicaTest.testGarantirEmprestimoPessoaJuridica(GetEmprestimoPessoaJuridicaTest.java:63)
]]></failure>
    <system-out><![CDATA[Request method:	GET
Request URI:	http://10.120.192.16/open-banking/products-services/v1/business-loans?page=1&page-size=25
Proxy:			<none>
Request params:	<none>
Query params:	page=1
				page-size=25
Form params:	<none>
Path params:	<none>
Headers:		Accept=*/*
				Content-Type=application/json; charset=UTF-8
Cookies:		<none>
Multiparts:		<none>
Body:			<none>

HTTP/1.1 200 OK
Date: Sat, 19 Jun 2021 02:39:40 GMT
Content-Type: application/json
Transfer-Encoding: chunked
Connection: keep-alive
Content-Encoding: gzip

{
    "data": {
        "name": "REALIZE CFI S.A.",
        "companies": [
            {
                "name": "REALIZE CRÉDITO, FINANCIAMENTO E INVESTIMENTO S.A.",
                "cnpjNumber": "27351731",
                "businessLoans": [
                    {
                        "type": "EMPRESTIMO_MICROCREDITO_PRODUTIVO_ORIENTADO",
                        "fees": {
                            "services": [
                                {
                                    "name": "Taxa de Abertura de Crédito - Microcrédito Produtivo Orientado",
                                    "code": "NA",
                                    "chargingTriggerInfo": "3% do valor do contrato",
                                    "prices": [
                                        {
                                            "interval": "1_FAIXA",
                                            "value": "2000.00",
                                            "currency": "BRL",
                                            "customers": {
                                                "rate": "0.1500"
                                            }
                                        },
                                        {
                                            "interval": "2_FAIXA",
                                            "value": "3200.00",
                                            "currency": "BRL",
                                            "customers": {
                                                "rate": "0.3500"
                                            }
                                        },
                                        {
                                            "interval": "3_FAIXA",
                                            "value": "5072.00",
                                            "currency": "BRL",
                                            "customers": {
                                                "rate": "0.2000"
                                            }
                                        },
                                        {
                                            "interval": "4_FAIXA",
                                            "value": "7006.00",
                                            "currency": "BRL",
                                            "customers": {
                                                "rate": "0.3000"
                                            }
                                        }
                                    ],
                                    "minimum": {
                                        "value": "1350.00",
                                        "currency": "BRL"
                                    },
                                    "maximum": {
                                        "value": "8800.00",
                                        "currency": "BRL"
                                    }
                                }
                            ]
                        },
                        "interestRates": [
                            {
                                "referentialRateIndexer": "POS_FIXADO_TR_TBF",
                                "rate": "0.15",
                                "applications": [
                                    {
                                        "interval": "1_FAIXA",
                                        "indexer": {
                                            "rate": "0.0987"
                                        },
                                        "customers": {
                                            "rate": "0.1500"
                                        }
                                    },
                                    {
                                        "interval": "2_FAIXA",
                                        "indexer": {
                                            "rate": "0.1600"
                                        },
                                        "customers": {
                                            "rate": "0.3500"
                                        }
                                    },
                                    {
                                        "interval": "3_FAIXA",
                                        "indexer": {
                                            "rate": "0.3600"
                                        },
                                        "customers": {
                                            "rate": "0.2000"
                                        }
                                    },
                                    {
                                        "interval": "4_FAIXA",
                                        "indexer": {
                                            "rate": "0.5890"
                                        },
                                        "customers": {
                                            "rate": "0.3000"
                                        }
                                    }
                                ],
                                "minimumRate": "0.0889",
                                "maximumRate": "0.6865"
                            }
                        ],
                        "requiredWarranties": [
                            "OUTRAS_GARANTIAS_NAO_FIDEJUSSORIAS"
                        ],
                        "termsConditions": "https://empresaa1.com/personal_loans"
                    },
                    {
                        "type": "EMPRESTIMO_CHEQUE_ESPECIAL",
                        "fees": {
                            "services": [
                                {
                                    "name": "Cheque Especial",
                                    "code": "NA",
                                    "chargingTriggerInfo": "0,25% sobre o excente do limite acima de R$500,00",
                                    "prices": [
                                        {
                                            "interval": "1_FAIXA",
                                            "value": "2000.00",
                                            "currency": "BRL",
                                            "customers": {
                                                "rate": "0.1500"
                                            }
                                        },
                                        {
                                            "interval": "2_FAIXA",
                                            "value": "3200.00",
                                            "currency": "BRL",
                                            "customers": {
                                                "rate": "0.3500"
                                            }
                                        },
                                        {
                                            "interval": "3_FAIXA",
                                            "value": "5072.00",
                                            "currency": "BRL",
                                            "customers": {
                                                "rate": "0.2000"
                                            }
                                        },
                                        {
                                            "interval": "4_FAIXA",
                                            "value": "6006.00",
                                            "currency": "BRL",
                                            "customers": {
                                                "rate": "0.3000"
                                            }
                                        }
                                    ],
                                    "minimum": {
                                        "value": "1300.00",
                                        "currency": "BRL"
                                    },
                                    "maximum": {
                                        "value": "6800.00",
                                        "currency": "BRL"
                                    }
                                }
                            ]
                        },
                        "interestRates": [
                            {
                                "referentialRateIndexer": "POS_FIXADO_TR_TBF",
                                "rate": "0.10",
                                "applications": [
                                    {
                                        "interval": "1_FAIXA",
                                        "indexer": {
                                            "rate": "0.0987"
                                        },
                                        "customers": {
                                            "rate": "0.1500"
                                        }
                                    },
                                    {
                                        "interval": "2_FAIXA",
                                        "indexer": {
                                            "rate": "0.1600"
                                        },
                                        "customers": {
                                            "rate": "0.3500"
                                        }
                                    },
                                    {
                                        "interval": "3_FAIXA",
                                        "indexer": {
                                            "rate": "0.3600"
                                        },
                                        "customers": {
                                            "rate": "0.2000"
                                        }
                                    },
                                    {
                                        "interval": "4_FAIXA",
                                        "indexer": {
                                            "rate": "0.7680"
                                        },
                                        "customers": {
                                            "rate": "0.3000"
                                        }
                                    }
                                ],
                                "minimumRate": "0.0889",
                                "maximumRate": "0.6865"
                            }
                        ],
                        "requiredWarranties": [
                            "GARANTIA_FIDEJUSSORIA"
                        ],
                        "termsConditions": "https://empresaa1.com/personal_loans"
                    },
                    {
                        "type": "EMPRESTIMO_CONTA_GARANTIDA",
                        "fees": {
                            "services": [
                                {
                                    "name": "Descoberto em C/C, Conta garantida",
                                    "code": "NA",
                                    "chargingTriggerInfo": "Tarifa R$63,00",
                                    "prices": [
                                        {
                                            "interval": "1_FAIXA",
                                            "value": "1500.00",
                                            "currency": "BRL",
                                            "customers": {
                                                "rate": "0.1500"
                                            }
                                        },
                                        {
                                            "interval": "2_FAIXA",
                                            "value": "3800.00",
                                            "currency": "BRL",
                                            "customers": {
                                                "rate": "0.3500"
                                            }
                                        },
                                        {
                                            "interval": "3_FAIXA",
                                            "value": "4090.00",
                                            "currency": "BRL",
                                            "customers": {
                                                "rate": "0.2000"
                                            }
                                        },
                                        {
                                            "interval": "4_FAIXA",
                                            "value": "7786.00",
                                            "currency": "BRL",
                                            "customers": {
                                                "rate": "0.3000"
                                            }
                                        }
                                    ],
                                    "minimum": {
                                        "value": "830.00",
                                        "currency": "BRL"
                                    },
                                    "maximum": {
                                        "value": "8800.00",
                                        "currency": "BRL"
                                    }
                                }
                            ]
                        },
                        "interestRates": [
                            {
                                "referentialRateIndexer": "POS_FIXADO_TR_TBF",
                                "rate": "0.10",
                                "applications": [
                                    {
                                        "interval": "1_FAIXA",
                                        "indexer": {
                                            "rate": "0.0987"
                                        },
                                        "customers": {
                                            "rate": "0.1500"
                                        }
                                    },
                                    {
                                        "interval": "2_FAIXA",
                                        "indexer": {
                                            "rate": "0.3600"
                                        },
                                        "customers": {
                                            "rate": "0.3500"
                                        }
                                    },
                                    {
                                        "interval": "3_FAIXA",
                                        "indexer": {
                                            "rate": "0.3600"
                                        },
                                        "customers": {
                                            "rate": "0.2000"
                                        }
                                    },
                                    {
                                        "interval": "4_FAIXA",
                                        "indexer": {
                                            "rate": "0.7680"
                                        },
                                        "customers": {
                                            "rate": "0.3000"
                                        }
                                    }
                                ],
                                "minimumRate": "0.0889",
                                "maximumRate": "0.6865"
                            }
                        ],
                        "requiredWarranties": [
                            "GARANTIA_FIDEJUSSORIA"
                        ],
                        "termsConditions": "https://empresaa1.com/personal_loans"
                    },
                    {
                        "type": "EMPRESTIMO_CAPITAL_GIRO_PRAZO_VENCIMENTO_ATE_365_DIAS",
                        "fees": {
                            "services": [
                                {
                                    "name": "Contratação",
                                    "code": "NA",
                                    "chargingTriggerInfo": "(mín. R$ 100,00 máx. R$ 3.000), tarifa 3% do Contrato",
                                    "prices": [
                                        {
                                            "interval": "1_FAIXA",
                                            "value": "1700.00",
                                            "currency": "BRL",
                                            "customers": {
                                                "rate": "0.1500"
                                            }
                                        },
                                        {
                                            "interval": "2_FAIXA",
                                            "value": "2200.00",
                                            "currency": "BRL",
                                            "customers": {
                                                "rate": "0.3500"
                                            }
                                        },
                                        {
                                            "interval": "3_FAIXA",
                                            "value": "4030.00",
                                            "currency": "BRL",
                                            "customers": {
                                                "rate": "0.2000"
                                            }
                                        },
                                        {
                                            "interval": "4_FAIXA",
                                            "value": "5030.00",
                                            "currency": "BRL",
                                            "customers": {
                                                "rate": "0.3000"
                                            }
                                        }
                                    ],
                                    "minimum": {
                                        "value": "770.00",
                                        "currency": "BRL"
                                    },
                                    "maximum": {
                                        "value": "5800.00",
                                        "currency": "BRL"
                                    }
                                },
                                {
                                    "name": "Alteração Contratual",
                                    "code": "NA",
                                    "chargingTriggerInfo": "(mín. R$ 100,00 máx. R$ 3.000), tarifa 3% do Contrato",
                                    "prices": [
                                        {
                                            "interval": "1_FAIXA",
                                            "value": "55.40",
                                            "currency": "BRL",
                                            "customers": {
                                                "rate": "0.1500"
                                            }
                                        },
                                        {
                                            "interval": "2_FAIXA",
                                            "value": "62.00",
                                            "currency": "BRL",
                                            "customers": {
                                                "rate": "0.3500"
                                            }
                                        },
                                        {
                                            "interval": "3_FAIXA",
                                            "value": "75.00",
                                            "currency": "BRL",
                                            "customers": {
                                                "rate": "0.2000"
                                            }
                                        },
                                        {
                                            "interval": "4_FAIXA",
                                            "value": "86.00",
                                            "currency": "BRL",
                                            "customers": {
                                                "rate": "0.3000"
                                            }
                                        }
                                    ],
                                    "minimum": {
                                        "value": "49.00",
                                        "currency": "BRL"
                                    },
                                    "maximum": {
                                        "value": "90.00",
                                        "currency": "BRL"
                                    }
                                }
                            ]
                        },
                        "interestRates": [
                            {
                                "referentialRateIndexer": "OUTRAS_TAXAS_POS_FIXADAS",
                                "rate": "0.15",
                                "applications": [
                                    {
                                        "interval": "1_FAIXA",
                                        "indexer": {
                                            "rate": "0.0150"
                                        },
                                        "customers": {
                                            "rate": "0.1500"
                                        }
                                    },
                                    {
                                        "interval": "2_FAIXA",
                                        "indexer": {
                                            "rate": "0.2240"
                                        },
                                        "customers": {
                                            "rate": "0.3500"
                                        }
                                    },
                                    {
                                        "interval": "3_FAIXA",
                                        "indexer": {
                                            "rate": "0.3090"
                                        },
                                        "customers": {
                                            "rate": "0.2000"
                                        }
                                    },
                                    {
                                        "interval": "4_FAIXA",
                                        "indexer": {
                                            "rate": "0.6223"
                                        },
                                        "customers": {
                                            "rate": "0.3000"
                                        }
                                    }
                                ],
                                "minimumRate": "0.0100",
                                "maximumRate": "0.7100"
                            }
                        ],
                        "requiredWarranties": [
                            "NAO_APLICAVEL"
                        ],
                        "termsConditions": "https://empresaa1.com/personal_loans"
                    },
                    {
                        "type": "EMPRESTIMO_CAPITAL_GIRO_PRAZO_VENCIMENTO_SUPERIOR_365_DIAS",
                        "fees": {
                            "services": null
                        },
                        "interestRates": [
                            {
                                "referentialRateIndexer": "OUTRAS_TAXAS_POS_FIXADAS",
                                "rate": "0.09",
                                "applications": [
                                    {
                                        "interval": "1_FAIXA",
                                        "indexer": {
                                            "rate": "0.0987"
                                        },
                                        "customers": {
                                            "rate": "0.1500"
                                        }
                                    },
                                    {
                                        "interval": "2_FAIXA",
                                        "indexer": {
                                            "rate": "0.1600"
                                        },
                                        "customers": {
                                            "rate": "0.3500"
                                        }
                                    },
                                    {
                                        "interval": "3_FAIXA",
                                        "indexer": {
                                            "rate": "0.3600"
                                        },
                                        "customers": {
                                            "rate": "0.2000"
                                        }
                                    },
                                    {
                                        "interval": "4_FAIXA",
                                        "indexer": {
                                            "rate": "0.5890"
                                        },
                                        "customers": {
                                            "rate": "0.3000"
                                        }
                                    }
                                ],
                                "minimumRate": "0.0889",
                                "maximumRate": "0.6865"
                            }
                        ],
                        "requiredWarranties": [
                            "NAO_APLICAVEL"
                        ],
                        "termsConditions": "https://empresaa1.com/personal_loans"
                    },
                    {
                        "type": "EMPRESTIMO_CAPITAL_GIRO_ROTATIVO",
                        "fees": {
                            "services": [
                                {
                                    "name": "Renovação",
                                    "code": "NA",
                                    "chargingTriggerInfo": "(mín. R$ 100 máx. R$ 1.100,00), tarifa 3% do Contrato",
                                    "prices": [
                                        {
                                            "interval": "1_FAIXA",
                                            "value": "1000.00",
                                            "currency": "BRL",
                                            "customers": {
                                                "rate": "0.1500"
                                            }
                                        },
                                        {
                                            "interval": "2_FAIXA",
                                            "value": "3800.00",
                                            "currency": "BRL",
                                            "customers": {
                                                "rate": "0.3500"
                                            }
                                        },
                                        {
                                            "interval": "3_FAIXA",
                                            "value": "5072.00",
                                            "currency": "BRL",
                                            "customers": {
                                                "rate": "0.2000"
                                            }
                                        },
                                        {
                                            "interval": "4_FAIXA",
                                            "value": "7826.00",
                                            "currency": "BRL",
                                            "customers": {
                                                "rate": "0.3000"
                                            }
                                        }
                                    ],
                                    "minimum": {
                                        "value": "610.00",
                                        "currency": "BRL"
                                    },
                                    "maximum": {
                                        "value": "8580.00",
                                        "currency": "BRL"
                                    }
                                }
                            ]
                        },
                        "interestRates": [
                            {
                                "referentialRateIndexer": "OUTRAS_TAXAS_POS_FIXADAS",
                                "rate": "0.18",
                                "applications": [
                                    {
                                        "interval": "1_FAIXA",
                                        "indexer": {
                                            "rate": "0.0987"
                                        },
                                        "customers": {
                                            "rate": "0.1500"
                                        }
                                    },
                                    {
                                        "interval": "2_FAIXA",
                                        "indexer": {
                                            "rate": "0.1600"
                                        },
                                        "customers": {
                                            "rate": "0.3500"
                                        }
                                    },
                                    {
                                        "interval": "3_FAIXA",
                                        "indexer": {
                                            "rate": "0.3600"
                                        },
                                        "customers": {
                                            "rate": "0.2000"
                                        }
                                    },
                                    {
                                        "interval": "4_FAIXA",
                                        "indexer": {
                                            "rate": "0.7680"
                                        },
                                        "customers": {
                                            "rate": "0.3000"
                                        }
                                    }
                                ],
                                "minimumRate": "0.0456",
                                "maximumRate": "0.8100"
                            }
                        ],
                        "requiredWarranties": [
                            "NAO_APLICAVEL"
                        ],
                        "termsConditions": "https://empresaa1.com/personal_loans"
                    }
                ]
            }
        ]
    },
    "links": {
        "self": "http://10.120.192.16/open-banking/products-services/v1/business-loans?page=1&page-size=25",
        "first": null,
        "prev": null,
        "next": null,
        "last": null
    },
    "meta": {
        "totalRecords": 6,
        "totalPages": 1
    }
}
]]></system-out>
  </testcase>
</testsuite>