<?xml version="1.0" encoding="UTF-8"?>
<testsuite xmlns:xsi="http://www.w3.org/2001/XMLSchema-instance" xsi:noNamespaceSchemaLocation="https://maven.apache.org/surefire/maven-surefire-plugin/xsd/surefire-test-report.xsd" name="br.com.realize.tests.fase01.ProdutosServicos.CartaoCreditoPessoaNatural.tests.GetCartaoCreditoPessoaNaturalTest" time="5.32" tests="13" errors="0" skipped="0" failures="1">
  <properties>
    <property name="sun.desktop" value="windows"/>
    <property name="awt.toolkit" value="sun.awt.windows.WToolkit"/>
    <property name="file.encoding.pkg" value="sun.io"/>
    <property name="java.specification.version" value="1.8"/>
    <property name="sun.cpu.isalist" value="amd64"/>
    <property name="sun.jnu.encoding" value="Cp1252"/>
    <property name="java.class.path" value="C:\Projetos\openbanking\target\test-classes;C:\Projetos\openbanking\target\classes;C:\Users\SouthSystem\.m2\repository\org\projectlombok\lombok\1.18.6\lombok-1.18.6.jar;C:\Users\SouthSystem\.m2\repository\com\googlecode\json-simple\json-simple\1.1.1\json-simple-1.1.1.jar;C:\Users\SouthSystem\.m2\repository\junit\junit\4.12\junit-4.12.jar;C:\Users\SouthSystem\.m2\repository\org\hamcrest\hamcrest-core\1.3\hamcrest-core-1.3.jar;C:\Users\SouthSystem\.m2\repository\io\rest-assured\rest-assured\4.2.0\rest-assured-4.2.0.jar;C:\Users\SouthSystem\.m2\repository\org\codehaus\groovy\groovy\2.5.8\groovy-2.5.8.jar;C:\Users\SouthSystem\.m2\repository\org\codehaus\groovy\groovy-xml\2.5.8\groovy-xml-2.5.8.jar;C:\Users\SouthSystem\.m2\repository\org\apache\httpcomponents\httpclient\4.5.3\httpclient-4.5.3.jar;C:\Users\SouthSystem\.m2\repository\org\apache\httpcomponents\httpcore\4.4.6\httpcore-4.4.6.jar;C:\Users\SouthSystem\.m2\repository\commons-logging\commons-logging\1.2\commons-logging-1.2.jar;C:\Users\SouthSystem\.m2\repository\commons-codec\commons-codec\1.9\commons-codec-1.9.jar;C:\Users\SouthSystem\.m2\repository\org\apache\httpcomponents\httpmime\4.5.3\httpmime-4.5.3.jar;C:\Users\SouthSystem\.m2\repository\org\hamcrest\hamcrest\2.1\hamcrest-2.1.jar;C:\Users\SouthSystem\.m2\repository\org\ccil\cowan\tagsoup\tagsoup\1.2.1\tagsoup-1.2.1.jar;C:\Users\SouthSystem\.m2\repository\io\rest-assured\xml-path\4.2.0\xml-path-4.2.0.jar;C:\Users\SouthSystem\.m2\repository\jakarta\xml\bind\jakarta.xml.bind-api\2.3.2\jakarta.xml.bind-api-2.3.2.jar;C:\Users\SouthSystem\.m2\repository\jakarta\activation\jakarta.activation-api\1.2.1\jakarta.activation-api-1.2.1.jar;C:\Users\SouthSystem\.m2\repository\com\sun\xml\bind\jaxb-osgi\2.3.0.1\jaxb-osgi-2.3.0.1.jar;C:\Users\SouthSystem\.m2\repository\org\apache\sling\org.apache.sling.javax.activation\0.1.0\org.apache.sling.javax.activation-0.1.0.jar;C:\Users\SouthSystem\.m2\repository\io\rest-assured\json-schema-validator\4.2.0\json-schema-validator-4.2.0.jar;C:\Users\SouthSystem\.m2\repository\com\github\java-json-tools\json-schema-validator\2.2.10\json-schema-validator-2.2.10.jar;C:\Users\SouthSystem\.m2\repository\com\github\java-json-tools\json-schema-core\1.2.10\json-schema-core-1.2.10.jar;C:\Users\SouthSystem\.m2\repository\com\github\java-json-tools\jackson-coreutils\1.9\jackson-coreutils-1.9.jar;C:\Users\SouthSystem\.m2\repository\com\google\guava\guava\16.0.1\guava-16.0.1.jar;C:\Users\SouthSystem\.m2\repository\com\github\fge\msg-simple\1.1\msg-simple-1.1.jar;C:\Users\SouthSystem\.m2\repository\com\github\fge\btf\1.2\btf-1.2.jar;C:\Users\SouthSystem\.m2\repository\com\github\fge\uri-template\0.9\uri-template-0.9.jar;C:\Users\SouthSystem\.m2\repository\org\mozilla\rhino\1.7.7.1\rhino-1.7.7.1.jar;C:\Users\SouthSystem\.m2\repository\javax\mail\mailapi\1.4.3\mailapi-1.4.3.jar;C:\Users\SouthSystem\.m2\repository\joda-time\joda-time\2.9.7\joda-time-2.9.7.jar;C:\Users\SouthSystem\.m2\repository\com\googlecode\libphonenumber\libphonenumber\8.0.0\libphonenumber-8.0.0.jar;C:\Users\SouthSystem\.m2\repository\com\google\code\findbugs\jsr305\3.0.1\jsr305-3.0.1.jar;C:\Users\SouthSystem\.m2\repository\net\sf\jopt-simple\jopt-simple\5.0.3\jopt-simple-5.0.3.jar;C:\Users\SouthSystem\.m2\repository\com\github\javafaker\javafaker\1.0.1\javafaker-1.0.1.jar;C:\Users\SouthSystem\.m2\repository\org\apache\commons\commons-lang3\3.5\commons-lang3-3.5.jar;C:\Users\SouthSystem\.m2\repository\org\yaml\snakeyaml\1.23\snakeyaml-1.23-android.jar;C:\Users\SouthSystem\.m2\repository\com\github\mifmif\generex\1.0.2\generex-1.0.2.jar;C:\Users\SouthSystem\.m2\repository\dk\brics\automaton\automaton\1.11-8\automaton-1.11-8.jar;C:\Users\SouthSystem\.m2\repository\io\rest-assured\json-path\4.2.0\json-path-4.2.0.jar;C:\Users\SouthSystem\.m2\repository\org\codehaus\groovy\groovy-json\2.5.8\groovy-json-2.5.8.jar;C:\Users\SouthSystem\.m2\repository\io\rest-assured\rest-assured-common\4.2.0\rest-assured-common-4.2.0.jar;C:\Users\SouthSystem\.m2\repository\io\qameta\allure\allure-junit4\2.9.0\allure-junit4-2.9.0.jar;C:\Users\SouthSystem\.m2\repository\io\qameta\allure\allure-java-commons\2.9.0\allure-java-commons-2.9.0.jar;C:\Users\SouthSystem\.m2\repository\io\qameta\allure\allure-model\2.9.0\allure-model-2.9.0.jar;C:\Users\SouthSystem\.m2\repository\com\fasterxml\jackson\core\jackson-databind\2.9.7\jackson-databind-2.9.7.jar;C:\Users\SouthSystem\.m2\repository\com\fasterxml\jackson\core\jackson-annotations\2.9.0\jackson-annotations-2.9.0.jar;C:\Users\SouthSystem\.m2\repository\com\fasterxml\jackson\core\jackson-core\2.9.7\jackson-core-2.9.7.jar;C:\Users\SouthSystem\.m2\repository\org\apache\tika\tika-core\1.19.1\tika-core-1.19.1.jar;C:\Users\SouthSystem\.m2\repository\org\aspectj\aspectjrt\1.9.1\aspectjrt-1.9.1.jar;C:\Users\SouthSystem\.m2\repository\org\jooq\joor-java-8\0.9.9\joor-java-8-0.9.9.jar;C:\Users\SouthSystem\.m2\repository\org\slf4j\slf4j-api\1.7.25\slf4j-api-1.7.25.jar;C:\Users\SouthSystem\.m2\repository\com\google\code\gson\gson\2.8.6\gson-2.8.6.jar;C:\Users\SouthSystem\.m2\repository\com\sun\xml\ws\jaxws-rt\2.1.4\jaxws-rt-2.1.4.jar;C:\Users\SouthSystem\.m2\repository\javax\xml\ws\jaxws-api\2.1\jaxws-api-2.1.jar;C:\Users\SouthSystem\.m2\repository\javax\xml\bind\jaxb-api\2.1\jaxb-api-2.1.jar;C:\Users\SouthSystem\.m2\repository\com\sun\xml\bind\jaxb-impl\2.1.7\jaxb-impl-2.1.7.jar;C:\Users\SouthSystem\.m2\repository\com\sun\xml\messaging\saaj\saaj-impl\1.3.1\saaj-impl-1.3.1.jar;C:\Users\SouthSystem\.m2\repository\javax\xml\soap\saaj-api\1.3\saaj-api-1.3.jar;C:\Users\SouthSystem\.m2\repository\com\sun\xml\stream\buffer\streambuffer\0.7\streambuffer-0.7.jar;C:\Users\SouthSystem\.m2\repository\javax\activation\activation\1.1\activation-1.1.jar;C:\Users\SouthSystem\.m2\repository\com\sun\xml\stream\sjsxp\1.0.1\sjsxp-1.0.1.jar;C:\Users\SouthSystem\.m2\repository\javax\xml\stream\stax-api\1.0\stax-api-1.0.jar;C:\Users\SouthSystem\.m2\repository\org\jvnet\staxex\stax-ex\1.2\stax-ex-1.2.jar;C:\Users\SouthSystem\.m2\repository\com\sun\org\apache\xml\internal\resolver\20050927\resolver-20050927.jar;C:\Users\SouthSystem\.m2\repository\org\jvnet\mimepull\1.2\mimepull-1.2.jar;C:\Users\SouthSystem\.m2\repository\org\junit\platform\junit-platform-launcher\1.6.2\junit-platform-launcher-1.6.2.jar;C:\Users\SouthSystem\.m2\repository\org\apiguardian\apiguardian-api\1.1.0\apiguardian-api-1.1.0.jar;C:\Users\SouthSystem\.m2\repository\org\junit\platform\junit-platform-engine\1.6.0\junit-platform-engine-1.6.0.jar;C:\Users\SouthSystem\.m2\repository\org\opentest4j\opentest4j\1.2.0\opentest4j-1.2.0.jar;C:\Users\SouthSystem\.m2\repository\org\junit\platform\junit-platform-commons\1.6.0\junit-platform-commons-1.6.0.jar;"/>
    <property name="java.vm.vendor" value="Oracle Corporation"/>
    <property name="sun.arch.data.model" value="64"/>
    <property name="user.variant" value=""/>
    <property name="java.vendor.url" value="http://java.oracle.com/"/>
    <property name="user.timezone" value=""/>
    <property name="java.vm.specification.version" value="1.8"/>
    <property name="os.name" value="Windows 10"/>
    <property name="user.country" value="BR"/>
    <property name="sun.java.launcher" value="SUN_STANDARD"/>
    <property name="sun.boot.library.path" value="C:\Program Files\Java\jdk1.8.0_281\jre\bin"/>
    <property name="sun.java.command" value="C:\Users\SOUTHS~1\AppData\Local\Temp\surefire4241218306831495172\surefirebooter117342377939753929.jar C:\Users\SouthSystem\AppData\Local\Temp\surefire4241218306831495172 2021-06-18T23-35-28_970-jvmRun1 surefire3514388897125047794tmp surefire_08968527019921638390tmp"/>
    <property name="surefire.test.class.path" value="C:\Projetos\openbanking\target\test-classes;C:\Projetos\openbanking\target\classes;C:\Users\SouthSystem\.m2\repository\org\projectlombok\lombok\1.18.6\lombok-1.18.6.jar;C:\Users\SouthSystem\.m2\repository\com\googlecode\json-simple\json-simple\1.1.1\json-simple-1.1.1.jar;C:\Users\SouthSystem\.m2\repository\junit\junit\4.12\junit-4.12.jar;C:\Users\SouthSystem\.m2\repository\org\hamcrest\hamcrest-core\1.3\hamcrest-core-1.3.jar;C:\Users\SouthSystem\.m2\repository\io\rest-assured\rest-assured\4.2.0\rest-assured-4.2.0.jar;C:\Users\SouthSystem\.m2\repository\org\codehaus\groovy\groovy\2.5.8\groovy-2.5.8.jar;C:\Users\SouthSystem\.m2\repository\org\codehaus\groovy\groovy-xml\2.5.8\groovy-xml-2.5.8.jar;C:\Users\SouthSystem\.m2\repository\org\apache\httpcomponents\httpclient\4.5.3\httpclient-4.5.3.jar;C:\Users\SouthSystem\.m2\repository\org\apache\httpcomponents\httpcore\4.4.6\httpcore-4.4.6.jar;C:\Users\SouthSystem\.m2\repository\commons-logging\commons-logging\1.2\commons-logging-1.2.jar;C:\Users\SouthSystem\.m2\repository\commons-codec\commons-codec\1.9\commons-codec-1.9.jar;C:\Users\SouthSystem\.m2\repository\org\apache\httpcomponents\httpmime\4.5.3\httpmime-4.5.3.jar;C:\Users\SouthSystem\.m2\repository\org\hamcrest\hamcrest\2.1\hamcrest-2.1.jar;C:\Users\SouthSystem\.m2\repository\org\ccil\cowan\tagsoup\tagsoup\1.2.1\tagsoup-1.2.1.jar;C:\Users\SouthSystem\.m2\repository\io\rest-assured\xml-path\4.2.0\xml-path-4.2.0.jar;C:\Users\SouthSystem\.m2\repository\jakarta\xml\bind\jakarta.xml.bind-api\2.3.2\jakarta.xml.bind-api-2.3.2.jar;C:\Users\SouthSystem\.m2\repository\jakarta\activation\jakarta.activation-api\1.2.1\jakarta.activation-api-1.2.1.jar;C:\Users\SouthSystem\.m2\repository\com\sun\xml\bind\jaxb-osgi\2.3.0.1\jaxb-osgi-2.3.0.1.jar;C:\Users\SouthSystem\.m2\repository\org\apache\sling\org.apache.sling.javax.activation\0.1.0\org.apache.sling.javax.activation-0.1.0.jar;C:\Users\SouthSystem\.m2\repository\io\rest-assured\json-schema-validator\4.2.0\json-schema-validator-4.2.0.jar;C:\Users\SouthSystem\.m2\repository\com\github\java-json-tools\json-schema-validator\2.2.10\json-schema-validator-2.2.10.jar;C:\Users\SouthSystem\.m2\repository\com\github\java-json-tools\json-schema-core\1.2.10\json-schema-core-1.2.10.jar;C:\Users\SouthSystem\.m2\repository\com\github\java-json-tools\jackson-coreutils\1.9\jackson-coreutils-1.9.jar;C:\Users\SouthSystem\.m2\repository\com\google\guava\guava\16.0.1\guava-16.0.1.jar;C:\Users\SouthSystem\.m2\repository\com\github\fge\msg-simple\1.1\msg-simple-1.1.jar;C:\Users\SouthSystem\.m2\repository\com\github\fge\btf\1.2\btf-1.2.jar;C:\Users\SouthSystem\.m2\repository\com\github\fge\uri-template\0.9\uri-template-0.9.jar;C:\Users\SouthSystem\.m2\repository\org\mozilla\rhino\1.7.7.1\rhino-1.7.7.1.jar;C:\Users\SouthSystem\.m2\repository\javax\mail\mailapi\1.4.3\mailapi-1.4.3.jar;C:\Users\SouthSystem\.m2\repository\joda-time\joda-time\2.9.7\joda-time-2.9.7.jar;C:\Users\SouthSystem\.m2\repository\com\googlecode\libphonenumber\libphonenumber\8.0.0\libphonenumber-8.0.0.jar;C:\Users\SouthSystem\.m2\repository\com\google\code\findbugs\jsr305\3.0.1\jsr305-3.0.1.jar;C:\Users\SouthSystem\.m2\repository\net\sf\jopt-simple\jopt-simple\5.0.3\jopt-simple-5.0.3.jar;C:\Users\SouthSystem\.m2\repository\com\github\javafaker\javafaker\1.0.1\javafaker-1.0.1.jar;C:\Users\SouthSystem\.m2\repository\org\apache\commons\commons-lang3\3.5\commons-lang3-3.5.jar;C:\Users\SouthSystem\.m2\repository\org\yaml\snakeyaml\1.23\snakeyaml-1.23-android.jar;C:\Users\SouthSystem\.m2\repository\com\github\mifmif\generex\1.0.2\generex-1.0.2.jar;C:\Users\SouthSystem\.m2\repository\dk\brics\automaton\automaton\1.11-8\automaton-1.11-8.jar;C:\Users\SouthSystem\.m2\repository\io\rest-assured\json-path\4.2.0\json-path-4.2.0.jar;C:\Users\SouthSystem\.m2\repository\org\codehaus\groovy\groovy-json\2.5.8\groovy-json-2.5.8.jar;C:\Users\SouthSystem\.m2\repository\io\rest-assured\rest-assured-common\4.2.0\rest-assured-common-4.2.0.jar;C:\Users\SouthSystem\.m2\repository\io\qameta\allure\allure-junit4\2.9.0\allure-junit4-2.9.0.jar;C:\Users\SouthSystem\.m2\repository\io\qameta\allure\allure-java-commons\2.9.0\allure-java-commons-2.9.0.jar;C:\Users\SouthSystem\.m2\repository\io\qameta\allure\allure-model\2.9.0\allure-model-2.9.0.jar;C:\Users\SouthSystem\.m2\repository\com\fasterxml\jackson\core\jackson-databind\2.9.7\jackson-databind-2.9.7.jar;C:\Users\SouthSystem\.m2\repository\com\fasterxml\jackson\core\jackson-annotations\2.9.0\jackson-annotations-2.9.0.jar;C:\Users\SouthSystem\.m2\repository\com\fasterxml\jackson\core\jackson-core\2.9.7\jackson-core-2.9.7.jar;C:\Users\SouthSystem\.m2\repository\org\apache\tika\tika-core\1.19.1\tika-core-1.19.1.jar;C:\Users\SouthSystem\.m2\repository\org\aspectj\aspectjrt\1.9.1\aspectjrt-1.9.1.jar;C:\Users\SouthSystem\.m2\repository\org\jooq\joor-java-8\0.9.9\joor-java-8-0.9.9.jar;C:\Users\SouthSystem\.m2\repository\org\slf4j\slf4j-api\1.7.25\slf4j-api-1.7.25.jar;C:\Users\SouthSystem\.m2\repository\com\google\code\gson\gson\2.8.6\gson-2.8.6.jar;C:\Users\SouthSystem\.m2\repository\com\sun\xml\ws\jaxws-rt\2.1.4\jaxws-rt-2.1.4.jar;C:\Users\SouthSystem\.m2\repository\javax\xml\ws\jaxws-api\2.1\jaxws-api-2.1.jar;C:\Users\SouthSystem\.m2\repository\javax\xml\bind\jaxb-api\2.1\jaxb-api-2.1.jar;C:\Users\SouthSystem\.m2\repository\com\sun\xml\bind\jaxb-impl\2.1.7\jaxb-impl-2.1.7.jar;C:\Users\SouthSystem\.m2\repository\com\sun\xml\messaging\saaj\saaj-impl\1.3.1\saaj-impl-1.3.1.jar;C:\Users\SouthSystem\.m2\repository\javax\xml\soap\saaj-api\1.3\saaj-api-1.3.jar;C:\Users\SouthSystem\.m2\repository\com\sun\xml\stream\buffer\streambuffer\0.7\streambuffer-0.7.jar;C:\Users\SouthSystem\.m2\repository\javax\activation\activation\1.1\activation-1.1.jar;C:\Users\SouthSystem\.m2\repository\com\sun\xml\stream\sjsxp\1.0.1\sjsxp-1.0.1.jar;C:\Users\SouthSystem\.m2\repository\javax\xml\stream\stax-api\1.0\stax-api-1.0.jar;C:\Users\SouthSystem\.m2\repository\org\jvnet\staxex\stax-ex\1.2\stax-ex-1.2.jar;C:\Users\SouthSystem\.m2\repository\com\sun\org\apache\xml\internal\resolver\20050927\resolver-20050927.jar;C:\Users\SouthSystem\.m2\repository\org\jvnet\mimepull\1.2\mimepull-1.2.jar;C:\Users\SouthSystem\.m2\repository\org\junit\platform\junit-platform-launcher\1.6.2\junit-platform-launcher-1.6.2.jar;C:\Users\SouthSystem\.m2\repository\org\apiguardian\apiguardian-api\1.1.0\apiguardian-api-1.1.0.jar;C:\Users\SouthSystem\.m2\repository\org\junit\platform\junit-platform-engine\1.6.0\junit-platform-engine-1.6.0.jar;C:\Users\SouthSystem\.m2\repository\org\opentest4j\opentest4j\1.2.0\opentest4j-1.2.0.jar;C:\Users\SouthSystem\.m2\repository\org\junit\platform\junit-platform-commons\1.6.0\junit-platform-commons-1.6.0.jar;"/>
    <property name="sun.cpu.endian" value="little"/>
    <property name="allure.results.directory" value="C:\Projetos\openbanking\target/allure-results"/>
    <property name="user.home" value="C:\Users\SouthSystem"/>
    <property name="user.language" value="pt"/>
    <property name="java.specification.vendor" value="Oracle Corporation"/>
    <property name="java.home" value="C:\Program Files\Java\jdk1.8.0_281\jre"/>
    <property name="basedir" value="C:\Projetos\openbanking"/>
    <property name="file.separator" value="\"/>
    <property name="line.separator" value="&#10;"/>
    <property name="java.vm.specification.vendor" value="Oracle Corporation"/>
    <property name="java.specification.name" value="Java Platform API Specification"/>
    <property name="java.awt.graphicsenv" value="sun.awt.Win32GraphicsEnvironment"/>
    <property name="surefire.real.class.path" value="C:\Users\SOUTHS~1\AppData\Local\Temp\surefire4241218306831495172\surefirebooter117342377939753929.jar;C:\Users\SouthSystem\.m2\repository/org/aspectj/aspectjweaver/1.9.1/aspectjweaver-1.9.1.jar"/>
    <property name="sun.boot.class.path" value="C:\Program Files\Java\jdk1.8.0_281\jre\lib\resources.jar;C:\Program Files\Java\jdk1.8.0_281\jre\lib\rt.jar;C:\Program Files\Java\jdk1.8.0_281\jre\lib\sunrsasign.jar;C:\Program Files\Java\jdk1.8.0_281\jre\lib\jsse.jar;C:\Program Files\Java\jdk1.8.0_281\jre\lib\jce.jar;C:\Program Files\Java\jdk1.8.0_281\jre\lib\charsets.jar;C:\Program Files\Java\jdk1.8.0_281\jre\lib\jfr.jar;C:\Program Files\Java\jdk1.8.0_281\jre\classes"/>
    <property name="user.script" value=""/>
    <property name="sun.management.compiler" value="HotSpot 64-Bit Tiered Compilers"/>
    <property name="java.runtime.version" value="1.8.0_281-b09"/>
    <property name="user.name" value="SouthSystem"/>
    <property name="path.separator" value=";"/>
    <property name="os.version" value="10.0"/>
    <property name="java.endorsed.dirs" value="C:\Program Files\Java\jdk1.8.0_281\jre\lib\endorsed"/>
    <property name="java.runtime.name" value="Java(TM) SE Runtime Environment"/>
    <property name="file.encoding" value="Cp1252"/>
    <property name="java.vm.name" value="Java HotSpot(TM) 64-Bit Server VM"/>
    <property name="localRepository" value="C:\Users\SouthSystem\.m2\repository"/>
    <property name="java.vendor.url.bug" value="http://bugreport.sun.com/bugreport/"/>
    <property name="java.io.tmpdir" value="C:\Users\SOUTHS~1\AppData\Local\Temp\"/>
    <property name="java.version" value="1.8.0_281"/>
    <property name="user.dir" value="C:\Projetos\openbanking"/>
    <property name="os.arch" value="amd64"/>
    <property name="java.vm.specification.name" value="Java Virtual Machine Specification"/>
    <property name="java.awt.printerjob" value="sun.awt.windows.WPrinterJob"/>
    <property name="sun.os.patch.level" value=""/>
    <property name="java.library.path" value="C:\Program Files\Java\jdk1.8.0_281\jre\bin;C:\Windows\Sun\Java\bin;C:\Windows\system32;C:\Windows;C:\Cmder\vendor\conemu-maximus5\ConEmu\Scripts;C:\Cmder\vendor\conemu-maximus5;C:\Cmder\vendor\conemu-maximus5\ConEmu;C:\Program Files (x86)\Common Files\Oracle\Java\javapath;C:\Windows\system32;C:\Windows;C:\Windows\System32\Wbem;C:\Windows\System32\WindowsPowerShell\v1.0\;C:\Windows\System32\OpenSSH\;C:\Program Files\NVIDIA Corporation\NVIDIA NvDLISR;C:\Program Files\nodejs\;C:\Maven\bin;C:\Program Files\Git\cmd;C:\Program Files\Microsoft SQL Server\Client SDK\ODBC\170\Tools\Binn\;C:\Program Files (x86)\Microsoft SQL Server\150\Tools\Binn\;C:\Program Files\Microsoft SQL Server\150\Tools\Binn\;C:\Program Files\Microsoft SQL Server\150\DTS\Binn\;C:\Program Files (x86)\Microsoft SQL Server\150\DTS\Binn\;C:\Program Files\Azure Data Studio\bin;C:\Users\SouthSystem\scoop\shims;C:\Users\SouthSystem\AppData\Local\Microsoft\WindowsApps;C:\Users\SouthSystem\AppData\Roaming\npm;C:\Users\SouthSystem\AppData\Local\Programs\Microsoft VS Code\bin;C:\Program Files\Azure Data Studio\bin;C:\Program Files\allure-2.13.9\bin;C:\Program Files\Git\mingw64\bin;C:\Program Files\Git\usr\bin;C:\Cmder\vendor\bin;C:\Cmder;."/>
    <property name="java.vm.info" value="mixed mode"/>
    <property name="java.vendor" value="Oracle Corporation"/>
    <property name="java.vm.version" value="25.281-b09"/>
    <property name="java.ext.dirs" value="C:\Program Files\Java\jdk1.8.0_281\jre\lib\ext;C:\Windows\Sun\Java\lib\ext"/>
    <property name="sun.io.unicode.encoding" value="UnicodeLittle"/>
    <property name="java.class.version" value="52.0"/>
  </properties>
  <testcase name="testCartaoCreditoPessoaNaturalBandeiraMastercard" classname="br.com.realize.tests.fase01.ProdutosServicos.CartaoCreditoPessoaNatural.tests.GetCartaoCreditoPessoaNaturalTest" time="0"/>
  <testcase name="testNumeroPaginaInvalido" classname="br.com.realize.tests.fase01.ProdutosServicos.CartaoCreditoPessoaNatural.tests.GetCartaoCreditoPessoaNaturalTest" time="0"/>
  <testcase name="testCartaoCreditoPessoaNaturalBandeiraPropria" classname="br.com.realize.tests.fase01.ProdutosServicos.CartaoCreditoPessoaNatural.tests.GetCartaoCreditoPessoaNaturalTest" time="0"/>
  <testcase name="testTamanhoPaginaSuperior" classname="br.com.realize.tests.fase01.ProdutosServicos.CartaoCreditoPessoaNatural.tests.GetCartaoCreditoPessoaNaturalTest" time="0"/>
  <testcase name="testNumeroPaginaZero" classname="br.com.realize.tests.fase01.ProdutosServicos.CartaoCreditoPessoaNatural.tests.GetCartaoCreditoPessoaNaturalTest" time="0"/>
  <testcase name="testMetodoNaoSuportado" classname="br.com.realize.tests.fase01.ProdutosServicos.CartaoCreditoPessoaNatural.tests.GetCartaoCreditoPessoaNaturalTest" time="0"/>
  <testcase name="testPathInvalido" classname="br.com.realize.tests.fase01.ProdutosServicos.CartaoCreditoPessoaNatural.tests.GetCartaoCreditoPessoaNaturalTest" time="0"/>
  <testcase name="testTamanhoPaginaInvalido" classname="br.com.realize.tests.fase01.ProdutosServicos.CartaoCreditoPessoaNatural.tests.GetCartaoCreditoPessoaNaturalTest" time="0"/>
  <testcase name="testTamanhoPaginaInferiorDez" classname="br.com.realize.tests.fase01.ProdutosServicos.CartaoCreditoPessoaNatural.tests.GetCartaoCreditoPessoaNaturalTest" time="0"/>
  <testcase name="testTamanhoPaginaZero" classname="br.com.realize.tests.fase01.ProdutosServicos.CartaoCreditoPessoaNatural.tests.GetCartaoCreditoPessoaNaturalTest" time="0"/>
  <testcase name="testNumeroPaginaNaoLocalizado" classname="br.com.realize.tests.fase01.ProdutosServicos.CartaoCreditoPessoaNatural.tests.GetCartaoCreditoPessoaNaturalTest" time="0"/>
  <testcase name="testGarantirContratosCreditoPessoaNatural" classname="br.com.realize.tests.fase01.ProdutosServicos.CartaoCreditoPessoaNatural.tests.GetCartaoCreditoPessoaNaturalTest" time="5.31">
    <failure message="1 expectation failed.&#10;Response body doesn&apos;t match expectation.&#10;Expected: The content to match the given JSON schema.&#10;error: object has missing required properties ([&quot;brand&quot;])&#10;    level: &quot;error&quot;&#10;    schema: {&quot;loadingURI&quot;:&quot;#&quot;,&quot;pointer&quot;:&quot;/properties/data&quot;}&#10;    instance: {&quot;pointer&quot;:&quot;/data&quot;}&#10;    domain: &quot;validation&quot;&#10;    keyword: &quot;required&quot;&#10;    required: [&quot;brand&quot;]&#10;    missing: [&quot;brand&quot;]&#10;&#10;  Actual: {&quot;data&quot;:{&quot;name&quot;:&quot;REALIZE CFI S.A.&quot;,&quot;companies&quot;:[{&quot;name&quot;:&quot;REALIZE CRÉDITO, FINANCIAMENTO E INVESTIMENTO S.A.&quot;,&quot;cnpjNumber&quot;:&quot;27351731&quot;,&quot;personalCreditCards&quot;:[{&quot;name&quot;:&quot;MEU CARTAO&quot;,&quot;identification&quot;:{&quot;product&quot;:{&quot;type&quot;:&quot;STANDARD_INTERNACIONAL&quot;},&quot;creditCard&quot;:{&quot;network&quot;:&quot;VISA&quot;}},&quot;rewardsProgram&quot;:{&quot;hasRewardProgram&quot;:false},&quot;fees&quot;:{&quot;services&quot;:[{&quot;name&quot;:&quot;ANUIDADE_CARTAO_BASICO_NACIONAL&quot;,&quot;code&quot;:&quot;ANUIDADE_NACIONAL&quot;,&quot;chargingTriggerInfo&quot;:&quot;Não se aplica.&quot;,&quot;prices&quot;:[{&quot;interval&quot;:&quot;1_FAIXA&quot;,&quot;value&quot;:&quot;NA&quot;,&quot;currency&quot;:&quot;BRL&quot;,&quot;customers&quot;:{&quot;rate&quot;:&quot;NA&quot;}},{&quot;interval&quot;:&quot;2_FAIXA&quot;,&quot;value&quot;:&quot;NA&quot;,&quot;currency&quot;:&quot;BRL&quot;,&quot;customers&quot;:{&quot;rate&quot;:&quot;NA&quot;}},{&quot;interval&quot;:&quot;3_FAIXA&quot;,&quot;value&quot;:&quot;NA&quot;,&quot;currency&quot;:&quot;BRL&quot;,&quot;customers&quot;:{&quot;rate&quot;:&quot;NA&quot;}},{&quot;interval&quot;:&quot;4_FAIXA&quot;,&quot;value&quot;:&quot;NA&quot;,&quot;currency&quot;:&quot;BRL&quot;,&quot;customers&quot;:{&quot;rate&quot;:&quot;NA&quot;}}],&quot;minimum&quot;:{&quot;value&quot;:&quot;NA&quot;,&quot;currency&quot;:&quot;BRL&quot;},&quot;maximum&quot;:{&quot;value&quot;:&quot;NA&quot;,&quot;currency&quot;:&quot;BRL&quot;}},{&quot;name&quot;:&quot;ANUIDADE_CARTAO_BASICO_INTERNACIONAL&quot;,&quot;code&quot;:&quot;ANUIDADE_INTERNACIONAL&quot;,&quot;chargingTriggerInfo&quot;:&quot;Disponibilização de rede de estabelecimentos afiliados, instalada no país e no exterior, para pagamentos de bens e serviços, cobrada no máximo uma vez a cada 12 (doze) meses, admitido o parcelamento da cobrança.&quot;,&quot;prices&quot;:[{&quot;interval&quot;:&quot;1_FAIXA&quot;,&quot;value&quot;:&quot;142.80&quot;,&quot;currency&quot;:&quot;BRL&quot;,&quot;customers&quot;:{&quot;rate&quot;:&quot;1.0000&quot;}},{&quot;interval&quot;:&quot;2_FAIXA&quot;,&quot;value&quot;:&quot;0.00&quot;,&quot;currency&quot;:&quot;BRL&quot;,&quot;customers&quot;:{&quot;rate&quot;:&quot;0.0000&quot;}},{&quot;interval&quot;:&quot;3_FAIXA&quot;,&quot;value&quot;:&quot;0.00&quot;,&quot;currency&quot;:&quot;BRL&quot;,&quot;customers&quot;:{&quot;rate&quot;:&quot;0.0000&quot;}},{&quot;interval&quot;:&quot;4_FAIXA&quot;,&quot;value&quot;:&quot;0.00&quot;,&quot;currency&quot;:&quot;BRL&quot;,&quot;customers&quot;:{&quot;rate&quot;:&quot;0.0000&quot;}}],&quot;minimum&quot;:{&quot;value&quot;:&quot;142.80&quot;,&quot;currency&quot;:&quot;BRL&quot;},&quot;maximum&quot;:{&quot;value&quot;:&quot;142.80&quot;,&quot;currency&quot;:&quot;BRL&quot;}},{&quot;name&quot;:&quot;ANUIDADE_DIFERENCIADA&quot;,&quot;code&quot;:&quot;ANUIDADE_DIFERENCIADA&quot;,&quot;chargingTriggerInfo&quot;:&quot;Disponibilização de rede de estabelecimentos afiliados, instalada no país e no exterior, para pagamentos de bens e serviços, cobrada no máximo uma vez a cada 12 (doze) meses, admitido o parcelamento da cobrança.&quot;,&quot;prices&quot;:[{&quot;interval&quot;:&quot;1_FAIXA&quot;,&quot;value&quot;:&quot;NA&quot;,&quot;currency&quot;:&quot;BRL&quot;,&quot;customers&quot;:{&quot;rate&quot;:&quot;NA&quot;}},{&quot;interval&quot;:&quot;2_FAIXA&quot;,&quot;value&quot;:&quot;NA&quot;,&quot;currency&quot;:&quot;BRL&quot;,&quot;customers&quot;:{&quot;rate&quot;:&quot;NA&quot;}},{&quot;interval&quot;:&quot;3_FAIXA&quot;,&quot;value&quot;:&quot;NA&quot;,&quot;currency&quot;:&quot;BRL&quot;,&quot;customers&quot;:{&quot;rate&quot;:&quot;NA&quot;}},{&quot;interval&quot;:&quot;4_FAIXA&quot;,&quot;value&quot;:&quot;NA&quot;,&quot;currency&quot;:&quot;BRL&quot;,&quot;customers&quot;:{&quot;rate&quot;:&quot;NA&quot;}}],&quot;minimum&quot;:{&quot;value&quot;:&quot;NA&quot;,&quot;currency&quot;:&quot;BRL&quot;},&quot;maximum&quot;:{&quot;value&quot;:&quot;NA&quot;,&quot;currency&quot;:&quot;BRL&quot;}},{&quot;name&quot;:&quot;UTILIZACAO_CANAIS_ATENDIMENTO_RETIRADA_ESPECIE_BRASIL&quot;,&quot;code&quot;:&quot;SAQUE_CARTAO_BRASIL&quot;,&quot;chargingTriggerInfo&quot;:&quot;Disponibilização e utilização pelo cliente de canais de atendimento disponíveis no país para retirada em espécie na função crédito.&quot;,&quot;prices&quot;:[{&quot;interval&quot;:&quot;1_FAIXA&quot;,&quot;value&quot;:&quot;14.90&quot;,&quot;currency&quot;:&quot;BRL&quot;,&quot;customers&quot;:{&quot;rate&quot;:&quot;1.0000&quot;}},{&quot;interval&quot;:&quot;2_FAIXA&quot;,&quot;value&quot;:&quot;0.00&quot;,&quot;currency&quot;:&quot;BRL&quot;,&quot;customers&quot;:{&quot;rate&quot;:&quot;0.0000&quot;}},{&quot;interval&quot;:&quot;3_FAIXA&quot;,&quot;value&quot;:&quot;0.00&quot;,&quot;currency&quot;:&quot;BRL&quot;,&quot;customers&quot;:{&quot;rate&quot;:&quot;0.0000&quot;}},{&quot;interval&quot;:&quot;4_FAIXA&quot;,&quot;value&quot;:&quot;0.00&quot;,&quot;currency&quot;:&quot;BRL&quot;,&quot;customers&quot;:{&quot;rate&quot;:&quot;0.0000&quot;}}],&quot;minimum&quot;:{&quot;value&quot;:&quot;14.90&quot;,&quot;currency&quot;:&quot;BRL&quot;},&quot;maximum&quot;:{&quot;value&quot;:&quot;14.90&quot;,&quot;currency&quot;:&quot;BRL&quot;}},{&quot;name&quot;:&quot;UTILIZACAO_CANAIS_ATENDIMENTO_RETIRADA_ESPECIE_EXTERIOR&quot;,&quot;code&quot;:&quot;SAQUE_CARTAO_EXTERIOR&quot;,&quot;chargingTriggerInfo&quot;:&quot;Disponibilização e utilização pelo cliente de canais de atendimento disponíveis no exterior para retirada em espécie na função crédito ou débito.&quot;,&quot;prices&quot;:[{&quot;interval&quot;:&quot;1_FAIXA&quot;,&quot;value&quot;:&quot;14.90&quot;,&quot;currency&quot;:&quot;BRL&quot;,&quot;customers&quot;:{&quot;rate&quot;:&quot;1.0000&quot;}},{&quot;interval&quot;:&quot;2_FAIXA&quot;,&quot;value&quot;:&quot;0.00&quot;,&quot;currency&quot;:&quot;BRL&quot;,&quot;customers&quot;:{&quot;rate&quot;:&quot;0.0000&quot;}},{&quot;interval&quot;:&quot;3_FAIXA&quot;,&quot;value&quot;:&quot;0.00&quot;,&quot;currency&quot;:&quot;BRL&quot;,&quot;customers&quot;:{&quot;rate&quot;:&quot;0.0000&quot;}},{&quot;interval&quot;:&quot;4_FAIXA&quot;,&quot;value&quot;:&quot;0.00&quot;,&quot;currency&quot;:&quot;BRL&quot;,&quot;customers&quot;:{&quot;rate&quot;:&quot;0.0000&quot;}}],&quot;minimum&quot;:{&quot;value&quot;:&quot;14.90&quot;,&quot;currency&quot;:&quot;BRL&quot;},&quot;maximum&quot;:{&quot;value&quot;:&quot;14.90&quot;,&quot;currency&quot;:&quot;BRL&quot;}},{&quot;name&quot;:&quot;AVALIACAO_EMERGENCIAL_CREDITO&quot;,&quot;code&quot;:&quot;AVALIACAO_EMERGENCIAL_CREDITO&quot;,&quot;chargingTriggerInfo&quot;:&quot;Avaliação de viabilidade e de riscos para a concessão de crédito em caráter emergencial, a pedido do cliente, por meio de atendimento pessoal, para realização de despesa acima do limite do cartão, cobrada no máximo uma vez nos últimos 30 (trinta) dias.&quot;,&quot;prices&quot;:[{&quot;interval&quot;:&quot;1_FAIXA&quot;,&quot;value&quot;:&quot;18.90&quot;,&quot;currency&quot;:&quot;BRL&quot;,&quot;customers&quot;:{&quot;rate&quot;:&quot;1.000&quot;}},{&quot;interval&quot;:&quot;2_FAIXA&quot;,&quot;value&quot;:&quot;0.00&quot;,&quot;currency&quot;:&quot;BRL&quot;,&quot;customers&quot;:{&quot;rate&quot;:&quot;0.0000&quot;}},{&quot;interval&quot;:&quot;3_FAIXA&quot;,&quot;value&quot;:&quot;0.00&quot;,&quot;currency&quot;:&quot;BRL&quot;,&quot;customers&quot;:{&quot;rate&quot;:&quot;0.0000&quot;}},{&quot;interval&quot;:&quot;4_FAIXA&quot;,&quot;value&quot;:&quot;0.00&quot;,&quot;currency&quot;:&quot;BRL&quot;,&quot;customers&quot;:{&quot;rate&quot;:&quot;0.0000&quot;}}],&quot;minimum&quot;:{&quot;value&quot;:&quot;18.90&quot;,&quot;currency&quot;:&quot;BRL&quot;},&quot;maximum&quot;:{&quot;value&quot;:&quot;18.90&quot;,&quot;currency&quot;:&quot;BRL&quot;}},{&quot;name&quot;:&quot;FORNECIMENTO_SEGUNDA_VIA_FUNCAO_CREDITO&quot;,&quot;code&quot;:&quot;EMISSAO_SEGUNDA_VIA&quot;,&quot;chargingTriggerInfo&quot;:&quot;Confecção e emissão de novo cartão com função credito, restrito a casos de pedidos de reposição formulados pelo detentor do cartão, decorrente de perda, roubo, furto, danificação e outros motives não imputáveis instituição emitente.&quot;,&quot;prices&quot;:[{&quot;interval&quot;:&quot;1_FAIXA&quot;,&quot;value&quot;:&quot;14.99&quot;,&quot;currency&quot;:&quot;BRL&quot;,&quot;customers&quot;:{&quot;rate&quot;:&quot;1.0000&quot;}},{&quot;interval&quot;:&quot;2_FAIXA&quot;,&quot;value&quot;:&quot;0.00&quot;,&quot;currency&quot;:&quot;BRL&quot;,&quot;customers&quot;:{&quot;rate&quot;:&quot;0.0000&quot;}},{&quot;interval&quot;:&quot;3_FAIXA&quot;,&quot;value&quot;:&quot;0.00&quot;,&quot;currency&quot;:&quot;BRL&quot;,&quot;customers&quot;:{&quot;rate&quot;:&quot;0.0000&quot;}},{&quot;interval&quot;:&quot;4_FAIXA&quot;,&quot;value&quot;:&quot;0.00&quot;,&quot;currency&quot;:&quot;BRL&quot;,&quot;customers&quot;:{&quot;rate&quot;:&quot;0.0000&quot;}}],&quot;minimum&quot;:{&quot;value&quot;:&quot;14.99&quot;,&quot;currency&quot;:&quot;BRL&quot;},&quot;maximum&quot;:{&quot;value&quot;:&quot;14.99&quot;,&quot;currency&quot;:&quot;BRL&quot;}},{&quot;name&quot;:&quot;PAGAMENTO_CONTAS_UTILIZANDO_FUNCAO_CREDITO&quot;,&quot;code&quot;:&quot;TARIFA_PAGAMENTO_CONTAS&quot;,&quot;chargingTriggerInfo&quot;:&quot;Não se aplica.&quot;,&quot;prices&quot;:[{&quot;interval&quot;:&quot;1_FAIXA&quot;,&quot;value&quot;:&quot;NA&quot;,&quot;currency&quot;:&quot;BRL&quot;,&quot;customers&quot;:{&quot;rate&quot;:&quot;NA&quot;}},{&quot;interval&quot;:&quot;2_FAIXA&quot;,&quot;value&quot;:&quot;NA&quot;,&quot;currency&quot;:&quot;BRL&quot;,&quot;customers&quot;:{&quot;rate&quot;:&quot;NA&quot;}},{&quot;interval&quot;:&quot;3_FAIXA&quot;,&quot;value&quot;:&quot;NA&quot;,&quot;currency&quot;:&quot;BRL&quot;,&quot;customers&quot;:{&quot;rate&quot;:&quot;NA&quot;}},{&quot;interval&quot;:&quot;4_FAIXA&quot;,&quot;value&quot;:&quot;NA&quot;,&quot;currency&quot;:&quot;BRL&quot;,&quot;customers&quot;:{&quot;rate&quot;:&quot;NA&quot;}}],&quot;minimum&quot;:{&quot;value&quot;:&quot;NA&quot;,&quot;currency&quot;:&quot;BRL&quot;},&quot;maximum&quot;:{&quot;value&quot;:&quot;NA&quot;,&quot;currency&quot;:&quot;BRL&quot;}},{&quot;name&quot;:&quot;SMS&quot;,&quot;code&quot;:&quot;SMS&quot;,&quot;chargingTriggerInfo&quot;:&quot;Envio de mensagem automática relativa à movimentação ou ao lançamento no cartão de crédito.&quot;,&quot;prices&quot;:[{&quot;interval&quot;:&quot;1_FAIXA&quot;,&quot;value&quot;:&quot;3.90&quot;,&quot;currency&quot;:&quot;BRL&quot;,&quot;customers&quot;:{&quot;rate&quot;:&quot;1.000&quot;}},{&quot;interval&quot;:&quot;2_FAIXA&quot;,&quot;value&quot;:&quot;0.00&quot;,&quot;currency&quot;:&quot;BRL&quot;,&quot;customers&quot;:{&quot;rate&quot;:&quot;0.0000&quot;}},{&quot;interval&quot;:&quot;3_FAIXA&quot;,&quot;value&quot;:&quot;0.00&quot;,&quot;currency&quot;:&quot;BRL&quot;,&quot;customers&quot;:{&quot;rate&quot;:&quot;0.0000&quot;}},{&quot;interval&quot;:&quot;4_FAIXA&quot;,&quot;value&quot;:&quot;0.00&quot;,&quot;currency&quot;:&quot;BRL&quot;,&quot;customers&quot;:{&quot;rate&quot;:&quot;0.0000&quot;}}],&quot;minimum&quot;:{&quot;value&quot;:&quot;3.90&quot;,&quot;currency&quot;:&quot;BRL&quot;},&quot;maximum&quot;:{&quot;value&quot;:&quot;3.90&quot;,&quot;currency&quot;:&quot;BRL&quot;}}]},&quot;interest&quot;:{&quot;rates&quot;:[{&quot;referentialRateIndexer&quot;:&quot;PRE_FIXADO&quot;,&quot;rate&quot;:&quot;NA&quot;,&quot;applications&quot;:[{&quot;interval&quot;:&quot;1_FAIXA&quot;,&quot;indexer&quot;:{&quot;rate&quot;:&quot;0.1460&quot;},&quot;customers&quot;:{&quot;rate&quot;:&quot;1.0000&quot;}},{&quot;interval&quot;:&quot;2_FAIXA&quot;,&quot;indexer&quot;:{&quot;rate&quot;:&quot;0.0000&quot;},&quot;customers&quot;:{&quot;rate&quot;:&quot;0.0000&quot;}},{&quot;interval&quot;:&quot;3_FAIXA&quot;,&quot;indexer&quot;:{&quot;rate&quot;:&quot;0.0000&quot;},&quot;customers&quot;:{&quot;rate&quot;:&quot;0.0000&quot;}},{&quot;interval&quot;:&quot;4_FAIXA&quot;,&quot;indexer&quot;:{&quot;rate&quot;:&quot;0.0000&quot;},&quot;customers&quot;:{&quot;rate&quot;:&quot;0.0000&quot;}}],&quot;minimumRate&quot;:&quot;0.1460&quot;,&quot;maximumRate&quot;:&quot;0.1460&quot;}],&quot;instalmentRates&quot;:[{&quot;referentialRateIndexer&quot;:&quot;PRE_FIXADO&quot;,&quot;rate&quot;:&quot;NA&quot;,&quot;applications&quot;:[{&quot;interval&quot;:&quot;1_FAIXA&quot;,&quot;indexer&quot;:{&quot;rate&quot;:&quot;0.1460&quot;},&quot;customers&quot;:{&quot;rate&quot;:&quot;1.0000&quot;}},{&quot;interval&quot;:&quot;2_FAIXA&quot;,&quot;indexer&quot;:{&quot;rate&quot;:&quot;0.0000&quot;},&quot;customers&quot;:{&quot;rate&quot;:&quot;0.0000&quot;}},{&quot;interval&quot;:&quot;3_FAIXA&quot;,&quot;indexer&quot;:{&quot;rate&quot;:&quot;0.0000&quot;},&quot;customers&quot;:{&quot;rate&quot;:&quot;0.0000&quot;}},{&quot;interval&quot;:&quot;4_FAIXA&quot;,&quot;indexer&quot;:{&quot;rate&quot;:&quot;0.0000&quot;},&quot;customers&quot;:{&quot;rate&quot;:&quot;0.0000&quot;}}],&quot;minimumRate&quot;:&quot;0.1460&quot;,&quot;maximumRate&quot;:&quot;0.1460&quot;}],&quot;otherCredits&quot;:[{&quot;code&quot;:&quot;SAQUE_A_CREDITO&quot;}]},&quot;termsConditions&quot;:{&quot;minimumFeeRate&quot;:&quot;0.10&quot;,&quot;additionalInfo&quot;:&quot;O valor do pagamento mínimo será composto pelo saldo devedor das faturas anteriores + 10% das compras existentes na fatura atual + tarifas + encargos do mês + seguros + parcelas de parcelamentos (saque rápido e parcelamentos) + saques + 10% do saldo credor da fatura anterior + 10% de estornos.&quot;,&quot;elegibilityCriteriaInfo&quot;:&quot;Ter idade mínima de 18 anos, CPF regular na Receita Federal e renda mínima maior ou igual ao salário mínimo.&quot;,&quot;closingProcessInfo&quot;:&quot;1) Quando você quiser cancelar: Deve nos avisar através da Central de Atendimento ou nas Lojas Renner S.A., sendo o Meu Cartão imediatamente cancelado. O contrato, porém, permanecerá eficaz até o pagamento de todos os valores ainda devidos. \n 2) Quando a gente pode cancelar este contrato: Na ocorrência de qualquer uma das hipóteses abaixo, nós poderemos encerrar o contrato, comunicando você com antecedência de 5 (cinco) dias corridos, caso em que este contrato será considerado vencido antecipadamente e exigiremos que você pague de imediato o que nos for devido: \n -&gt; você deixe de cumprir qualquer de suas obrigações, sofra legítimo protesto de título, tenha a sua insolvência ou falência decretada, tenha incluído seu nome no CCF, ou, ainda, tenha emitido cheque sem suficiente provisão de fundos contra a gente; \n -&gt; você tenha restrições cadastrais ao longo da vigência deste contrato; \n -&gt; você deixe de pagar os valores devidos na respectiva data de vencimento; \n -&gt; você exceda os limites de crédito que lhe forem atribuídos; \n -&gt; alguma informação de cadastro que não seja verdadeira; \n -&gt; ocorra algum evento que afete nossas garantias ou direitos creditórios, ou dos bancos que outorgam crédito. \n -&gt; ocorrência de fraude, suspeitas de lavagem de dinheiro, desacordo comercial ou qualquer ilícito.&quot;}},{&quot;name&quot;:&quot;MEU CARTAO&quot;,&quot;identification&quot;:{&quot;product&quot;:{&quot;type&quot;:&quot;STANDARD_INTERNACIONAL&quot;},&quot;creditCard&quot;:{&quot;network&quot;:&quot;MASTERCARD&quot;}},&quot;rewardsProgram&quot;:{&quot;hasRewardProgram&quot;:false},&quot;fees&quot;:{&quot;services&quot;:[{&quot;name&quot;:&quot;ANUIDADE_CARTAO_BASICO_NACIONAL&quot;,&quot;code&quot;:&quot;ANUIDADE_NACIONAL&quot;,&quot;chargingTriggerInfo&quot;:&quot;Não se aplica.&quot;,&quot;prices&quot;:[{&quot;interval&quot;:&quot;1_FAIXA&quot;,&quot;value&quot;:&quot;NA&quot;,&quot;currency&quot;:&quot;BRL&quot;,&quot;customers&quot;:{&quot;rate&quot;:&quot;NA&quot;}},{&quot;interval&quot;:&quot;2_FAIXA&quot;,&quot;value&quot;:&quot;NA&quot;,&quot;currency&quot;:&quot;BRL&quot;,&quot;customers&quot;:{&quot;rate&quot;:&quot;NA&quot;}},{&quot;interval&quot;:&quot;3_FAIXA&quot;,&quot;value&quot;:&quot;NA&quot;,&quot;currency&quot;:&quot;BRL&quot;,&quot;customers&quot;:{&quot;rate&quot;:&quot;NA&quot;}},{&quot;interval&quot;:&quot;4_FAIXA&quot;,&quot;value&quot;:&quot;NA&quot;,&quot;currency&quot;:&quot;BRL&quot;,&quot;customers&quot;:{&quot;rate&quot;:&quot;NA&quot;}}],&quot;minimum&quot;:{&quot;value&quot;:&quot;NA&quot;,&quot;currency&quot;:&quot;BRL&quot;},&quot;maximum&quot;:{&quot;value&quot;:&quot;NA&quot;,&quot;currency&quot;:&quot;BRL&quot;}},{&quot;name&quot;:&quot;ANUIDADE_CARTAO_BASICO_INTERNACIONAL&quot;,&quot;code&quot;:&quot;ANUIDADE_INTERNACIONAL&quot;,&quot;chargingTriggerInfo&quot;:&quot;Disponibilização de rede de estabelecimentos afiliados, instalada no país e no exterior, para pagamentos de bens e serviços, cobrada no máximo uma vez a cada 12 (doze) meses, admitido o parcelamento da cobrança.&quot;,&quot;prices&quot;:[{&quot;interval&quot;:&quot;1_FAIXA&quot;,&quot;value&quot;:&quot;142.80&quot;,&quot;currency&quot;:&quot;BRL&quot;,&quot;customers&quot;:{&quot;rate&quot;:&quot;1.0000&quot;}},{&quot;interval&quot;:&quot;2_FAIXA&quot;,&quot;value&quot;:&quot;0.00&quot;,&quot;currency&quot;:&quot;BRL&quot;,&quot;customers&quot;:{&quot;rate&quot;:&quot;0.0000&quot;}},{&quot;interval&quot;:&quot;3_FAIXA&quot;,&quot;value&quot;:&quot;0.00&quot;,&quot;currency&quot;:&quot;BRL&quot;,&quot;customers&quot;:{&quot;rate&quot;:&quot;0.0000&quot;}},{&quot;interval&quot;:&quot;4_FAIXA&quot;,&quot;value&quot;:&quot;0.00&quot;,&quot;currency&quot;:&quot;BRL&quot;,&quot;customers&quot;:{&quot;rate&quot;:&quot;0.0000&quot;}}],&quot;minimum&quot;:{&quot;value&quot;:&quot;142.80&quot;,&quot;currency&quot;:&quot;BRL&quot;},&quot;maximum&quot;:{&quot;value&quot;:&quot;142.80&quot;,&quot;currency&quot;:&quot;BRL&quot;}},{&quot;name&quot;:&quot;ANUIDADE_DIFERENCIADA&quot;,&quot;code&quot;:&quot;ANUIDADE_DIFERENCIADA&quot;,&quot;chargingTriggerInfo&quot;:&quot;Disponibilização de rede de estabelecimentos afiliados, instalada no país e no exterior, para pagamentos de bens e serviços, cobrada no máximo uma vez a cada 12 (doze) meses, admitido o parcelamento da cobrança.&quot;,&quot;prices&quot;:[{&quot;interval&quot;:&quot;1_FAIXA&quot;,&quot;value&quot;:&quot;NA&quot;,&quot;currency&quot;:&quot;BRL&quot;,&quot;customers&quot;:{&quot;rate&quot;:&quot;NA&quot;}},{&quot;interval&quot;:&quot;2_FAIXA&quot;,&quot;value&quot;:&quot;NA&quot;,&quot;currency&quot;:&quot;BRL&quot;,&quot;customers&quot;:{&quot;rate&quot;:&quot;NA&quot;}},{&quot;interval&quot;:&quot;3_FAIXA&quot;,&quot;value&quot;:&quot;NA&quot;,&quot;currency&quot;:&quot;BRL&quot;,&quot;customers&quot;:{&quot;rate&quot;:&quot;NA&quot;}},{&quot;interval&quot;:&quot;4_FAIXA&quot;,&quot;value&quot;:&quot;NA&quot;,&quot;currency&quot;:&quot;BRL&quot;,&quot;customers&quot;:{&quot;rate&quot;:&quot;NA&quot;}}],&quot;minimum&quot;:{&quot;value&quot;:&quot;NA&quot;,&quot;currency&quot;:&quot;BRL&quot;},&quot;maximum&quot;:{&quot;value&quot;:&quot;NA&quot;,&quot;currency&quot;:&quot;BRL&quot;}},{&quot;name&quot;:&quot;UTILIZACAO_CANAIS_ATENDIMENTO_RETIRADA_ESPECIE_BRASIL&quot;,&quot;code&quot;:&quot;SAQUE_CARTAO_BRASIL&quot;,&quot;chargingTriggerInfo&quot;:&quot;Disponibilização e utilização pelo cliente de canais de atendimento disponíveis no país para retirada em espécie na função crédito.&quot;,&quot;prices&quot;:[{&quot;interval&quot;:&quot;1_FAIXA&quot;,&quot;value&quot;:&quot;14.90&quot;,&quot;currency&quot;:&quot;BRL&quot;,&quot;customers&quot;:{&quot;rate&quot;:&quot;1.0000&quot;}},{&quot;interval&quot;:&quot;2_FAIXA&quot;,&quot;value&quot;:&quot;0.00&quot;,&quot;currency&quot;:&quot;BRL&quot;,&quot;customers&quot;:{&quot;rate&quot;:&quot;0.0000&quot;}},{&quot;interval&quot;:&quot;3_FAIXA&quot;,&quot;value&quot;:&quot;0.00&quot;,&quot;currency&quot;:&quot;BRL&quot;,&quot;customers&quot;:{&quot;rate&quot;:&quot;0.0000&quot;}},{&quot;interval&quot;:&quot;4_FAIXA&quot;,&quot;value&quot;:&quot;0.00&quot;,&quot;currency&quot;:&quot;BRL&quot;,&quot;customers&quot;:{&quot;rate&quot;:&quot;0.0000&quot;}}],&quot;minimum&quot;:{&quot;value&quot;:&quot;14.90&quot;,&quot;currency&quot;:&quot;BRL&quot;},&quot;maximum&quot;:{&quot;value&quot;:&quot;14.90&quot;,&quot;currency&quot;:&quot;BRL&quot;}},{&quot;name&quot;:&quot;UTILIZACAO_CANAIS_ATENDIMENTO_RETIRADA_ESPECIE_EXTERIOR&quot;,&quot;code&quot;:&quot;SAQUE_CARTAO_EXTERIOR&quot;,&quot;chargingTriggerInfo&quot;:&quot;Disponibilização e utilização pelo cliente de canais de atendimento disponíveis no exterior para retirada em espécie na função crédito ou débito.&quot;,&quot;prices&quot;:[{&quot;interval&quot;:&quot;1_FAIXA&quot;,&quot;value&quot;:&quot;14.90&quot;,&quot;currency&quot;:&quot;BRL&quot;,&quot;customers&quot;:{&quot;rate&quot;:&quot;1.0000&quot;}},{&quot;interval&quot;:&quot;2_FAIXA&quot;,&quot;value&quot;:&quot;0.00&quot;,&quot;currency&quot;:&quot;BRL&quot;,&quot;customers&quot;:{&quot;rate&quot;:&quot;0.0000&quot;}},{&quot;interval&quot;:&quot;3_FAIXA&quot;,&quot;value&quot;:&quot;0.00&quot;,&quot;currency&quot;:&quot;BRL&quot;,&quot;customers&quot;:{&quot;rate&quot;:&quot;0.0000&quot;}},{&quot;interval&quot;:&quot;4_FAIXA&quot;,&quot;value&quot;:&quot;0.00&quot;,&quot;currency&quot;:&quot;BRL&quot;,&quot;customers&quot;:{&quot;rate&quot;:&quot;0.0000&quot;}}],&quot;minimum&quot;:{&quot;value&quot;:&quot;14.90&quot;,&quot;currency&quot;:&quot;BRL&quot;},&quot;maximum&quot;:{&quot;value&quot;:&quot;14.90&quot;,&quot;currency&quot;:&quot;BRL&quot;}},{&quot;name&quot;:&quot;AVALIACAO_EMERGENCIAL_CREDITO&quot;,&quot;code&quot;:&quot;AVALIACAO_EMERGENCIAL_CREDITO&quot;,&quot;chargingTriggerInfo&quot;:&quot;Avaliação de viabilidade e de riscos para a concessão de crédito em caráter emergencial, a pedido do cliente, por meio de atendimento pessoal, para realização de despesa acima do limite do cartão, cobrada no máximo uma vez nos últimos 30 (trinta) dias.&quot;,&quot;prices&quot;:[{&quot;interval&quot;:&quot;1_FAIXA&quot;,&quot;value&quot;:&quot;18.90&quot;,&quot;currency&quot;:&quot;BRL&quot;,&quot;customers&quot;:{&quot;rate&quot;:&quot;1.000&quot;}},{&quot;interval&quot;:&quot;2_FAIXA&quot;,&quot;value&quot;:&quot;0.00&quot;,&quot;currency&quot;:&quot;BRL&quot;,&quot;customers&quot;:{&quot;rate&quot;:&quot;0.0000&quot;}},{&quot;interval&quot;:&quot;3_FAIXA&quot;,&quot;value&quot;:&quot;0.00&quot;,&quot;currency&quot;:&quot;BRL&quot;,&quot;customers&quot;:{&quot;rate&quot;:&quot;0.0000&quot;}},{&quot;interval&quot;:&quot;4_FAIXA&quot;,&quot;value&quot;:&quot;0.00&quot;,&quot;currency&quot;:&quot;BRL&quot;,&quot;customers&quot;:{&quot;rate&quot;:&quot;0.0000&quot;}}],&quot;minimum&quot;:{&quot;value&quot;:&quot;18.90&quot;,&quot;currency&quot;:&quot;BRL&quot;},&quot;maximum&quot;:{&quot;value&quot;:&quot;18.90&quot;,&quot;currency&quot;:&quot;BRL&quot;}},{&quot;name&quot;:&quot;FORNECIMENTO_SEGUNDA_VIA_FUNCAO_CREDITO&quot;,&quot;code&quot;:&quot;EMISSAO_SEGUNDA_VIA&quot;,&quot;chargingTriggerInfo&quot;:&quot;Confecção e emissão de novo cartão com função credito, restrito a casos de pedidos de reposição formulados pelo detentor do cartão, decorrente de perda, roubo, furto, danificação e outros motives não imputáveis instituição emitente.&quot;,&quot;prices&quot;:[{&quot;interval&quot;:&quot;1_FAIXA&quot;,&quot;value&quot;:&quot;14.99&quot;,&quot;currency&quot;:&quot;BRL&quot;,&quot;customers&quot;:{&quot;rate&quot;:&quot;1.0000&quot;}},{&quot;interval&quot;:&quot;2_FAIXA&quot;,&quot;value&quot;:&quot;0.00&quot;,&quot;currency&quot;:&quot;BRL&quot;,&quot;customers&quot;:{&quot;rate&quot;:&quot;0.0000&quot;}},{&quot;interval&quot;:&quot;3_FAIXA&quot;,&quot;value&quot;:&quot;0.00&quot;,&quot;currency&quot;:&quot;BRL&quot;,&quot;customers&quot;:{&quot;rate&quot;:&quot;0.0000&quot;}},{&quot;interval&quot;:&quot;4_FAIXA&quot;,&quot;value&quot;:&quot;0.00&quot;,&quot;currency&quot;:&quot;BRL&quot;,&quot;customers&quot;:{&quot;rate&quot;:&quot;0.0000&quot;}}],&quot;minimum&quot;:{&quot;value&quot;:&quot;14.99&quot;,&quot;currency&quot;:&quot;BRL&quot;},&quot;maximum&quot;:{&quot;value&quot;:&quot;14.99&quot;,&quot;currency&quot;:&quot;BRL&quot;}},{&quot;name&quot;:&quot;PAGAMENTO_CONTAS_UTILIZANDO_FUNCAO_CREDITO&quot;,&quot;code&quot;:&quot;TARIFA_PAGAMENTO_CONTAS&quot;,&quot;chargingTriggerInfo&quot;:&quot;Não se aplica.&quot;,&quot;prices&quot;:[{&quot;interval&quot;:&quot;1_FAIXA&quot;,&quot;value&quot;:&quot;NA&quot;,&quot;currency&quot;:&quot;BRL&quot;,&quot;customers&quot;:{&quot;rate&quot;:&quot;NA&quot;}},{&quot;interval&quot;:&quot;2_FAIXA&quot;,&quot;value&quot;:&quot;NA&quot;,&quot;currency&quot;:&quot;BRL&quot;,&quot;customers&quot;:{&quot;rate&quot;:&quot;NA&quot;}},{&quot;interval&quot;:&quot;3_FAIXA&quot;,&quot;value&quot;:&quot;NA&quot;,&quot;currency&quot;:&quot;BRL&quot;,&quot;customers&quot;:{&quot;rate&quot;:&quot;NA&quot;}},{&quot;interval&quot;:&quot;4_FAIXA&quot;,&quot;value&quot;:&quot;NA&quot;,&quot;currency&quot;:&quot;BRL&quot;,&quot;customers&quot;:{&quot;rate&quot;:&quot;NA&quot;}}],&quot;minimum&quot;:{&quot;value&quot;:&quot;NA&quot;,&quot;currency&quot;:&quot;BRL&quot;},&quot;maximum&quot;:{&quot;value&quot;:&quot;NA&quot;,&quot;currency&quot;:&quot;BRL&quot;}},{&quot;name&quot;:&quot;SMS&quot;,&quot;code&quot;:&quot;SMS&quot;,&quot;chargingTriggerInfo&quot;:&quot;Envio de mensagem automática relativa à movimentação ou ao lançamento no cartão de crédito.&quot;,&quot;prices&quot;:[{&quot;interval&quot;:&quot;1_FAIXA&quot;,&quot;value&quot;:&quot;3.90&quot;,&quot;currency&quot;:&quot;BRL&quot;,&quot;customers&quot;:{&quot;rate&quot;:&quot;1.000&quot;}},{&quot;interval&quot;:&quot;2_FAIXA&quot;,&quot;value&quot;:&quot;0.00&quot;,&quot;currency&quot;:&quot;BRL&quot;,&quot;customers&quot;:{&quot;rate&quot;:&quot;0.0000&quot;}},{&quot;interval&quot;:&quot;3_FAIXA&quot;,&quot;value&quot;:&quot;0.00&quot;,&quot;currency&quot;:&quot;BRL&quot;,&quot;customers&quot;:{&quot;rate&quot;:&quot;0.0000&quot;}},{&quot;interval&quot;:&quot;4_FAIXA&quot;,&quot;value&quot;:&quot;0.00&quot;,&quot;currency&quot;:&quot;BRL&quot;,&quot;customers&quot;:{&quot;rate&quot;:&quot;0.0000&quot;}}],&quot;minimum&quot;:{&quot;value&quot;:&quot;3.90&quot;,&quot;currency&quot;:&quot;BRL&quot;},&quot;maximum&quot;:{&quot;value&quot;:&quot;3.90&quot;,&quot;currency&quot;:&quot;BRL&quot;}}]},&quot;interest&quot;:{&quot;rates&quot;:[{&quot;referentialRateIndexer&quot;:&quot;PRE_FIXADO&quot;,&quot;rate&quot;:&quot;NA&quot;,&quot;applications&quot;:[{&quot;interval&quot;:&quot;1_FAIXA&quot;,&quot;indexer&quot;:{&quot;rate&quot;:&quot;0.1460&quot;},&quot;customers&quot;:{&quot;rate&quot;:&quot;1.0000&quot;}},{&quot;interval&quot;:&quot;2_FAIXA&quot;,&quot;indexer&quot;:{&quot;rate&quot;:&quot;0.0000&quot;},&quot;customers&quot;:{&quot;rate&quot;:&quot;0.0000&quot;}},{&quot;interval&quot;:&quot;3_FAIXA&quot;,&quot;indexer&quot;:{&quot;rate&quot;:&quot;0.0000&quot;},&quot;customers&quot;:{&quot;rate&quot;:&quot;0.0000&quot;}},{&quot;interval&quot;:&quot;4_FAIXA&quot;,&quot;indexer&quot;:{&quot;rate&quot;:&quot;0.0000&quot;},&quot;customers&quot;:{&quot;rate&quot;:&quot;0.0000&quot;}}],&quot;minimumRate&quot;:&quot;0.1460&quot;,&quot;maximumRate&quot;:&quot;0.1460&quot;}],&quot;instalmentRates&quot;:[{&quot;referentialRateIndexer&quot;:&quot;PRE_FIXADO&quot;,&quot;rate&quot;:&quot;NA&quot;,&quot;applications&quot;:[{&quot;interval&quot;:&quot;1_FAIXA&quot;,&quot;indexer&quot;:{&quot;rate&quot;:&quot;0.1460&quot;},&quot;customers&quot;:{&quot;rate&quot;:&quot;1.0000&quot;}},{&quot;interval&quot;:&quot;2_FAIXA&quot;,&quot;indexer&quot;:{&quot;rate&quot;:&quot;0.0000&quot;},&quot;customers&quot;:{&quot;rate&quot;:&quot;0.0000&quot;}},{&quot;interval&quot;:&quot;3_FAIXA&quot;,&quot;indexer&quot;:{&quot;rate&quot;:&quot;0.0000&quot;},&quot;customers&quot;:{&quot;rate&quot;:&quot;0.0000&quot;}},{&quot;interval&quot;:&quot;4_FAIXA&quot;,&quot;indexer&quot;:{&quot;rate&quot;:&quot;0.0000&quot;},&quot;customers&quot;:{&quot;rate&quot;:&quot;0.0000&quot;}}],&quot;minimumRate&quot;:&quot;0.1460&quot;,&quot;maximumRate&quot;:&quot;0.1460&quot;}],&quot;otherCredits&quot;:[{&quot;code&quot;:&quot;SAQUE_A_CREDITO&quot;}]},&quot;termsConditions&quot;:{&quot;minimumFeeRate&quot;:&quot;0.10&quot;,&quot;additionalInfo&quot;:&quot;O valor do pagamento mínimo será composto pelo saldo devedor das faturas anteriores + 10% das compras existentes na fatura atual + tarifas + encargos do mês + seguros + parcelas de parcelamentos (saque rápido e parcelamentos) + saques + 10% do saldo credor da fatura anterior + 10% de estornos.&quot;,&quot;elegibilityCriteriaInfo&quot;:&quot;Ter idade mínima de 18 anos, CPF regular na Receita Federal e renda mínima maior ou igual ao salário mínimo.&quot;,&quot;closingProcessInfo&quot;:&quot;1) Quando você quiser cancelar: Deve nos avisar através da Central de Atendimento ou nas Lojas Renner S.A., sendo o imediatamente o Meu Cartão cancelado. O contrato, porém, permanecerá eficaz até o pagamento de todos os valores ainda devidos. \n 2) Quando a gente pode cancelar este contrato: Na ocorrência de qualquer uma das hipóteses abaixo, nós poderemos encerrar o contrato, comunicando você com antecedência de 5 (cinco) dias corridos, caso em que este contrato será considerado vencido antecipadamente e exigiremos que você pague de imediato o que nos for devido: \n -&gt; você deixe de cumprir qualquer de suas obrigações, sofra legítimo protesto de título, tenha a sua insolvência ou falência decretada, tenha incluído seu nome no CCF, ou, ainda, tenha emitido cheque sem suficiente provisão de fundos contra a gente; \n -&gt; você tenha restrições cadastrais ao longo da vigência deste contrato; \n -&gt; você deixe de pagar os valores devidos na respectiva data de vencimento; \n -&gt; você exceda os limites de crédito que lhe forem atribuídos; \n -&gt; alguma informação de cadastro que não seja verdadeira; \n -&gt; ocorra algum evento que afete nossas garantias ou direitos creditórios, ou dos bancos que outorgam crédito. \n -&gt; ocorrência de fraude, suspeitas de lavagem de dinheiro, desacordo comercial ou qualquer ilícito.&quot;}},{&quot;name&quot;:&quot;CARTAO RENNER&quot;,&quot;identification&quot;:{&quot;product&quot;:{&quot;type&quot;:&quot;COMPRAS&quot;},&quot;creditCard&quot;:{&quot;network&quot;:&quot;BANDEIRA_PROPRIA&quot;}},&quot;rewardsProgram&quot;:{&quot;hasRewardProgram&quot;:false},&quot;fees&quot;:{&quot;services&quot;:[{&quot;name&quot;:&quot;ANUIDADE_CARTAO_BASICO_NACIONAL&quot;,&quot;code&quot;:&quot;ANUIDADE_NACIONAL&quot;,&quot;chargingTriggerInfo&quot;:&quot;Disponibilização de rede de estabelecimentos afiliados, instalada no país e no exterior, para pagamentos de bens e serviços, cobrada no máximo uma vez a cada 12 (doze) meses, admitido o parcelamento da cobrança.&quot;,&quot;prices&quot;:[{&quot;interval&quot;:&quot;1_FAIXA&quot;,&quot;value&quot;:&quot;NA&quot;,&quot;currency&quot;:&quot;BRL&quot;,&quot;customers&quot;:{&quot;rate&quot;:&quot;NA&quot;}},{&quot;interval&quot;:&quot;2_FAIXA&quot;,&quot;value&quot;:&quot;NA&quot;,&quot;currency&quot;:&quot;BRL&quot;,&quot;customers&quot;:{&quot;rate&quot;:&quot;NA&quot;}},{&quot;interval&quot;:&quot;3_FAIXA&quot;,&quot;value&quot;:&quot;NA&quot;,&quot;currency&quot;:&quot;BRL&quot;,&quot;customers&quot;:{&quot;rate&quot;:&quot;NA&quot;}},{&quot;interval&quot;:&quot;4_FAIXA&quot;,&quot;value&quot;:&quot;NA&quot;,&quot;currency&quot;:&quot;BRL&quot;,&quot;customers&quot;:{&quot;rate&quot;:&quot;NA&quot;}}],&quot;minimum&quot;:{&quot;value&quot;:&quot;NA&quot;,&quot;currency&quot;:&quot;BRL&quot;},&quot;maximum&quot;:{&quot;value&quot;:&quot;NA&quot;,&quot;currency&quot;:&quot;BRL&quot;}},{&quot;name&quot;:&quot;ANUIDADE_CARTAO_BASICO_INTERNACIONAL&quot;,&quot;code&quot;:&quot;ANUIDADE_INTERNACIONAL&quot;,&quot;chargingTriggerInfo&quot;:&quot;Disponibilização de rede de estabelecimentos afiliados, instalada no país e no exterior, para pagamentos de bens e serviços, cobrada no máximo uma vez a cada 12 (doze) meses, admitido o parcelamento da cobrança.&quot;,&quot;prices&quot;:[{&quot;interval&quot;:&quot;1_FAIXA&quot;,&quot;value&quot;:&quot;NA&quot;,&quot;currency&quot;:&quot;BRL&quot;,&quot;customers&quot;:{&quot;rate&quot;:&quot;NA&quot;}},{&quot;interval&quot;:&quot;2_FAIXA&quot;,&quot;value&quot;:&quot;NA&quot;,&quot;currency&quot;:&quot;BRL&quot;,&quot;customers&quot;:{&quot;rate&quot;:&quot;NA&quot;}},{&quot;interval&quot;:&quot;3_FAIXA&quot;,&quot;value&quot;:&quot;NA&quot;,&quot;currency&quot;:&quot;BRL&quot;,&quot;customers&quot;:{&quot;rate&quot;:&quot;NA&quot;}},{&quot;interval&quot;:&quot;4_FAIXA&quot;,&quot;value&quot;:&quot;NA&quot;,&quot;currency&quot;:&quot;BRL&quot;,&quot;customers&quot;:{&quot;rate&quot;:&quot;NA&quot;}}],&quot;minimum&quot;:{&quot;value&quot;:&quot;NA&quot;,&quot;currency&quot;:&quot;BRL&quot;},&quot;maximum&quot;:{&quot;value&quot;:&quot;NA&quot;,&quot;currency&quot;:&quot;BRL&quot;}},{&quot;name&quot;:&quot;ANUIDADE_DIFERENCIADA&quot;,&quot;code&quot;:&quot;ANUIDADE_DIFERENCIADA&quot;,&quot;chargingTriggerInfo&quot;:&quot;Disponibilização de rede de estabelecimentos afiliados, instalada no país e no exterior, para pagamentos de bens e serviços, cobrada no máximo uma vez a cada 12 (doze) meses, admitido o parcelamento da cobrança.&quot;,&quot;prices&quot;:[{&quot;interval&quot;:&quot;1_FAIXA&quot;,&quot;value&quot;:&quot;NA&quot;,&quot;currency&quot;:&quot;BRL&quot;,&quot;customers&quot;:{&quot;rate&quot;:&quot;NA&quot;}},{&quot;interval&quot;:&quot;2_FAIXA&quot;,&quot;value&quot;:&quot;NA&quot;,&quot;currency&quot;:&quot;BRL&quot;,&quot;customers&quot;:{&quot;rate&quot;:&quot;NA&quot;}},{&quot;interval&quot;:&quot;3_FAIXA&quot;,&quot;value&quot;:&quot;NA&quot;,&quot;currency&quot;:&quot;BRL&quot;,&quot;customers&quot;:{&quot;rate&quot;:&quot;NA&quot;}},{&quot;interval&quot;:&quot;4_FAIXA&quot;,&quot;value&quot;:&quot;NA&quot;,&quot;currency&quot;:&quot;BRL&quot;,&quot;customers&quot;:{&quot;rate&quot;:&quot;NA&quot;}}],&quot;minimum&quot;:{&quot;value&quot;:&quot;NA&quot;,&quot;currency&quot;:&quot;BRL&quot;},&quot;maximum&quot;:{&quot;value&quot;:&quot;NA&quot;,&quot;currency&quot;:&quot;BRL&quot;}},{&quot;name&quot;:&quot;UTILIZACAO_CANAIS_ATENDIMENTO_RETIRADA_ESPECIE_BRASIL&quot;,&quot;code&quot;:&quot;SAQUE_CARTAO_BRASIL&quot;,&quot;chargingTriggerInfo&quot;:&quot;Disponibilização e utilização pelo cliente de canais de atendimento disponíveis no país para retirada em espécie na função crédito.&quot;,&quot;prices&quot;:[{&quot;interval&quot;:&quot;1_FAIXA&quot;,&quot;value&quot;:&quot;NA&quot;,&quot;currency&quot;:&quot;BRL&quot;,&quot;customers&quot;:{&quot;rate&quot;:&quot;NA&quot;}},{&quot;interval&quot;:&quot;2_FAIXA&quot;,&quot;value&quot;:&quot;NA&quot;,&quot;currency&quot;:&quot;BRL&quot;,&quot;customers&quot;:{&quot;rate&quot;:&quot;NA&quot;}},{&quot;interval&quot;:&quot;3_FAIXA&quot;,&quot;value&quot;:&quot;NA&quot;,&quot;currency&quot;:&quot;BRL&quot;,&quot;customers&quot;:{&quot;rate&quot;:&quot;NA&quot;}},{&quot;interval&quot;:&quot;4_FAIXA&quot;,&quot;value&quot;:&quot;NA&quot;,&quot;currency&quot;:&quot;BRL&quot;,&quot;customers&quot;:{&quot;rate&quot;:&quot;NA&quot;}}],&quot;minimum&quot;:{&quot;value&quot;:&quot;NA&quot;,&quot;currency&quot;:&quot;BRL&quot;},&quot;maximum&quot;:{&quot;value&quot;:&quot;NA&quot;,&quot;currency&quot;:&quot;BRL&quot;}},{&quot;name&quot;:&quot;UTILIZACAO_CANAIS_ATENDIMENTO_RETIRADA_ESPECIE_EXTERIOR&quot;,&quot;code&quot;:&quot;SAQUE_CARTAO_EXTERIOR&quot;,&quot;chargingTriggerInfo&quot;:&quot;Disponibilização e utilização pelo cliente de canais de atendimento disponíveis no exterior para retirada em espécie na função crédito ou débito.&quot;,&quot;prices&quot;:[{&quot;interval&quot;:&quot;1_FAIXA&quot;,&quot;value&quot;:&quot;NA&quot;,&quot;currency&quot;:&quot;BRL&quot;,&quot;customers&quot;:{&quot;rate&quot;:&quot;NA&quot;}},{&quot;interval&quot;:&quot;2_FAIXA&quot;,&quot;value&quot;:&quot;NA&quot;,&quot;currency&quot;:&quot;BRL&quot;,&quot;customers&quot;:{&quot;rate&quot;:&quot;NA&quot;}},{&quot;interval&quot;:&quot;3_FAIXA&quot;,&quot;value&quot;:&quot;NA&quot;,&quot;currency&quot;:&quot;BRL&quot;,&quot;customers&quot;:{&quot;rate&quot;:&quot;NA&quot;}},{&quot;interval&quot;:&quot;4_FAIXA&quot;,&quot;value&quot;:&quot;NA&quot;,&quot;currency&quot;:&quot;BRL&quot;,&quot;customers&quot;:{&quot;rate&quot;:&quot;NA&quot;}}],&quot;minimum&quot;:{&quot;value&quot;:&quot;NA&quot;,&quot;currency&quot;:&quot;BRL&quot;},&quot;maximum&quot;:{&quot;value&quot;:&quot;NA&quot;,&quot;currency&quot;:&quot;BRL&quot;}},{&quot;name&quot;:&quot;AVALIACAO_EMERGENCIAL_CREDITO&quot;,&quot;code&quot;:&quot;AVALIACAO_EMERGENCIAL_CREDITO&quot;,&quot;chargingTriggerInfo&quot;:&quot;Avaliação de viabilidade e de riscos para a concessão de crédito em caráter emergencial, a pedido do cliente, por meio de atendimento pessoal, para realização de despesa acima do limite do cartão, cobrada no máximo uma vez nos últimos 30 (trinta) dias.&quot;,&quot;prices&quot;:[{&quot;interval&quot;:&quot;1_FAIXA&quot;,&quot;value&quot;:&quot;NA&quot;,&quot;currency&quot;:&quot;BRL&quot;,&quot;customers&quot;:{&quot;rate&quot;:&quot;NA&quot;}},{&quot;interval&quot;:&quot;2_FAIXA&quot;,&quot;value&quot;:&quot;NA&quot;,&quot;currency&quot;:&quot;BRL&quot;,&quot;customers&quot;:{&quot;rate&quot;:&quot;NA&quot;}},{&quot;interval&quot;:&quot;3_FAIXA&quot;,&quot;value&quot;:&quot;NA&quot;,&quot;currency&quot;:&quot;BRL&quot;,&quot;customers&quot;:{&quot;rate&quot;:&quot;NA&quot;}},{&quot;interval&quot;:&quot;4_FAIXA&quot;,&quot;value&quot;:&quot;NA&quot;,&quot;currency&quot;:&quot;BRL&quot;,&quot;customers&quot;:{&quot;rate&quot;:&quot;NA&quot;}}],&quot;minimum&quot;:{&quot;value&quot;:&quot;NA&quot;,&quot;currency&quot;:&quot;BRL&quot;},&quot;maximum&quot;:{&quot;value&quot;:&quot;NA&quot;,&quot;currency&quot;:&quot;BRL&quot;}},{&quot;name&quot;:&quot;FORNECIMENTO_SEGUNDA_VIA_FUNCAO_CREDITO&quot;,&quot;code&quot;:&quot;EMISSAO_SEGUNDA_VIA&quot;,&quot;chargingTriggerInfo&quot;:&quot;Confecção e emissão de novo cartão com função credito, restrito a casos de pedidos de reposição formulados pelo detentor do cartão, decorrente de perda, roubo, furto, danificação e outros motives não imputáveis instituição emitente.&quot;,&quot;prices&quot;:[{&quot;interval&quot;:&quot;1_FAIXA&quot;,&quot;value&quot;:&quot;NA&quot;,&quot;currency&quot;:&quot;BRL&quot;,&quot;customers&quot;:{&quot;rate&quot;:&quot;NA&quot;}},{&quot;interval&quot;:&quot;2_FAIXA&quot;,&quot;value&quot;:&quot;NA&quot;,&quot;currency&quot;:&quot;BRL&quot;,&quot;customers&quot;:{&quot;rate&quot;:&quot;NA&quot;}},{&quot;interval&quot;:&quot;3_FAIXA&quot;,&quot;value&quot;:&quot;NA&quot;,&quot;currency&quot;:&quot;BRL&quot;,&quot;customers&quot;:{&quot;rate&quot;:&quot;NA&quot;}},{&quot;interval&quot;:&quot;4_FAIXA&quot;,&quot;value&quot;:&quot;NA&quot;,&quot;currency&quot;:&quot;BRL&quot;,&quot;customers&quot;:{&quot;rate&quot;:&quot;NA&quot;}}],&quot;minimum&quot;:{&quot;value&quot;:&quot;NA&quot;,&quot;currency&quot;:&quot;BRL&quot;},&quot;maximum&quot;:{&quot;value&quot;:&quot;NA&quot;,&quot;currency&quot;:&quot;BRL&quot;}},{&quot;name&quot;:&quot;PAGAMENTO_CONTAS_UTILIZANDO_FUNCAO_CREDITO&quot;,&quot;code&quot;:&quot;TARIFA_PAGAMENTO_CONTAS&quot;,&quot;chargingTriggerInfo&quot;:&quot;Não se aplica.&quot;,&quot;prices&quot;:[{&quot;interval&quot;:&quot;1_FAIXA&quot;,&quot;value&quot;:&quot;NA&quot;,&quot;currency&quot;:&quot;BRL&quot;,&quot;customers&quot;:{&quot;rate&quot;:&quot;NA&quot;}},{&quot;interval&quot;:&quot;2_FAIXA&quot;,&quot;value&quot;:&quot;NA&quot;,&quot;currency&quot;:&quot;BRL&quot;,&quot;customers&quot;:{&quot;rate&quot;:&quot;NA&quot;}},{&quot;interval&quot;:&quot;3_FAIXA&quot;,&quot;value&quot;:&quot;NA&quot;,&quot;currency&quot;:&quot;BRL&quot;,&quot;customers&quot;:{&quot;rate&quot;:&quot;NA&quot;}},{&quot;interval&quot;:&quot;4_FAIXA&quot;,&quot;value&quot;:&quot;NA&quot;,&quot;currency&quot;:&quot;BRL&quot;,&quot;customers&quot;:{&quot;rate&quot;:&quot;NA&quot;}}],&quot;minimum&quot;:{&quot;value&quot;:&quot;NA&quot;,&quot;currency&quot;:&quot;BRL&quot;},&quot;maximum&quot;:{&quot;value&quot;:&quot;NA&quot;,&quot;currency&quot;:&quot;BRL&quot;}},{&quot;name&quot;:&quot;SMS&quot;,&quot;code&quot;:&quot;SMS&quot;,&quot;chargingTriggerInfo&quot;:&quot;Envio de mensagem automática relativa à movimentação ou ao lançamento no cartão de crédito.&quot;,&quot;prices&quot;:[{&quot;interval&quot;:&quot;1_FAIXA&quot;,&quot;value&quot;:&quot;NA&quot;,&quot;currency&quot;:&quot;BRL&quot;,&quot;customers&quot;:{&quot;rate&quot;:&quot;NA&quot;}},{&quot;interval&quot;:&quot;2_FAIXA&quot;,&quot;value&quot;:&quot;NA&quot;,&quot;currency&quot;:&quot;BRL&quot;,&quot;customers&quot;:{&quot;rate&quot;:&quot;NA&quot;}},{&quot;interval&quot;:&quot;3_FAIXA&quot;,&quot;value&quot;:&quot;NA&quot;,&quot;currency&quot;:&quot;BRL&quot;,&quot;customers&quot;:{&quot;rate&quot;:&quot;NA&quot;}},{&quot;interval&quot;:&quot;4_FAIXA&quot;,&quot;value&quot;:&quot;NA&quot;,&quot;currency&quot;:&quot;BRL&quot;,&quot;customers&quot;:{&quot;rate&quot;:&quot;NA&quot;}}],&quot;minimum&quot;:{&quot;value&quot;:&quot;NA&quot;,&quot;currency&quot;:&quot;BRL&quot;},&quot;maximum&quot;:{&quot;value&quot;:&quot;NA&quot;,&quot;currency&quot;:&quot;BRL&quot;}}]},&quot;interest&quot;:{&quot;rates&quot;:[{&quot;referentialRateIndexer&quot;:&quot;PRE_FIXADO&quot;,&quot;rate&quot;:&quot;NA&quot;,&quot;applications&quot;:[{&quot;interval&quot;:&quot;1_FAIXA&quot;,&quot;indexer&quot;:{&quot;rate&quot;:&quot;0.1590&quot;},&quot;customers&quot;:{&quot;rate&quot;:&quot;1.0000&quot;}},{&quot;interval&quot;:&quot;2_FAIXA&quot;,&quot;indexer&quot;:{&quot;rate&quot;:&quot;0.0000&quot;},&quot;customers&quot;:{&quot;rate&quot;:&quot;0.0000&quot;}},{&quot;interval&quot;:&quot;3_FAIXA&quot;,&quot;indexer&quot;:{&quot;rate&quot;:&quot;0.0000&quot;},&quot;customers&quot;:{&quot;rate&quot;:&quot;0.0000&quot;}},{&quot;interval&quot;:&quot;4_FAIXA&quot;,&quot;indexer&quot;:{&quot;rate&quot;:&quot;0.0000&quot;},&quot;customers&quot;:{&quot;rate&quot;:&quot;0.0000&quot;}}],&quot;minimumRate&quot;:&quot;0.1590&quot;,&quot;maximumRate&quot;:&quot;0.1590&quot;}],&quot;instalmentRates&quot;:[{&quot;referentialRateIndexer&quot;:&quot;PRE_FIXADO&quot;,&quot;rate&quot;:&quot;NA&quot;,&quot;applications&quot;:[{&quot;interval&quot;:&quot;1_FAIXA&quot;,&quot;indexer&quot;:{&quot;rate&quot;:&quot;0.1590&quot;},&quot;customers&quot;:{&quot;rate&quot;:&quot;1.0000&quot;}},{&quot;interval&quot;:&quot;2_FAIXA&quot;,&quot;indexer&quot;:{&quot;rate&quot;:&quot;0.0000&quot;},&quot;customers&quot;:{&quot;rate&quot;:&quot;0.0000&quot;}},{&quot;interval&quot;:&quot;3_FAIXA&quot;,&quot;indexer&quot;:{&quot;rate&quot;:&quot;0.0000&quot;},&quot;customers&quot;:{&quot;rate&quot;:&quot;0.0000&quot;}},{&quot;interval&quot;:&quot;4_FAIXA&quot;,&quot;indexer&quot;:{&quot;rate&quot;:&quot;0.0000&quot;},&quot;customers&quot;:{&quot;rate&quot;:&quot;0.0000&quot;}}],&quot;minimumRate&quot;:&quot;0.1590&quot;,&quot;maximumRate&quot;:&quot;0.1590&quot;}],&quot;otherCredits&quot;:[{&quot;code&quot;:&quot;SAQUE_A_CREDITO&quot;}]},&quot;termsConditions&quot;:{&quot;minimumFeeRate&quot;:&quot;0.10&quot;,&quot;elegibilityCriteriaInfo&quot;:&quot;Ter idade mínima de 18 anos, CPF regular na Receita Federal e renda mínima maior ou igual ao salário mínimo.&quot;,&quot;closingProcessInfo&quot;:&quot;1) Quando você quiser cancelar: Deve comparecer em alguma loja da Renner que ofereça este serviço, sendo o Cartão Renner imediatamente cancelado. O contrato, porém, permanecerá eficaz até o pagamento de todos os valores ainda devidos. \n 2) Quando a gente pode cancelar este contrato: Na ocorrência de qualquer uma das hipóteses abaixo, nós poderemos encerrar o contrato, comunicando você com antecedência de 5 (cinco) dias corridos, caso em que este contrato será considerado vencido antecipadamente e exigiremos que você pague de imediato o que nos for devido: \n -&gt; você deixe de cumprir qualquer de suas obrigações, sofra legítimo protesto de título, tenha a sua insolvência ou falência decretada, tenha incluído seu nome no CCF, ou, ainda, tenha emitido cheque sem suficiente provisão de fundos contra a gente; \n -&gt; você tenha restrições cadastrais ao longo da vigência deste contrato; \n -&gt; você deixe de pagar os valores devidos na respectiva data de vencimento; \n -&gt; você exceda os limites de crédito que lhe forem atribuídos; \n -&gt; alguma informação de cadastro que não seja verdadeira; \n -&gt; ocorra algum evento que afete nossas garantias ou direitos creditórios, ou dos bancos que outorgam crédito. \n -&gt; ocorrência de fraude, suspeitas de lavagem de dinheiro, desacordo comercial ou qualquer ilícito.&quot;}}]}]},&quot;links&quot;:{&quot;self&quot;:&quot;http://10.120.192.16/open-banking/products-services/v1/personal-credit-cards?page=1&amp;page-size=25&quot;,&quot;first&quot;:null,&quot;prev&quot;:null,&quot;next&quot;:null,&quot;last&quot;:null},&quot;meta&quot;:{&quot;totalRecords&quot;:3,&quot;totalPages&quot;:1}}&#10;" type="java.lang.AssertionError"><![CDATA[java.lang.AssertionError: 
1 expectation failed.
Response body doesn't match expectation.
Expected: The content to match the given JSON schema.
error: object has missing required properties (["brand"])
    level: "error"
    schema: {"loadingURI":"#","pointer":"/properties/data"}
    instance: {"pointer":"/data"}
    domain: "validation"
    keyword: "required"
    required: ["brand"]
    missing: ["brand"]

  Actual: {"data":{"name":"REALIZE CFI S.A.","companies":[{"name":"REALIZE CRÉDITO, FINANCIAMENTO E INVESTIMENTO S.A.","cnpjNumber":"27351731","personalCreditCards":[{"name":"MEU CARTAO","identification":{"product":{"type":"STANDARD_INTERNACIONAL"},"creditCard":{"network":"VISA"}},"rewardsProgram":{"hasRewardProgram":false},"fees":{"services":[{"name":"ANUIDADE_CARTAO_BASICO_NACIONAL","code":"ANUIDADE_NACIONAL","chargingTriggerInfo":"Não se aplica.","prices":[{"interval":"1_FAIXA","value":"NA","currency":"BRL","customers":{"rate":"NA"}},{"interval":"2_FAIXA","value":"NA","currency":"BRL","customers":{"rate":"NA"}},{"interval":"3_FAIXA","value":"NA","currency":"BRL","customers":{"rate":"NA"}},{"interval":"4_FAIXA","value":"NA","currency":"BRL","customers":{"rate":"NA"}}],"minimum":{"value":"NA","currency":"BRL"},"maximum":{"value":"NA","currency":"BRL"}},{"name":"ANUIDADE_CARTAO_BASICO_INTERNACIONAL","code":"ANUIDADE_INTERNACIONAL","chargingTriggerInfo":"Disponibilização de rede de estabelecimentos afiliados, instalada no país e no exterior, para pagamentos de bens e serviços, cobrada no máximo uma vez a cada 12 (doze) meses, admitido o parcelamento da cobrança.","prices":[{"interval":"1_FAIXA","value":"142.80","currency":"BRL","customers":{"rate":"1.0000"}},{"interval":"2_FAIXA","value":"0.00","currency":"BRL","customers":{"rate":"0.0000"}},{"interval":"3_FAIXA","value":"0.00","currency":"BRL","customers":{"rate":"0.0000"}},{"interval":"4_FAIXA","value":"0.00","currency":"BRL","customers":{"rate":"0.0000"}}],"minimum":{"value":"142.80","currency":"BRL"},"maximum":{"value":"142.80","currency":"BRL"}},{"name":"ANUIDADE_DIFERENCIADA","code":"ANUIDADE_DIFERENCIADA","chargingTriggerInfo":"Disponibilização de rede de estabelecimentos afiliados, instalada no país e no exterior, para pagamentos de bens e serviços, cobrada no máximo uma vez a cada 12 (doze) meses, admitido o parcelamento da cobrança.","prices":[{"interval":"1_FAIXA","value":"NA","currency":"BRL","customers":{"rate":"NA"}},{"interval":"2_FAIXA","value":"NA","currency":"BRL","customers":{"rate":"NA"}},{"interval":"3_FAIXA","value":"NA","currency":"BRL","customers":{"rate":"NA"}},{"interval":"4_FAIXA","value":"NA","currency":"BRL","customers":{"rate":"NA"}}],"minimum":{"value":"NA","currency":"BRL"},"maximum":{"value":"NA","currency":"BRL"}},{"name":"UTILIZACAO_CANAIS_ATENDIMENTO_RETIRADA_ESPECIE_BRASIL","code":"SAQUE_CARTAO_BRASIL","chargingTriggerInfo":"Disponibilização e utilização pelo cliente de canais de atendimento disponíveis no país para retirada em espécie na função crédito.","prices":[{"interval":"1_FAIXA","value":"14.90","currency":"BRL","customers":{"rate":"1.0000"}},{"interval":"2_FAIXA","value":"0.00","currency":"BRL","customers":{"rate":"0.0000"}},{"interval":"3_FAIXA","value":"0.00","currency":"BRL","customers":{"rate":"0.0000"}},{"interval":"4_FAIXA","value":"0.00","currency":"BRL","customers":{"rate":"0.0000"}}],"minimum":{"value":"14.90","currency":"BRL"},"maximum":{"value":"14.90","currency":"BRL"}},{"name":"UTILIZACAO_CANAIS_ATENDIMENTO_RETIRADA_ESPECIE_EXTERIOR","code":"SAQUE_CARTAO_EXTERIOR","chargingTriggerInfo":"Disponibilização e utilização pelo cliente de canais de atendimento disponíveis no exterior para retirada em espécie na função crédito ou débito.","prices":[{"interval":"1_FAIXA","value":"14.90","currency":"BRL","customers":{"rate":"1.0000"}},{"interval":"2_FAIXA","value":"0.00","currency":"BRL","customers":{"rate":"0.0000"}},{"interval":"3_FAIXA","value":"0.00","currency":"BRL","customers":{"rate":"0.0000"}},{"interval":"4_FAIXA","value":"0.00","currency":"BRL","customers":{"rate":"0.0000"}}],"minimum":{"value":"14.90","currency":"BRL"},"maximum":{"value":"14.90","currency":"BRL"}},{"name":"AVALIACAO_EMERGENCIAL_CREDITO","code":"AVALIACAO_EMERGENCIAL_CREDITO","chargingTriggerInfo":"Avaliação de viabilidade e de riscos para a concessão de crédito em caráter emergencial, a pedido do cliente, por meio de atendimento pessoal, para realização de despesa acima do limite do cartão, cobrada no máximo uma vez nos últimos 30 (trinta) dias.","prices":[{"interval":"1_FAIXA","value":"18.90","currency":"BRL","customers":{"rate":"1.000"}},{"interval":"2_FAIXA","value":"0.00","currency":"BRL","customers":{"rate":"0.0000"}},{"interval":"3_FAIXA","value":"0.00","currency":"BRL","customers":{"rate":"0.0000"}},{"interval":"4_FAIXA","value":"0.00","currency":"BRL","customers":{"rate":"0.0000"}}],"minimum":{"value":"18.90","currency":"BRL"},"maximum":{"value":"18.90","currency":"BRL"}},{"name":"FORNECIMENTO_SEGUNDA_VIA_FUNCAO_CREDITO","code":"EMISSAO_SEGUNDA_VIA","chargingTriggerInfo":"Confecção e emissão de novo cartão com função credito, restrito a casos de pedidos de reposição formulados pelo detentor do cartão, decorrente de perda, roubo, furto, danificação e outros motives não imputáveis instituição emitente.","prices":[{"interval":"1_FAIXA","value":"14.99","currency":"BRL","customers":{"rate":"1.0000"}},{"interval":"2_FAIXA","value":"0.00","currency":"BRL","customers":{"rate":"0.0000"}},{"interval":"3_FAIXA","value":"0.00","currency":"BRL","customers":{"rate":"0.0000"}},{"interval":"4_FAIXA","value":"0.00","currency":"BRL","customers":{"rate":"0.0000"}}],"minimum":{"value":"14.99","currency":"BRL"},"maximum":{"value":"14.99","currency":"BRL"}},{"name":"PAGAMENTO_CONTAS_UTILIZANDO_FUNCAO_CREDITO","code":"TARIFA_PAGAMENTO_CONTAS","chargingTriggerInfo":"Não se aplica.","prices":[{"interval":"1_FAIXA","value":"NA","currency":"BRL","customers":{"rate":"NA"}},{"interval":"2_FAIXA","value":"NA","currency":"BRL","customers":{"rate":"NA"}},{"interval":"3_FAIXA","value":"NA","currency":"BRL","customers":{"rate":"NA"}},{"interval":"4_FAIXA","value":"NA","currency":"BRL","customers":{"rate":"NA"}}],"minimum":{"value":"NA","currency":"BRL"},"maximum":{"value":"NA","currency":"BRL"}},{"name":"SMS","code":"SMS","chargingTriggerInfo":"Envio de mensagem automática relativa à movimentação ou ao lançamento no cartão de crédito.","prices":[{"interval":"1_FAIXA","value":"3.90","currency":"BRL","customers":{"rate":"1.000"}},{"interval":"2_FAIXA","value":"0.00","currency":"BRL","customers":{"rate":"0.0000"}},{"interval":"3_FAIXA","value":"0.00","currency":"BRL","customers":{"rate":"0.0000"}},{"interval":"4_FAIXA","value":"0.00","currency":"BRL","customers":{"rate":"0.0000"}}],"minimum":{"value":"3.90","currency":"BRL"},"maximum":{"value":"3.90","currency":"BRL"}}]},"interest":{"rates":[{"referentialRateIndexer":"PRE_FIXADO","rate":"NA","applications":[{"interval":"1_FAIXA","indexer":{"rate":"0.1460"},"customers":{"rate":"1.0000"}},{"interval":"2_FAIXA","indexer":{"rate":"0.0000"},"customers":{"rate":"0.0000"}},{"interval":"3_FAIXA","indexer":{"rate":"0.0000"},"customers":{"rate":"0.0000"}},{"interval":"4_FAIXA","indexer":{"rate":"0.0000"},"customers":{"rate":"0.0000"}}],"minimumRate":"0.1460","maximumRate":"0.1460"}],"instalmentRates":[{"referentialRateIndexer":"PRE_FIXADO","rate":"NA","applications":[{"interval":"1_FAIXA","indexer":{"rate":"0.1460"},"customers":{"rate":"1.0000"}},{"interval":"2_FAIXA","indexer":{"rate":"0.0000"},"customers":{"rate":"0.0000"}},{"interval":"3_FAIXA","indexer":{"rate":"0.0000"},"customers":{"rate":"0.0000"}},{"interval":"4_FAIXA","indexer":{"rate":"0.0000"},"customers":{"rate":"0.0000"}}],"minimumRate":"0.1460","maximumRate":"0.1460"}],"otherCredits":[{"code":"SAQUE_A_CREDITO"}]},"termsConditions":{"minimumFeeRate":"0.10","additionalInfo":"O valor do pagamento mínimo será composto pelo saldo devedor das faturas anteriores + 10% das compras existentes na fatura atual + tarifas + encargos do mês + seguros + parcelas de parcelamentos (saque rápido e parcelamentos) + saques + 10% do saldo credor da fatura anterior + 10% de estornos.","elegibilityCriteriaInfo":"Ter idade mínima de 18 anos, CPF regular na Receita Federal e renda mínima maior ou igual ao salário mínimo.","closingProcessInfo":"1) Quando você quiser cancelar: Deve nos avisar através da Central de Atendimento ou nas Lojas Renner S.A., sendo o Meu Cartão imediatamente cancelado. O contrato, porém, permanecerá eficaz até o pagamento de todos os valores ainda devidos. \n 2) Quando a gente pode cancelar este contrato: Na ocorrência de qualquer uma das hipóteses abaixo, nós poderemos encerrar o contrato, comunicando você com antecedência de 5 (cinco) dias corridos, caso em que este contrato será considerado vencido antecipadamente e exigiremos que você pague de imediato o que nos for devido: \n -> você deixe de cumprir qualquer de suas obrigações, sofra legítimo protesto de título, tenha a sua insolvência ou falência decretada, tenha incluído seu nome no CCF, ou, ainda, tenha emitido cheque sem suficiente provisão de fundos contra a gente; \n -> você tenha restrições cadastrais ao longo da vigência deste contrato; \n -> você deixe de pagar os valores devidos na respectiva data de vencimento; \n -> você exceda os limites de crédito que lhe forem atribuídos; \n -> alguma informação de cadastro que não seja verdadeira; \n -> ocorra algum evento que afete nossas garantias ou direitos creditórios, ou dos bancos que outorgam crédito. \n -> ocorrência de fraude, suspeitas de lavagem de dinheiro, desacordo comercial ou qualquer ilícito."}},{"name":"MEU CARTAO","identification":{"product":{"type":"STANDARD_INTERNACIONAL"},"creditCard":{"network":"MASTERCARD"}},"rewardsProgram":{"hasRewardProgram":false},"fees":{"services":[{"name":"ANUIDADE_CARTAO_BASICO_NACIONAL","code":"ANUIDADE_NACIONAL","chargingTriggerInfo":"Não se aplica.","prices":[{"interval":"1_FAIXA","value":"NA","currency":"BRL","customers":{"rate":"NA"}},{"interval":"2_FAIXA","value":"NA","currency":"BRL","customers":{"rate":"NA"}},{"interval":"3_FAIXA","value":"NA","currency":"BRL","customers":{"rate":"NA"}},{"interval":"4_FAIXA","value":"NA","currency":"BRL","customers":{"rate":"NA"}}],"minimum":{"value":"NA","currency":"BRL"},"maximum":{"value":"NA","currency":"BRL"}},{"name":"ANUIDADE_CARTAO_BASICO_INTERNACIONAL","code":"ANUIDADE_INTERNACIONAL","chargingTriggerInfo":"Disponibilização de rede de estabelecimentos afiliados, instalada no país e no exterior, para pagamentos de bens e serviços, cobrada no máximo uma vez a cada 12 (doze) meses, admitido o parcelamento da cobrança.","prices":[{"interval":"1_FAIXA","value":"142.80","currency":"BRL","customers":{"rate":"1.0000"}},{"interval":"2_FAIXA","value":"0.00","currency":"BRL","customers":{"rate":"0.0000"}},{"interval":"3_FAIXA","value":"0.00","currency":"BRL","customers":{"rate":"0.0000"}},{"interval":"4_FAIXA","value":"0.00","currency":"BRL","customers":{"rate":"0.0000"}}],"minimum":{"value":"142.80","currency":"BRL"},"maximum":{"value":"142.80","currency":"BRL"}},{"name":"ANUIDADE_DIFERENCIADA","code":"ANUIDADE_DIFERENCIADA","chargingTriggerInfo":"Disponibilização de rede de estabelecimentos afiliados, instalada no país e no exterior, para pagamentos de bens e serviços, cobrada no máximo uma vez a cada 12 (doze) meses, admitido o parcelamento da cobrança.","prices":[{"interval":"1_FAIXA","value":"NA","currency":"BRL","customers":{"rate":"NA"}},{"interval":"2_FAIXA","value":"NA","currency":"BRL","customers":{"rate":"NA"}},{"interval":"3_FAIXA","value":"NA","currency":"BRL","customers":{"rate":"NA"}},{"interval":"4_FAIXA","value":"NA","currency":"BRL","customers":{"rate":"NA"}}],"minimum":{"value":"NA","currency":"BRL"},"maximum":{"value":"NA","currency":"BRL"}},{"name":"UTILIZACAO_CANAIS_ATENDIMENTO_RETIRADA_ESPECIE_BRASIL","code":"SAQUE_CARTAO_BRASIL","chargingTriggerInfo":"Disponibilização e utilização pelo cliente de canais de atendimento disponíveis no país para retirada em espécie na função crédito.","prices":[{"interval":"1_FAIXA","value":"14.90","currency":"BRL","customers":{"rate":"1.0000"}},{"interval":"2_FAIXA","value":"0.00","currency":"BRL","customers":{"rate":"0.0000"}},{"interval":"3_FAIXA","value":"0.00","currency":"BRL","customers":{"rate":"0.0000"}},{"interval":"4_FAIXA","value":"0.00","currency":"BRL","customers":{"rate":"0.0000"}}],"minimum":{"value":"14.90","currency":"BRL"},"maximum":{"value":"14.90","currency":"BRL"}},{"name":"UTILIZACAO_CANAIS_ATENDIMENTO_RETIRADA_ESPECIE_EXTERIOR","code":"SAQUE_CARTAO_EXTERIOR","chargingTriggerInfo":"Disponibilização e utilização pelo cliente de canais de atendimento disponíveis no exterior para retirada em espécie na função crédito ou débito.","prices":[{"interval":"1_FAIXA","value":"14.90","currency":"BRL","customers":{"rate":"1.0000"}},{"interval":"2_FAIXA","value":"0.00","currency":"BRL","customers":{"rate":"0.0000"}},{"interval":"3_FAIXA","value":"0.00","currency":"BRL","customers":{"rate":"0.0000"}},{"interval":"4_FAIXA","value":"0.00","currency":"BRL","customers":{"rate":"0.0000"}}],"minimum":{"value":"14.90","currency":"BRL"},"maximum":{"value":"14.90","currency":"BRL"}},{"name":"AVALIACAO_EMERGENCIAL_CREDITO","code":"AVALIACAO_EMERGENCIAL_CREDITO","chargingTriggerInfo":"Avaliação de viabilidade e de riscos para a concessão de crédito em caráter emergencial, a pedido do cliente, por meio de atendimento pessoal, para realização de despesa acima do limite do cartão, cobrada no máximo uma vez nos últimos 30 (trinta) dias.","prices":[{"interval":"1_FAIXA","value":"18.90","currency":"BRL","customers":{"rate":"1.000"}},{"interval":"2_FAIXA","value":"0.00","currency":"BRL","customers":{"rate":"0.0000"}},{"interval":"3_FAIXA","value":"0.00","currency":"BRL","customers":{"rate":"0.0000"}},{"interval":"4_FAIXA","value":"0.00","currency":"BRL","customers":{"rate":"0.0000"}}],"minimum":{"value":"18.90","currency":"BRL"},"maximum":{"value":"18.90","currency":"BRL"}},{"name":"FORNECIMENTO_SEGUNDA_VIA_FUNCAO_CREDITO","code":"EMISSAO_SEGUNDA_VIA","chargingTriggerInfo":"Confecção e emissão de novo cartão com função credito, restrito a casos de pedidos de reposição formulados pelo detentor do cartão, decorrente de perda, roubo, furto, danificação e outros motives não imputáveis instituição emitente.","prices":[{"interval":"1_FAIXA","value":"14.99","currency":"BRL","customers":{"rate":"1.0000"}},{"interval":"2_FAIXA","value":"0.00","currency":"BRL","customers":{"rate":"0.0000"}},{"interval":"3_FAIXA","value":"0.00","currency":"BRL","customers":{"rate":"0.0000"}},{"interval":"4_FAIXA","value":"0.00","currency":"BRL","customers":{"rate":"0.0000"}}],"minimum":{"value":"14.99","currency":"BRL"},"maximum":{"value":"14.99","currency":"BRL"}},{"name":"PAGAMENTO_CONTAS_UTILIZANDO_FUNCAO_CREDITO","code":"TARIFA_PAGAMENTO_CONTAS","chargingTriggerInfo":"Não se aplica.","prices":[{"interval":"1_FAIXA","value":"NA","currency":"BRL","customers":{"rate":"NA"}},{"interval":"2_FAIXA","value":"NA","currency":"BRL","customers":{"rate":"NA"}},{"interval":"3_FAIXA","value":"NA","currency":"BRL","customers":{"rate":"NA"}},{"interval":"4_FAIXA","value":"NA","currency":"BRL","customers":{"rate":"NA"}}],"minimum":{"value":"NA","currency":"BRL"},"maximum":{"value":"NA","currency":"BRL"}},{"name":"SMS","code":"SMS","chargingTriggerInfo":"Envio de mensagem automática relativa à movimentação ou ao lançamento no cartão de crédito.","prices":[{"interval":"1_FAIXA","value":"3.90","currency":"BRL","customers":{"rate":"1.000"}},{"interval":"2_FAIXA","value":"0.00","currency":"BRL","customers":{"rate":"0.0000"}},{"interval":"3_FAIXA","value":"0.00","currency":"BRL","customers":{"rate":"0.0000"}},{"interval":"4_FAIXA","value":"0.00","currency":"BRL","customers":{"rate":"0.0000"}}],"minimum":{"value":"3.90","currency":"BRL"},"maximum":{"value":"3.90","currency":"BRL"}}]},"interest":{"rates":[{"referentialRateIndexer":"PRE_FIXADO","rate":"NA","applications":[{"interval":"1_FAIXA","indexer":{"rate":"0.1460"},"customers":{"rate":"1.0000"}},{"interval":"2_FAIXA","indexer":{"rate":"0.0000"},"customers":{"rate":"0.0000"}},{"interval":"3_FAIXA","indexer":{"rate":"0.0000"},"customers":{"rate":"0.0000"}},{"interval":"4_FAIXA","indexer":{"rate":"0.0000"},"customers":{"rate":"0.0000"}}],"minimumRate":"0.1460","maximumRate":"0.1460"}],"instalmentRates":[{"referentialRateIndexer":"PRE_FIXADO","rate":"NA","applications":[{"interval":"1_FAIXA","indexer":{"rate":"0.1460"},"customers":{"rate":"1.0000"}},{"interval":"2_FAIXA","indexer":{"rate":"0.0000"},"customers":{"rate":"0.0000"}},{"interval":"3_FAIXA","indexer":{"rate":"0.0000"},"customers":{"rate":"0.0000"}},{"interval":"4_FAIXA","indexer":{"rate":"0.0000"},"customers":{"rate":"0.0000"}}],"minimumRate":"0.1460","maximumRate":"0.1460"}],"otherCredits":[{"code":"SAQUE_A_CREDITO"}]},"termsConditions":{"minimumFeeRate":"0.10","additionalInfo":"O valor do pagamento mínimo será composto pelo saldo devedor das faturas anteriores + 10% das compras existentes na fatura atual + tarifas + encargos do mês + seguros + parcelas de parcelamentos (saque rápido e parcelamentos) + saques + 10% do saldo credor da fatura anterior + 10% de estornos.","elegibilityCriteriaInfo":"Ter idade mínima de 18 anos, CPF regular na Receita Federal e renda mínima maior ou igual ao salário mínimo.","closingProcessInfo":"1) Quando você quiser cancelar: Deve nos avisar através da Central de Atendimento ou nas Lojas Renner S.A., sendo o imediatamente o Meu Cartão cancelado. O contrato, porém, permanecerá eficaz até o pagamento de todos os valores ainda devidos. \n 2) Quando a gente pode cancelar este contrato: Na ocorrência de qualquer uma das hipóteses abaixo, nós poderemos encerrar o contrato, comunicando você com antecedência de 5 (cinco) dias corridos, caso em que este contrato será considerado vencido antecipadamente e exigiremos que você pague de imediato o que nos for devido: \n -> você deixe de cumprir qualquer de suas obrigações, sofra legítimo protesto de título, tenha a sua insolvência ou falência decretada, tenha incluído seu nome no CCF, ou, ainda, tenha emitido cheque sem suficiente provisão de fundos contra a gente; \n -> você tenha restrições cadastrais ao longo da vigência deste contrato; \n -> você deixe de pagar os valores devidos na respectiva data de vencimento; \n -> você exceda os limites de crédito que lhe forem atribuídos; \n -> alguma informação de cadastro que não seja verdadeira; \n -> ocorra algum evento que afete nossas garantias ou direitos creditórios, ou dos bancos que outorgam crédito. \n -> ocorrência de fraude, suspeitas de lavagem de dinheiro, desacordo comercial ou qualquer ilícito."}},{"name":"CARTAO RENNER","identification":{"product":{"type":"COMPRAS"},"creditCard":{"network":"BANDEIRA_PROPRIA"}},"rewardsProgram":{"hasRewardProgram":false},"fees":{"services":[{"name":"ANUIDADE_CARTAO_BASICO_NACIONAL","code":"ANUIDADE_NACIONAL","chargingTriggerInfo":"Disponibilização de rede de estabelecimentos afiliados, instalada no país e no exterior, para pagamentos de bens e serviços, cobrada no máximo uma vez a cada 12 (doze) meses, admitido o parcelamento da cobrança.","prices":[{"interval":"1_FAIXA","value":"NA","currency":"BRL","customers":{"rate":"NA"}},{"interval":"2_FAIXA","value":"NA","currency":"BRL","customers":{"rate":"NA"}},{"interval":"3_FAIXA","value":"NA","currency":"BRL","customers":{"rate":"NA"}},{"interval":"4_FAIXA","value":"NA","currency":"BRL","customers":{"rate":"NA"}}],"minimum":{"value":"NA","currency":"BRL"},"maximum":{"value":"NA","currency":"BRL"}},{"name":"ANUIDADE_CARTAO_BASICO_INTERNACIONAL","code":"ANUIDADE_INTERNACIONAL","chargingTriggerInfo":"Disponibilização de rede de estabelecimentos afiliados, instalada no país e no exterior, para pagamentos de bens e serviços, cobrada no máximo uma vez a cada 12 (doze) meses, admitido o parcelamento da cobrança.","prices":[{"interval":"1_FAIXA","value":"NA","currency":"BRL","customers":{"rate":"NA"}},{"interval":"2_FAIXA","value":"NA","currency":"BRL","customers":{"rate":"NA"}},{"interval":"3_FAIXA","value":"NA","currency":"BRL","customers":{"rate":"NA"}},{"interval":"4_FAIXA","value":"NA","currency":"BRL","customers":{"rate":"NA"}}],"minimum":{"value":"NA","currency":"BRL"},"maximum":{"value":"NA","currency":"BRL"}},{"name":"ANUIDADE_DIFERENCIADA","code":"ANUIDADE_DIFERENCIADA","chargingTriggerInfo":"Disponibilização de rede de estabelecimentos afiliados, instalada no país e no exterior, para pagamentos de bens e serviços, cobrada no máximo uma vez a cada 12 (doze) meses, admitido o parcelamento da cobrança.","prices":[{"interval":"1_FAIXA","value":"NA","currency":"BRL","customers":{"rate":"NA"}},{"interval":"2_FAIXA","value":"NA","currency":"BRL","customers":{"rate":"NA"}},{"interval":"3_FAIXA","value":"NA","currency":"BRL","customers":{"rate":"NA"}},{"interval":"4_FAIXA","value":"NA","currency":"BRL","customers":{"rate":"NA"}}],"minimum":{"value":"NA","currency":"BRL"},"maximum":{"value":"NA","currency":"BRL"}},{"name":"UTILIZACAO_CANAIS_ATENDIMENTO_RETIRADA_ESPECIE_BRASIL","code":"SAQUE_CARTAO_BRASIL","chargingTriggerInfo":"Disponibilização e utilização pelo cliente de canais de atendimento disponíveis no país para retirada em espécie na função crédito.","prices":[{"interval":"1_FAIXA","value":"NA","currency":"BRL","customers":{"rate":"NA"}},{"interval":"2_FAIXA","value":"NA","currency":"BRL","customers":{"rate":"NA"}},{"interval":"3_FAIXA","value":"NA","currency":"BRL","customers":{"rate":"NA"}},{"interval":"4_FAIXA","value":"NA","currency":"BRL","customers":{"rate":"NA"}}],"minimum":{"value":"NA","currency":"BRL"},"maximum":{"value":"NA","currency":"BRL"}},{"name":"UTILIZACAO_CANAIS_ATENDIMENTO_RETIRADA_ESPECIE_EXTERIOR","code":"SAQUE_CARTAO_EXTERIOR","chargingTriggerInfo":"Disponibilização e utilização pelo cliente de canais de atendimento disponíveis no exterior para retirada em espécie na função crédito ou débito.","prices":[{"interval":"1_FAIXA","value":"NA","currency":"BRL","customers":{"rate":"NA"}},{"interval":"2_FAIXA","value":"NA","currency":"BRL","customers":{"rate":"NA"}},{"interval":"3_FAIXA","value":"NA","currency":"BRL","customers":{"rate":"NA"}},{"interval":"4_FAIXA","value":"NA","currency":"BRL","customers":{"rate":"NA"}}],"minimum":{"value":"NA","currency":"BRL"},"maximum":{"value":"NA","currency":"BRL"}},{"name":"AVALIACAO_EMERGENCIAL_CREDITO","code":"AVALIACAO_EMERGENCIAL_CREDITO","chargingTriggerInfo":"Avaliação de viabilidade e de riscos para a concessão de crédito em caráter emergencial, a pedido do cliente, por meio de atendimento pessoal, para realização de despesa acima do limite do cartão, cobrada no máximo uma vez nos últimos 30 (trinta) dias.","prices":[{"interval":"1_FAIXA","value":"NA","currency":"BRL","customers":{"rate":"NA"}},{"interval":"2_FAIXA","value":"NA","currency":"BRL","customers":{"rate":"NA"}},{"interval":"3_FAIXA","value":"NA","currency":"BRL","customers":{"rate":"NA"}},{"interval":"4_FAIXA","value":"NA","currency":"BRL","customers":{"rate":"NA"}}],"minimum":{"value":"NA","currency":"BRL"},"maximum":{"value":"NA","currency":"BRL"}},{"name":"FORNECIMENTO_SEGUNDA_VIA_FUNCAO_CREDITO","code":"EMISSAO_SEGUNDA_VIA","chargingTriggerInfo":"Confecção e emissão de novo cartão com função credito, restrito a casos de pedidos de reposição formulados pelo detentor do cartão, decorrente de perda, roubo, furto, danificação e outros motives não imputáveis instituição emitente.","prices":[{"interval":"1_FAIXA","value":"NA","currency":"BRL","customers":{"rate":"NA"}},{"interval":"2_FAIXA","value":"NA","currency":"BRL","customers":{"rate":"NA"}},{"interval":"3_FAIXA","value":"NA","currency":"BRL","customers":{"rate":"NA"}},{"interval":"4_FAIXA","value":"NA","currency":"BRL","customers":{"rate":"NA"}}],"minimum":{"value":"NA","currency":"BRL"},"maximum":{"value":"NA","currency":"BRL"}},{"name":"PAGAMENTO_CONTAS_UTILIZANDO_FUNCAO_CREDITO","code":"TARIFA_PAGAMENTO_CONTAS","chargingTriggerInfo":"Não se aplica.","prices":[{"interval":"1_FAIXA","value":"NA","currency":"BRL","customers":{"rate":"NA"}},{"interval":"2_FAIXA","value":"NA","currency":"BRL","customers":{"rate":"NA"}},{"interval":"3_FAIXA","value":"NA","currency":"BRL","customers":{"rate":"NA"}},{"interval":"4_FAIXA","value":"NA","currency":"BRL","customers":{"rate":"NA"}}],"minimum":{"value":"NA","currency":"BRL"},"maximum":{"value":"NA","currency":"BRL"}},{"name":"SMS","code":"SMS","chargingTriggerInfo":"Envio de mensagem automática relativa à movimentação ou ao lançamento no cartão de crédito.","prices":[{"interval":"1_FAIXA","value":"NA","currency":"BRL","customers":{"rate":"NA"}},{"interval":"2_FAIXA","value":"NA","currency":"BRL","customers":{"rate":"NA"}},{"interval":"3_FAIXA","value":"NA","currency":"BRL","customers":{"rate":"NA"}},{"interval":"4_FAIXA","value":"NA","currency":"BRL","customers":{"rate":"NA"}}],"minimum":{"value":"NA","currency":"BRL"},"maximum":{"value":"NA","currency":"BRL"}}]},"interest":{"rates":[{"referentialRateIndexer":"PRE_FIXADO","rate":"NA","applications":[{"interval":"1_FAIXA","indexer":{"rate":"0.1590"},"customers":{"rate":"1.0000"}},{"interval":"2_FAIXA","indexer":{"rate":"0.0000"},"customers":{"rate":"0.0000"}},{"interval":"3_FAIXA","indexer":{"rate":"0.0000"},"customers":{"rate":"0.0000"}},{"interval":"4_FAIXA","indexer":{"rate":"0.0000"},"customers":{"rate":"0.0000"}}],"minimumRate":"0.1590","maximumRate":"0.1590"}],"instalmentRates":[{"referentialRateIndexer":"PRE_FIXADO","rate":"NA","applications":[{"interval":"1_FAIXA","indexer":{"rate":"0.1590"},"customers":{"rate":"1.0000"}},{"interval":"2_FAIXA","indexer":{"rate":"0.0000"},"customers":{"rate":"0.0000"}},{"interval":"3_FAIXA","indexer":{"rate":"0.0000"},"customers":{"rate":"0.0000"}},{"interval":"4_FAIXA","indexer":{"rate":"0.0000"},"customers":{"rate":"0.0000"}}],"minimumRate":"0.1590","maximumRate":"0.1590"}],"otherCredits":[{"code":"SAQUE_A_CREDITO"}]},"termsConditions":{"minimumFeeRate":"0.10","elegibilityCriteriaInfo":"Ter idade mínima de 18 anos, CPF regular na Receita Federal e renda mínima maior ou igual ao salário mínimo.","closingProcessInfo":"1) Quando você quiser cancelar: Deve comparecer em alguma loja da Renner que ofereça este serviço, sendo o Cartão Renner imediatamente cancelado. O contrato, porém, permanecerá eficaz até o pagamento de todos os valores ainda devidos. \n 2) Quando a gente pode cancelar este contrato: Na ocorrência de qualquer uma das hipóteses abaixo, nós poderemos encerrar o contrato, comunicando você com antecedência de 5 (cinco) dias corridos, caso em que este contrato será considerado vencido antecipadamente e exigiremos que você pague de imediato o que nos for devido: \n -> você deixe de cumprir qualquer de suas obrigações, sofra legítimo protesto de título, tenha a sua insolvência ou falência decretada, tenha incluído seu nome no CCF, ou, ainda, tenha emitido cheque sem suficiente provisão de fundos contra a gente; \n -> você tenha restrições cadastrais ao longo da vigência deste contrato; \n -> você deixe de pagar os valores devidos na respectiva data de vencimento; \n -> você exceda os limites de crédito que lhe forem atribuídos; \n -> alguma informação de cadastro que não seja verdadeira; \n -> ocorra algum evento que afete nossas garantias ou direitos creditórios, ou dos bancos que outorgam crédito. \n -> ocorrência de fraude, suspeitas de lavagem de dinheiro, desacordo comercial ou qualquer ilícito."}}]}]},"links":{"self":"http://10.120.192.16/open-banking/products-services/v1/personal-credit-cards?page=1&page-size=25","first":null,"prev":null,"next":null,"last":null},"meta":{"totalRecords":3,"totalPages":1}}

	at br.com.realize.tests.fase01.ProdutosServicos.CartaoCreditoPessoaNatural.tests.GetCartaoCreditoPessoaNaturalTest.testGarantirContratosCreditoPessoaNatural(GetCartaoCreditoPessoaNaturalTest.java:98)
]]></failure>
    <system-out><![CDATA[Request method:	GET
Request URI:	http://10.120.192.16/open-banking/products-services/v1/personal-credit-cards?page=1&page-size=25
Proxy:			<none>
Request params:	<none>
Query params:	page=1
				page-size=25
Form params:	<none>
Path params:	<none>
Headers:		Accept=*/*
				Content-Type=application/json; charset=UTF-8
Cookies:		<none>
Multiparts:		<none>
Body:			<none>

HTTP/1.1 200 OK
Date: Sat, 19 Jun 2021 02:39:37 GMT
Content-Type: application/json
Transfer-Encoding: chunked
Connection: keep-alive
Content-Encoding: gzip

{
    "data": {
        "name": "REALIZE CFI S.A.",
        "companies": [
            {
                "name": "REALIZE CRÉDITO, FINANCIAMENTO E INVESTIMENTO S.A.",
                "cnpjNumber": "27351731",
                "personalCreditCards": [
                    {
                        "name": "MEU CARTAO",
                        "identification": {
                            "product": {
                                "type": "STANDARD_INTERNACIONAL"
                            },
                            "creditCard": {
                                "network": "VISA"
                            }
                        },
                        "rewardsProgram": {
                            "hasRewardProgram": false
                        },
                        "fees": {
                            "services": [
                                {
                                    "name": "ANUIDADE_CARTAO_BASICO_NACIONAL",
                                    "code": "ANUIDADE_NACIONAL",
                                    "chargingTriggerInfo": "Não se aplica.",
                                    "prices": [
                                        {
                                            "interval": "1_FAIXA",
                                            "value": "NA",
                                            "currency": "BRL",
                                            "customers": {
                                                "rate": "NA"
                                            }
                                        },
                                        {
                                            "interval": "2_FAIXA",
                                            "value": "NA",
                                            "currency": "BRL",
                                            "customers": {
                                                "rate": "NA"
                                            }
                                        },
                                        {
                                            "interval": "3_FAIXA",
                                            "value": "NA",
                                            "currency": "BRL",
                                            "customers": {
                                                "rate": "NA"
                                            }
                                        },
                                        {
                                            "interval": "4_FAIXA",
                                            "value": "NA",
                                            "currency": "BRL",
                                            "customers": {
                                                "rate": "NA"
                                            }
                                        }
                                    ],
                                    "minimum": {
                                        "value": "NA",
                                        "currency": "BRL"
                                    },
                                    "maximum": {
                                        "value": "NA",
                                        "currency": "BRL"
                                    }
                                },
                                {
                                    "name": "ANUIDADE_CARTAO_BASICO_INTERNACIONAL",
                                    "code": "ANUIDADE_INTERNACIONAL",
                                    "chargingTriggerInfo": "Disponibilização de rede de estabelecimentos afiliados, instalada no país e no exterior, para pagamentos de bens e serviços, cobrada no máximo uma vez a cada 12 (doze) meses, admitido o parcelamento da cobrança.",
                                    "prices": [
                                        {
                                            "interval": "1_FAIXA",
                                            "value": "142.80",
                                            "currency": "BRL",
                                            "customers": {
                                                "rate": "1.0000"
                                            }
                                        },
                                        {
                                            "interval": "2_FAIXA",
                                            "value": "0.00",
                                            "currency": "BRL",
                                            "customers": {
                                                "rate": "0.0000"
                                            }
                                        },
                                        {
                                            "interval": "3_FAIXA",
                                            "value": "0.00",
                                            "currency": "BRL",
                                            "customers": {
                                                "rate": "0.0000"
                                            }
                                        },
                                        {
                                            "interval": "4_FAIXA",
                                            "value": "0.00",
                                            "currency": "BRL",
                                            "customers": {
                                                "rate": "0.0000"
                                            }
                                        }
                                    ],
                                    "minimum": {
                                        "value": "142.80",
                                        "currency": "BRL"
                                    },
                                    "maximum": {
                                        "value": "142.80",
                                        "currency": "BRL"
                                    }
                                },
                                {
                                    "name": "ANUIDADE_DIFERENCIADA",
                                    "code": "ANUIDADE_DIFERENCIADA",
                                    "chargingTriggerInfo": "Disponibilização de rede de estabelecimentos afiliados, instalada no país e no exterior, para pagamentos de bens e serviços, cobrada no máximo uma vez a cada 12 (doze) meses, admitido o parcelamento da cobrança.",
                                    "prices": [
                                        {
                                            "interval": "1_FAIXA",
                                            "value": "NA",
                                            "currency": "BRL",
                                            "customers": {
                                                "rate": "NA"
                                            }
                                        },
                                        {
                                            "interval": "2_FAIXA",
                                            "value": "NA",
                                            "currency": "BRL",
                                            "customers": {
                                                "rate": "NA"
                                            }
                                        },
                                        {
                                            "interval": "3_FAIXA",
                                            "value": "NA",
                                            "currency": "BRL",
                                            "customers": {
                                                "rate": "NA"
                                            }
                                        },
                                        {
                                            "interval": "4_FAIXA",
                                            "value": "NA",
                                            "currency": "BRL",
                                            "customers": {
                                                "rate": "NA"
                                            }
                                        }
                                    ],
                                    "minimum": {
                                        "value": "NA",
                                        "currency": "BRL"
                                    },
                                    "maximum": {
                                        "value": "NA",
                                        "currency": "BRL"
                                    }
                                },
                                {
                                    "name": "UTILIZACAO_CANAIS_ATENDIMENTO_RETIRADA_ESPECIE_BRASIL",
                                    "code": "SAQUE_CARTAO_BRASIL",
                                    "chargingTriggerInfo": "Disponibilização e utilização pelo cliente de canais de atendimento disponíveis no país para retirada em espécie na função crédito.",
                                    "prices": [
                                        {
                                            "interval": "1_FAIXA",
                                            "value": "14.90",
                                            "currency": "BRL",
                                            "customers": {
                                                "rate": "1.0000"
                                            }
                                        },
                                        {
                                            "interval": "2_FAIXA",
                                            "value": "0.00",
                                            "currency": "BRL",
                                            "customers": {
                                                "rate": "0.0000"
                                            }
                                        },
                                        {
                                            "interval": "3_FAIXA",
                                            "value": "0.00",
                                            "currency": "BRL",
                                            "customers": {
                                                "rate": "0.0000"
                                            }
                                        },
                                        {
                                            "interval": "4_FAIXA",
                                            "value": "0.00",
                                            "currency": "BRL",
                                            "customers": {
                                                "rate": "0.0000"
                                            }
                                        }
                                    ],
                                    "minimum": {
                                        "value": "14.90",
                                        "currency": "BRL"
                                    },
                                    "maximum": {
                                        "value": "14.90",
                                        "currency": "BRL"
                                    }
                                },
                                {
                                    "name": "UTILIZACAO_CANAIS_ATENDIMENTO_RETIRADA_ESPECIE_EXTERIOR",
                                    "code": "SAQUE_CARTAO_EXTERIOR",
                                    "chargingTriggerInfo": "Disponibilização e utilização pelo cliente de canais de atendimento disponíveis no exterior para retirada em espécie na função crédito ou débito.",
                                    "prices": [
                                        {
                                            "interval": "1_FAIXA",
                                            "value": "14.90",
                                            "currency": "BRL",
                                            "customers": {
                                                "rate": "1.0000"
                                            }
                                        },
                                        {
                                            "interval": "2_FAIXA",
                                            "value": "0.00",
                                            "currency": "BRL",
                                            "customers": {
                                                "rate": "0.0000"
                                            }
                                        },
                                        {
                                            "interval": "3_FAIXA",
                                            "value": "0.00",
                                            "currency": "BRL",
                                            "customers": {
                                                "rate": "0.0000"
                                            }
                                        },
                                        {
                                            "interval": "4_FAIXA",
                                            "value": "0.00",
                                            "currency": "BRL",
                                            "customers": {
                                                "rate": "0.0000"
                                            }
                                        }
                                    ],
                                    "minimum": {
                                        "value": "14.90",
                                        "currency": "BRL"
                                    },
                                    "maximum": {
                                        "value": "14.90",
                                        "currency": "BRL"
                                    }
                                },
                                {
                                    "name": "AVALIACAO_EMERGENCIAL_CREDITO",
                                    "code": "AVALIACAO_EMERGENCIAL_CREDITO",
                                    "chargingTriggerInfo": "Avaliação de viabilidade e de riscos para a concessão de crédito em caráter emergencial, a pedido do cliente, por meio de atendimento pessoal, para realização de despesa acima do limite do cartão, cobrada no máximo uma vez nos últimos 30 (trinta) dias.",
                                    "prices": [
                                        {
                                            "interval": "1_FAIXA",
                                            "value": "18.90",
                                            "currency": "BRL",
                                            "customers": {
                                                "rate": "1.000"
                                            }
                                        },
                                        {
                                            "interval": "2_FAIXA",
                                            "value": "0.00",
                                            "currency": "BRL",
                                            "customers": {
                                                "rate": "0.0000"
                                            }
                                        },
                                        {
                                            "interval": "3_FAIXA",
                                            "value": "0.00",
                                            "currency": "BRL",
                                            "customers": {
                                                "rate": "0.0000"
                                            }
                                        },
                                        {
                                            "interval": "4_FAIXA",
                                            "value": "0.00",
                                            "currency": "BRL",
                                            "customers": {
                                                "rate": "0.0000"
                                            }
                                        }
                                    ],
                                    "minimum": {
                                        "value": "18.90",
                                        "currency": "BRL"
                                    },
                                    "maximum": {
                                        "value": "18.90",
                                        "currency": "BRL"
                                    }
                                },
                                {
                                    "name": "FORNECIMENTO_SEGUNDA_VIA_FUNCAO_CREDITO",
                                    "code": "EMISSAO_SEGUNDA_VIA",
                                    "chargingTriggerInfo": "Confecção e emissão de novo cartão com função credito, restrito a casos de pedidos de reposição formulados pelo detentor do cartão, decorrente de perda, roubo, furto, danificação e outros motives não imputáveis instituição emitente.",
                                    "prices": [
                                        {
                                            "interval": "1_FAIXA",
                                            "value": "14.99",
                                            "currency": "BRL",
                                            "customers": {
                                                "rate": "1.0000"
                                            }
                                        },
                                        {
                                            "interval": "2_FAIXA",
                                            "value": "0.00",
                                            "currency": "BRL",
                                            "customers": {
                                                "rate": "0.0000"
                                            }
                                        },
                                        {
                                            "interval": "3_FAIXA",
                                            "value": "0.00",
                                            "currency": "BRL",
                                            "customers": {
                                                "rate": "0.0000"
                                            }
                                        },
                                        {
                                            "interval": "4_FAIXA",
                                            "value": "0.00",
                                            "currency": "BRL",
                                            "customers": {
                                                "rate": "0.0000"
                                            }
                                        }
                                    ],
                                    "minimum": {
                                        "value": "14.99",
                                        "currency": "BRL"
                                    },
                                    "maximum": {
                                        "value": "14.99",
                                        "currency": "BRL"
                                    }
                                },
                                {
                                    "name": "PAGAMENTO_CONTAS_UTILIZANDO_FUNCAO_CREDITO",
                                    "code": "TARIFA_PAGAMENTO_CONTAS",
                                    "chargingTriggerInfo": "Não se aplica.",
                                    "prices": [
                                        {
                                            "interval": "1_FAIXA",
                                            "value": "NA",
                                            "currency": "BRL",
                                            "customers": {
                                                "rate": "NA"
                                            }
                                        },
                                        {
                                            "interval": "2_FAIXA",
                                            "value": "NA",
                                            "currency": "BRL",
                                            "customers": {
                                                "rate": "NA"
                                            }
                                        },
                                        {
                                            "interval": "3_FAIXA",
                                            "value": "NA",
                                            "currency": "BRL",
                                            "customers": {
                                                "rate": "NA"
                                            }
                                        },
                                        {
                                            "interval": "4_FAIXA",
                                            "value": "NA",
                                            "currency": "BRL",
                                            "customers": {
                                                "rate": "NA"
                                            }
                                        }
                                    ],
                                    "minimum": {
                                        "value": "NA",
                                        "currency": "BRL"
                                    },
                                    "maximum": {
                                        "value": "NA",
                                        "currency": "BRL"
                                    }
                                },
                                {
                                    "name": "SMS",
                                    "code": "SMS",
                                    "chargingTriggerInfo": "Envio de mensagem automática relativa à movimentação ou ao lançamento no cartão de crédito.",
                                    "prices": [
                                        {
                                            "interval": "1_FAIXA",
                                            "value": "3.90",
                                            "currency": "BRL",
                                            "customers": {
                                                "rate": "1.000"
                                            }
                                        },
                                        {
                                            "interval": "2_FAIXA",
                                            "value": "0.00",
                                            "currency": "BRL",
                                            "customers": {
                                                "rate": "0.0000"
                                            }
                                        },
                                        {
                                            "interval": "3_FAIXA",
                                            "value": "0.00",
                                            "currency": "BRL",
                                            "customers": {
                                                "rate": "0.0000"
                                            }
                                        },
                                        {
                                            "interval": "4_FAIXA",
                                            "value": "0.00",
                                            "currency": "BRL",
                                            "customers": {
                                                "rate": "0.0000"
                                            }
                                        }
                                    ],
                                    "minimum": {
                                        "value": "3.90",
                                        "currency": "BRL"
                                    },
                                    "maximum": {
                                        "value": "3.90",
                                        "currency": "BRL"
                                    }
                                }
                            ]
                        },
                        "interest": {
                            "rates": [
                                {
                                    "referentialRateIndexer": "PRE_FIXADO",
                                    "rate": "NA",
                                    "applications": [
                                        {
                                            "interval": "1_FAIXA",
                                            "indexer": {
                                                "rate": "0.1460"
                                            },
                                            "customers": {
                                                "rate": "1.0000"
                                            }
                                        },
                                        {
                                            "interval": "2_FAIXA",
                                            "indexer": {
                                                "rate": "0.0000"
                                            },
                                            "customers": {
                                                "rate": "0.0000"
                                            }
                                        },
                                        {
                                            "interval": "3_FAIXA",
                                            "indexer": {
                                                "rate": "0.0000"
                                            },
                                            "customers": {
                                                "rate": "0.0000"
                                            }
                                        },
                                        {
                                            "interval": "4_FAIXA",
                                            "indexer": {
                                                "rate": "0.0000"
                                            },
                                            "customers": {
                                                "rate": "0.0000"
                                            }
                                        }
                                    ],
                                    "minimumRate": "0.1460",
                                    "maximumRate": "0.1460"
                                }
                            ],
                            "instalmentRates": [
                                {
                                    "referentialRateIndexer": "PRE_FIXADO",
                                    "rate": "NA",
                                    "applications": [
                                        {
                                            "interval": "1_FAIXA",
                                            "indexer": {
                                                "rate": "0.1460"
                                            },
                                            "customers": {
                                                "rate": "1.0000"
                                            }
                                        },
                                        {
                                            "interval": "2_FAIXA",
                                            "indexer": {
                                                "rate": "0.0000"
                                            },
                                            "customers": {
                                                "rate": "0.0000"
                                            }
                                        },
                                        {
                                            "interval": "3_FAIXA",
                                            "indexer": {
                                                "rate": "0.0000"
                                            },
                                            "customers": {
                                                "rate": "0.0000"
                                            }
                                        },
                                        {
                                            "interval": "4_FAIXA",
                                            "indexer": {
                                                "rate": "0.0000"
                                            },
                                            "customers": {
                                                "rate": "0.0000"
                                            }
                                        }
                                    ],
                                    "minimumRate": "0.1460",
                                    "maximumRate": "0.1460"
                                }
                            ],
                            "otherCredits": [
                                {
                                    "code": "SAQUE_A_CREDITO"
                                }
                            ]
                        },
                        "termsConditions": {
                            "minimumFeeRate": "0.10",
                            "additionalInfo": "O valor do pagamento mínimo será composto pelo saldo devedor das faturas anteriores + 10% das compras existentes na fatura atual + tarifas + encargos do mês + seguros + parcelas de parcelamentos (saque rápido e parcelamentos) + saques + 10% do saldo credor da fatura anterior + 10% de estornos.",
                            "elegibilityCriteriaInfo": "Ter idade mínima de 18 anos, CPF regular na Receita Federal e renda mínima maior ou igual ao salário mínimo.",
                            "closingProcessInfo": "1) Quando você quiser cancelar: Deve nos avisar através da Central de Atendimento ou nas Lojas Renner S.A., sendo o Meu Cartão imediatamente cancelado. O contrato, porém, permanecerá eficaz até o pagamento de todos os valores ainda devidos. \n 2) Quando a gente pode cancelar este contrato: Na ocorrência de qualquer uma das hipóteses abaixo, nós poderemos encerrar o contrato, comunicando você com antecedência de 5 (cinco) dias corridos, caso em que este contrato será considerado vencido antecipadamente e exigiremos que você pague de imediato o que nos for devido: \n -> você deixe de cumprir qualquer de suas obrigações, sofra legítimo protesto de título, tenha a sua insolvência ou falência decretada, tenha incluído seu nome no CCF, ou, ainda, tenha emitido cheque sem suficiente provisão de fundos contra a gente; \n -> você tenha restrições cadastrais ao longo da vigência deste contrato; \n -> você deixe de pagar os valores devidos na respectiva data de vencimento; \n -> você exceda os limites de crédito que lhe forem atribuídos; \n -> alguma informação de cadastro que não seja verdadeira; \n -> ocorra algum evento que afete nossas garantias ou direitos creditórios, ou dos bancos que outorgam crédito. \n -> ocorrência de fraude, suspeitas de lavagem de dinheiro, desacordo comercial ou qualquer ilícito."
                        }
                    },
                    {
                        "name": "MEU CARTAO",
                        "identification": {
                            "product": {
                                "type": "STANDARD_INTERNACIONAL"
                            },
                            "creditCard": {
                                "network": "MASTERCARD"
                            }
                        },
                        "rewardsProgram": {
                            "hasRewardProgram": false
                        },
                        "fees": {
                            "services": [
                                {
                                    "name": "ANUIDADE_CARTAO_BASICO_NACIONAL",
                                    "code": "ANUIDADE_NACIONAL",
                                    "chargingTriggerInfo": "Não se aplica.",
                                    "prices": [
                                        {
                                            "interval": "1_FAIXA",
                                            "value": "NA",
                                            "currency": "BRL",
                                            "customers": {
                                                "rate": "NA"
                                            }
                                        },
                                        {
                                            "interval": "2_FAIXA",
                                            "value": "NA",
                                            "currency": "BRL",
                                            "customers": {
                                                "rate": "NA"
                                            }
                                        },
                                        {
                                            "interval": "3_FAIXA",
                                            "value": "NA",
                                            "currency": "BRL",
                                            "customers": {
                                                "rate": "NA"
                                            }
                                        },
                                        {
                                            "interval": "4_FAIXA",
                                            "value": "NA",
                                            "currency": "BRL",
                                            "customers": {
                                                "rate": "NA"
                                            }
                                        }
                                    ],
                                    "minimum": {
                                        "value": "NA",
                                        "currency": "BRL"
                                    },
                                    "maximum": {
                                        "value": "NA",
                                        "currency": "BRL"
                                    }
                                },
                                {
                                    "name": "ANUIDADE_CARTAO_BASICO_INTERNACIONAL",
                                    "code": "ANUIDADE_INTERNACIONAL",
                                    "chargingTriggerInfo": "Disponibilização de rede de estabelecimentos afiliados, instalada no país e no exterior, para pagamentos de bens e serviços, cobrada no máximo uma vez a cada 12 (doze) meses, admitido o parcelamento da cobrança.",
                                    "prices": [
                                        {
                                            "interval": "1_FAIXA",
                                            "value": "142.80",
                                            "currency": "BRL",
                                            "customers": {
                                                "rate": "1.0000"
                                            }
                                        },
                                        {
                                            "interval": "2_FAIXA",
                                            "value": "0.00",
                                            "currency": "BRL",
                                            "customers": {
                                                "rate": "0.0000"
                                            }
                                        },
                                        {
                                            "interval": "3_FAIXA",
                                            "value": "0.00",
                                            "currency": "BRL",
                                            "customers": {
                                                "rate": "0.0000"
                                            }
                                        },
                                        {
                                            "interval": "4_FAIXA",
                                            "value": "0.00",
                                            "currency": "BRL",
                                            "customers": {
                                                "rate": "0.0000"
                                            }
                                        }
                                    ],
                                    "minimum": {
                                        "value": "142.80",
                                        "currency": "BRL"
                                    },
                                    "maximum": {
                                        "value": "142.80",
                                        "currency": "BRL"
                                    }
                                },
                                {
                                    "name": "ANUIDADE_DIFERENCIADA",
                                    "code": "ANUIDADE_DIFERENCIADA",
                                    "chargingTriggerInfo": "Disponibilização de rede de estabelecimentos afiliados, instalada no país e no exterior, para pagamentos de bens e serviços, cobrada no máximo uma vez a cada 12 (doze) meses, admitido o parcelamento da cobrança.",
                                    "prices": [
                                        {
                                            "interval": "1_FAIXA",
                                            "value": "NA",
                                            "currency": "BRL",
                                            "customers": {
                                                "rate": "NA"
                                            }
                                        },
                                        {
                                            "interval": "2_FAIXA",
                                            "value": "NA",
                                            "currency": "BRL",
                                            "customers": {
                                                "rate": "NA"
                                            }
                                        },
                                        {
                                            "interval": "3_FAIXA",
                                            "value": "NA",
                                            "currency": "BRL",
                                            "customers": {
                                                "rate": "NA"
                                            }
                                        },
                                        {
                                            "interval": "4_FAIXA",
                                            "value": "NA",
                                            "currency": "BRL",
                                            "customers": {
                                                "rate": "NA"
                                            }
                                        }
                                    ],
                                    "minimum": {
                                        "value": "NA",
                                        "currency": "BRL"
                                    },
                                    "maximum": {
                                        "value": "NA",
                                        "currency": "BRL"
                                    }
                                },
                                {
                                    "name": "UTILIZACAO_CANAIS_ATENDIMENTO_RETIRADA_ESPECIE_BRASIL",
                                    "code": "SAQUE_CARTAO_BRASIL",
                                    "chargingTriggerInfo": "Disponibilização e utilização pelo cliente de canais de atendimento disponíveis no país para retirada em espécie na função crédito.",
                                    "prices": [
                                        {
                                            "interval": "1_FAIXA",
                                            "value": "14.90",
                                            "currency": "BRL",
                                            "customers": {
                                                "rate": "1.0000"
                                            }
                                        },
                                        {
                                            "interval": "2_FAIXA",
                                            "value": "0.00",
                                            "currency": "BRL",
                                            "customers": {
                                                "rate": "0.0000"
                                            }
                                        },
                                        {
                                            "interval": "3_FAIXA",
                                            "value": "0.00",
                                            "currency": "BRL",
                                            "customers": {
                                                "rate": "0.0000"
                                            }
                                        },
                                        {
                                            "interval": "4_FAIXA",
                                            "value": "0.00",
                                            "currency": "BRL",
                                            "customers": {
                                                "rate": "0.0000"
                                            }
                                        }
                                    ],
                                    "minimum": {
                                        "value": "14.90",
                                        "currency": "BRL"
                                    },
                                    "maximum": {
                                        "value": "14.90",
                                        "currency": "BRL"
                                    }
                                },
                                {
                                    "name": "UTILIZACAO_CANAIS_ATENDIMENTO_RETIRADA_ESPECIE_EXTERIOR",
                                    "code": "SAQUE_CARTAO_EXTERIOR",
                                    "chargingTriggerInfo": "Disponibilização e utilização pelo cliente de canais de atendimento disponíveis no exterior para retirada em espécie na função crédito ou débito.",
                                    "prices": [
                                        {
                                            "interval": "1_FAIXA",
                                            "value": "14.90",
                                            "currency": "BRL",
                                            "customers": {
                                                "rate": "1.0000"
                                            }
                                        },
                                        {
                                            "interval": "2_FAIXA",
                                            "value": "0.00",
                                            "currency": "BRL",
                                            "customers": {
                                                "rate": "0.0000"
                                            }
                                        },
                                        {
                                            "interval": "3_FAIXA",
                                            "value": "0.00",
                                            "currency": "BRL",
                                            "customers": {
                                                "rate": "0.0000"
                                            }
                                        },
                                        {
                                            "interval": "4_FAIXA",
                                            "value": "0.00",
                                            "currency": "BRL",
                                            "customers": {
                                                "rate": "0.0000"
                                            }
                                        }
                                    ],
                                    "minimum": {
                                        "value": "14.90",
                                        "currency": "BRL"
                                    },
                                    "maximum": {
                                        "value": "14.90",
                                        "currency": "BRL"
                                    }
                                },
                                {
                                    "name": "AVALIACAO_EMERGENCIAL_CREDITO",
                                    "code": "AVALIACAO_EMERGENCIAL_CREDITO",
                                    "chargingTriggerInfo": "Avaliação de viabilidade e de riscos para a concessão de crédito em caráter emergencial, a pedido do cliente, por meio de atendimento pessoal, para realização de despesa acima do limite do cartão, cobrada no máximo uma vez nos últimos 30 (trinta) dias.",
                                    "prices": [
                                        {
                                            "interval": "1_FAIXA",
                                            "value": "18.90",
                                            "currency": "BRL",
                                            "customers": {
                                                "rate": "1.000"
                                            }
                                        },
                                        {
                                            "interval": "2_FAIXA",
                                            "value": "0.00",
                                            "currency": "BRL",
                                            "customers": {
                                                "rate": "0.0000"
                                            }
                                        },
                                        {
                                            "interval": "3_FAIXA",
                                            "value": "0.00",
                                            "currency": "BRL",
                                            "customers": {
                                                "rate": "0.0000"
                                            }
                                        },
                                        {
                                            "interval": "4_FAIXA",
                                            "value": "0.00",
                                            "currency": "BRL",
                                            "customers": {
                                                "rate": "0.0000"
                                            }
                                        }
                                    ],
                                    "minimum": {
                                        "value": "18.90",
                                        "currency": "BRL"
                                    },
                                    "maximum": {
                                        "value": "18.90",
                                        "currency": "BRL"
                                    }
                                },
                                {
                                    "name": "FORNECIMENTO_SEGUNDA_VIA_FUNCAO_CREDITO",
                                    "code": "EMISSAO_SEGUNDA_VIA",
                                    "chargingTriggerInfo": "Confecção e emissão de novo cartão com função credito, restrito a casos de pedidos de reposição formulados pelo detentor do cartão, decorrente de perda, roubo, furto, danificação e outros motives não imputáveis instituição emitente.",
                                    "prices": [
                                        {
                                            "interval": "1_FAIXA",
                                            "value": "14.99",
                                            "currency": "BRL",
                                            "customers": {
                                                "rate": "1.0000"
                                            }
                                        },
                                        {
                                            "interval": "2_FAIXA",
                                            "value": "0.00",
                                            "currency": "BRL",
                                            "customers": {
                                                "rate": "0.0000"
                                            }
                                        },
                                        {
                                            "interval": "3_FAIXA",
                                            "value": "0.00",
                                            "currency": "BRL",
                                            "customers": {
                                                "rate": "0.0000"
                                            }
                                        },
                                        {
                                            "interval": "4_FAIXA",
                                            "value": "0.00",
                                            "currency": "BRL",
                                            "customers": {
                                                "rate": "0.0000"
                                            }
                                        }
                                    ],
                                    "minimum": {
                                        "value": "14.99",
                                        "currency": "BRL"
                                    },
                                    "maximum": {
                                        "value": "14.99",
                                        "currency": "BRL"
                                    }
                                },
                                {
                                    "name": "PAGAMENTO_CONTAS_UTILIZANDO_FUNCAO_CREDITO",
                                    "code": "TARIFA_PAGAMENTO_CONTAS",
                                    "chargingTriggerInfo": "Não se aplica.",
                                    "prices": [
                                        {
                                            "interval": "1_FAIXA",
                                            "value": "NA",
                                            "currency": "BRL",
                                            "customers": {
                                                "rate": "NA"
                                            }
                                        },
                                        {
                                            "interval": "2_FAIXA",
                                            "value": "NA",
                                            "currency": "BRL",
                                            "customers": {
                                                "rate": "NA"
                                            }
                                        },
                                        {
                                            "interval": "3_FAIXA",
                                            "value": "NA",
                                            "currency": "BRL",
                                            "customers": {
                                                "rate": "NA"
                                            }
                                        },
                                        {
                                            "interval": "4_FAIXA",
                                            "value": "NA",
                                            "currency": "BRL",
                                            "customers": {
                                                "rate": "NA"
                                            }
                                        }
                                    ],
                                    "minimum": {
                                        "value": "NA",
                                        "currency": "BRL"
                                    },
                                    "maximum": {
                                        "value": "NA",
                                        "currency": "BRL"
                                    }
                                },
                                {
                                    "name": "SMS",
                                    "code": "SMS",
                                    "chargingTriggerInfo": "Envio de mensagem automática relativa à movimentação ou ao lançamento no cartão de crédito.",
                                    "prices": [
                                        {
                                            "interval": "1_FAIXA",
                                            "value": "3.90",
                                            "currency": "BRL",
                                            "customers": {
                                                "rate": "1.000"
                                            }
                                        },
                                        {
                                            "interval": "2_FAIXA",
                                            "value": "0.00",
                                            "currency": "BRL",
                                            "customers": {
                                                "rate": "0.0000"
                                            }
                                        },
                                        {
                                            "interval": "3_FAIXA",
                                            "value": "0.00",
                                            "currency": "BRL",
                                            "customers": {
                                                "rate": "0.0000"
                                            }
                                        },
                                        {
                                            "interval": "4_FAIXA",
                                            "value": "0.00",
                                            "currency": "BRL",
                                            "customers": {
                                                "rate": "0.0000"
                                            }
                                        }
                                    ],
                                    "minimum": {
                                        "value": "3.90",
                                        "currency": "BRL"
                                    },
                                    "maximum": {
                                        "value": "3.90",
                                        "currency": "BRL"
                                    }
                                }
                            ]
                        },
                        "interest": {
                            "rates": [
                                {
                                    "referentialRateIndexer": "PRE_FIXADO",
                                    "rate": "NA",
                                    "applications": [
                                        {
                                            "interval": "1_FAIXA",
                                            "indexer": {
                                                "rate": "0.1460"
                                            },
                                            "customers": {
                                                "rate": "1.0000"
                                            }
                                        },
                                        {
                                            "interval": "2_FAIXA",
                                            "indexer": {
                                                "rate": "0.0000"
                                            },
                                            "customers": {
                                                "rate": "0.0000"
                                            }
                                        },
                                        {
                                            "interval": "3_FAIXA",
                                            "indexer": {
                                                "rate": "0.0000"
                                            },
                                            "customers": {
                                                "rate": "0.0000"
                                            }
                                        },
                                        {
                                            "interval": "4_FAIXA",
                                            "indexer": {
                                                "rate": "0.0000"
                                            },
                                            "customers": {
                                                "rate": "0.0000"
                                            }
                                        }
                                    ],
                                    "minimumRate": "0.1460",
                                    "maximumRate": "0.1460"
                                }
                            ],
                            "instalmentRates": [
                                {
                                    "referentialRateIndexer": "PRE_FIXADO",
                                    "rate": "NA",
                                    "applications": [
                                        {
                                            "interval": "1_FAIXA",
                                            "indexer": {
                                                "rate": "0.1460"
                                            },
                                            "customers": {
                                                "rate": "1.0000"
                                            }
                                        },
                                        {
                                            "interval": "2_FAIXA",
                                            "indexer": {
                                                "rate": "0.0000"
                                            },
                                            "customers": {
                                                "rate": "0.0000"
                                            }
                                        },
                                        {
                                            "interval": "3_FAIXA",
                                            "indexer": {
                                                "rate": "0.0000"
                                            },
                                            "customers": {
                                                "rate": "0.0000"
                                            }
                                        },
                                        {
                                            "interval": "4_FAIXA",
                                            "indexer": {
                                                "rate": "0.0000"
                                            },
                                            "customers": {
                                                "rate": "0.0000"
                                            }
                                        }
                                    ],
                                    "minimumRate": "0.1460",
                                    "maximumRate": "0.1460"
                                }
                            ],
                            "otherCredits": [
                                {
                                    "code": "SAQUE_A_CREDITO"
                                }
                            ]
                        },
                        "termsConditions": {
                            "minimumFeeRate": "0.10",
                            "additionalInfo": "O valor do pagamento mínimo será composto pelo saldo devedor das faturas anteriores + 10% das compras existentes na fatura atual + tarifas + encargos do mês + seguros + parcelas de parcelamentos (saque rápido e parcelamentos) + saques + 10% do saldo credor da fatura anterior + 10% de estornos.",
                            "elegibilityCriteriaInfo": "Ter idade mínima de 18 anos, CPF regular na Receita Federal e renda mínima maior ou igual ao salário mínimo.",
                            "closingProcessInfo": "1) Quando você quiser cancelar: Deve nos avisar através da Central de Atendimento ou nas Lojas Renner S.A., sendo o imediatamente o Meu Cartão cancelado. O contrato, porém, permanecerá eficaz até o pagamento de todos os valores ainda devidos. \n 2) Quando a gente pode cancelar este contrato: Na ocorrência de qualquer uma das hipóteses abaixo, nós poderemos encerrar o contrato, comunicando você com antecedência de 5 (cinco) dias corridos, caso em que este contrato será considerado vencido antecipadamente e exigiremos que você pague de imediato o que nos for devido: \n -> você deixe de cumprir qualquer de suas obrigações, sofra legítimo protesto de título, tenha a sua insolvência ou falência decretada, tenha incluído seu nome no CCF, ou, ainda, tenha emitido cheque sem suficiente provisão de fundos contra a gente; \n -> você tenha restrições cadastrais ao longo da vigência deste contrato; \n -> você deixe de pagar os valores devidos na respectiva data de vencimento; \n -> você exceda os limites de crédito que lhe forem atribuídos; \n -> alguma informação de cadastro que não seja verdadeira; \n -> ocorra algum evento que afete nossas garantias ou direitos creditórios, ou dos bancos que outorgam crédito. \n -> ocorrência de fraude, suspeitas de lavagem de dinheiro, desacordo comercial ou qualquer ilícito."
                        }
                    },
                    {
                        "name": "CARTAO RENNER",
                        "identification": {
                            "product": {
                                "type": "COMPRAS"
                            },
                            "creditCard": {
                                "network": "BANDEIRA_PROPRIA"
                            }
                        },
                        "rewardsProgram": {
                            "hasRewardProgram": false
                        },
                        "fees": {
                            "services": [
                                {
                                    "name": "ANUIDADE_CARTAO_BASICO_NACIONAL",
                                    "code": "ANUIDADE_NACIONAL",
                                    "chargingTriggerInfo": "Disponibilização de rede de estabelecimentos afiliados, instalada no país e no exterior, para pagamentos de bens e serviços, cobrada no máximo uma vez a cada 12 (doze) meses, admitido o parcelamento da cobrança.",
                                    "prices": [
                                        {
                                            "interval": "1_FAIXA",
                                            "value": "NA",
                                            "currency": "BRL",
                                            "customers": {
                                                "rate": "NA"
                                            }
                                        },
                                        {
                                            "interval": "2_FAIXA",
                                            "value": "NA",
                                            "currency": "BRL",
                                            "customers": {
                                                "rate": "NA"
                                            }
                                        },
                                        {
                                            "interval": "3_FAIXA",
                                            "value": "NA",
                                            "currency": "BRL",
                                            "customers": {
                                                "rate": "NA"
                                            }
                                        },
                                        {
                                            "interval": "4_FAIXA",
                                            "value": "NA",
                                            "currency": "BRL",
                                            "customers": {
                                                "rate": "NA"
                                            }
                                        }
                                    ],
                                    "minimum": {
                                        "value": "NA",
                                        "currency": "BRL"
                                    },
                                    "maximum": {
                                        "value": "NA",
                                        "currency": "BRL"
                                    }
                                },
                                {
                                    "name": "ANUIDADE_CARTAO_BASICO_INTERNACIONAL",
                                    "code": "ANUIDADE_INTERNACIONAL",
                                    "chargingTriggerInfo": "Disponibilização de rede de estabelecimentos afiliados, instalada no país e no exterior, para pagamentos de bens e serviços, cobrada no máximo uma vez a cada 12 (doze) meses, admitido o parcelamento da cobrança.",
                                    "prices": [
                                        {
                                            "interval": "1_FAIXA",
                                            "value": "NA",
                                            "currency": "BRL",
                                            "customers": {
                                                "rate": "NA"
                                            }
                                        },
                                        {
                                            "interval": "2_FAIXA",
                                            "value": "NA",
                                            "currency": "BRL",
                                            "customers": {
                                                "rate": "NA"
                                            }
                                        },
                                        {
                                            "interval": "3_FAIXA",
                                            "value": "NA",
                                            "currency": "BRL",
                                            "customers": {
                                                "rate": "NA"
                                            }
                                        },
                                        {
                                            "interval": "4_FAIXA",
                                            "value": "NA",
                                            "currency": "BRL",
                                            "customers": {
                                                "rate": "NA"
                                            }
                                        }
                                    ],
                                    "minimum": {
                                        "value": "NA",
                                        "currency": "BRL"
                                    },
                                    "maximum": {
                                        "value": "NA",
                                        "currency": "BRL"
                                    }
                                },
                                {
                                    "name": "ANUIDADE_DIFERENCIADA",
                                    "code": "ANUIDADE_DIFERENCIADA",
                                    "chargingTriggerInfo": "Disponibilização de rede de estabelecimentos afiliados, instalada no país e no exterior, para pagamentos de bens e serviços, cobrada no máximo uma vez a cada 12 (doze) meses, admitido o parcelamento da cobrança.",
                                    "prices": [
                                        {
                                            "interval": "1_FAIXA",
                                            "value": "NA",
                                            "currency": "BRL",
                                            "customers": {
                                                "rate": "NA"
                                            }
                                        },
                                        {
                                            "interval": "2_FAIXA",
                                            "value": "NA",
                                            "currency": "BRL",
                                            "customers": {
                                                "rate": "NA"
                                            }
                                        },
                                        {
                                            "interval": "3_FAIXA",
                                            "value": "NA",
                                            "currency": "BRL",
                                            "customers": {
                                                "rate": "NA"
                                            }
                                        },
                                        {
                                            "interval": "4_FAIXA",
                                            "value": "NA",
                                            "currency": "BRL",
                                            "customers": {
                                                "rate": "NA"
                                            }
                                        }
                                    ],
                                    "minimum": {
                                        "value": "NA",
                                        "currency": "BRL"
                                    },
                                    "maximum": {
                                        "value": "NA",
                                        "currency": "BRL"
                                    }
                                },
                                {
                                    "name": "UTILIZACAO_CANAIS_ATENDIMENTO_RETIRADA_ESPECIE_BRASIL",
                                    "code": "SAQUE_CARTAO_BRASIL",
                                    "chargingTriggerInfo": "Disponibilização e utilização pelo cliente de canais de atendimento disponíveis no país para retirada em espécie na função crédito.",
                                    "prices": [
                                        {
                                            "interval": "1_FAIXA",
                                            "value": "NA",
                                            "currency": "BRL",
                                            "customers": {
                                                "rate": "NA"
                                            }
                                        },
                                        {
                                            "interval": "2_FAIXA",
                                            "value": "NA",
                                            "currency": "BRL",
                                            "customers": {
                                                "rate": "NA"
                                            }
                                        },
                                        {
                                            "interval": "3_FAIXA",
                                            "value": "NA",
                                            "currency": "BRL",
                                            "customers": {
                                                "rate": "NA"
                                            }
                                        },
                                        {
                                            "interval": "4_FAIXA",
                                            "value": "NA",
                                            "currency": "BRL",
                                            "customers": {
                                                "rate": "NA"
                                            }
                                        }
                                    ],
                                    "minimum": {
                                        "value": "NA",
                                        "currency": "BRL"
                                    },
                                    "maximum": {
                                        "value": "NA",
                                        "currency": "BRL"
                                    }
                                },
                                {
                                    "name": "UTILIZACAO_CANAIS_ATENDIMENTO_RETIRADA_ESPECIE_EXTERIOR",
                                    "code": "SAQUE_CARTAO_EXTERIOR",
                                    "chargingTriggerInfo": "Disponibilização e utilização pelo cliente de canais de atendimento disponíveis no exterior para retirada em espécie na função crédito ou débito.",
                                    "prices": [
                                        {
                                            "interval": "1_FAIXA",
                                            "value": "NA",
                                            "currency": "BRL",
                                            "customers": {
                                                "rate": "NA"
                                            }
                                        },
                                        {
                                            "interval": "2_FAIXA",
                                            "value": "NA",
                                            "currency": "BRL",
                                            "customers": {
                                                "rate": "NA"
                                            }
                                        },
                                        {
                                            "interval": "3_FAIXA",
                                            "value": "NA",
                                            "currency": "BRL",
                                            "customers": {
                                                "rate": "NA"
                                            }
                                        },
                                        {
                                            "interval": "4_FAIXA",
                                            "value": "NA",
                                            "currency": "BRL",
                                            "customers": {
                                                "rate": "NA"
                                            }
                                        }
                                    ],
                                    "minimum": {
                                        "value": "NA",
                                        "currency": "BRL"
                                    },
                                    "maximum": {
                                        "value": "NA",
                                        "currency": "BRL"
                                    }
                                },
                                {
                                    "name": "AVALIACAO_EMERGENCIAL_CREDITO",
                                    "code": "AVALIACAO_EMERGENCIAL_CREDITO",
                                    "chargingTriggerInfo": "Avaliação de viabilidade e de riscos para a concessão de crédito em caráter emergencial, a pedido do cliente, por meio de atendimento pessoal, para realização de despesa acima do limite do cartão, cobrada no máximo uma vez nos últimos 30 (trinta) dias.",
                                    "prices": [
                                        {
                                            "interval": "1_FAIXA",
                                            "value": "NA",
                                            "currency": "BRL",
                                            "customers": {
                                                "rate": "NA"
                                            }
                                        },
                                        {
                                            "interval": "2_FAIXA",
                                            "value": "NA",
                                            "currency": "BRL",
                                            "customers": {
                                                "rate": "NA"
                                            }
                                        },
                                        {
                                            "interval": "3_FAIXA",
                                            "value": "NA",
                                            "currency": "BRL",
                                            "customers": {
                                                "rate": "NA"
                                            }
                                        },
                                        {
                                            "interval": "4_FAIXA",
                                            "value": "NA",
                                            "currency": "BRL",
                                            "customers": {
                                                "rate": "NA"
                                            }
                                        }
                                    ],
                                    "minimum": {
                                        "value": "NA",
                                        "currency": "BRL"
                                    },
                                    "maximum": {
                                        "value": "NA",
                                        "currency": "BRL"
                                    }
                                },
                                {
                                    "name": "FORNECIMENTO_SEGUNDA_VIA_FUNCAO_CREDITO",
                                    "code": "EMISSAO_SEGUNDA_VIA",
                                    "chargingTriggerInfo": "Confecção e emissão de novo cartão com função credito, restrito a casos de pedidos de reposição formulados pelo detentor do cartão, decorrente de perda, roubo, furto, danificação e outros motives não imputáveis instituição emitente.",
                                    "prices": [
                                        {
                                            "interval": "1_FAIXA",
                                            "value": "NA",
                                            "currency": "BRL",
                                            "customers": {
                                                "rate": "NA"
                                            }
                                        },
                                        {
                                            "interval": "2_FAIXA",
                                            "value": "NA",
                                            "currency": "BRL",
                                            "customers": {
                                                "rate": "NA"
                                            }
                                        },
                                        {
                                            "interval": "3_FAIXA",
                                            "value": "NA",
                                            "currency": "BRL",
                                            "customers": {
                                                "rate": "NA"
                                            }
                                        },
                                        {
                                            "interval": "4_FAIXA",
                                            "value": "NA",
                                            "currency": "BRL",
                                            "customers": {
                                                "rate": "NA"
                                            }
                                        }
                                    ],
                                    "minimum": {
                                        "value": "NA",
                                        "currency": "BRL"
                                    },
                                    "maximum": {
                                        "value": "NA",
                                        "currency": "BRL"
                                    }
                                },
                                {
                                    "name": "PAGAMENTO_CONTAS_UTILIZANDO_FUNCAO_CREDITO",
                                    "code": "TARIFA_PAGAMENTO_CONTAS",
                                    "chargingTriggerInfo": "Não se aplica.",
                                    "prices": [
                                        {
                                            "interval": "1_FAIXA",
                                            "value": "NA",
                                            "currency": "BRL",
                                            "customers": {
                                                "rate": "NA"
                                            }
                                        },
                                        {
                                            "interval": "2_FAIXA",
                                            "value": "NA",
                                            "currency": "BRL",
                                            "customers": {
                                                "rate": "NA"
                                            }
                                        },
                                        {
                                            "interval": "3_FAIXA",
                                            "value": "NA",
                                            "currency": "BRL",
                                            "customers": {
                                                "rate": "NA"
                                            }
                                        },
                                        {
                                            "interval": "4_FAIXA",
                                            "value": "NA",
                                            "currency": "BRL",
                                            "customers": {
                                                "rate": "NA"
                                            }
                                        }
                                    ],
                                    "minimum": {
                                        "value": "NA",
                                        "currency": "BRL"
                                    },
                                    "maximum": {
                                        "value": "NA",
                                        "currency": "BRL"
                                    }
                                },
                                {
                                    "name": "SMS",
                                    "code": "SMS",
                                    "chargingTriggerInfo": "Envio de mensagem automática relativa à movimentação ou ao lançamento no cartão de crédito.",
                                    "prices": [
                                        {
                                            "interval": "1_FAIXA",
                                            "value": "NA",
                                            "currency": "BRL",
                                            "customers": {
                                                "rate": "NA"
                                            }
                                        },
                                        {
                                            "interval": "2_FAIXA",
                                            "value": "NA",
                                            "currency": "BRL",
                                            "customers": {
                                                "rate": "NA"
                                            }
                                        },
                                        {
                                            "interval": "3_FAIXA",
                                            "value": "NA",
                                            "currency": "BRL",
                                            "customers": {
                                                "rate": "NA"
                                            }
                                        },
                                        {
                                            "interval": "4_FAIXA",
                                            "value": "NA",
                                            "currency": "BRL",
                                            "customers": {
                                                "rate": "NA"
                                            }
                                        }
                                    ],
                                    "minimum": {
                                        "value": "NA",
                                        "currency": "BRL"
                                    },
                                    "maximum": {
                                        "value": "NA",
                                        "currency": "BRL"
                                    }
                                }
                            ]
                        },
                        "interest": {
                            "rates": [
                                {
                                    "referentialRateIndexer": "PRE_FIXADO",
                                    "rate": "NA",
                                    "applications": [
                                        {
                                            "interval": "1_FAIXA",
                                            "indexer": {
                                                "rate": "0.1590"
                                            },
                                            "customers": {
                                                "rate": "1.0000"
                                            }
                                        },
                                        {
                                            "interval": "2_FAIXA",
                                            "indexer": {
                                                "rate": "0.0000"
                                            },
                                            "customers": {
                                                "rate": "0.0000"
                                            }
                                        },
                                        {
                                            "interval": "3_FAIXA",
                                            "indexer": {
                                                "rate": "0.0000"
                                            },
                                            "customers": {
                                                "rate": "0.0000"
                                            }
                                        },
                                        {
                                            "interval": "4_FAIXA",
                                            "indexer": {
                                                "rate": "0.0000"
                                            },
                                            "customers": {
                                                "rate": "0.0000"
                                            }
                                        }
                                    ],
                                    "minimumRate": "0.1590",
                                    "maximumRate": "0.1590"
                                }
                            ],
                            "instalmentRates": [
                                {
                                    "referentialRateIndexer": "PRE_FIXADO",
                                    "rate": "NA",
                                    "applications": [
                                        {
                                            "interval": "1_FAIXA",
                                            "indexer": {
                                                "rate": "0.1590"
                                            },
                                            "customers": {
                                                "rate": "1.0000"
                                            }
                                        },
                                        {
                                            "interval": "2_FAIXA",
                                            "indexer": {
                                                "rate": "0.0000"
                                            },
                                            "customers": {
                                                "rate": "0.0000"
                                            }
                                        },
                                        {
                                            "interval": "3_FAIXA",
                                            "indexer": {
                                                "rate": "0.0000"
                                            },
                                            "customers": {
                                                "rate": "0.0000"
                                            }
                                        },
                                        {
                                            "interval": "4_FAIXA",
                                            "indexer": {
                                                "rate": "0.0000"
                                            },
                                            "customers": {
                                                "rate": "0.0000"
                                            }
                                        }
                                    ],
                                    "minimumRate": "0.1590",
                                    "maximumRate": "0.1590"
                                }
                            ],
                            "otherCredits": [
                                {
                                    "code": "SAQUE_A_CREDITO"
                                }
                            ]
                        },
                        "termsConditions": {
                            "minimumFeeRate": "0.10",
                            "elegibilityCriteriaInfo": "Ter idade mínima de 18 anos, CPF regular na Receita Federal e renda mínima maior ou igual ao salário mínimo.",
                            "closingProcessInfo": "1) Quando você quiser cancelar: Deve comparecer em alguma loja da Renner que ofereça este serviço, sendo o Cartão Renner imediatamente cancelado. O contrato, porém, permanecerá eficaz até o pagamento de todos os valores ainda devidos. \n 2) Quando a gente pode cancelar este contrato: Na ocorrência de qualquer uma das hipóteses abaixo, nós poderemos encerrar o contrato, comunicando você com antecedência de 5 (cinco) dias corridos, caso em que este contrato será considerado vencido antecipadamente e exigiremos que você pague de imediato o que nos for devido: \n -> você deixe de cumprir qualquer de suas obrigações, sofra legítimo protesto de título, tenha a sua insolvência ou falência decretada, tenha incluído seu nome no CCF, ou, ainda, tenha emitido cheque sem suficiente provisão de fundos contra a gente; \n -> você tenha restrições cadastrais ao longo da vigência deste contrato; \n -> você deixe de pagar os valores devidos na respectiva data de vencimento; \n -> você exceda os limites de crédito que lhe forem atribuídos; \n -> alguma informação de cadastro que não seja verdadeira; \n -> ocorra algum evento que afete nossas garantias ou direitos creditórios, ou dos bancos que outorgam crédito. \n -> ocorrência de fraude, suspeitas de lavagem de dinheiro, desacordo comercial ou qualquer ilícito."
                        }
                    }
                ]
            }
        ]
    },
    "links": {
        "self": "http://10.120.192.16/open-banking/products-services/v1/personal-credit-cards?page=1&page-size=25",
        "first": null,
        "prev": null,
        "next": null,
        "last": null
    },
    "meta": {
        "totalRecords": 3,
        "totalPages": 1
    }
}
]]></system-out>
  </testcase>
  <testcase name="testCartaoCreditoPessoaNaturalBandeiraVisa" classname="br.com.realize.tests.fase01.ProdutosServicos.CartaoCreditoPessoaNatural.tests.GetCartaoCreditoPessoaNaturalTest" time="0"/>
</testsuite>